Log file open, 07/16/20 10:54:07
LogInit: Display: Running engine for game: PAINT
LogPlatformFile: Not using cached read wrapper
LogTaskGraph: Started task graph with 5 named threads and 11 total threads with 3 sets of task threads.
LogStats: Stats thread started at 5.002627
LogD3D11RHI: Loaded GFSDK_Aftermath_Lib.x64.dll
LogICUInternationalization: ICU TimeZone Detection - Raw Offset: -5:00, Platform Override: ''
LogPluginManager: Mounting plugin Paper2D
LogPluginManager: Mounting plugin AISupport
LogPluginManager: Mounting plugin LightPropagationVolume
LogPluginManager: Mounting plugin CameraShakePreviewer
LogPluginManager: Mounting plugin ActorLayerUtilities
LogPluginManager: Mounting plugin AnimationSharing
LogPluginManager: Mounting plugin CLionSourceCodeAccess
LogPluginManager: Mounting plugin CodeLiteSourceCodeAccess
LogPluginManager: Mounting plugin GitSourceControl
LogPluginManager: Mounting plugin KDevelopSourceCodeAccess
LogPluginManager: Mounting plugin NullSourceCodeAccess
LogPluginManager: Mounting plugin PerforceSourceControl
LogPluginManager: Mounting plugin PlasticSourceControl
LogPluginManager: Mounting plugin RiderSourceCodeAccess
LogPluginManager: Mounting plugin SubversionSourceControl
LogPluginManager: Mounting plugin UObjectPlugin
LogPluginManager: Mounting plugin VisualStudioCodeSourceCodeAccess
LogPluginManager: Mounting plugin VisualStudioSourceCodeAccess
LogPluginManager: Mounting plugin XCodeSourceCodeAccess
LogPluginManager: Mounting plugin AssetManagerEditor
LogPluginManager: Mounting plugin CryptoKeys
LogPluginManager: Mounting plugin CurveEditorTools
LogPluginManager: Mounting plugin DataValidation
LogPluginManager: Mounting plugin EditorScriptingUtilities
LogPluginManager: Mounting plugin FacialAnimation
LogPluginManager: Mounting plugin GameplayTagsEditor
LogPluginManager: Mounting plugin GeometryMode
LogPluginManager: Mounting plugin MacGraphicsSwitching
LogPluginManager: Mounting plugin MaterialAnalyzer
LogPluginManager: Mounting plugin MobileLauncherProfileWizard
LogPluginManager: Mounting plugin PluginBrowser
LogPluginManager: Mounting plugin SpeedTreeImporter
LogPluginManager: Mounting plugin DatasmithContent
LogPluginManager: Mounting plugin VariantManagerContent
LogPluginManager: Mounting plugin AlembicImporter
LogPluginManager: Mounting plugin AutomationUtils
LogPluginManager: Mounting plugin BackChannel
LogPluginManager: Mounting plugin ChaosCloth
LogPluginManager: Mounting plugin ChaosClothEditor
LogPluginManager: Mounting plugin ChaosEditor
LogPluginManager: Mounting plugin ChaosNiagara
LogPluginManager: Mounting plugin ChaosSolverPlugin
LogPluginManager: Mounting plugin CharacterAI
LogPluginManager: Mounting plugin GeometryCache
LogPluginManager: Mounting plugin GeometryCollectionPlugin
LogPluginManager: Mounting plugin GeometryProcessing
LogPluginManager: Mounting plugin PlanarCut
LogPluginManager: Mounting plugin PlatformCrypto
LogPluginManager: Mounting plugin ProxyLODPlugin
LogPluginManager: Mounting plugin SkeletalReduction
LogPluginManager: Mounting plugin Niagara
LogPluginManager: Mounting plugin MagicLeap
LogPluginManager: Mounting plugin MagicLeapLightEstimation
LogPluginManager: Mounting plugin MagicLeapMedia
LogPluginManager: Mounting plugin MagicLeapPassableWorld
LogPluginManager: Mounting plugin MLSDK
LogPluginManager: Mounting plugin AndroidMedia
LogPluginManager: Mounting plugin AvfMedia
LogPluginManager: Mounting plugin ImgMedia
LogPluginManager: Mounting plugin MediaCompositing
LogPluginManager: Mounting plugin MediaPlayerEditor
LogPluginManager: Mounting plugin WebMMedia
LogPluginManager: Mounting plugin WmfMedia
LogPluginManager: Mounting plugin MeshPainting
LogPluginManager: Mounting plugin TcpMessaging
LogPluginManager: Mounting plugin UdpMessaging
LogPluginManager: Mounting plugin ActorSequence
LogPluginManager: Mounting plugin LevelSequenceEditor
LogPluginManager: Mounting plugin MatineeToLevelSequence
LogPluginManager: Mounting plugin MovieRenderPipeline
LogPluginManager: Mounting plugin TemplateSequence
LogPluginManager: Mounting plugin NetcodeUnitTest
LogPluginManager: Mounting plugin NUTUnrealEngine4
LogPluginManager: Mounting plugin OnlineSubsystemGooglePlay
LogPluginManager: Mounting plugin OnlineSubsystemIOS
LogPluginManager: Mounting plugin OnlineSubsystem
LogPluginManager: Mounting plugin OnlineSubsystemNull
LogPluginManager: Mounting plugin OnlineSubsystemUtils
LogPluginManager: Mounting plugin LauncherChunkInstaller
LogPluginManager: Mounting plugin AndroidDeviceProfileSelector
LogPluginManager: Mounting plugin AndroidMoviePlayer
LogPluginManager: Mounting plugin AndroidPermission
LogPluginManager: Mounting plugin AppleImageUtils
LogPluginManager: Mounting plugin AppleMoviePlayer
LogPluginManager: Mounting plugin ArchVisCharacter
LogPluginManager: Mounting plugin AssetTags
LogPluginManager: Mounting plugin AudioCapture
LogPluginManager: Mounting plugin CableComponent
LogPluginManager: Mounting plugin CustomMeshComponent
LogPluginManager: Mounting plugin EditableMesh
LogPluginManager: Mounting plugin ExampleDeviceProfileSelector
LogPluginManager: Mounting plugin GoogleCloudMessaging
LogPluginManager: Mounting plugin GooglePAD
LogPluginManager: Mounting plugin IOSDeviceProfileSelector
LogPluginManager: Mounting plugin LinuxDeviceProfileSelector
LogPluginManager: Mounting plugin LocationServicesBPLibrary
LogPluginManager: Mounting plugin MobilePatchingUtils
LogPluginManager: Mounting plugin OculusVR
LogPluginManager: Mounting plugin PhysXVehicles
LogPluginManager: Mounting plugin PostSplashScreen
LogPluginManager: Mounting plugin ProceduralMeshComponent
LogPluginManager: Mounting plugin RuntimePhysXCooking
LogPluginManager: Mounting plugin SignificanceManager
LogPluginManager: Mounting plugin SoundFields
LogPluginManager: Mounting plugin SteamVR
LogPluginManager: Mounting plugin Synthesis
LogPluginManager: Mounting plugin WebMMoviePlayer
LogPluginManager: Mounting plugin WindowsMoviePlayer
LogPluginManager: Mounting plugin ScreenshotTools
LogInit: Using libcurl 7.55.1-DEV
LogInit:  - built for x86_64-pc-win32
LogInit:  - supports SSL with OpenSSL/1.1.1
LogInit:  - supports HTTP deflate (compression) using libz 1.2.8
LogInit:  - other features:
LogInit:      CURL_VERSION_SSL
LogInit:      CURL_VERSION_LIBZ
LogInit:      CURL_VERSION_IPV6
LogInit:      CURL_VERSION_ASYNCHDNS
LogInit:      CURL_VERSION_LARGEFILE
LogInit:      CURL_VERSION_IDN
LogInit:  CurlRequestOptions (configurable via config and command line):
LogInit:  - bVerifyPeer = true  - Libcurl will verify peer certificate
LogInit:  - bUseHttpProxy = false  - Libcurl will NOT use HTTP proxy
LogInit:  - bDontReuseConnections = false  - Libcurl will reuse connections
LogInit:  - MaxHostConnections = 16  - Libcurl will limit the number of connections to a host
LogInit:  - LocalHostAddr = Default
LogInit:  - BufferSize = 65536
LogOnline: OSS: Creating online subsystem instance for: NULL
LogInit: WinSock: version 1.1 (2.2), MaxSocks=32767, MaxUdp=65467
LogOnline: OSS: TryLoadSubsystemAndSetDefault: Loaded subsystem for module [NULL]
LogInit: Build: ++UE4+Release-4.25-CL-13594126
LogInit: Engine Version: 4.25.1-13594126+++UE4+Release-4.25
LogInit: Compatible Engine Version: 4.25.0-13144385+++UE4+Release-4.25
LogInit: Net CL: 13144385
LogInit: OS: Windows 10 (Release 1909) (), CPU: Intel(R) Core(TM) i7-7500U CPU @ 2.70GHz, GPU: Intel(R) HD Graphics 620
LogInit: Compiled (64-bit): Jun  2 2020 02:10:36
LogInit: Compiled with Visual C++: 19.24.28315.00
LogInit: Build Configuration: Development
LogInit: Branch Name: ++UE4+Release-4.25
LogInit: Command Line: 
LogInit: Base Directory: C:/Program Files/Epic Games/UE_4.25/Engine/Binaries/Win64/
LogInit: Allocator: TBB
LogInit: Installed Engine Build: 1
LogDevObjectVersion: Number of dev versions registered: 26
LogDevObjectVersion:   Dev-Blueprints (B0D832E4-1F89-4F0D-ACCF-7EB736FD4AA2): 10
LogDevObjectVersion:   Dev-Build (E1C64328-A22C-4D53-A36C-8E866417BD8C): 0
LogDevObjectVersion:   Dev-Core (375EC13C-06E4-48FB-B500-84F0262A717E): 4
LogDevObjectVersion:   Dev-Editor (E4B068ED-F494-42E9-A231-DA0B2E46BB41): 38
LogDevObjectVersion:   Dev-Framework (CFFC743F-43B0-4480-9391-14DF171D2073): 37
LogDevObjectVersion:   Dev-Mobile (B02B49B5-BB20-44E9-A304-32B752E40360): 2
LogDevObjectVersion:   Dev-Networking (A4E4105C-59A1-49B5-A7C5-40C4547EDFEE): 0
LogDevObjectVersion:   Dev-Online (39C831C9-5AE6-47DC-9A44-9C173E1C8E7C): 0
LogDevObjectVersion:   Dev-Physics (78F01B33-EBEA-4F98-B9B4-84EACCB95AA2): 4
LogDevObjectVersion:   Dev-Platform (6631380F-2D4D-43E0-8009-CF276956A95A): 0
LogDevObjectVersion:   Dev-Rendering (12F88B9F-8875-4AFC-A67C-D90C383ABD29): 43
LogDevObjectVersion:   Dev-Sequencer (7B5AE74C-D270-4C10-A958-57980B212A5A): 12
LogDevObjectVersion:   Dev-VR (D7296918-1DD6-4BDD-9DE2-64A83CC13884): 3
LogDevObjectVersion:   Dev-LoadTimes (C2A15278-BFE7-4AFE-6C17-90FF531DF755): 1
LogDevObjectVersion:   Private-Geometry (6EACA3D4-40EC-4CC1-B786-8BED09428FC5): 3
LogDevObjectVersion:   Dev-AnimPhys (29E575DD-E0A3-4627-9D10-D276232CDCEA): 17
LogDevObjectVersion:   Dev-Anim (AF43A65D-7FD3-4947-9873-3E8ED9C1BB05): 7
LogDevObjectVersion:   Dev-ReflectionCapture (6B266CEC-1EC7-4B8F-A30B-E4D90942FC07): 1
LogDevObjectVersion:   Dev-Automation (0DF73D61-A23F-47EA-B727-89E90C41499A): 1
LogDevObjectVersion:   FortniteMain (601D1886-AC64-4F84-AA16-D3DE0DEAC7D6): 31
LogDevObjectVersion:   Dev-Enterprise (9DFFBCD6-494F-0158-E221-12823C92A888): 10
LogDevObjectVersion:   Dev-Niagara (F2AED0AC-9AFE-416F-8664-AA7FFA26D6FC): 1
LogDevObjectVersion:   Dev-Destruction (174F1F0B-B4C6-45A5-B13F-2EE8D0FB917D): 10
LogDevObjectVersion:   Dev-Physics-Ext (35F94A83-E258-406C-A318-09F59610247C): 37
LogDevObjectVersion:   Dev-PhysicsMaterial-Chaos (B68FC16E-8B1B-42E2-B453-215C058844FE): 1
LogDevObjectVersion:   Dev-CineCamera (B2E18506-4273-CFC2-A54E-F4BB758BBA07): 1
LogInit: Presizing for max 25165824 objects, including 0 objects not considered by GC, pre-allocating 0 bytes for permanent pool.
LogConfig: Applying CVar settings from Section [/Script/Engine.StreamingSettings] File [C:/Users/Angelica .DESKTOP-RM5JOAJ/Documents/PaintShooter/PAINT/Saved/Config/Windows/Engine.ini]
LogConfig: Setting CVar [[s.MinBulkDataSizeForAsyncLoading:131072]]
LogConfig: Setting CVar [[s.AsyncLoadingThreadEnabled:0]]
LogConfig: Setting CVar [[s.EventDrivenLoaderEnabled:1]]
LogConfig: Setting CVar [[s.WarnIfTimeLimitExceeded:0]]
LogConfig: Setting CVar [[s.TimeLimitExceededMultiplier:1.5]]
LogConfig: Setting CVar [[s.TimeLimitExceededMinTime:0.005]]
LogConfig: Setting CVar [[s.UseBackgroundLevelStreaming:1]]
LogConfig: Setting CVar [[s.PriorityAsyncLoadingExtraTime:15.0]]
LogConfig: Setting CVar [[s.LevelStreamingActorsUpdateTimeLimit:5.0]]
LogConfig: Setting CVar [[s.PriorityLevelStreamingActorsUpdateExtraTime:5.0]]
LogConfig: Setting CVar [[s.LevelStreamingComponentsRegistrationGranularity:10]]
LogConfig: Setting CVar [[s.UnregisterComponentsTimeLimit:1.0]]
LogConfig: Setting CVar [[s.LevelStreamingComponentsUnregistrationGranularity:5]]
LogConfig: Setting CVar [[s.FlushStreamingOnExit:1]]
LogInit: Object subsystem initialized
LogConfig: Setting CVar [[con.DebugEarlyDefault:1]]
LogConfig: Setting CVar [[r.setres:1280x720]]
[2020.07.16-14.54.11:158][  0]LogConfig: Setting CVar [[r.VSync:0]]
[2020.07.16-14.54.11:158][  0]LogConfig: Setting CVar [[r.RHICmdBypass:0]]
[2020.07.16-14.54.11:159][  0]LogConfig: Applying CVar settings from Section [/Script/Engine.RendererSettings] File [C:/Users/Angelica .DESKTOP-RM5JOAJ/Documents/PaintShooter/PAINT/Saved/Config/Windows/Engine.ini]
[2020.07.16-14.54.11:159][  0]LogConfig: Setting CVar [[r.GPUCrashDebugging:0]]
[2020.07.16-14.54.11:160][  0]LogConfig: Applying CVar settings from Section [/Script/Engine.RendererOverrideSettings] File [C:/Users/Angelica .DESKTOP-RM5JOAJ/Documents/PaintShooter/PAINT/Saved/Config/Windows/Engine.ini]
[2020.07.16-14.54.11:160][  0]LogConfig: Applying CVar settings from Section [/Script/Engine.StreamingSettings] File [C:/Users/Angelica .DESKTOP-RM5JOAJ/Documents/PaintShooter/PAINT/Saved/Config/Windows/Engine.ini]
[2020.07.16-14.54.11:160][  0]LogConfig: Setting CVar [[s.MinBulkDataSizeForAsyncLoading:131072]]
[2020.07.16-14.54.11:160][  0]LogConfig: Setting CVar [[s.AsyncLoadingThreadEnabled:0]]
[2020.07.16-14.54.11:160][  0]LogConfig: Setting CVar [[s.EventDrivenLoaderEnabled:1]]
[2020.07.16-14.54.11:160][  0]LogConfig: Setting CVar [[s.WarnIfTimeLimitExceeded:0]]
[2020.07.16-14.54.11:160][  0]LogConfig: Setting CVar [[s.TimeLimitExceededMultiplier:1.5]]
[2020.07.16-14.54.11:160][  0]LogConfig: Setting CVar [[s.TimeLimitExceededMinTime:0.005]]
[2020.07.16-14.54.11:160][  0]LogConfig: Setting CVar [[s.UseBackgroundLevelStreaming:1]]
[2020.07.16-14.54.11:160][  0]LogConfig: Setting CVar [[s.PriorityAsyncLoadingExtraTime:15.0]]
[2020.07.16-14.54.11:160][  0]LogConfig: Setting CVar [[s.LevelStreamingActorsUpdateTimeLimit:5.0]]
[2020.07.16-14.54.11:160][  0]LogConfig: Setting CVar [[s.PriorityLevelStreamingActorsUpdateExtraTime:5.0]]
[2020.07.16-14.54.11:160][  0]LogConfig: Setting CVar [[s.LevelStreamingComponentsRegistrationGranularity:10]]
[2020.07.16-14.54.11:160][  0]LogConfig: Setting CVar [[s.UnregisterComponentsTimeLimit:1.0]]
[2020.07.16-14.54.11:160][  0]LogConfig: Setting CVar [[s.LevelStreamingComponentsUnregistrationGranularity:5]]
[2020.07.16-14.54.11:160][  0]LogConfig: Setting CVar [[s.FlushStreamingOnExit:1]]
[2020.07.16-14.54.11:161][  0]LogConfig: Applying CVar settings from Section [/Script/Engine.GarbageCollectionSettings] File [C:/Users/Angelica .DESKTOP-RM5JOAJ/Documents/PaintShooter/PAINT/Saved/Config/Windows/Engine.ini]
[2020.07.16-14.54.11:161][  0]LogConfig: Setting CVar [[gc.MaxObjectsNotConsideredByGC:1]]
[2020.07.16-14.54.11:161][  0]LogConfig: Setting CVar [[gc.SizeOfPermanentObjectPool:0]]
[2020.07.16-14.54.11:161][  0]LogConfig: Setting CVar [[gc.FlushStreamingOnGC:0]]
[2020.07.16-14.54.11:161][  0]LogConfig: Setting CVar [[gc.NumRetriesBeforeForcingGC:10]]
[2020.07.16-14.54.11:161][  0]LogConfig: Setting CVar [[gc.AllowParallelGC:1]]
[2020.07.16-14.54.11:161][  0]LogConfig: Setting CVar [[gc.TimeBetweenPurgingPendingKillObjects:61.1]]
[2020.07.16-14.54.11:161][  0]LogConfig: Setting CVar [[gc.MaxObjectsInEditor:25165824]]
[2020.07.16-14.54.11:161][  0]LogConfig: Setting CVar [[gc.IncrementalBeginDestroyEnabled:1]]
[2020.07.16-14.54.11:161][  0]LogConfig: Setting CVar [[gc.CreateGCClusters:1]]
[2020.07.16-14.54.11:161][  0]LogConfig: Setting CVar [[gc.MinGCClusterSize:5]]
[2020.07.16-14.54.11:161][  0]LogConfig: Setting CVar [[gc.ActorClusteringEnabled:0]]
[2020.07.16-14.54.11:161][  0]LogConfig: Setting CVar [[gc.BlueprintClusteringEnabled:0]]
[2020.07.16-14.54.11:161][  0]LogConfig: Setting CVar [[gc.UseDisregardForGCOnDedicatedServers:0]]
[2020.07.16-14.54.11:161][  0]LogConfig: Applying CVar settings from Section [/Script/Engine.NetworkSettings] File [C:/Users/Angelica .DESKTOP-RM5JOAJ/Documents/PaintShooter/PAINT/Saved/Config/Windows/Engine.ini]
[2020.07.16-14.54.11:161][  0]LogConfig: Applying CVar settings from Section [/Script/UnrealEd.CookerSettings] File [C:/Users/Angelica .DESKTOP-RM5JOAJ/Documents/PaintShooter/PAINT/Saved/Config/Windows/Engine.ini]
[2020.07.16-14.54.11:179][  0]LogConfig: Applying CVar settings from Section [ViewDistanceQuality@3] File [C:/Users/Angelica .DESKTOP-RM5JOAJ/Documents/PaintShooter/PAINT/Saved/Config/Windows/Scalability.ini]
[2020.07.16-14.54.11:179][  0]LogConfig: Setting CVar [[r.SkeletalMeshLODBias:0]]
[2020.07.16-14.54.11:179][  0]LogConfig: Setting CVar [[r.ViewDistanceScale:1.0]]
[2020.07.16-14.54.11:179][  0]LogConfig: Applying CVar settings from Section [AntiAliasingQuality@3] File [C:/Users/Angelica .DESKTOP-RM5JOAJ/Documents/PaintShooter/PAINT/Saved/Config/Windows/Scalability.ini]
[2020.07.16-14.54.11:179][  0]LogConfig: Setting CVar [[r.PostProcessAAQuality:4]]
[2020.07.16-14.54.11:179][  0]LogConfig: Applying CVar settings from Section [ShadowQuality@3] File [C:/Users/Angelica .DESKTOP-RM5JOAJ/Documents/PaintShooter/PAINT/Saved/Config/Windows/Scalability.ini]
[2020.07.16-14.54.11:179][  0]LogConfig: Setting CVar [[r.LightFunctionQuality:1]]
[2020.07.16-14.54.11:179][  0]LogConfig: Setting CVar [[r.ShadowQuality:5]]
[2020.07.16-14.54.11:179][  0]LogConfig: Setting CVar [[r.Shadow.CSM.MaxCascades:10]]
[2020.07.16-14.54.11:179][  0]LogConfig: Setting CVar [[r.Shadow.MaxResolution:2048]]
[2020.07.16-14.54.11:179][  0]LogConfig: Setting CVar [[r.Shadow.MaxCSMResolution:2048]]
[2020.07.16-14.54.11:179][  0]LogConfig: Setting CVar [[r.Shadow.RadiusThreshold:0.01]]
[2020.07.16-14.54.11:179][  0]LogConfig: Setting CVar [[r.Shadow.DistanceScale:1.0]]
[2020.07.16-14.54.11:179][  0]LogConfig: Setting CVar [[r.Shadow.CSM.TransitionScale:1.0]]
[2020.07.16-14.54.11:179][  0]LogConfig: Setting CVar [[r.Shadow.PreShadowResolutionFactor:1.0]]
[2020.07.16-14.54.11:179][  0]LogConfig: Setting CVar [[r.DistanceFieldShadowing:1]]
[2020.07.16-14.54.11:179][  0]LogConfig: Setting CVar [[r.DistanceFieldAO:1]]
[2020.07.16-14.54.11:180][  0]LogConfig: Setting CVar [[r.AOQuality:2]]
[2020.07.16-14.54.11:180][  0]LogConfig: Setting CVar [[r.VolumetricFog:1]]
[2020.07.16-14.54.11:180][  0]LogConfig: Setting CVar [[r.VolumetricFog.GridPixelSize:8]]
[2020.07.16-14.54.11:180][  0]LogConfig: Setting CVar [[r.VolumetricFog.GridSizeZ:128]]
[2020.07.16-14.54.11:180][  0]LogConfig: Setting CVar [[r.VolumetricFog.HistoryMissSupersampleCount:4]]
[2020.07.16-14.54.11:180][  0]LogConfig: Setting CVar [[r.LightMaxDrawDistanceScale:1]]
[2020.07.16-14.54.11:180][  0]LogConfig: Setting CVar [[r.CapsuleShadows:1]]
[2020.07.16-14.54.11:180][  0]LogConfig: Applying CVar settings from Section [PostProcessQuality@3] File [C:/Users/Angelica .DESKTOP-RM5JOAJ/Documents/PaintShooter/PAINT/Saved/Config/Windows/Scalability.ini]
[2020.07.16-14.54.11:180][  0]LogConfig: Setting CVar [[r.MotionBlurQuality:4]]
[2020.07.16-14.54.11:180][  0]LogConfig: Setting CVar [[r.AmbientOcclusionMipLevelFactor:0.4]]
[2020.07.16-14.54.11:180][  0]LogConfig: Setting CVar [[r.AmbientOcclusionMaxQuality:100]]
[2020.07.16-14.54.11:180][  0]LogConfig: Setting CVar [[r.AmbientOcclusionLevels:-1]]
[2020.07.16-14.54.11:180][  0]LogConfig: Setting CVar [[r.AmbientOcclusionRadiusScale:1.0]]
[2020.07.16-14.54.11:180][  0]LogConfig: Setting CVar [[r.DepthOfFieldQuality:2]]
[2020.07.16-14.54.11:180][  0]LogConfig: Setting CVar [[r.RenderTargetPoolMin:400]]
[2020.07.16-14.54.11:181][  0]LogConfig: Setting CVar [[r.LensFlareQuality:2]]
[2020.07.16-14.54.11:181][  0]LogConfig: Setting CVar [[r.SceneColorFringeQuality:1]]
[2020.07.16-14.54.11:181][  0]LogConfig: Setting CVar [[r.EyeAdaptationQuality:2]]
[2020.07.16-14.54.11:181][  0]LogConfig: Setting CVar [[r.BloomQuality:5]]
[2020.07.16-14.54.11:181][  0]LogConfig: Setting CVar [[r.FastBlurThreshold:100]]
[2020.07.16-14.54.11:181][  0]LogConfig: Setting CVar [[r.Upscale.Quality:3]]
[2020.07.16-14.54.11:181][  0]LogConfig: Setting CVar [[r.Tonemapper.GrainQuantization:1]]
[2020.07.16-14.54.11:181][  0]LogConfig: Setting CVar [[r.LightShaftQuality:1]]
[2020.07.16-14.54.11:181][  0]LogConfig: Setting CVar [[r.Filter.SizeScale:1]]
[2020.07.16-14.54.11:181][  0]LogConfig: Setting CVar [[r.Tonemapper.Quality:5]]
[2020.07.16-14.54.11:181][  0]LogConfig: Setting CVar [[r.DOF.Gather.AccumulatorQuality:1        ; higher gathering accumulator quality]]
[2020.07.16-14.54.11:181][  0]LogConfig: Setting CVar [[r.DOF.Gather.PostfilterMethod:1          ; Median3x3 postfilering method]]
[2020.07.16-14.54.11:181][  0]LogConfig: Setting CVar [[r.DOF.Gather.EnableBokehSettings:0       ; no bokeh simulation when gathering]]
[2020.07.16-14.54.11:181][  0]LogConfig: Setting CVar [[r.DOF.Gather.RingCount:4                 ; medium number of samples when gathering]]
[2020.07.16-14.54.11:181][  0]LogConfig: Setting CVar [[r.DOF.Scatter.ForegroundCompositing:1    ; additive foreground scattering]]
[2020.07.16-14.54.11:181][  0]LogConfig: Setting CVar [[r.DOF.Scatter.BackgroundCompositing:2    ; additive background scattering]]
[2020.07.16-14.54.11:181][  0]LogConfig: Setting CVar [[r.DOF.Scatter.EnableBokehSettings:1      ; bokeh simulation when scattering]]
[2020.07.16-14.54.11:181][  0]LogConfig: Setting CVar [[r.DOF.Scatter.MaxSpriteRatio:0.1         ; only a maximum of 10% of scattered bokeh]]
[2020.07.16-14.54.11:182][  0]LogConfig: Setting CVar [[r.DOF.Recombine.Quality:1                ; cheap slight out of focus]]
[2020.07.16-14.54.11:182][  0]LogConfig: Setting CVar [[r.DOF.Recombine.EnableBokehSettings:0    ; no bokeh simulation on slight out of focus]]
[2020.07.16-14.54.11:182][  0]LogConfig: Setting CVar [[r.DOF.TemporalAAQuality:1                ; more stable temporal accumulation]]
[2020.07.16-14.54.11:182][  0]LogConfig: Setting CVar [[r.DOF.Kernel.MaxForegroundRadius:0.025]]
[2020.07.16-14.54.11:182][  0]LogConfig: Setting CVar [[r.DOF.Kernel.MaxBackgroundRadius:0.025]]
[2020.07.16-14.54.11:182][  0]LogConfig: Applying CVar settings from Section [TextureQuality@3] File [C:/Users/Angelica .DESKTOP-RM5JOAJ/Documents/PaintShooter/PAINT/Saved/Config/Windows/Scalability.ini]
[2020.07.16-14.54.11:182][  0]LogConfig: Setting CVar [[r.Streaming.MipBias:0]]
[2020.07.16-14.54.11:182][  0]LogConfig: Setting CVar [[r.Streaming.AmortizeCPUToGPUCopy:0]]
[2020.07.16-14.54.11:182][  0]LogConfig: Setting CVar [[r.Streaming.MaxNumTexturesToStreamPerFrame:0]]
[2020.07.16-14.54.11:182][  0]LogConfig: Setting CVar [[r.Streaming.Boost:1]]
[2020.07.16-14.54.11:182][  0]LogConfig: Setting CVar [[r.MaxAnisotropy:8]]
[2020.07.16-14.54.11:182][  0]LogConfig: Setting CVar [[r.VT.MaxAnisotropy:8]]
[2020.07.16-14.54.11:182][  0]LogConfig: Setting CVar [[r.Streaming.LimitPoolSizeToVRAM:0]]
[2020.07.16-14.54.11:182][  0]LogConfig: Setting CVar [[r.Streaming.PoolSize:1000]]
[2020.07.16-14.54.11:182][  0]LogConfig: Setting CVar [[r.Streaming.MaxEffectiveScreenSize:0]]
[2020.07.16-14.54.11:182][  0]LogConfig: Applying CVar settings from Section [EffectsQuality@3] File [C:/Users/Angelica .DESKTOP-RM5JOAJ/Documents/PaintShooter/PAINT/Saved/Config/Windows/Scalability.ini]
[2020.07.16-14.54.11:182][  0]LogConfig: Setting CVar [[r.TranslucencyLightingVolumeDim:64]]
[2020.07.16-14.54.11:183][  0]LogConfig: Setting CVar [[r.RefractionQuality:2]]
[2020.07.16-14.54.11:183][  0]LogConfig: Setting CVar [[r.SSR.Quality:3]]
[2020.07.16-14.54.11:183][  0]LogConfig: Setting CVar [[r.SSR.HalfResSceneColor:0]]
[2020.07.16-14.54.11:183][  0]LogConfig: Setting CVar [[r.SceneColorFormat:4]]
[2020.07.16-14.54.11:183][  0]LogConfig: Setting CVar [[r.DetailMode:2]]
[2020.07.16-14.54.11:183][  0]LogConfig: Setting CVar [[r.TranslucencyVolumeBlur:1]]
[2020.07.16-14.54.11:183][  0]LogConfig: Setting CVar [[r.MaterialQualityLevel:1 ; High quality]]
[2020.07.16-14.54.11:183][  0]LogConfig: Setting CVar [[r.SSS.Scale:1]]
[2020.07.16-14.54.11:183][  0]LogConfig: Setting CVar [[r.SSS.SampleSet:2]]
[2020.07.16-14.54.11:183][  0]LogConfig: Setting CVar [[r.SSS.Quality:1]]
[2020.07.16-14.54.11:183][  0]LogConfig: Setting CVar [[r.SSS.HalfRes:0]]
[2020.07.16-14.54.11:183][  0]LogConfig: Setting CVar [[r.SSGI.Quality:3]]
[2020.07.16-14.54.11:183][  0]LogConfig: Setting CVar [[r.EmitterSpawnRateScale:1.0]]
[2020.07.16-14.54.11:183][  0]LogConfig: Setting CVar [[r.ParticleLightQuality:2]]
[2020.07.16-14.54.11:183][  0]LogConfig: Setting CVar [[r.SkyAtmosphere.AerialPerspectiveLUT.FastApplyOnOpaque:1 ; Always have FastSkyLUT 1 in this case to avoid wrong sky]]
[2020.07.16-14.54.11:183][  0]LogConfig: Setting CVar [[r.SkyAtmosphere.AerialPerspectiveLUT.SampleCountPerSlice:1]]
[2020.07.16-14.54.11:183][  0]LogConfig: Setting CVar [[r.SkyAtmosphere.AerialPerspectiveLUT.DepthResolution:16.0]]
[2020.07.16-14.54.11:184][  0]LogConfig: Setting CVar [[r.SkyAtmosphere.FastSkyLUT:1]]
[2020.07.16-14.54.11:184][  0]LogConfig: Setting CVar [[r.SkyAtmosphere.FastSkyLUT.SampleCountMin:4.0]]
[2020.07.16-14.54.11:184][  0]LogConfig: Setting CVar [[r.SkyAtmosphere.FastSkyLUT.SampleCountMax:32.0]]
[2020.07.16-14.54.11:184][  0]LogConfig: Setting CVar [[r.SkyAtmosphere.SampleCountMin:4.0]]
[2020.07.16-14.54.11:184][  0]LogConfig: Setting CVar [[r.SkyAtmosphere.SampleCountMax:32.0]]
[2020.07.16-14.54.11:184][  0]LogConfig: Setting CVar [[r.SkyAtmosphere.TransmittanceLUT.UseSmallFormat:0]]
[2020.07.16-14.54.11:184][  0]LogConfig: Setting CVar [[r.SkyAtmosphere.TransmittanceLUT.SampleCount:10.0]]
[2020.07.16-14.54.11:184][  0]LogConfig: Setting CVar [[r.SkyAtmosphere.MultiScatteringLUT.SampleCount:15.0]]
[2020.07.16-14.54.11:184][  0]LogConfig: Applying CVar settings from Section [FoliageQuality@3] File [C:/Users/Angelica .DESKTOP-RM5JOAJ/Documents/PaintShooter/PAINT/Saved/Config/Windows/Scalability.ini]
[2020.07.16-14.54.11:184][  0]LogConfig: Setting CVar [[foliage.DensityScale:1.0]]
[2020.07.16-14.54.11:184][  0]LogConfig: Setting CVar [[grass.DensityScale:1.0]]
[2020.07.16-14.54.11:184][  0]LogConfig: Applying CVar settings from Section [ShadingQuality@3] File [C:/Users/Angelica .DESKTOP-RM5JOAJ/Documents/PaintShooter/PAINT/Saved/Config/Windows/Scalability.ini]
[2020.07.16-14.54.11:184][  0]LogConfig: Setting CVar [[r.HairStrands.SkyLighting.SampleCount:16]]
[2020.07.16-14.54.11:184][  0]LogConfig: Setting CVar [[r.HairStrands.SkyLighting.JitterIntegration:0]]
[2020.07.16-14.54.11:184][  0]LogConfig: Setting CVar [[r.HairStrands.SkyAO.SampleCount:16]]
[2020.07.16-14.54.11:184][  0]LogConfig: Setting CVar [[r.HairStrands.DeepShadow.SuperSampling:0]]
[2020.07.16-14.54.11:185][  0]LogConfig: Setting CVar [[r.HairStrands.VisibilityPPLL:0]]
[2020.07.16-14.54.11:185][  0]LogConfig: Setting CVar [[r.HairStrands.RasterizationScale:0.5]]
[2020.07.16-14.54.11:185][  0]LogConfig: Setting CVar [[r.HairStrands.VelocityRasterizationScale:1]]
[2020.07.16-14.54.11:185][  0]LogInit: Selected Device Profile: [Windows]
[2020.07.16-14.54.11:185][  0]LogInit: Applying CVar settings loaded from the selected device profile: [Windows]
[2020.07.16-14.54.11:187][  0]LogHAL: Display: Platform has ~ 16 GB [17052516352 / 17179869184 / 16], which maps to Larger [LargestMinGB=32, LargerMinGB=12, DefaultMinGB=8, SmallerMinGB=6, SmallestMinGB=0)
[2020.07.16-14.54.11:187][  0]LogInit: Going up to parent DeviceProfile []
[2020.07.16-14.54.11:188][  0]LogConfig: Applying CVar settings from Section [ViewDistanceQuality@2] File [C:/Users/Angelica .DESKTOP-RM5JOAJ/Documents/PaintShooter/PAINT/Saved/Config/Windows/Scalability.ini]
[2020.07.16-14.54.11:188][  0]LogConfig: Setting CVar [[r.SkeletalMeshLODBias:0]]
[2020.07.16-14.54.11:188][  0]LogConfig: Setting CVar [[r.ViewDistanceScale:0.8]]
[2020.07.16-14.54.11:188][  0]LogConfig: Applying CVar settings from Section [AntiAliasingQuality@2] File [C:/Users/Angelica .DESKTOP-RM5JOAJ/Documents/PaintShooter/PAINT/Saved/Config/Windows/Scalability.ini]
[2020.07.16-14.54.11:188][  0]LogConfig: Setting CVar [[r.PostProcessAAQuality:3]]
[2020.07.16-14.54.11:188][  0]LogConfig: Applying CVar settings from Section [ShadowQuality@2] File [C:/Users/Angelica .DESKTOP-RM5JOAJ/Documents/PaintShooter/PAINT/Saved/Config/Windows/Scalability.ini]
[2020.07.16-14.54.11:188][  0]LogConfig: Setting CVar [[r.LightFunctionQuality:1]]
[2020.07.16-14.54.11:188][  0]LogConfig: Setting CVar [[r.ShadowQuality:5]]
[2020.07.16-14.54.11:188][  0]LogConfig: Setting CVar [[r.Shadow.CSM.MaxCascades:4]]
[2020.07.16-14.54.11:188][  0]LogConfig: Setting CVar [[r.Shadow.MaxResolution:1024]]
[2020.07.16-14.54.11:189][  0]LogConfig: Setting CVar [[r.Shadow.MaxCSMResolution:2048]]
[2020.07.16-14.54.11:189][  0]LogConfig: Setting CVar [[r.Shadow.RadiusThreshold:0.04]]
[2020.07.16-14.54.11:189][  0]LogConfig: Setting CVar [[r.Shadow.DistanceScale:0.85]]
[2020.07.16-14.54.11:189][  0]LogConfig: Setting CVar [[r.Shadow.CSM.TransitionScale:0.8]]
[2020.07.16-14.54.11:189][  0]LogConfig: Setting CVar [[r.Shadow.PreShadowResolutionFactor:0.5]]
[2020.07.16-14.54.11:189][  0]LogConfig: Setting CVar [[r.DistanceFieldShadowing:1]]
[2020.07.16-14.54.11:189][  0]LogConfig: Setting CVar [[r.DistanceFieldAO:1]]
[2020.07.16-14.54.11:189][  0]LogConfig: Setting CVar [[r.AOQuality:1]]
[2020.07.16-14.54.11:189][  0]LogConfig: Setting CVar [[r.VolumetricFog:1]]
[2020.07.16-14.54.11:189][  0]LogConfig: Setting CVar [[r.VolumetricFog.GridPixelSize:16]]
[2020.07.16-14.54.11:189][  0]LogConfig: Setting CVar [[r.VolumetricFog.GridSizeZ:64]]
[2020.07.16-14.54.11:189][  0]LogConfig: Setting CVar [[r.VolumetricFog.HistoryMissSupersampleCount:4]]
[2020.07.16-14.54.11:189][  0]LogConfig: Setting CVar [[r.LightMaxDrawDistanceScale:1]]
[2020.07.16-14.54.11:189][  0]LogConfig: Setting CVar [[r.CapsuleShadows:1]]
[2020.07.16-14.54.11:189][  0]LogConfig: Applying CVar settings from Section [PostProcessQuality@2] File [C:/Users/Angelica .DESKTOP-RM5JOAJ/Documents/PaintShooter/PAINT/Saved/Config/Windows/Scalability.ini]
[2020.07.16-14.54.11:190][  0]LogConfig: Setting CVar [[r.MotionBlurQuality:3]]
[2020.07.16-14.54.11:190][  0]LogConfig: Setting CVar [[r.AmbientOcclusionMipLevelFactor:0.6]]
[2020.07.16-14.54.11:190][  0]LogConfig: Setting CVar [[r.AmbientOcclusionMaxQuality:100]]
[2020.07.16-14.54.11:190][  0]LogConfig: Setting CVar [[r.AmbientOcclusionLevels:-1]]
[2020.07.16-14.54.11:190][  0]LogConfig: Setting CVar [[r.AmbientOcclusionRadiusScale:1.5]]
[2020.07.16-14.54.11:190][  0]LogConfig: Setting CVar [[r.DepthOfFieldQuality:2]]
[2020.07.16-14.54.11:190][  0]LogConfig: Setting CVar [[r.RenderTargetPoolMin:400]]
[2020.07.16-14.54.11:190][  0]LogConfig: Setting CVar [[r.LensFlareQuality:2]]
[2020.07.16-14.54.11:190][  0]LogConfig: Setting CVar [[r.SceneColorFringeQuality:1]]
[2020.07.16-14.54.11:190][  0]LogConfig: Setting CVar [[r.EyeAdaptationQuality:2]]
[2020.07.16-14.54.11:190][  0]LogConfig: Setting CVar [[r.BloomQuality:5]]
[2020.07.16-14.54.11:190][  0]LogConfig: Setting CVar [[r.FastBlurThreshold:3]]
[2020.07.16-14.54.11:190][  0]LogConfig: Setting CVar [[r.Upscale.Quality:2]]
[2020.07.16-14.54.11:190][  0]LogConfig: Setting CVar [[r.Tonemapper.GrainQuantization:1]]
[2020.07.16-14.54.11:190][  0]LogConfig: Setting CVar [[r.LightShaftQuality:1]]
[2020.07.16-14.54.11:190][  0]LogConfig: Setting CVar [[r.Filter.SizeScale:0.8]]
[2020.07.16-14.54.11:191][  0]LogConfig: Setting CVar [[r.Tonemapper.Quality:5]]
[2020.07.16-14.54.11:191][  0]LogConfig: Setting CVar [[r.DOF.Gather.AccumulatorQuality:0        ; lower gathering accumulator quality]]
[2020.07.16-14.54.11:191][  0]LogConfig: Setting CVar [[r.DOF.Gather.PostfilterMethod:2          ; Max3x3 postfilering method]]
[2020.07.16-14.54.11:191][  0]LogConfig: Setting CVar [[r.DOF.Gather.EnableBokehSettings:0       ; no bokeh simulation when gathering]]
[2020.07.16-14.54.11:191][  0]LogConfig: Setting CVar [[r.DOF.Gather.RingCount:4                 ; medium number of samples when gathering]]
[2020.07.16-14.54.11:191][  0]LogConfig: Setting CVar [[r.DOF.Scatter.ForegroundCompositing:1    ; additive foreground scattering]]
[2020.07.16-14.54.11:191][  0]LogConfig: Setting CVar [[r.DOF.Scatter.BackgroundCompositing:1    ; no background occlusion]]
[2020.07.16-14.54.11:191][  0]LogConfig: Setting CVar [[r.DOF.Scatter.EnableBokehSettings:0      ; no bokeh simulation when scattering]]
[2020.07.16-14.54.11:192][  0]LogConfig: Setting CVar [[r.DOF.Scatter.MaxSpriteRatio:0.04        ; only a maximum of 4% of scattered bokeh]]
[2020.07.16-14.54.11:192][  0]LogConfig: Setting CVar [[r.DOF.Recombine.Quality:0                ; no slight out of focus]]
[2020.07.16-14.54.11:192][  0]LogConfig: Setting CVar [[r.DOF.TemporalAAQuality:0                ; faster temporal accumulation]]
[2020.07.16-14.54.11:192][  0]LogConfig: Setting CVar [[r.DOF.Kernel.MaxForegroundRadius:0.012   ; required because of AccumulatorQuality=0]]
[2020.07.16-14.54.11:192][  0]LogConfig: Setting CVar [[r.DOF.Kernel.MaxBackgroundRadius:0.012   ; required because of AccumulatorQuality=0]]
[2020.07.16-14.54.11:192][  0]LogConfig: Applying CVar settings from Section [TextureQuality@2] File [C:/Users/Angelica .DESKTOP-RM5JOAJ/Documents/PaintShooter/PAINT/Saved/Config/Windows/Scalability.ini]
[2020.07.16-14.54.11:192][  0]LogConfig: Setting CVar [[r.Streaming.MipBias:0]]
[2020.07.16-14.54.11:192][  0]LogConfig: Setting CVar [[r.Streaming.AmortizeCPUToGPUCopy:0]]
[2020.07.16-14.54.11:192][  0]LogConfig: Setting CVar [[r.Streaming.MaxNumTexturesToStreamPerFrame:0]]
[2020.07.16-14.54.11:192][  0]LogConfig: Setting CVar [[r.Streaming.Boost:1]]
[2020.07.16-14.54.11:192][  0]LogConfig: Setting CVar [[r.MaxAnisotropy:4]]
[2020.07.16-14.54.11:192][  0]LogConfig: Setting CVar [[r.VT.MaxAnisotropy:8]]
[2020.07.16-14.54.11:192][  0]LogConfig: Setting CVar [[r.Streaming.LimitPoolSizeToVRAM:1]]
[2020.07.16-14.54.11:192][  0]LogConfig: Setting CVar [[r.Streaming.PoolSize:800]]
[2020.07.16-14.54.11:192][  0]LogConfig: Setting CVar [[r.Streaming.MaxEffectiveScreenSize:0]]
[2020.07.16-14.54.11:192][  0]LogConfig: Applying CVar settings from Section [EffectsQuality@2] File [C:/Users/Angelica .DESKTOP-RM5JOAJ/Documents/PaintShooter/PAINT/Saved/Config/Windows/Scalability.ini]
[2020.07.16-14.54.11:193][  0]LogConfig: Setting CVar [[r.TranslucencyLightingVolumeDim:48]]
[2020.07.16-14.54.11:193][  0]LogConfig: Setting CVar [[r.RefractionQuality:2]]
[2020.07.16-14.54.11:193][  0]LogConfig: Setting CVar [[r.SSR.Quality:2]]
[2020.07.16-14.54.11:193][  0]LogConfig: Setting CVar [[r.SSR.HalfResSceneColor:1]]
[2020.07.16-14.54.11:193][  0]LogConfig: Setting CVar [[r.SceneColorFormat:3]]
[2020.07.16-14.54.11:193][  0]LogConfig: Setting CVar [[r.DetailMode:1]]
[2020.07.16-14.54.11:193][  0]LogConfig: Setting CVar [[r.TranslucencyVolumeBlur:1]]
[2020.07.16-14.54.11:193][  0]LogConfig: Setting CVar [[r.MaterialQualityLevel:1 ; High quality]]
[2020.07.16-14.54.11:193][  0]LogConfig: Setting CVar [[r.SSS.Scale:1]]
[2020.07.16-14.54.11:193][  0]LogConfig: Setting CVar [[r.SSS.SampleSet:1]]
[2020.07.16-14.54.11:193][  0]LogConfig: Setting CVar [[r.SSS.Quality:-1]]
[2020.07.16-14.54.11:193][  0]LogConfig: Setting CVar [[r.SSS.HalfRes:1]]
[2020.07.16-14.54.11:193][  0]LogConfig: Setting CVar [[r.SSGI.Quality:2]]
[2020.07.16-14.54.11:193][  0]LogConfig: Setting CVar [[r.EmitterSpawnRateScale:0.5]]
[2020.07.16-14.54.11:193][  0]LogConfig: Setting CVar [[r.ParticleLightQuality:1]]
[2020.07.16-14.54.11:193][  0]LogConfig: Setting CVar [[r.SkyAtmosphere.AerialPerspectiveLUT.FastApplyOnOpaque:1 ; Always have FastSkyLUT 1 in this case to avoid wrong sky]]
[2020.07.16-14.54.11:194][  0]LogConfig: Setting CVar [[r.SkyAtmosphere.AerialPerspectiveLUT.SampleCountPerSlice:1]]
[2020.07.16-14.54.11:194][  0]LogConfig: Setting CVar [[r.SkyAtmosphere.AerialPerspectiveLUT.DepthResolution:16.0]]
[2020.07.16-14.54.11:194][  0]LogConfig: Setting CVar [[r.SkyAtmosphere.FastSkyLUT:1]]
[2020.07.16-14.54.11:194][  0]LogConfig: Setting CVar [[r.SkyAtmosphere.FastSkyLUT.SampleCountMin:4.0]]
[2020.07.16-14.54.11:194][  0]LogConfig: Setting CVar [[r.SkyAtmosphere.FastSkyLUT.SampleCountMax:32.0]]
[2020.07.16-14.54.11:194][  0]LogConfig: Setting CVar [[r.SkyAtmosphere.SampleCountMin:4.0]]
[2020.07.16-14.54.11:194][  0]LogConfig: Setting CVar [[r.SkyAtmosphere.SampleCountMax:32.0]]
[2020.07.16-14.54.11:194][  0]LogConfig: Setting CVar [[r.SkyAtmosphere.TransmittanceLUT.UseSmallFormat:0]]
[2020.07.16-14.54.11:194][  0]LogConfig: Setting CVar [[r.SkyAtmosphere.TransmittanceLUT.SampleCount:10.0]]
[2020.07.16-14.54.11:194][  0]LogConfig: Setting CVar [[r.SkyAtmosphere.MultiScatteringLUT.SampleCount:15.0]]
[2020.07.16-14.54.11:194][  0]LogConfig: Applying CVar settings from Section [FoliageQuality@2] File [C:/Users/Angelica .DESKTOP-RM5JOAJ/Documents/PaintShooter/PAINT/Saved/Config/Windows/Scalability.ini]
[2020.07.16-14.54.11:194][  0]LogConfig: Setting CVar [[foliage.DensityScale:0.8]]
[2020.07.16-14.54.11:194][  0]LogConfig: Setting CVar [[grass.DensityScale:0.8]]
[2020.07.16-14.54.11:194][  0]LogConfig: Applying CVar settings from Section [ShadingQuality@2] File [C:/Users/Angelica .DESKTOP-RM5JOAJ/Documents/PaintShooter/PAINT/Saved/Config/Windows/Scalability.ini]
[2020.07.16-14.54.11:194][  0]LogConfig: Setting CVar [[r.HairStrands.SkyLighting.SampleCount:16]]
[2020.07.16-14.54.11:194][  0]LogConfig: Setting CVar [[r.HairStrands.SkyLighting.JitterIntegration:0]]
[2020.07.16-14.54.11:195][  0]LogConfig: Setting CVar [[r.HairStrands.SkyAO.SampleCount:16]]
[2020.07.16-14.54.11:195][  0]LogConfig: Setting CVar [[r.HairStrands.DeepShadow.SuperSampling:0]]
[2020.07.16-14.54.11:195][  0]LogConfig: Setting CVar [[r.HairStrands.VisibilityPPLL:0]]
[2020.07.16-14.54.11:195][  0]LogConfig: Setting CVar [[r.HairStrands.RasterizationScale:0.5]]
[2020.07.16-14.54.11:195][  0]LogConfig: Setting CVar [[r.HairStrands.VelocityRasterizationScale:1]]
[2020.07.16-14.54.11:195][  0]LogConfig: Applying CVar settings from Section [Startup] File [../../../Engine/Config/ConsoleVariables.ini]
[2020.07.16-14.54.11:221][  0]LogConfig: Setting CVar [[net.UseAdaptiveNetUpdateFrequency:0]]
[2020.07.16-14.54.11:221][  0]LogConfig: Setting CVar [[p.chaos.AllowCreatePhysxBodies:1]]
[2020.07.16-14.54.11:221][  0]LogConfig: Setting CVar [[fx.SkipVectorVMBackendOptimizations:1]]
[2020.07.16-14.54.11:221][  0]LogConfig: Applying CVar settings from Section [ConsoleVariables] File [C:/Users/Angelica .DESKTOP-RM5JOAJ/Documents/PaintShooter/PAINT/Saved/Config/Windows/Engine.ini]
[2020.07.16-14.54.11:224][  0]LogInit: Computer: SKETCH-PC
[2020.07.16-14.54.11:225][  0]LogInit: User: Angelica
[2020.07.16-14.54.11:225][  0]LogInit: CPU Page size=4096, Cores=2
[2020.07.16-14.54.11:225][  0]LogInit: High frequency timer resolution =10.000000 MHz
[2020.07.16-14.54.11:226][  0]LogMemory: Memory total: Physical=15.9GB (16GB approx)
[2020.07.16-14.54.11:226][  0]LogMemory: Platform Memory Stats for Windows
[2020.07.16-14.54.11:227][  0]LogMemory: Process Physical Memory: 114.30 MB used, 114.30 MB peak
[2020.07.16-14.54.11:227][  0]LogMemory: Process Virtual Memory: 103.53 MB used, 103.53 MB peak
[2020.07.16-14.54.11:227][  0]LogMemory: Physical Memory: 6985.38 MB used,  9277.16 MB free, 16262.55 MB total
[2020.07.16-14.54.11:227][  0]LogMemory: Virtual Memory: 5132.01 MB used,  134212592.00 MB free, 134217728.00 MB total
[2020.07.16-14.54.11:255][  0]LogWindows: WindowsPlatformFeatures enabled
[2020.07.16-14.54.12:111][  0]LogInit: Physics initialised using underlying interface: PhysX
[2020.07.16-14.54.12:120][  0]LogInit: Using OS detected language (en-US).
[2020.07.16-14.54.12:120][  0]LogInit: Using OS detected locale (en-US).
[2020.07.16-14.54.12:180][  0]LogTextLocalizationManager: No specific localization for 'en-US' exists, so the 'en' localization will be used.
[2020.07.16-14.54.13:556][  0]LogInit: Setting process to per monitor DPI aware
[2020.07.16-14.54.13:923][  0]LogSlate: New Slate User Created.  User Index 0, Is Virtual User: 0
[2020.07.16-14.54.13:923][  0]LogSlate: Slate User Registered.  User Index 0, Is Virtual User: 0
[2020.07.16-14.54.28:075][  0]LogHMD: Failed to initialize OpenVR with code 110
[2020.07.16-14.54.28:076][  0]LogD3D11RHI: D3D11 min allowed feature level: 11_0
[2020.07.16-14.54.28:076][  0]LogD3D11RHI: D3D11 max allowed feature level: 11_0
[2020.07.16-14.54.28:076][  0]LogD3D11RHI: D3D11 adapters:
[2020.07.16-14.54.28:523][  0]LogD3D11RHI:    0. 'Intel(R) HD Graphics 620' (Feature Level 11_0)
[2020.07.16-14.54.28:523][  0]LogD3D11RHI:       128/0/8131 MB DedicatedVideo/DedicatedSystem/SharedSystem, Outputs:1, VendorId:0x8086
[2020.07.16-14.54.28:536][  0]LogD3D11RHI:    1. 'Microsoft Basic Render Driver' (Feature Level 11_0)
[2020.07.16-14.54.28:536][  0]LogD3D11RHI:       0/0/8131 MB DedicatedVideo/DedicatedSystem/SharedSystem, Outputs:0, VendorId:0x1414
[2020.07.16-14.54.28:543][  0]LogD3D11RHI:    2. 'Microsoft Basic Render Driver' (Feature Level 11_0)
[2020.07.16-14.54.28:543][  0]LogD3D11RHI:       0/0/8131 MB DedicatedVideo/DedicatedSystem/SharedSystem, Outputs:0, VendorId:0x1414
[2020.07.16-14.54.28:555][  0]LogD3D11RHI:    3. 'Microsoft Basic Render Driver' (Feature Level 11_0)
[2020.07.16-14.54.28:555][  0]LogD3D11RHI:       0/0/8131 MB DedicatedVideo/DedicatedSystem/SharedSystem, Outputs:0, VendorId:0x1414
[2020.07.16-14.54.28:564][  0]LogD3D11RHI:    4. 'Microsoft Basic Render Driver' (Feature Level 11_0)
[2020.07.16-14.54.28:564][  0]LogD3D11RHI:       0/0/8131 MB DedicatedVideo/DedicatedSystem/SharedSystem, Outputs:0, VendorId:0x1414
[2020.07.16-14.54.28:564][  0]LogD3D11RHI: Chosen D3D11 Adapter: 0
[2020.07.16-14.54.28:590][  0]LogD3D11RHI: Creating new Direct3DDevice
[2020.07.16-14.54.28:591][  0]LogD3D11RHI:     GPU DeviceId: 0x5916 (for the marketing name, search the web for "GPU Device Id")
[2020.07.16-14.54.28:591][  0]LogWindows: EnumDisplayDevices:
[2020.07.16-14.54.28:591][  0]LogWindows:    0. 'Intel(R) HD Graphics 620' (P:1 D:1)
[2020.07.16-14.54.28:592][  0]LogWindows:    1. 'Intel(R) HD Graphics 620' (P:0 D:0)
[2020.07.16-14.54.28:593][  0]LogWindows:    2. 'Intel(R) HD Graphics 620' (P:0 D:0)
[2020.07.16-14.54.28:595][  0]LogWindows:    3. 'MS Idd Device' (P:0 D:0)
[2020.07.16-14.54.28:596][  0]LogWindows:    4. 'MS Idd Device' (P:0 D:0)
[2020.07.16-14.54.28:597][  0]LogWindows:    5. 'MS Idd Device' (P:0 D:0)
[2020.07.16-14.54.28:598][  0]LogWindows: DebugString: GetVideoDriverDetailsInvalid PrimaryIsNotTheChoosenAdapter GetVideoDriverDetailsInvalid PrimaryIsNotTheChoosenAdapter GetVideoDriverDetailsInvalid PrimaryIsNotTheChoosenAdapter FoundDriverCount:3 
[2020.07.16-14.54.28:599][  0]LogD3D11RHI:     Adapter Name: Intel(R) HD Graphics 620
[2020.07.16-14.54.28:599][  0]LogD3D11RHI:   Driver Version: 24.20.100.6344 (internal:24.20.100.6344, unified:24.20.100.6344)
[2020.07.16-14.54.28:599][  0]LogD3D11RHI:      Driver Date: 11-10-2018
[2020.07.16-14.54.28:599][  0]LogRHI: Texture pool is 1523 MB (70% of 2176 MB)
[2020.07.16-14.54.28:626][  0]LogD3D11RHI: [IntelMetricsDiscovery] Failed to initialize context. Result=00000002
[2020.07.16-14.54.29:006][  0]LogD3D11RHI: RHI does not have support for 64 bit atomics
[2020.07.16-14.54.29:007][  0]LogD3D11RHI: Async texture creation enabled
[2020.07.16-14.54.29:007][  0]LogD3D11RHI: Array index from any shader is supported
[2020.07.16-14.54.29:063][  0]LogD3D11RHI: GPU Timing Frequency: 12.000048 (Debug: 2 0)
[2020.07.16-14.54.31:502][  0]LogTargetPlatformManager: Display: Loaded TargetPlatform 'AllDesktop'
[2020.07.16-14.54.31:617][  0]LogTargetPlatformManager: Display: Loaded TargetPlatform 'Android'
[2020.07.16-14.54.31:617][  0]LogTargetPlatformManager: Display: Loaded TargetPlatform 'Android_ASTC'
[2020.07.16-14.54.31:617][  0]LogTargetPlatformManager: Display: Loaded TargetPlatform 'Android_DXT'
[2020.07.16-14.54.31:617][  0]LogTargetPlatformManager: Display: Loaded TargetPlatform 'Android_ETC2'
[2020.07.16-14.54.31:618][  0]LogTargetPlatformManager: Display: Loaded TargetPlatform 'AndroidClient'
[2020.07.16-14.54.31:618][  0]LogTargetPlatformManager: Display: Loaded TargetPlatform 'Android_ASTCClient'
[2020.07.16-14.54.31:618][  0]LogTargetPlatformManager: Display: Loaded TargetPlatform 'Android_DXTClient'
[2020.07.16-14.54.31:618][  0]LogTargetPlatformManager: Display: Loaded TargetPlatform 'Android_ETC2Client'
[2020.07.16-14.54.31:618][  0]LogTargetPlatformManager: Display: Loaded TargetPlatform 'Android_Multi'
[2020.07.16-14.54.31:618][  0]LogTargetPlatformManager: Display: Loaded TargetPlatform 'Android_MultiClient'
[2020.07.16-14.54.31:790][  0]LogTargetPlatformManager: Display: Loaded TargetPlatform 'IOSClient'
[2020.07.16-14.54.31:791][  0]LogTargetPlatformManager: Display: Loaded TargetPlatform 'IOS'
[2020.07.16-14.54.31:903][  0]LogTargetPlatformManager: Display: Loaded TargetPlatform 'Linux'
[2020.07.16-14.54.31:954][  0]LogTargetPlatformManager: Display: Loaded TargetPlatform 'LinuxNoEditor'
[2020.07.16-14.54.32:005][  0]LogTargetPlatformManager: Display: Loaded TargetPlatform 'LinuxClient'
[2020.07.16-14.54.32:054][  0]LogTargetPlatformManager: Display: Loaded TargetPlatform 'LinuxServer'
[2020.07.16-14.54.32:104][  0]LogTargetPlatformManager: Display: Loaded TargetPlatform 'LinuxAArch64NoEditor'
[2020.07.16-14.54.32:152][  0]LogTargetPlatformManager: Display: Loaded TargetPlatform 'LinuxAArch64Client'
[2020.07.16-14.54.32:207][  0]LogTargetPlatformManager: Display: Loaded TargetPlatform 'LinuxAArch64Server'
[2020.07.16-14.54.32:378][  0]LogTargetPlatformManager: Display: Loaded TargetPlatform 'Lumin'
[2020.07.16-14.54.32:378][  0]LogTargetPlatformManager: Display: Loaded TargetPlatform 'LuminClient'
[2020.07.16-14.54.32:479][  0]LogTargetPlatformManager: Display: Loaded TargetPlatform 'TVOSClient'
[2020.07.16-14.54.32:479][  0]LogTargetPlatformManager: Display: Loaded TargetPlatform 'TVOS'
[2020.07.16-14.54.32:532][  0]LogTargetPlatformManager: Display: Loaded TargetPlatform 'WindowsNoEditor'
[2020.07.16-14.54.32:591][  0]LogTargetPlatformManager: Display: Loaded TargetPlatform 'Windows'
[2020.07.16-14.54.32:646][  0]LogTargetPlatformManager: Display: Loaded TargetPlatform 'WindowsClient'
[2020.07.16-14.54.32:702][  0]LogTargetPlatformManager: Display: Loaded TargetPlatform 'WindowsServer'
[2020.07.16-14.54.32:702][  0]LogTargetPlatformManager: Display: Building Assets For Windows
[2020.07.16-14.54.32:941][  0]LogAudioDebug: Display: Lib vorbis DLL was dynamically loaded.
[2020.07.16-14.54.33:485][  0]LogShaderCompilers: Guid format shader working directory is -12 characters bigger than the processId version (../../../../../../Users/Angelica .DESKTOP-RM5JOAJ/Documents/PaintShooter/PAINT/Intermediate/Shaders/WorkingDirectory/3620/).
[2020.07.16-14.54.33:486][  0]LogShaderCompilers: Cleaned the shader compiler working directory 'C:/Users/Angelica .DESKTOP-RM5JOAJ/AppData/Local/Temp/UnrealShaderWorkingDir/54984D524285EB2971D68F959B9F6E27/'.
[2020.07.16-14.54.33:488][  0]LogXGEController: Cleaning working directory: C:/Users/Angelica .DESKTOP-RM5JOAJ/AppData/Local/Temp/UnrealXGEWorkingDir/
[2020.07.16-14.54.33:489][  0]LogXGEController: Cannot use XGE Controller as Incredibuild is not installed on this machine.
[2020.07.16-14.54.33:489][  0]LogShaderCompilers: Cannot use XGE Shader Compiler as Incredibuild is not installed on this machine.
[2020.07.16-14.54.33:489][  0]LogShaderCompilers: Display: Using Local Shader Compiler.
[2020.07.16-14.54.43:779][  0]LogDerivedDataCache: Display: Max Cache Size: 512 MB
[2020.07.16-14.54.43:920][  0]LogDerivedDataCache: Loaded boot cache 0.14s 75MB C:/Users/Angelica .DESKTOP-RM5JOAJ/AppData/Local/UnrealEngine/4.25/DerivedDataCache/Boot.ddc.
[2020.07.16-14.54.43:920][  0]LogDerivedDataCache: Display: Loaded Boot cache: C:/Users/Angelica .DESKTOP-RM5JOAJ/AppData/Local/UnrealEngine/4.25/DerivedDataCache/Boot.ddc
[2020.07.16-14.54.43:920][  0]LogDerivedDataCache: FDerivedDataBackendGraph:  Pak pak cache file ../../../../../../Users/Angelica .DESKTOP-RM5JOAJ/Documents/PaintShooter/PAINT/DerivedDataCache/DDC.ddp not found, will not use a pak cache.
[2020.07.16-14.54.43:920][  0]LogDerivedDataCache: Unable to find inner node Pak for hierarchical cache Hierarchy.
[2020.07.16-14.54.43:920][  0]LogDerivedDataCache: FDerivedDataBackendGraph:  CompressedPak pak cache file ../../../../../../Users/Angelica .DESKTOP-RM5JOAJ/Documents/PaintShooter/PAINT/DerivedDataCache/Compressed.ddp not found, will not use a pak cache.
[2020.07.16-14.54.43:920][  0]LogDerivedDataCache: Unable to find inner node CompressedPak for hierarchical cache Hierarchy.
[2020.07.16-14.54.43:954][  0]LogDerivedDataCache: Display: Pak cache opened for reading ../../../Engine/DerivedDataCache/Compressed.ddp.
[2020.07.16-14.54.43:954][  0]LogDerivedDataCache: FDerivedDataBackendGraph:  EnterprisePak pak cache file ../../../Enterprise/DerivedDataCache/Compressed.ddp not found, will not use a pak cache.
[2020.07.16-14.54.43:954][  0]LogDerivedDataCache: Unable to find inner node EnterprisePak for hierarchical cache Hierarchy.
[2020.07.16-14.54.43:957][  0]LogDerivedDataCache: Using Local data cache path C:/Users/Angelica .DESKTOP-RM5JOAJ/AppData/Local/UnrealEngine/Common/DerivedDataCache: Writable
[2020.07.16-14.54.43:957][  0]LogDerivedDataCache: Shared data cache path not found in *engine.ini, will not use an Shared cache.
[2020.07.16-14.54.43:957][  0]LogDerivedDataCache: Unable to find inner node Shared for hierarchical cache Hierarchy.
[2020.07.16-14.54.44:117][  0]LogSlate: Using FreeType 2.10.0
[2020.07.16-14.54.44:157][  0]LogSlate: SlateFontServices - WITH_FREETYPE: 1, WITH_HARFBUZZ: 1
[2020.07.16-14.54.44:367][  0]LogAssetRegistry: FAssetRegistry took 0.0067 seconds to start up
[2020.07.16-14.54.45:076][  0]LogInit: Selected Device Profile: [Windows]
[2020.07.16-14.54.45:567][  0]LogMeshReduction: Using QuadricMeshReduction for automatic static mesh reduction
[2020.07.16-14.54.45:567][  0]LogMeshReduction: Using SimplygonMeshReduction for automatic skeletal mesh reduction
[2020.07.16-14.54.45:567][  0]LogMeshReduction: Using ProxyLODMeshReduction for automatic mesh merging
[2020.07.16-14.54.45:567][  0]LogMeshReduction: No distributed automatic mesh merging module available
[2020.07.16-14.54.45:567][  0]LogMeshMerging: No distributed automatic mesh merging module available
[2020.07.16-14.54.45:670][  0]LogNetVersion: PAINT 1.0.0, NetCL: 13144385, EngineNetVer: 14, GameNetVer: 0 (Checksum: 2108548325)
[2020.07.16-14.54.49:280][  0]LogAISub: UAISubsystem::UAISubsystem AISubsystem (0000019B7D0E8D40), frame # 0
[2020.07.16-14.54.49:280][  0]LogAISub: UAISubsystem::UAISubsystem AIPerceptionSystem (0000019B7CF6CF40), frame # 0
[2020.07.16-14.54.49:287][  0]LogAISub: UAISubsystem::UAISubsystem EnvQueryManager (0000019B7CFBDC00), frame # 0
[2020.07.16-14.54.49:485][  0]LogPackageLocalizationCache: Processed 19 localized package path(s) for 1 prioritized culture(s) in 0.147781 seconds
[2020.07.16-14.54.49:496][  0]LogUObjectArray: 15917 objects as part of root set at end of initial load.
[2020.07.16-14.54.49:496][  0]LogUObjectAllocator: 3965568 out of 0 bytes used by permanent object pool.
[2020.07.16-14.54.49:496][  0]LogUObjectArray: CloseDisregardForGC: 0/0 objects in disregard for GC pool
[2020.07.16-14.54.51:220][  0]LogTcpMessaging: Initializing TcpMessaging bridge
[2020.07.16-14.54.51:233][  0]LogUdpMessaging: Initializing bridge on interface 0.0.0.0:0 to multicast group 230.0.0.1:6666.
[2020.07.16-14.54.51:582][  0]SourceControl: Source control is disabled
[2020.07.16-14.54.51:583][  0]SourceControl: Source control is disabled
[2020.07.16-14.54.51:597][  0]SourceControl: Source control is disabled
[2020.07.16-14.54.51:607][  0]SourceControl: Source control is disabled
[2020.07.16-14.54.51:626][  0]SourceControl: Source control is disabled
[2020.07.16-14.54.52:421][  0]LogAndroidPermission: UAndroidPermissionCallbackProxy::GetInstance
[2020.07.16-14.54.52:467][  0]LogAudioCaptureCore: Display: No Audio Capture implementations found. Audio input will be silent.
[2020.07.16-14.54.52:467][  0]LogAudioCaptureCore: Display: No Audio Capture implementations found. Audio input will be silent.
[2020.07.16-14.54.52:640][  0]LogOcInput: OculusInput pre-init called
[2020.07.16-14.54.52:668][  0]LogWindows: Failed to load 'OVRPlugin.dll' (GetLastError=126)
[2020.07.16-14.54.52:668][  0]LogWindows: File 'OVRPlugin.dll' does not exist
[2020.07.16-14.54.52:861][  0]LogEngine: Initializing Engine...
[2020.07.16-14.54.52:864][  0]LogHMD: Failed to initialize OpenVR with code 110
[2020.07.16-14.54.52:864][  0]LogMagicLeap: Warning: VR disabled because ZI is not enabled.  To enable, in the editor, Edit -> Project Settings -> Plugins -> Magic Leap Plugin -> Enable Zero Iteration
[2020.07.16-14.54.52:867][  0]LogStats: UGameplayTagsManager::InitializeManager -  0.001 s
[2020.07.16-14.54.53:403][  0]LogInit: Initializing FReadOnlyCVARCache
[2020.07.16-14.54.53:439][  0]LogAIModule: Creating AISystem for world Untitled
[2020.07.16-14.54.53:440][  0]LogAISub: UAISubsystem::UAISubsystem EnvQueryManager (0000019B00F11200), frame # 0
[2020.07.16-14.54.53:440][  0]LogAISub: UAISubsystem::UAISubsystem AIPerceptionSystem (0000019B00F03380), frame # 0
[2020.07.16-14.54.53:455][  0]LogAudioMixer: Display: Audio Mixer Platform Settings:
[2020.07.16-14.54.53:455][  0]LogAudioMixer: Display: 	Sample Rate:						  48000
[2020.07.16-14.54.53:456][  0]LogAudioMixer: Display: 	Callback Buffer Frame Size Requested: 1024
[2020.07.16-14.54.53:456][  0]LogAudioMixer: Display: 	Callback Buffer Frame Size To Use:	  1024
[2020.07.16-14.54.53:456][  0]LogAudioMixer: Display: 	Number of buffers to queue:			  2
[2020.07.16-14.54.53:456][  0]LogAudioMixer: Display: 	Max Channels (voices):				  32
[2020.07.16-14.54.53:456][  0]LogAudioMixer: Display: 	Number of Async Source Workers:		  0
[2020.07.16-14.54.53:456][  0]LogAudio: Display: AudioDevice MaxSources: 32
[2020.07.16-14.54.53:458][  0]LogAudio: Display: Using built-in audio occlusion.
[2020.07.16-14.54.53:458][  0]LogAudioMixer: Display: Initializing audio mixer.
[2020.07.16-14.54.53:525][  0]LogAudioMixer: Display: 0: FrontLeft
[2020.07.16-14.54.53:525][  0]LogAudioMixer: Display: 1: FrontRight
[2020.07.16-14.54.54:441][  0]LogAudioMixer: Display: Using Audio Device Speaker/Headphone (Realtek High Definition Audio(SST))
[2020.07.16-14.54.54:443][  0]LogAudioMixer: Display: Initializing Sound Submixes...
[2020.07.16-14.54.54:486][  0]LogAudioMixer: Display: Creating Master Submix 'MasterSubmixDefault'
[2020.07.16-14.54.54:486][  0]LogAudioMixer: Display: Creating Master Submix 'MasterReverbSubmixDefault'
[2020.07.16-14.54.54:488][  0]LogAudioMixer: Display: Creating Master Submix 'MasterEQSubmixDefault'
[2020.07.16-14.54.54:489][  0]LogInit: FAudioDevice initialized.
[2020.07.16-14.54.54:490][  0]LogNetVersion: Set ProjectVersion to 1.0.0.0. Version Checksum will be recalculated on next use.
[2020.07.16-14.54.54:550][  0]LogDerivedDataCache: Saved boot cache 0.06s 75MB C:/Users/Angelica .DESKTOP-RM5JOAJ/AppData/Local/UnrealEngine/4.25/DerivedDataCache/Boot.ddc.
[2020.07.16-14.54.54:557][  0]LogInit: Texture streaming: Enabled
[2020.07.16-14.54.54:598][  0]LogEngineSessionManager: EngineSessionManager initialized
[2020.07.16-14.54.54:598][  0]LogEditorSessionSummary: Verbose: Initializing EditorSessionSummaryWriter for editor session tracking
[2020.07.16-14.54.54:611][  0]LogEditorSessionSummary: EditorSessionSummaryWriter initialized
[2020.07.16-14.54.54:741][  0]LogInit: Transaction tracking system initialized
[2020.07.16-14.54.54:797][  0]BlueprintLog: New page: Editor Load
[2020.07.16-14.54.54:993][  0]LocalizationService: Localization service is disabled
[2020.07.16-14.54.55:795][  0]LogCook: Display: Max memory allowance for cook 16384mb min free memory 0mb
[2020.07.16-14.54.55:796][  0]LogCook: Display: Mobile HDR setting 1
[2020.07.16-14.54.56:223][  0]LogFileCache: Scanning file cache for directory 'C:/Users/Angelica .DESKTOP-RM5JOAJ/Documents/PaintShooter/PAINT/Content/' took 0.02s
[2020.07.16-14.54.56:720][  0]SourceControl: Source control is disabled
[2020.07.16-14.54.56:721][  0]LogUnrealEdMisc: Loading editor; pre map load, took 72.543
[2020.07.16-14.54.56:721][  0]Cmd: MAP LOAD FILE="../../../../../../Users/Angelica .DESKTOP-RM5JOAJ/Documents/PaintShooter/PAINT/Content/Tester.umap" TEMPLATE=0 SHOWPROGRESS=1 FEATURELEVEL=3
[2020.07.16-14.54.56:723][  0]LightingResults: New page: Lighting Build
[2020.07.16-14.54.56:726][  0]LogWorld: UWorld::CleanupWorld for Untitled, bSessionEnded=true, bCleanupResources=true
[2020.07.16-14.54.56:727][  0]LogSlate: InvalidateAllWidgets triggered.  All widgets were invalidated
[2020.07.16-14.54.56:727][  0]MapCheck: New page: Map Check
[2020.07.16-14.54.56:727][  0]LightingResults: New page: Lighting Build
[2020.07.16-14.54.56:741][  0]LogAISub: UAISubsystem::~UAISubsystem EnvQueryManager (0000019B00F11200), frame # 0
[2020.07.16-14.54.56:741][  0]LogAISub: UAISubsystem::~UAISubsystem AIPerceptionSystem (0000019B00F03380), frame # 0
[2020.07.16-14.54.56:742][  0]LogUObjectHash: Compacting FUObjectHashTables data took   0.90ms
[2020.07.16-14.54.56:956][  0]LogAIModule: Creating AISystem for world Tester
[2020.07.16-14.54.56:956][  0]LogAISub: UAISubsystem::UAISubsystem EnvQueryManager (0000019B0C237E00), frame # 0
[2020.07.16-14.54.56:956][  0]LogAISub: UAISubsystem::UAISubsystem AIPerceptionSystem (0000019B0CDDE200), frame # 0
[2020.07.16-14.54.56:978][  0]LogEditorServer: Finished looking for orphan Actors (0.000 secs)
[2020.07.16-14.54.57:004][  0]LogUObjectHash: Compacting FUObjectHashTables data took   1.31ms
[2020.07.16-14.54.57:005][  0]Cmd: MAP CHECKDEP NOCLEARLOG
[2020.07.16-14.54.57:006][  0]MapCheck: Map check complete: 0 Error(s), 0 Warning(s), took 0.716ms to complete.
[2020.07.16-14.54.57:006][  0]LogFileHelpers: Loading map 'Tester' took 0.285
[2020.07.16-14.54.57:029][  0]LogUnrealEdMisc: Total Editor Startup Time, took 72.852
[2020.07.16-14.54.58:097][  0]LogCollectionManager: Loaded 0 collections in 0.002772 seconds
[2020.07.16-14.54.58:136][  0]LogFileCache: Scanning file cache for directory 'C:/Users/Angelica .DESKTOP-RM5JOAJ/Documents/PaintShooter/PAINT/Saved/Collections/' took 0.00s
[2020.07.16-14.54.58:136][  0]LogFileCache: Scanning file cache for directory 'C:/Users/Angelica .DESKTOP-RM5JOAJ/Documents/PaintShooter/PAINT/Content/Developers/Angelica/Collections/' took 0.00s
[2020.07.16-14.54.58:136][  0]LogFileCache: Scanning file cache for directory 'C:/Users/Angelica .DESKTOP-RM5JOAJ/Documents/PaintShooter/PAINT/Content/Collections/' took 0.00s
[2020.07.16-14.54.58:136][  0]LogContentBrowser: Native class hierarchy populated in 0.0177 seconds. Added 3429 classes and 823 folders.
[2020.07.16-14.54.58:144][  0]LogContentBrowser: Native class hierarchy updated for 'WidgetCarousel' in 0.0007 seconds. Added 0 classes and 0 folders.
[2020.07.16-14.54.58:734][  0]LogContentBrowser: Native class hierarchy updated for 'AddContentDialog' in 0.0005 seconds. Added 0 classes and 0 folders.
[2020.07.16-14.54.58:781][  0]LogContentBrowser: Native class hierarchy updated for 'SceneOutliner' in 0.0009 seconds. Added 2 classes and 0 folders.
[2020.07.16-14.54.58:846][  0]LogSlate: Updating window title bar state: overlay mode, drag disabled, window buttons hidden, title bar hidden
[2020.07.16-14.54.58:858][  0]LogSlate: Updating window title bar state: overlay mode, drag disabled, window buttons hidden, title bar hidden
[2020.07.16-14.54.58:871][  0]LogSlate: Updating window title bar state: overlay mode, drag disabled, window buttons hidden, title bar hidden
[2020.07.16-14.54.58:883][  0]LogSlate: Updating window title bar state: overlay mode, drag disabled, window buttons hidden, title bar hidden
[2020.07.16-14.54.58:934][  0]LogSlate: Took 0.008382 seconds to synchronously load lazily loaded font '../../../Engine/Content/Slate/Fonts/Roboto-Regular.ttf' (155K)
[2020.07.16-14.54.58:945][  0]LogSlate: Took 0.009578 seconds to synchronously load lazily loaded font '../../../Engine/Content/Editor/Slate/Fonts/FontAwesome.ttf' (139K)
[2020.07.16-14.54.58:953][  0]LogSlate: Took 0.007651 seconds to synchronously load lazily loaded font '../../../Engine/Content/Slate/Fonts/Roboto-Bold.ttf' (160K)
[2020.07.16-14.54.58:972][  0]LogSlate: Took 0.009322 seconds to synchronously load lazily loaded font '../../../Engine/Content/Slate/Fonts/DroidSansMono.ttf' (77K)
[2020.07.16-14.54.59:216][  0]LogRenderer: Reallocating scene render targets to support 1128x612 Format 9 NumSamples 1 (Frame:1).
[2020.07.16-14.54.59:347][  0]LogContentBrowser: Native class hierarchy updated for 'HierarchicalLODOutliner' in 0.0007 seconds. Added 0 classes and 0 folders.
[2020.07.16-14.54.59:347][  0]LogLoad: (Engine Initialization) Total time: 75.17 seconds
[2020.07.16-14.54.59:347][  0]LogLoad: (Engine Initialization) Total Blueprint compile time: 0.00 seconds
[2020.07.16-14.54.59:734][  0]LogContentStreaming: Texture pool size now 800 MB
[2020.07.16-14.54.59:928][  2]LogAssetRegistry: Asset discovery search completed in 15.5612 seconds
[2020.07.16-14.54.59:943][  2]LogCollectionManager: Fixed up redirectors for 0 collections in 0.000007 seconds (updated 0 objects)
[2020.07.16-14.55.00:908][  5]LogSlate: Took 0.011390 seconds to synchronously load lazily loaded font '../../../Engine/Content/Slate/Fonts/Roboto-Light.ttf' (167K)
[2020.07.16-14.55.28:924][237]LogSlate: WidgetSwitcher ('None') active index changed to -1
[2020.07.16-14.55.28:925][237]LogSlate: WidgetSwitcher ('None') active index changed to 0
[2020.07.16-14.55.29:046][237]LogSlate: Took 0.050382 seconds to synchronously load lazily loaded font '../../../Engine/Content/Slate/Fonts/Roboto-BoldCondensed.ttf' (158K)
[2020.07.16-14.55.33:230][274]LogSlate: WidgetSwitcher ('None') active index changed to 1
[2020.07.16-14.55.42:364][362]Candidate modules for hot reload:
[2020.07.16-14.55.42:364][362]  PAINT
[2020.07.16-14.55.42:365][362]Launching UnrealBuildTool... [C:/Program Files/Epic Games/UE_4.25/Engine/Binaries/DotNET/UnrealBuildTool.exe  -ModuleWithSuffix=PAINT,3954 PAINTEditor Win64 Development -Project="C:/Users/Angelica .DESKTOP-RM5JOAJ/Documents/PaintShooter/PAINT/PAINT.uproject" "C:/Users/Angelica .DESKTOP-RM5JOAJ/Documents/PaintShooter/PAINT/PAINT.uproject"  -IgnoreJunk]
[2020.07.16-14.56.26:437][362]CompilerResultsLog: New page: Compilation - Jul 16, 2020, 6:56:26 AM
[2020.07.16-14.56.26:437][362]CompilerResultsLog: Using 'git status' to determine working set for adaptive non-unity build (C:\Users\Angelica .DESKTOP-RM5JOAJ\Documents\PaintShooter).
[2020.07.16-14.56.26:437][362]CompilerResultsLog: Invalidating makefile for PAINTEditor (source file added)
[2020.07.16-14.56.26:437][362]CompilerResultsLog: Parsing headers for PAINTEditor
[2020.07.16-14.56.26:437][362]CompilerResultsLog:   Running UnrealHeaderTool "C:\Users\Angelica .DESKTOP-RM5JOAJ\Documents\PaintShooter\PAINT\PAINT.uproject" "C:\Users\Angelica .DESKTOP-RM5JOAJ\Documents\PaintShooter\PAINT\Intermediate\Build\Win64\PAINTEditor\Development\PAINTEditor.uhtmanifest" -LogCmds="loginit warning, logexit warning, logdatabase error" -Unattended -WarningsAsErrors -abslog="C:\Users\Angelica .DESKTOP-RM5JOAJ\AppData\Local\UnrealBuildTool\Log_UHT.txt" -installed
[2020.07.16-14.56.26:437][362]CompilerResultsLog: Reflection code generated for PAINTEditor in 32.5635772 seconds
[2020.07.16-14.56.26:437][362]CompilerResultsLog: Building PAINTEditor...
[2020.07.16-14.56.26:437][362]CompilerResultsLog: Using Visual Studio 2019 14.25.28614 toolchain (C:\Program Files (x86)\Microsoft Visual Studio\2019\Community\VC\Tools\MSVC\14.25.28610) and Windows 10.0.18362.0 SDK (C:\Program Files (x86)\Windows Kits\10).
[2020.07.16-14.56.26:437][362]CompilerResultsLog: Building 7 actions with 4 processes...
[2020.07.16-14.56.26:437][362]CompilerResultsLog:   [1/7] PAINT.init.gen.cpp
[2020.07.16-14.56.26:437][362]CompilerResultsLog:   [2/7] Gun.gen.cpp
[2020.07.16-14.56.26:438][362]CompilerResultsLog:   [3/7] Gun.cpp
[2020.07.16-14.56.26:438][362]CompilerResultsLog:   [4/7] Baller.cpp
[2020.07.16-14.56.26:438][362]CompilerResultsLog:   C:\Users\Angelica .DESKTOP-RM5JOAJ\Documents\PaintShooter\PAINT\Source\PAINT\Baller.h(39): warning C4263: 'void ABaller::Crouch(void)': member function does not override any base class virtual member function
[2020.07.16-14.56.26:438][362]CompilerResultsLog:   C:\Users\Angelica .DESKTOP-RM5JOAJ\Documents\PaintShooter\PAINT\Source\PAINT\Baller.h(80): warning C4264: 'void ACharacter::Crouch(bool)': no override available for virtual member function from base 'ACharacter'; function is hidden
[2020.07.16-14.56.26:438][362]CompilerResultsLog:   C:\Program Files\Epic Games\UE_4.25\Engine\Source\Runtime\Engine\Classes\GameFramework/Character.h(726): note: see declaration of 'ACharacter::Crouch'
[2020.07.16-14.56.26:438][362]CompilerResultsLog:   C:\Program Files\Epic Games\UE_4.25\Engine\Source\Runtime\Engine\Classes\GameFramework/Character.h(213): note: see declaration of 'ACharacter'
[2020.07.16-14.56.26:438][362]CompilerResultsLog:   [5/7] UE4Editor-PAINT-3954.lib
[2020.07.16-14.56.26:438][362]CompilerResultsLog:      Creating library C:\Users\Angelica .DESKTOP-RM5JOAJ\Documents\PaintShooter\PAINT\Intermediate\Build\Win64\UE4Editor\Development\PAINT\UE4Editor-PAINT-3954.lib and object C:\Users\Angelica .DESKTOP-RM5JOAJ\Documents\PaintShooter\PAINT\Intermediate\Build\Win64\UE4Editor\Development\PAINT\UE4Editor-PAINT-3954.exp
[2020.07.16-14.56.26:438][362]CompilerResultsLog:   [6/7] UE4Editor-PAINT-3954.dll
[2020.07.16-14.56.26:438][362]CompilerResultsLog:      Creating library C:\Users\Angelica .DESKTOP-RM5JOAJ\Documents\PaintShooter\PAINT\Intermediate\Build\Win64\UE4Editor\Development\PAINT\UE4Editor-PAINT-3954.suppressed.lib and object C:\Users\Angelica .DESKTOP-RM5JOAJ\Documents\PaintShooter\PAINT\Intermediate\Build\Win64\UE4Editor\Development\PAINT\UE4Editor-PAINT-3954.suppressed.exp
[2020.07.16-14.56.26:438][362]CompilerResultsLog:   [7/7] PAINTEditor.target
[2020.07.16-14.56.26:438][362]CompilerResultsLog: Total time in Parallel executor: 6.76 seconds
[2020.07.16-14.56.26:438][362]CompilerResultsLog: Total execution time: 43.81 seconds
[2020.07.16-14.56.26:438][362]LogMainFrame: MainFrame: Module compiling took 44.082 seconds
[2020.07.16-14.56.26:473][362]LogClass: Could not find existing class Gun in package /Script/PAINT for HotReload, assuming new class
[2020.07.16-14.56.26:481][362]LogContentBrowser: Native class hierarchy updated for 'PAINT' in 0.0008 seconds. Added 3 classes and 2 folders.
[2020.07.16-14.56.26:484][362]Display: HotReload successful (4 functions remapped  0 scriptstructs remapped)
[2020.07.16-14.56.26:585][362]LogContentBrowser: Native class hierarchy populated in 0.0124 seconds. Added 3430 classes and 823 folders.
[2020.07.16-14.56.26:585][362]Display: HotReload took 44.2s.
[2020.07.16-14.56.26:585][362]Warning: HotReload operation took 44.2s.
[2020.07.16-14.56.28:106][362]LogSlate: Window 'Add C++ Class' being destroyed
[2020.07.16-14.56.28:115][362]LogHotReload: New module detected: UE4Editor-PAINT-3954.dll
[2020.07.16-14.56.28:253][363]LogHotReload: Starting Hot-Reload from IDE
[2020.07.16-14.56.28:354][363]LogContentBrowser: Native class hierarchy updated for 'PAINT' in 0.0013 seconds. Added 3 classes and 2 folders.
[2020.07.16-14.56.28:364][363]Display: HotReload successful (0 functions remapped  0 scriptstructs remapped)
[2020.07.16-14.56.28:391][363]LogContentBrowser: Native class hierarchy populated in 0.0153 seconds. Added 3430 classes and 823 folders.
[2020.07.16-14.56.28:394][363]Display: HotReload took  0.1s.
[2020.07.16-15.01.17:687][224]Candidate modules for hot reload:
[2020.07.16-15.01.17:687][224]  PAINT
[2020.07.16-15.01.17:688][224]Launching UnrealBuildTool... [C:/Program Files/Epic Games/UE_4.25/Engine/Binaries/DotNET/UnrealBuildTool.exe  -ModuleWithSuffix=PAINT,9475 PAINTEditor Win64 Development -Project="C:/Users/Angelica .DESKTOP-RM5JOAJ/Documents/PaintShooter/PAINT/PAINT.uproject" "C:/Users/Angelica .DESKTOP-RM5JOAJ/Documents/PaintShooter/PAINT/PAINT.uproject"  -IgnoreJunk]
[2020.07.16-15.01.17:703][224]Warning: Starting HotReload took  0.1s.
[2020.07.16-15.01.22:533][280]CompilerResultsLog: New page: Compilation - Jul 16, 2020, 7:01:22 AM
[2020.07.16-15.01.22:533][280]LogMainFrame: MainFrame: Module compiling took 4.939 seconds
[2020.07.16-15.01.22:533][280]Warning: HotReload failed, recompile failed
[2020.07.16-15.03.38:364][710]Candidate modules for hot reload:
[2020.07.16-15.03.38:365][710]  PAINT
[2020.07.16-15.03.38:366][710]Launching UnrealBuildTool... [C:/Program Files/Epic Games/UE_4.25/Engine/Binaries/DotNET/UnrealBuildTool.exe  -ModuleWithSuffix=PAINT,4607 PAINTEditor Win64 Development -Project="C:/Users/Angelica .DESKTOP-RM5JOAJ/Documents/PaintShooter/PAINT/PAINT.uproject" "C:/Users/Angelica .DESKTOP-RM5JOAJ/Documents/PaintShooter/PAINT/PAINT.uproject"  -IgnoreJunk]
[2020.07.16-15.03.38:386][710]Warning: Starting HotReload took  0.1s.
[2020.07.16-15.04.27:577][112]CompilerResultsLog: New page: Compilation - Jul 16, 2020, 7:04:27 AM
[2020.07.16-15.04.27:577][112]CompilerResultsLog: Using 'git status' to determine working set for adaptive non-unity build (C:\Users\Angelica .DESKTOP-RM5JOAJ\Documents\PaintShooter).
[2020.07.16-15.04.27:577][112]CompilerResultsLog: Parsing headers for PAINTEditor
[2020.07.16-15.04.27:577][112]CompilerResultsLog:   Running UnrealHeaderTool "C:\Users\Angelica .DESKTOP-RM5JOAJ\Documents\PaintShooter\PAINT\PAINT.uproject" "C:\Users\Angelica .DESKTOP-RM5JOAJ\Documents\PaintShooter\PAINT\Intermediate\Build\Win64\PAINTEditor\Development\PAINTEditor.uhtmanifest" -LogCmds="loginit warning, logexit warning, logdatabase error" -Unattended -WarningsAsErrors -abslog="C:\Users\Angelica .DESKTOP-RM5JOAJ\AppData\Local\UnrealBuildTool\Log_UHT.txt" -installed
[2020.07.16-15.04.27:577][112]CompilerResultsLog: Reflection code generated for PAINTEditor in 35.4531426 seconds
[2020.07.16-15.04.27:577][112]CompilerResultsLog: Building PAINTEditor...
[2020.07.16-15.04.27:577][112]CompilerResultsLog: Using Visual Studio 2019 14.25.28614 toolchain (C:\Program Files (x86)\Microsoft Visual Studio\2019\Community\VC\Tools\MSVC\14.25.28610) and Windows 10.0.18362.0 SDK (C:\Program Files (x86)\Windows Kits\10).
[2020.07.16-15.04.27:577][112]CompilerResultsLog: Building 8 actions with 4 processes...
[2020.07.16-15.04.27:577][112]CompilerResultsLog:   [1/8] Baller.cpp
[2020.07.16-15.04.27:577][112]CompilerResultsLog:   C:\Users\Angelica .DESKTOP-RM5JOAJ\Documents\PaintShooter\PAINT\Source\PAINT\Baller.h(39): warning C4263: 'void ABaller::Crouch(void)': member function does not override any base class virtual member function
[2020.07.16-15.04.27:577][112]CompilerResultsLog:   C:\Users\Angelica .DESKTOP-RM5JOAJ\Documents\PaintShooter\PAINT\Source\PAINT\Baller.h(80): warning C4264: 'void ACharacter::Crouch(bool)': no override available for virtual member function from base 'ACharacter'; function is hidden
[2020.07.16-15.04.27:577][112]CompilerResultsLog:   C:\Program Files\Epic Games\UE_4.25\Engine\Source\Runtime\Engine\Classes\GameFramework/Character.h(726): note: see declaration of 'ACharacter::Crouch'
[2020.07.16-15.04.27:577][112]CompilerResultsLog:   C:\Program Files\Epic Games\UE_4.25\Engine\Source\Runtime\Engine\Classes\GameFramework/Character.h(213): note: see declaration of 'ACharacter'
[2020.07.16-15.04.27:577][112]CompilerResultsLog:    C:\Users\Angelica .DESKTOP-RM5JOAJ\Documents\PaintShooter\PAINT\Source\PAINT\Baller.cpp(8) : error C2001: newline in constant
[2020.07.16-15.04.27:577][112]CompilerResultsLog:   [2/8] Gun.cpp
[2020.07.16-15.04.27:577][112]CompilerResultsLog:    C:\Users\Angelica .DESKTOP-RM5JOAJ\Documents\PaintShooter\PAINT\Source\PAINT\Gun.cpp(45) : error C2065: 'ProjectileClass': undeclared identifier
[2020.07.16-15.04.27:577][112]CompilerResultsLog:    C:\Users\Angelica .DESKTOP-RM5JOAJ\Documents\PaintShooter\PAINT\Source\PAINT\Gun.cpp(49) : error C2065: 'Projectile': undeclared identifier
[2020.07.16-15.04.27:578][112]CompilerResultsLog:    C:\Users\Angelica .DESKTOP-RM5JOAJ\Documents\PaintShooter\PAINT\Source\PAINT\Gun.cpp(49) : error C2065: 'AProjectile': undeclared identifier
[2020.07.16-15.04.27:578][112]CompilerResultsLog:    C:\Users\Angelica .DESKTOP-RM5JOAJ\Documents\PaintShooter\PAINT\Source\PAINT\Gun.cpp(49) : error C2065: 'ProjectileClass': undeclared identifier
[2020.07.16-15.04.27:578][112]CompilerResultsLog:    C:\Users\Angelica .DESKTOP-RM5JOAJ\Documents\PaintShooter\PAINT\Source\PAINT\Gun.cpp(50) : error C2065: 'Projectile': undeclared identifier
[2020.07.16-15.04.27:578][112]CompilerResultsLog:   [3/8] Gun.gen.cpp
[2020.07.16-15.04.27:578][112]CompilerResultsLog:   [4/8] Baller.gen.cpp
[2020.07.16-15.04.27:578][112]CompilerResultsLog:   C:\Users\Angelica .DESKTOP-RM5JOAJ\Documents\PaintShooter\PAINT\Source\PAINT/Baller.h(39): warning C4263: 'void ABaller::Crouch(void)': member function does not override any base class virtual member function
[2020.07.16-15.04.27:578][112]CompilerResultsLog:   C:\Users\Angelica .DESKTOP-RM5JOAJ\Documents\PaintShooter\PAINT\Source\PAINT/Baller.h(80): warning C4264: 'void ACharacter::Crouch(bool)': no override available for virtual member function from base 'ACharacter'; function is hidden
[2020.07.16-15.04.27:578][112]CompilerResultsLog:   C:\Program Files\Epic Games\UE_4.25\Engine\Source\Runtime\Engine\Classes\GameFramework/Character.h(726): note: see declaration of 'ACharacter::Crouch'
[2020.07.16-15.04.27:578][112]CompilerResultsLog:   C:\Program Files\Epic Games\UE_4.25\Engine\Source\Runtime\Engine\Classes\GameFramework/Character.h(213): note: see declaration of 'ACharacter'
[2020.07.16-15.04.27:578][112]CompilerResultsLog:   [5/8] PAINT.init.gen.cpp
[2020.07.16-15.04.27:578][112]LogMainFrame: MainFrame: Module compiling took 49.329 seconds
[2020.07.16-15.04.27:578][112]Warning: HotReload failed, recompile failed
[2020.07.16-15.05.25:046][363]Candidate modules for hot reload:
[2020.07.16-15.05.25:047][363]  PAINT
[2020.07.16-15.05.25:048][363]Launching UnrealBuildTool... [C:/Program Files/Epic Games/UE_4.25/Engine/Binaries/DotNET/UnrealBuildTool.exe  -ModuleWithSuffix=PAINT,5749 PAINTEditor Win64 Development -Project="C:/Users/Angelica .DESKTOP-RM5JOAJ/Documents/PaintShooter/PAINT/PAINT.uproject" "C:/Users/Angelica .DESKTOP-RM5JOAJ/Documents/PaintShooter/PAINT/PAINT.uproject"  -IgnoreJunk]
[2020.07.16-15.05.25:086][363]Warning: Starting HotReload took  0.1s.
[2020.07.16-15.05.50:220][621]CompilerResultsLog: New page: Compilation - Jul 16, 2020, 7:05:50 AM
[2020.07.16-15.05.50:221][621]CompilerResultsLog: Using 'git status' to determine working set for adaptive non-unity build (C:\Users\Angelica .DESKTOP-RM5JOAJ\Documents\PaintShooter).
[2020.07.16-15.05.50:221][621]CompilerResultsLog: Building PAINTEditor...
[2020.07.16-15.05.50:221][621]CompilerResultsLog: Using Visual Studio 2019 14.25.28614 toolchain (C:\Program Files (x86)\Microsoft Visual Studio\2019\Community\VC\Tools\MSVC\14.25.28610) and Windows 10.0.18362.0 SDK (C:\Program Files (x86)\Windows Kits\10).
[2020.07.16-15.05.50:221][621]CompilerResultsLog: Building 5 actions with 4 processes...
[2020.07.16-15.05.50:221][621]CompilerResultsLog:   [1/5] Baller.cpp
[2020.07.16-15.05.50:222][621]CompilerResultsLog:   C:\Users\Angelica .DESKTOP-RM5JOAJ\Documents\PaintShooter\PAINT\Source\PAINT\Baller.h(39): warning C4263: 'void ABaller::Crouch(void)': member function does not override any base class virtual member function
[2020.07.16-15.05.50:222][621]CompilerResultsLog:   C:\Users\Angelica .DESKTOP-RM5JOAJ\Documents\PaintShooter\PAINT\Source\PAINT\Baller.h(80): warning C4264: 'void ACharacter::Crouch(bool)': no override available for virtual member function from base 'ACharacter'; function is hidden
[2020.07.16-15.05.50:222][621]CompilerResultsLog:   C:\Program Files\Epic Games\UE_4.25\Engine\Source\Runtime\Engine\Classes\GameFramework/Character.h(726): note: see declaration of 'ACharacter::Crouch'
[2020.07.16-15.05.50:222][621]CompilerResultsLog:   C:\Program Files\Epic Games\UE_4.25\Engine\Source\Runtime\Engine\Classes\GameFramework/Character.h(213): note: see declaration of 'ACharacter'
[2020.07.16-15.05.50:222][621]CompilerResultsLog:    C:\Users\Angelica .DESKTOP-RM5JOAJ\Documents\PaintShooter\PAINT\Source\PAINT\Baller.cpp(8) : error C2001: newline in constant
[2020.07.16-15.05.50:223][621]CompilerResultsLog:   [2/5] Gun.cpp
[2020.07.16-15.05.50:223][621]LogMainFrame: MainFrame: Module compiling took 25.188 seconds
[2020.07.16-15.05.50:223][621]Warning: HotReload failed, recompile failed
[2020.07.16-15.06.23:264][802]LogSlate: Window 'Message Log' being destroyed
[2020.07.16-15.06.23:477][802]LogSlate: Window 'Message Log' being destroyed
[2020.07.16-15.06.24:556][813]Candidate modules for hot reload:
[2020.07.16-15.06.24:556][813]  PAINT
[2020.07.16-15.06.24:558][813]Launching UnrealBuildTool... [C:/Program Files/Epic Games/UE_4.25/Engine/Binaries/DotNET/UnrealBuildTool.exe  -ModuleWithSuffix=PAINT,3370 PAINTEditor Win64 Development -Project="C:/Users/Angelica .DESKTOP-RM5JOAJ/Documents/PaintShooter/PAINT/PAINT.uproject" "C:/Users/Angelica .DESKTOP-RM5JOAJ/Documents/PaintShooter/PAINT/PAINT.uproject"  -IgnoreJunk]
[2020.07.16-15.06.24:576][813]Warning: Starting HotReload took  0.1s.
[2020.07.16-15.07.09:127][285]CompilerResultsLog: New page: Compilation - Jul 16, 2020, 7:07:09 AM
[2020.07.16-15.07.09:128][285]CompilerResultsLog: Using 'git status' to determine working set for adaptive non-unity build (C:\Users\Angelica .DESKTOP-RM5JOAJ\Documents\PaintShooter).
[2020.07.16-15.07.09:128][285]CompilerResultsLog: Building PAINTEditor...
[2020.07.16-15.07.09:128][285]CompilerResultsLog: Using Visual Studio 2019 14.25.28614 toolchain (C:\Program Files (x86)\Microsoft Visual Studio\2019\Community\VC\Tools\MSVC\14.25.28610) and Windows 10.0.18362.0 SDK (C:\Program Files (x86)\Windows Kits\10).
[2020.07.16-15.07.09:128][285]CompilerResultsLog: Building 4 actions with 4 processes...
[2020.07.16-15.07.09:128][285]CompilerResultsLog:   [1/4] Baller.cpp
[2020.07.16-15.07.09:128][285]CompilerResultsLog:   C:\Users\Angelica .DESKTOP-RM5JOAJ\Documents\PaintShooter\PAINT\Source\PAINT\Baller.h(39): warning C4263: 'void ABaller::Crouch(void)': member function does not override any base class virtual member function
[2020.07.16-15.07.09:128][285]CompilerResultsLog:   C:\Users\Angelica .DESKTOP-RM5JOAJ\Documents\PaintShooter\PAINT\Source\PAINT\Baller.h(80): warning C4264: 'void ACharacter::Crouch(bool)': no override available for virtual member function from base 'ACharacter'; function is hidden
[2020.07.16-15.07.09:129][285]CompilerResultsLog:   C:\Program Files\Epic Games\UE_4.25\Engine\Source\Runtime\Engine\Classes\GameFramework/Character.h(726): note: see declaration of 'ACharacter::Crouch'
[2020.07.16-15.07.09:129][285]CompilerResultsLog:   C:\Program Files\Epic Games\UE_4.25\Engine\Source\Runtime\Engine\Classes\GameFramework/Character.h(213): note: see declaration of 'ACharacter'
[2020.07.16-15.07.09:129][285]CompilerResultsLog:   [2/4] UE4Editor-PAINT-3370.lib
[2020.07.16-15.07.09:129][285]CompilerResultsLog:      Creating library C:\Users\Angelica .DESKTOP-RM5JOAJ\Documents\PaintShooter\PAINT\Intermediate\Build\Win64\UE4Editor\Development\PAINT\UE4Editor-PAINT-3370.lib and object C:\Users\Angelica .DESKTOP-RM5JOAJ\Documents\PaintShooter\PAINT\Intermediate\Build\Win64\UE4Editor\Development\PAINT\UE4Editor-PAINT-3370.exp
[2020.07.16-15.07.09:129][285]CompilerResultsLog:   [3/4] UE4Editor-PAINT-3370.dll
[2020.07.16-15.07.09:129][285]CompilerResultsLog:      Creating library C:\Users\Angelica .DESKTOP-RM5JOAJ\Documents\PaintShooter\PAINT\Intermediate\Build\Win64\UE4Editor\Development\PAINT\UE4Editor-PAINT-3370.suppressed.lib and object C:\Users\Angelica .DESKTOP-RM5JOAJ\Documents\PaintShooter\PAINT\Intermediate\Build\Win64\UE4Editor\Development\PAINT\UE4Editor-PAINT-3370.suppressed.exp
[2020.07.16-15.07.09:129][285]CompilerResultsLog:   [4/4] PAINTEditor.target
[2020.07.16-15.07.09:129][285]CompilerResultsLog: Total time in Parallel executor: 33.55 seconds
[2020.07.16-15.07.09:130][285]CompilerResultsLog: Total execution time: 43.50 seconds
[2020.07.16-15.07.09:130][285]LogMainFrame: MainFrame: Module compiling took 44.666 seconds
[2020.07.16-15.07.09:296][285]LogClass: Could not find existing class Baller in package /Script/PAINT for HotReload, assuming new class
[2020.07.16-15.07.09:296][285]LogClass: Function IsAiming is new.
[2020.07.16-15.07.09:296][285]LogClass: Function IsCrouched is new.
[2020.07.16-15.07.09:296][285]LogClass: Function IsEquiped is new.
[2020.07.16-15.07.09:296][285]LogClass: Function IsProne is new.
[2020.07.16-15.07.09:297][285]LogClass: Could not find existing class Gun in package /Script/PAINT for HotReload, assuming new class
[2020.07.16-15.07.09:339][285]LogHotReload: Re-instancing Baller after hot-reload.
[2020.07.16-15.07.09:379][285]LogHotReload: Re-instancing Gun after hot-reload.
[2020.07.16-15.07.09:402][285]LogContentBrowser: Native class hierarchy updated for 'PAINT' in 0.0013 seconds. Added 3 classes and 2 folders.
[2020.07.16-15.07.09:406][285]Display: HotReload successful (0 functions remapped  0 scriptstructs remapped)
[2020.07.16-15.07.09:649][285]LogContentBrowser: Native class hierarchy populated in 0.0378 seconds. Added 3430 classes and 823 folders.
[2020.07.16-15.07.09:650][285]Display: HotReload took 45.2s.
[2020.07.16-15.07.13:604][325]Cmd: OBJ SAVEPACKAGE PACKAGE="/Game/Tester" FILE="../../../../../../Users/Angelica .DESKTOP-RM5JOAJ/Documents/PaintShooter/PAINT/Content/Tester.umap" SILENT=true AUTOSAVING=false KEEPDIRTY=false
[2020.07.16-15.07.13:665][325]LogUObjectHash: Compacting FUObjectHashTables data took   3.11ms
[2020.07.16-15.07.13:837][325]LogSavePackage: Moving '../../../../../../Users/Angelica .DESKTOP-RM5JOAJ/Documents/PaintShooter/PAINT/Saved/Tester482F843343F6A7C30DC02EB4159D8F4E.tmp' to '../../../../../../Users/Angelica .DESKTOP-RM5JOAJ/Documents/PaintShooter/PAINT/Content/Tester.umap'
[2020.07.16-15.07.14:040][325]Cmd: OBJ SAVEPACKAGE PACKAGE="/Game/Tester_BuiltData" FILE="../../../../../../Users/Angelica .DESKTOP-RM5JOAJ/Documents/PaintShooter/PAINT/Content/Tester_BuiltData.uasset" SILENT=true
[2020.07.16-15.07.14:147][325]LogSavePackage: Moving '../../../../../../Users/Angelica .DESKTOP-RM5JOAJ/Documents/PaintShooter/PAINT/Saved/Tester_BuiltDataDECE0DD249D6F81B97B41D950FF74124.tmp' to '../../../../../../Users/Angelica .DESKTOP-RM5JOAJ/Documents/PaintShooter/PAINT/Content/Tester_BuiltData.uasset'
[2020.07.16-15.07.14:189][325]AssetCheck: New page: Asset Save: multiple assets
[2020.07.16-15.07.14:189][325]LogContentValidation: Display: Validating World /Game/Tester.Tester
[2020.07.16-15.07.14:189][325]LogContentValidation: Display: Validating MapBuildDataRegistry /Game/Tester_BuiltData.Tester_BuiltData
[2020.07.16-15.09.27:525][764]LogAudioMixer: Warning: Changing default audio render device to new device: {0.0.0.00000000}.{d9b6c63e-7c5d-43f3-a0ce-b751c126700b}.
[2020.07.16-15.09.27:525][764]LogTemp: Resetting audio stream to device id 
[2020.07.16-15.09.27:587][764]LogAudioMixer: Display: 0: FrontLeft
[2020.07.16-15.09.27:587][764]LogAudioMixer: Display: 1: FrontRight
[2020.07.16-15.09.28:599][767]LogAudioMixer: Warning: Changing default audio render device to new device: {0.0.0.00000000}.{d9b6c63e-7c5d-43f3-a0ce-b751c126700b}.
[2020.07.16-15.09.28:600][767]LogTemp: Resetting audio stream to device id 
[2020.07.16-15.09.28:669][767]LogAudioMixer: Display: 0: FrontLeft
[2020.07.16-15.09.28:669][767]LogAudioMixer: Display: 1: FrontRight
[2020.07.16-15.09.35:981][789]LogAudioMixer: Warning: Changing default audio render device to new device: {0.0.0.00000000}.{93415205-caeb-413f-8817-26f9ab93f700}.
[2020.07.16-15.09.35:981][789]LogTemp: Resetting audio stream to device id 
[2020.07.16-15.09.36:371][789]LogAudioMixer: Display: 0: FrontLeft
[2020.07.16-15.09.36:371][789]LogAudioMixer: Display: 1: FrontRight
[2020.07.16-15.09.36:648][790]LogTemp: Resetting audio stream to device id 
[2020.07.16-15.09.36:705][790]LogAudioMixer: Display: 0: FrontLeft
[2020.07.16-15.09.36:705][790]LogAudioMixer: Display: 1: FrontRight
[2020.07.16-15.10.27:733][942]LogAudioMixer: Warning: Changing default audio render device to new device: {0.0.0.00000000}.{d9b6c63e-7c5d-43f3-a0ce-b751c126700b}.
[2020.07.16-15.10.27:733][942]LogTemp: Resetting audio stream to device id 
[2020.07.16-15.10.28:027][942]LogAudioMixer: Display: 0: FrontLeft
[2020.07.16-15.10.28:028][942]LogAudioMixer: Display: 1: FrontRight
[2020.07.16-15.10.29:727][946]LogAudioMixer: Warning: Changing default audio render device to new device: {0.0.0.00000000}.{d9b6c63e-7c5d-43f3-a0ce-b751c126700b}.
[2020.07.16-15.10.29:728][946]LogTemp: Resetting audio stream to device id 
[2020.07.16-15.10.29:964][946]LogAudioMixer: Display: 0: FrontLeft
[2020.07.16-15.10.29:964][946]LogAudioMixer: Display: 1: FrontRight
[2020.07.16-15.10.30:516][947]LogTemp: Resetting audio stream to device id 
[2020.07.16-15.10.30:578][947]LogAudioMixer: Display: 0: FrontLeft
[2020.07.16-15.10.30:579][947]LogAudioMixer: Display: 1: FrontRight
[2020.07.16-15.10.34:926][956]LogAudioMixer: Warning: Changing default audio render device to new device: {0.0.0.00000000}.{93415205-caeb-413f-8817-26f9ab93f700}.
[2020.07.16-15.10.34:927][956]LogTemp: Resetting audio stream to device id 
[2020.07.16-15.10.35:210][956]LogAudioMixer: Display: 0: FrontLeft
[2020.07.16-15.10.35:210][956]LogAudioMixer: Display: 1: FrontRight
[2020.07.16-15.10.36:178][957]LogTemp: Resetting audio stream to device id 
[2020.07.16-15.10.36:249][957]LogAudioMixer: Display: 0: FrontLeft
[2020.07.16-15.10.36:249][957]LogAudioMixer: Display: 1: FrontRight
[2020.07.16-15.10.40:562][970]LogAudioMixer: Warning: Changing default audio render device to new device: {0.0.0.00000000}.{93415205-caeb-413f-8817-26f9ab93f700}.
[2020.07.16-15.10.40:563][970]LogTemp: Resetting audio stream to device id 
[2020.07.16-15.10.40:639][970]LogAudioMixer: Display: 0: FrontLeft
[2020.07.16-15.10.40:639][970]LogAudioMixer: Display: 1: FrontRight
[2020.07.16-15.10.42:939][977]LogAudioMixer: Warning: Changing default audio render device to new device: {0.0.0.00000000}.{d9b6c63e-7c5d-43f3-a0ce-b751c126700b}.
[2020.07.16-15.10.42:939][977]LogTemp: Resetting audio stream to device id 
[2020.07.16-15.10.43:287][977]LogAudioMixer: Display: 0: FrontLeft
[2020.07.16-15.10.43:287][977]LogAudioMixer: Display: 1: FrontRight
[2020.07.16-15.10.46:713][988]LogAudioMixer: Warning: Changing default audio render device to new device: {0.0.0.00000000}.{d9b6c63e-7c5d-43f3-a0ce-b751c126700b}.
[2020.07.16-15.10.46:713][988]LogTemp: Resetting audio stream to device id 
[2020.07.16-15.10.46:796][988]LogAudioMixer: Display: 0: FrontLeft
[2020.07.16-15.10.46:796][988]LogAudioMixer: Display: 1: FrontRight
[2020.07.16-15.10.52:311][ 13]LogTemp: Repeating last play command: Selected Viewport
[2020.07.16-15.10.52:485][ 13]LogPlayLevel: PlayLevel: No blueprints needed recompiling
[2020.07.16-15.10.52:486][ 13]PIE: New page: PIE session: Tester (Jul 16, 2020, 7:10:52 AM)
[2020.07.16-15.10.52:490][ 13]LogOnline: OSS: Creating online subsystem instance for: NULL
[2020.07.16-15.10.52:494][ 13]LogOnline: OSS: TryLoadSubsystemAndSetDefault: Loaded subsystem for module [NULL]
[2020.07.16-15.10.52:494][ 13]LogPlayLevel: Creating play world package: /Game/UEDPIE_0_Tester
[2020.07.16-15.10.52:507][ 13]LogPlayLevel: PIE: StaticDuplicateObject took: (0.012850s)
[2020.07.16-15.10.52:512][ 13]LogAIModule: Creating AISystem for world Tester
[2020.07.16-15.10.52:513][ 13]LogAISub: UAISubsystem::UAISubsystem EnvQueryManager (0000019B7C5C9200), frame # 4013
[2020.07.16-15.10.52:513][ 13]LogAISub: UAISubsystem::UAISubsystem AIPerceptionSystem (0000019B0CDDD440), frame # 4013
[2020.07.16-15.10.52:514][ 13]LogPlayLevel: PIE: World Init took: (0.005913s)
[2020.07.16-15.10.52:514][ 13]LogPlayLevel: PIE: Created PIE world by copying editor world from /Game/Tester.Tester to /Game/UEDPIE_0_Tester.Tester (0.019430s)
[2020.07.16-15.10.52:544][ 13]LogUObjectHash: Compacting FUObjectHashTables data took   3.01ms
[2020.07.16-15.10.52:549][ 13]LogAudioMixer: Display: Audio Mixer Platform Settings:
[2020.07.16-15.10.52:550][ 13]LogAudioMixer: Display: 	Sample Rate:						  48000
[2020.07.16-15.10.52:550][ 13]LogAudioMixer: Display: 	Callback Buffer Frame Size Requested: 1024
[2020.07.16-15.10.52:550][ 13]LogAudioMixer: Display: 	Callback Buffer Frame Size To Use:	  1024
[2020.07.16-15.10.52:550][ 13]LogAudioMixer: Display: 	Number of buffers to queue:			  2
[2020.07.16-15.10.52:551][ 13]LogAudioMixer: Display: 	Max Channels (voices):				  32
[2020.07.16-15.10.52:551][ 13]LogAudioMixer: Display: 	Number of Async Source Workers:		  0
[2020.07.16-15.10.52:551][ 13]LogAudio: Display: AudioDevice MaxSources: 32
[2020.07.16-15.10.52:553][ 13]LogAudio: Display: Using built-in audio occlusion.
[2020.07.16-15.10.52:554][ 13]LogAudioMixer: Display: Initializing audio mixer.
[2020.07.16-15.10.52:577][ 13]LogAudioMixer: Display: 0: FrontLeft
[2020.07.16-15.10.52:577][ 13]LogAudioMixer: Display: 1: FrontRight
[2020.07.16-15.10.52:672][ 13]LogAudioMixer: Display: Using Audio Device Headset Earphone (3- Wireless Controller)
[2020.07.16-15.10.52:673][ 13]LogAudioMixer: Display: Initializing Sound Submixes...
[2020.07.16-15.10.52:673][ 13]LogAudioMixer: Display: Creating Master Submix 'MasterSubmixDefault'
[2020.07.16-15.10.52:673][ 13]LogAudioMixer: Display: Creating Master Submix 'MasterReverbSubmixDefault'
[2020.07.16-15.10.52:675][ 13]LogAudioMixer: Display: Creating Master Submix 'MasterEQSubmixDefault'
[2020.07.16-15.10.52:723][ 13]LogInit: FAudioDevice initialized.
[2020.07.16-15.10.55:324][ 13]LogLoad: Game class is 'BP_PAINTGameModeBase_C'
[2020.07.16-15.10.55:327][ 13]LogWorld: Bringing World /Game/UEDPIE_0_Tester.Tester up for play (max tick rate 60) at 2020.07.16-11.10.55
[2020.07.16-15.10.55:327][ 13]LogWorld: Bringing up level for play took: 0.001226
[2020.07.16-15.10.55:328][ 13]LogOnline: OSS: Creating online subsystem instance for: :Context_2
[2020.07.16-15.10.55:396][ 13]LogContentBrowser: Native class hierarchy updated for 'MovieSceneCapture' in 0.0008 seconds. Added 20 classes and 0 folders.
[2020.07.16-15.10.55:407][ 13]PIE: Server logged in
[2020.07.16-15.10.55:409][ 13]PIE: Play in editor total start time 2.953 seconds.
[2020.07.16-15.11.11:801][196]LogSlate: Updating window title bar state: overlay mode, drag disabled, window buttons hidden, title bar hidden
[2020.07.16-15.11.11:802][196]LogWorld: BeginTearingDown for /Game/UEDPIE_0_Tester
[2020.07.16-15.11.11:804][196]LogWorld: UWorld::CleanupWorld for Tester, bSessionEnded=true, bCleanupResources=true
[2020.07.16-15.11.11:805][196]LogSlate: InvalidateAllWidgets triggered.  All widgets were invalidated
[2020.07.16-15.11.11:961][196]LogPlayLevel: Display: Shutting down PIE online subsystems
[2020.07.16-15.11.11:967][196]LogSlate: InvalidateAllWidgets triggered.  All widgets were invalidated
[2020.07.16-15.11.12:097][196]LogSlate: Updating window title bar state: overlay mode, drag disabled, window buttons hidden, title bar hidden
[2020.07.16-15.11.12:106][196]LogAISub: UAISubsystem::~UAISubsystem EnvQueryManager (0000019B7C5C9200), frame # 4196
[2020.07.16-15.11.12:106][196]LogAISub: UAISubsystem::~UAISubsystem AIPerceptionSystem (0000019B0CDDD440), frame # 4196
[2020.07.16-15.11.12:115][196]LogUObjectHash: Compacting FUObjectHashTables data took   4.73ms
[2020.07.16-15.11.12:288][197]LogPlayLevel: Display: Destroying online subsystem :Context_2
[2020.07.16-15.11.25:665][295]LogTemp: Repeating last play command: Selected Viewport
[2020.07.16-15.11.25:873][295]LogPlayLevel: PlayLevel: No blueprints needed recompiling
[2020.07.16-15.11.25:874][295]PIE: New page: PIE session: Tester (Jul 16, 2020, 7:11:25 AM)
[2020.07.16-15.11.25:874][295]LogPlayLevel: Creating play world package: /Game/UEDPIE_0_Tester
[2020.07.16-15.11.25:890][295]LogPlayLevel: PIE: StaticDuplicateObject took: (0.015279s)
[2020.07.16-15.11.25:895][295]LogAIModule: Creating AISystem for world Tester
[2020.07.16-15.11.25:896][295]LogAISub: UAISubsystem::UAISubsystem EnvQueryManager (0000019B1B065800), frame # 4295
[2020.07.16-15.11.25:896][295]LogAISub: UAISubsystem::UAISubsystem AIPerceptionSystem (0000019B1AEBD300), frame # 4295
[2020.07.16-15.11.25:897][295]LogPlayLevel: PIE: World Init took: (0.006815s)
[2020.07.16-15.11.25:897][295]LogPlayLevel: PIE: Created PIE world by copying editor world from /Game/Tester.Tester to /Game/UEDPIE_0_Tester.Tester (0.022722s)
[2020.07.16-15.11.25:933][295]LogUObjectHash: Compacting FUObjectHashTables data took   7.75ms
[2020.07.16-15.11.25:937][295]LogAudioMixer: Display: Audio Mixer Platform Settings:
[2020.07.16-15.11.25:937][295]LogAudioMixer: Display: 	Sample Rate:						  48000
[2020.07.16-15.11.25:937][295]LogAudioMixer: Display: 	Callback Buffer Frame Size Requested: 1024
[2020.07.16-15.11.25:938][295]LogAudioMixer: Display: 	Callback Buffer Frame Size To Use:	  1024
[2020.07.16-15.11.25:938][295]LogAudioMixer: Display: 	Number of buffers to queue:			  2
[2020.07.16-15.11.25:938][295]LogAudioMixer: Display: 	Max Channels (voices):				  32
[2020.07.16-15.11.25:938][295]LogAudioMixer: Display: 	Number of Async Source Workers:		  0
[2020.07.16-15.11.25:938][295]LogAudio: Display: AudioDevice MaxSources: 32
[2020.07.16-15.11.25:940][295]LogAudio: Display: Using built-in audio occlusion.
[2020.07.16-15.11.25:940][295]LogAudioMixer: Display: Initializing audio mixer.
[2020.07.16-15.11.25:973][295]LogAudioMixer: Display: 0: FrontLeft
[2020.07.16-15.11.25:973][295]LogAudioMixer: Display: 1: FrontRight
[2020.07.16-15.11.26:081][295]LogAudioMixer: Display: Using Audio Device Headset Earphone (3- Wireless Controller)
[2020.07.16-15.11.26:081][295]LogAudioMixer: Display: Initializing Sound Submixes...
[2020.07.16-15.11.26:081][295]LogAudioMixer: Display: Creating Master Submix 'MasterSubmixDefault'
[2020.07.16-15.11.26:082][295]LogAudioMixer: Display: Creating Master Submix 'MasterReverbSubmixDefault'
[2020.07.16-15.11.26:083][295]LogAudioMixer: Display: Creating Master Submix 'MasterEQSubmixDefault'
[2020.07.16-15.11.26:132][295]LogInit: FAudioDevice initialized.
[2020.07.16-15.11.26:165][295]LogLoad: Game class is 'BP_PAINTGameModeBase_C'
[2020.07.16-15.11.26:168][295]LogWorld: Bringing World /Game/UEDPIE_0_Tester.Tester up for play (max tick rate 60) at 2020.07.16-11.11.26
[2020.07.16-15.11.26:168][295]LogWorld: Bringing up level for play took: 0.001630
[2020.07.16-15.11.26:169][295]LogOnline: OSS: Creating online subsystem instance for: :Context_3
[2020.07.16-15.11.26:178][295]PIE: Server logged in
[2020.07.16-15.11.26:182][295]PIE: Play in editor total start time 0.337 seconds.
[2020.07.16-15.11.29:141][322]LogTemp: Resetting audio stream to device id 
[2020.07.16-15.11.29:250][322]LogAudioMixer: Display: 0: FrontLeft
[2020.07.16-15.11.29:250][322]LogAudioMixer: Display: 1: FrontRight
[2020.07.16-15.11.29:510][322]LogAudioMixer: Error: XAudio2 Error: XAudio2System->CreateMasteringVoice( &OutputAudioStreamMasteringVoice, AudioStreamInfo.DeviceInfo.NumChannels, AudioStreamInfo.DeviceInfo.SampleRate, 0, nullptr, nullptr, AudioCategory_GameEffects) -> 0x88960004: XAUDIO2_E_DEVICE_INVALIDATED (line: 1171)
[2020.07.16-15.11.29:518][322]LogTemp: Resetting audio stream to device id 
[2020.07.16-15.11.30:019][322]LogAudioMixer: Display: 0: FrontLeft
[2020.07.16-15.11.30:019][322]LogAudioMixer: Display: 1: FrontRight
[2020.07.16-15.11.30:196][323]LogTemp: Resetting audio stream to device id 
[2020.07.16-15.11.30:206][323]LogAudioMixer: Display: 0: FrontLeft
[2020.07.16-15.11.30:206][323]LogAudioMixer: Display: 1: FrontRight
[2020.07.16-15.11.30:291][323]LogTemp: Resetting audio stream to device id 
[2020.07.16-15.11.30:402][323]LogAudioMixer: Display: 0: FrontLeft
[2020.07.16-15.11.30:402][323]LogAudioMixer: Display: 1: FrontRight
[2020.07.16-15.11.31:654][341]LogSpawn: Warning: SpawnActor failed because no class was specified
[2020.07.16-15.11.38:046][341]LogAudioMixer: Warning: Changing default audio render device to new device: {0.0.0.00000000}.{93415205-caeb-413f-8817-26f9ab93f700}.
[2020.07.16-15.11.38:047][341]LogAudioMixer: Warning: Changing default audio render device to new device: {0.0.0.00000000}.{93415205-caeb-413f-8817-26f9ab93f700}.
[2020.07.16-15.11.38:047][341]LogWindows: Error: === Critical error: ===
[2020.07.16-15.11.38:047][341]LogWindows: Error: 
[2020.07.16-15.11.38:047][341]LogWindows: Error: Fatal error!
[2020.07.16-15.11.38:047][341]LogWindows: Error: 
[2020.07.16-15.11.38:047][341]LogWindows: Error: Unhandled Exception: EXCEPTION_ACCESS_VIOLATION reading address 0x00000140
[2020.07.16-15.11.38:047][341]LogWindows: Error: 
[2020.07.16-15.11.38:047][341]LogWindows: Error: [Callstack] 0x00007fffb5f93a94 UE4Editor-Engine.dll!UnknownFunction []
[2020.07.16-15.11.38:047][341]LogWindows: Error: [Callstack] 0x00007ff8295d370c UE4Editor-PAINT-3370.dll!ABaller::Equip() [C:\Users\Angelica .DESKTOP-RM5JOAJ\Documents\PaintShooter\PAINT\Source\PAINT\Baller.cpp:104]
[2020.07.16-15.11.38:047][341]LogWindows: Error: [Callstack] 0x00007fffb71857da UE4Editor-Engine.dll!UnknownFunction []
[2020.07.16-15.11.38:047][341]LogWindows: Error: [Callstack] 0x00007fffb71b12ee UE4Editor-Engine.dll!UnknownFunction []
[2020.07.16-15.11.38:047][341]LogWindows: Error: [Callstack] 0x00007fffb6cb9138 UE4Editor-Engine.dll!UnknownFunction []
[2020.07.16-15.11.38:047][341]LogWindows: Error: [Callstack] 0x00007fffb6ccc964 UE4Editor-Engine.dll!UnknownFunction []
[2020.07.16-15.11.38:047][341]LogWindows: Error: [Callstack] 0x00007fffb6cb71cb UE4Editor-Engine.dll!UnknownFunction []
[2020.07.16-15.11.38:047][341]LogWindows: Error: [Callstack] 0x00007fffb6ccae31 UE4Editor-Engine.dll!UnknownFunction []
[2020.07.16-15.11.38:047][341]LogWindows: Error: [Callstack] 0x00007fffb5fa94c4 UE4Editor-Engine.dll!UnknownFunction []
[2020.07.16-15.11.38:047][341]LogWindows: Error: [Callstack] 0x00007fffb706616f UE4Editor-Engine.dll!UnknownFunction []
[2020.07.16-15.11.38:047][341]LogWindows: Error: [Callstack] 0x00007fffb706b1c7 UE4Editor-Engine.dll!UnknownFunction []
[2020.07.16-15.11.38:047][341]LogWindows: Error: [Callstack] 0x00007fffd96387d8 UE4Editor-Core.dll!UnknownFunction []
[2020.07.16-15.11.38:047][341]LogWindows: Error: [Callstack] 0x00007fffd9638aa3 UE4Editor-Core.dll!UnknownFunction []
[2020.07.16-15.11.38:047][341]LogWindows: Error: [Callstack] 0x00007fffd964f027 UE4Editor-Core.dll!UnknownFunction []
[2020.07.16-15.11.38:048][341]LogWindows: Error: [Callstack] 0x00007fffb70871b2 UE4Editor-Engine.dll!UnknownFunction []
[2020.07.16-15.11.38:048][341]LogWindows: Error: [Callstack] 0x00007fffb708c47a UE4Editor-Engine.dll!UnknownFunction []
[2020.07.16-15.11.38:048][341]LogWindows: Error: [Callstack] 0x00007fffb684c43f UE4Editor-Engine.dll!UnknownFunction []
[2020.07.16-15.11.38:048][341]LogWindows: Error: [Callstack] 0x00007fffb6856cd7 UE4Editor-Engine.dll!UnknownFunction []
[2020.07.16-15.11.38:048][341]LogWindows: Error: [Callstack] 0x00007fffd619a737 UE4Editor-UnrealEd.dll!UnknownFunction []
[2020.07.16-15.11.38:048][341]LogWindows: Error: [Callstack] 0x00007fffd6a700d6 UE4Editor-UnrealEd.dll!UnknownFunction []
[2020.07.16-15.11.38:048][341]LogWindows: Error: [Callstack] 0x00007ff632807800 UE4Editor.exe!UnknownFunction []
[2020.07.16-15.11.38:048][341]LogWindows: Error: [Callstack] 0x00007ff63281ba7c UE4Editor.exe!UnknownFunction []
[2020.07.16-15.11.38:048][341]LogWindows: Error: [Callstack] 0x00007ff63281bb5a UE4Editor.exe!UnknownFunction []
[2020.07.16-15.11.38:048][341]LogWindows: Error: [Callstack] 0x00007ff63282e31d UE4Editor.exe!UnknownFunction []
[2020.07.16-15.11.38:048][341]LogWindows: Error: [Callstack] 0x00007ff63283145a UE4Editor.exe!UnknownFunction []
[2020.07.16-15.11.38:048][341]LogWindows: Error: [Callstack] 0x00007ff82f377bd4 KERNEL32.DLL!UnknownFunction []
[2020.07.16-15.11.38:048][341]LogWindows: Error: [Callstack] 0x00007ff82f88ce51 ntdll.dll!UnknownFunction []
[2020.07.16-15.11.38:048][341]LogWindows: Error: 
[2020.07.16-15.11.38:107][341]LogExit: Executing StaticShutdownAfterError
[2020.07.16-15.11.38:112][341]LogWindows: FPlatformMisc::RequestExit(1)
[2020.07.16-15.11.38:112][341]LogCore: Engine exit requested (reason: Win RequestExit)
[2020.07.16-15.11.38:132][341]Log file closed, 07/16/20 11:11:38
