Log file open, 07/17/20 19:54:02
LogInit: Display: Running engine for game: PAINT
LogPlatformFile: Not using cached read wrapper
LogTaskGraph: Started task graph with 5 named threads and 11 total threads with 3 sets of task threads.
LogStats: Stats thread started at 1.772557
LogD3D11RHI: Loaded GFSDK_Aftermath_Lib.x64.dll
LogICUInternationalization: ICU TimeZone Detection - Raw Offset: -5:00, Platform Override: ''
LogPluginManager: Mounting plugin Paper2D
LogPluginManager: Mounting plugin AISupport
LogPluginManager: Mounting plugin LightPropagationVolume
LogPluginManager: Mounting plugin CameraShakePreviewer
LogPluginManager: Mounting plugin ActorLayerUtilities
LogPluginManager: Mounting plugin AnimationSharing
LogPluginManager: Mounting plugin CLionSourceCodeAccess
LogPluginManager: Mounting plugin CodeLiteSourceCodeAccess
LogPluginManager: Mounting plugin GitSourceControl
LogPluginManager: Mounting plugin KDevelopSourceCodeAccess
LogPluginManager: Mounting plugin NullSourceCodeAccess
LogPluginManager: Mounting plugin PerforceSourceControl
LogPluginManager: Mounting plugin PlasticSourceControl
LogPluginManager: Mounting plugin RiderSourceCodeAccess
LogPluginManager: Mounting plugin SubversionSourceControl
LogPluginManager: Mounting plugin UObjectPlugin
LogPluginManager: Mounting plugin VisualStudioCodeSourceCodeAccess
LogPluginManager: Mounting plugin VisualStudioSourceCodeAccess
LogPluginManager: Mounting plugin XCodeSourceCodeAccess
LogPluginManager: Mounting plugin AssetManagerEditor
LogPluginManager: Mounting plugin CryptoKeys
LogPluginManager: Mounting plugin CurveEditorTools
LogPluginManager: Mounting plugin DataValidation
LogPluginManager: Mounting plugin EditorScriptingUtilities
LogPluginManager: Mounting plugin FacialAnimation
LogPluginManager: Mounting plugin GameplayTagsEditor
LogPluginManager: Mounting plugin GeometryMode
LogPluginManager: Mounting plugin MacGraphicsSwitching
LogPluginManager: Mounting plugin MaterialAnalyzer
LogPluginManager: Mounting plugin MobileLauncherProfileWizard
LogPluginManager: Mounting plugin PluginBrowser
LogPluginManager: Mounting plugin SpeedTreeImporter
LogPluginManager: Mounting plugin DatasmithContent
LogPluginManager: Mounting plugin VariantManagerContent
LogPluginManager: Mounting plugin AlembicImporter
LogPluginManager: Mounting plugin AutomationUtils
LogPluginManager: Mounting plugin BackChannel
LogPluginManager: Mounting plugin ChaosCloth
LogPluginManager: Mounting plugin ChaosClothEditor
LogPluginManager: Mounting plugin ChaosEditor
LogPluginManager: Mounting plugin ChaosNiagara
LogPluginManager: Mounting plugin ChaosSolverPlugin
LogPluginManager: Mounting plugin CharacterAI
LogPluginManager: Mounting plugin GeometryCache
LogPluginManager: Mounting plugin GeometryCollectionPlugin
LogPluginManager: Mounting plugin GeometryProcessing
LogPluginManager: Mounting plugin PlanarCut
LogPluginManager: Mounting plugin PlatformCrypto
LogPluginManager: Mounting plugin ProxyLODPlugin
LogPluginManager: Mounting plugin SkeletalReduction
LogPluginManager: Mounting plugin Niagara
LogPluginManager: Mounting plugin MagicLeap
LogPluginManager: Mounting plugin MagicLeapLightEstimation
LogPluginManager: Mounting plugin MagicLeapMedia
LogPluginManager: Mounting plugin MagicLeapPassableWorld
LogPluginManager: Mounting plugin MLSDK
LogPluginManager: Mounting plugin AndroidMedia
LogPluginManager: Mounting plugin AvfMedia
LogPluginManager: Mounting plugin ImgMedia
LogPluginManager: Mounting plugin MediaCompositing
LogPluginManager: Mounting plugin MediaPlayerEditor
LogPluginManager: Mounting plugin WebMMedia
LogPluginManager: Mounting plugin WmfMedia
LogPluginManager: Mounting plugin MeshPainting
LogPluginManager: Mounting plugin TcpMessaging
LogPluginManager: Mounting plugin UdpMessaging
LogPluginManager: Mounting plugin ActorSequence
LogPluginManager: Mounting plugin LevelSequenceEditor
LogPluginManager: Mounting plugin MatineeToLevelSequence
LogPluginManager: Mounting plugin MovieRenderPipeline
LogPluginManager: Mounting plugin TemplateSequence
LogPluginManager: Mounting plugin NetcodeUnitTest
LogPluginManager: Mounting plugin NUTUnrealEngine4
LogPluginManager: Mounting plugin OnlineSubsystemGooglePlay
LogPluginManager: Mounting plugin OnlineSubsystemIOS
LogPluginManager: Mounting plugin OnlineSubsystem
LogPluginManager: Mounting plugin OnlineSubsystemNull
LogPluginManager: Mounting plugin OnlineSubsystemUtils
LogPluginManager: Mounting plugin LauncherChunkInstaller
LogPluginManager: Mounting plugin AndroidDeviceProfileSelector
LogPluginManager: Mounting plugin AndroidMoviePlayer
LogPluginManager: Mounting plugin AndroidPermission
LogPluginManager: Mounting plugin AppleImageUtils
LogPluginManager: Mounting plugin AppleMoviePlayer
LogPluginManager: Mounting plugin ArchVisCharacter
LogPluginManager: Mounting plugin AssetTags
LogPluginManager: Mounting plugin AudioCapture
LogPluginManager: Mounting plugin CableComponent
LogPluginManager: Mounting plugin CustomMeshComponent
LogPluginManager: Mounting plugin EditableMesh
LogPluginManager: Mounting plugin ExampleDeviceProfileSelector
LogPluginManager: Mounting plugin GoogleCloudMessaging
LogPluginManager: Mounting plugin GooglePAD
LogPluginManager: Mounting plugin IOSDeviceProfileSelector
LogPluginManager: Mounting plugin LinuxDeviceProfileSelector
LogPluginManager: Mounting plugin LocationServicesBPLibrary
LogPluginManager: Mounting plugin MobilePatchingUtils
LogPluginManager: Mounting plugin OculusVR
LogPluginManager: Mounting plugin PhysXVehicles
LogPluginManager: Mounting plugin PostSplashScreen
LogPluginManager: Mounting plugin ProceduralMeshComponent
LogPluginManager: Mounting plugin RuntimePhysXCooking
LogPluginManager: Mounting plugin SignificanceManager
LogPluginManager: Mounting plugin SoundFields
LogPluginManager: Mounting plugin SteamVR
LogPluginManager: Mounting plugin Synthesis
LogPluginManager: Mounting plugin WebMMoviePlayer
LogPluginManager: Mounting plugin WindowsMoviePlayer
LogPluginManager: Mounting plugin ScreenshotTools
LogInit: Using libcurl 7.55.1-DEV
LogInit:  - built for x86_64-pc-win32
LogInit:  - supports SSL with OpenSSL/1.1.1
LogInit:  - supports HTTP deflate (compression) using libz 1.2.8
LogInit:  - other features:
LogInit:      CURL_VERSION_SSL
LogInit:      CURL_VERSION_LIBZ
LogInit:      CURL_VERSION_IPV6
LogInit:      CURL_VERSION_ASYNCHDNS
LogInit:      CURL_VERSION_LARGEFILE
LogInit:      CURL_VERSION_IDN
LogInit:  CurlRequestOptions (configurable via config and command line):
LogInit:  - bVerifyPeer = true  - Libcurl will verify peer certificate
LogInit:  - bUseHttpProxy = false  - Libcurl will NOT use HTTP proxy
LogInit:  - bDontReuseConnections = false  - Libcurl will reuse connections
LogInit:  - MaxHostConnections = 16  - Libcurl will limit the number of connections to a host
LogInit:  - LocalHostAddr = Default
LogInit:  - BufferSize = 65536
LogOnline: OSS: Creating online subsystem instance for: NULL
LogInit: WinSock: version 1.1 (2.2), MaxSocks=32767, MaxUdp=65467
LogOnline: OSS: TryLoadSubsystemAndSetDefault: Loaded subsystem for module [NULL]
LogInit: Build: ++UE4+Release-4.25-CL-13594126
LogInit: Engine Version: 4.25.1-13594126+++UE4+Release-4.25
LogInit: Compatible Engine Version: 4.25.0-13144385+++UE4+Release-4.25
LogInit: Net CL: 13144385
LogInit: OS: Windows 10 (Release 1909) (), CPU: Intel(R) Core(TM) i7-7500U CPU @ 2.70GHz, GPU: Intel(R) HD Graphics 620
LogInit: Compiled (64-bit): Jun  2 2020 02:10:36
LogInit: Compiled with Visual C++: 19.24.28315.00
LogInit: Build Configuration: Development
LogInit: Branch Name: ++UE4+Release-4.25
LogInit: Command Line: 
LogInit: Base Directory: C:/Program Files/Epic Games/UE_4.25/Engine/Binaries/Win64/
LogInit: Allocator: TBB
LogInit: Installed Engine Build: 1
LogDevObjectVersion: Number of dev versions registered: 26
LogDevObjectVersion:   Dev-Blueprints (B0D832E4-1F89-4F0D-ACCF-7EB736FD4AA2): 10
LogDevObjectVersion:   Dev-Build (E1C64328-A22C-4D53-A36C-8E866417BD8C): 0
LogDevObjectVersion:   Dev-Core (375EC13C-06E4-48FB-B500-84F0262A717E): 4
LogDevObjectVersion:   Dev-Editor (E4B068ED-F494-42E9-A231-DA0B2E46BB41): 38
LogDevObjectVersion:   Dev-Framework (CFFC743F-43B0-4480-9391-14DF171D2073): 37
LogDevObjectVersion:   Dev-Mobile (B02B49B5-BB20-44E9-A304-32B752E40360): 2
LogDevObjectVersion:   Dev-Networking (A4E4105C-59A1-49B5-A7C5-40C4547EDFEE): 0
LogDevObjectVersion:   Dev-Online (39C831C9-5AE6-47DC-9A44-9C173E1C8E7C): 0
LogDevObjectVersion:   Dev-Physics (78F01B33-EBEA-4F98-B9B4-84EACCB95AA2): 4
LogDevObjectVersion:   Dev-Platform (6631380F-2D4D-43E0-8009-CF276956A95A): 0
LogDevObjectVersion:   Dev-Rendering (12F88B9F-8875-4AFC-A67C-D90C383ABD29): 43
LogDevObjectVersion:   Dev-Sequencer (7B5AE74C-D270-4C10-A958-57980B212A5A): 12
LogDevObjectVersion:   Dev-VR (D7296918-1DD6-4BDD-9DE2-64A83CC13884): 3
LogDevObjectVersion:   Dev-LoadTimes (C2A15278-BFE7-4AFE-6C17-90FF531DF755): 1
LogDevObjectVersion:   Private-Geometry (6EACA3D4-40EC-4CC1-B786-8BED09428FC5): 3
LogDevObjectVersion:   Dev-AnimPhys (29E575DD-E0A3-4627-9D10-D276232CDCEA): 17
LogDevObjectVersion:   Dev-Anim (AF43A65D-7FD3-4947-9873-3E8ED9C1BB05): 7
LogDevObjectVersion:   Dev-ReflectionCapture (6B266CEC-1EC7-4B8F-A30B-E4D90942FC07): 1
LogDevObjectVersion:   Dev-Automation (0DF73D61-A23F-47EA-B727-89E90C41499A): 1
LogDevObjectVersion:   FortniteMain (601D1886-AC64-4F84-AA16-D3DE0DEAC7D6): 31
LogDevObjectVersion:   Dev-Enterprise (9DFFBCD6-494F-0158-E221-12823C92A888): 10
LogDevObjectVersion:   Dev-Niagara (F2AED0AC-9AFE-416F-8664-AA7FFA26D6FC): 1
LogDevObjectVersion:   Dev-Destruction (174F1F0B-B4C6-45A5-B13F-2EE8D0FB917D): 10
LogDevObjectVersion:   Dev-Physics-Ext (35F94A83-E258-406C-A318-09F59610247C): 37
LogDevObjectVersion:   Dev-PhysicsMaterial-Chaos (B68FC16E-8B1B-42E2-B453-215C058844FE): 1
LogDevObjectVersion:   Dev-CineCamera (B2E18506-4273-CFC2-A54E-F4BB758BBA07): 1
LogInit: Presizing for max 25165824 objects, including 0 objects not considered by GC, pre-allocating 0 bytes for permanent pool.
LogConfig: Applying CVar settings from Section [/Script/Engine.StreamingSettings] File [C:/Users/Angelica .DESKTOP-RM5JOAJ/Documents/PaintShooter/PAINT/Saved/Config/Windows/Engine.ini]
LogConfig: Setting CVar [[s.MinBulkDataSizeForAsyncLoading:131072]]
LogConfig: Setting CVar [[s.AsyncLoadingThreadEnabled:0]]
LogConfig: Setting CVar [[s.EventDrivenLoaderEnabled:1]]
LogConfig: Setting CVar [[s.WarnIfTimeLimitExceeded:0]]
LogConfig: Setting CVar [[s.TimeLimitExceededMultiplier:1.5]]
LogConfig: Setting CVar [[s.TimeLimitExceededMinTime:0.005]]
LogConfig: Setting CVar [[s.UseBackgroundLevelStreaming:1]]
LogConfig: Setting CVar [[s.PriorityAsyncLoadingExtraTime:15.0]]
LogConfig: Setting CVar [[s.LevelStreamingActorsUpdateTimeLimit:5.0]]
LogConfig: Setting CVar [[s.PriorityLevelStreamingActorsUpdateExtraTime:5.0]]
LogConfig: Setting CVar [[s.LevelStreamingComponentsRegistrationGranularity:10]]
LogConfig: Setting CVar [[s.UnregisterComponentsTimeLimit:1.0]]
LogConfig: Setting CVar [[s.LevelStreamingComponentsUnregistrationGranularity:5]]
LogConfig: Setting CVar [[s.FlushStreamingOnExit:1]]
LogInit: Object subsystem initialized
LogConfig: Setting CVar [[con.DebugEarlyDefault:1]]
LogConfig: Setting CVar [[r.setres:1280x720]]
[2020.07.17-23.54.02:762][  0]LogConfig: Setting CVar [[r.VSync:0]]
[2020.07.17-23.54.02:762][  0]LogConfig: Setting CVar [[r.RHICmdBypass:0]]
[2020.07.17-23.54.02:762][  0]LogConfig: Applying CVar settings from Section [/Script/Engine.RendererSettings] File [C:/Users/Angelica .DESKTOP-RM5JOAJ/Documents/PaintShooter/PAINT/Saved/Config/Windows/Engine.ini]
[2020.07.17-23.54.02:762][  0]LogConfig: Setting CVar [[r.GPUCrashDebugging:0]]
[2020.07.17-23.54.02:762][  0]LogConfig: Applying CVar settings from Section [/Script/Engine.RendererOverrideSettings] File [C:/Users/Angelica .DESKTOP-RM5JOAJ/Documents/PaintShooter/PAINT/Saved/Config/Windows/Engine.ini]
[2020.07.17-23.54.02:762][  0]LogConfig: Applying CVar settings from Section [/Script/Engine.StreamingSettings] File [C:/Users/Angelica .DESKTOP-RM5JOAJ/Documents/PaintShooter/PAINT/Saved/Config/Windows/Engine.ini]
[2020.07.17-23.54.02:762][  0]LogConfig: Setting CVar [[s.MinBulkDataSizeForAsyncLoading:131072]]
[2020.07.17-23.54.02:762][  0]LogConfig: Setting CVar [[s.AsyncLoadingThreadEnabled:0]]
[2020.07.17-23.54.02:762][  0]LogConfig: Setting CVar [[s.EventDrivenLoaderEnabled:1]]
[2020.07.17-23.54.02:762][  0]LogConfig: Setting CVar [[s.WarnIfTimeLimitExceeded:0]]
[2020.07.17-23.54.02:762][  0]LogConfig: Setting CVar [[s.TimeLimitExceededMultiplier:1.5]]
[2020.07.17-23.54.02:762][  0]LogConfig: Setting CVar [[s.TimeLimitExceededMinTime:0.005]]
[2020.07.17-23.54.02:762][  0]LogConfig: Setting CVar [[s.UseBackgroundLevelStreaming:1]]
[2020.07.17-23.54.02:762][  0]LogConfig: Setting CVar [[s.PriorityAsyncLoadingExtraTime:15.0]]
[2020.07.17-23.54.02:762][  0]LogConfig: Setting CVar [[s.LevelStreamingActorsUpdateTimeLimit:5.0]]
[2020.07.17-23.54.02:762][  0]LogConfig: Setting CVar [[s.PriorityLevelStreamingActorsUpdateExtraTime:5.0]]
[2020.07.17-23.54.02:762][  0]LogConfig: Setting CVar [[s.LevelStreamingComponentsRegistrationGranularity:10]]
[2020.07.17-23.54.02:762][  0]LogConfig: Setting CVar [[s.UnregisterComponentsTimeLimit:1.0]]
[2020.07.17-23.54.02:762][  0]LogConfig: Setting CVar [[s.LevelStreamingComponentsUnregistrationGranularity:5]]
[2020.07.17-23.54.02:762][  0]LogConfig: Setting CVar [[s.FlushStreamingOnExit:1]]
[2020.07.17-23.54.02:762][  0]LogConfig: Applying CVar settings from Section [/Script/Engine.GarbageCollectionSettings] File [C:/Users/Angelica .DESKTOP-RM5JOAJ/Documents/PaintShooter/PAINT/Saved/Config/Windows/Engine.ini]
[2020.07.17-23.54.02:762][  0]LogConfig: Setting CVar [[gc.MaxObjectsNotConsideredByGC:1]]
[2020.07.17-23.54.02:762][  0]LogConfig: Setting CVar [[gc.SizeOfPermanentObjectPool:0]]
[2020.07.17-23.54.02:762][  0]LogConfig: Setting CVar [[gc.FlushStreamingOnGC:0]]
[2020.07.17-23.54.02:762][  0]LogConfig: Setting CVar [[gc.NumRetriesBeforeForcingGC:10]]
[2020.07.17-23.54.02:762][  0]LogConfig: Setting CVar [[gc.AllowParallelGC:1]]
[2020.07.17-23.54.02:762][  0]LogConfig: Setting CVar [[gc.TimeBetweenPurgingPendingKillObjects:61.1]]
[2020.07.17-23.54.02:763][  0]LogConfig: Setting CVar [[gc.MaxObjectsInEditor:25165824]]
[2020.07.17-23.54.02:763][  0]LogConfig: Setting CVar [[gc.IncrementalBeginDestroyEnabled:1]]
[2020.07.17-23.54.02:763][  0]LogConfig: Setting CVar [[gc.CreateGCClusters:1]]
[2020.07.17-23.54.02:763][  0]LogConfig: Setting CVar [[gc.MinGCClusterSize:5]]
[2020.07.17-23.54.02:763][  0]LogConfig: Setting CVar [[gc.ActorClusteringEnabled:0]]
[2020.07.17-23.54.02:763][  0]LogConfig: Setting CVar [[gc.BlueprintClusteringEnabled:0]]
[2020.07.17-23.54.02:763][  0]LogConfig: Setting CVar [[gc.UseDisregardForGCOnDedicatedServers:0]]
[2020.07.17-23.54.02:763][  0]LogConfig: Applying CVar settings from Section [/Script/Engine.NetworkSettings] File [C:/Users/Angelica .DESKTOP-RM5JOAJ/Documents/PaintShooter/PAINT/Saved/Config/Windows/Engine.ini]
[2020.07.17-23.54.02:763][  0]LogConfig: Applying CVar settings from Section [/Script/UnrealEd.CookerSettings] File [C:/Users/Angelica .DESKTOP-RM5JOAJ/Documents/PaintShooter/PAINT/Saved/Config/Windows/Engine.ini]
[2020.07.17-23.54.02:766][  0]LogConfig: Applying CVar settings from Section [ViewDistanceQuality@3] File [C:/Users/Angelica .DESKTOP-RM5JOAJ/Documents/PaintShooter/PAINT/Saved/Config/Windows/Scalability.ini]
[2020.07.17-23.54.02:766][  0]LogConfig: Setting CVar [[r.SkeletalMeshLODBias:0]]
[2020.07.17-23.54.02:766][  0]LogConfig: Setting CVar [[r.ViewDistanceScale:1.0]]
[2020.07.17-23.54.02:766][  0]LogConfig: Applying CVar settings from Section [AntiAliasingQuality@3] File [C:/Users/Angelica .DESKTOP-RM5JOAJ/Documents/PaintShooter/PAINT/Saved/Config/Windows/Scalability.ini]
[2020.07.17-23.54.02:766][  0]LogConfig: Setting CVar [[r.PostProcessAAQuality:4]]
[2020.07.17-23.54.02:766][  0]LogConfig: Applying CVar settings from Section [ShadowQuality@3] File [C:/Users/Angelica .DESKTOP-RM5JOAJ/Documents/PaintShooter/PAINT/Saved/Config/Windows/Scalability.ini]
[2020.07.17-23.54.02:766][  0]LogConfig: Setting CVar [[r.LightFunctionQuality:1]]
[2020.07.17-23.54.02:766][  0]LogConfig: Setting CVar [[r.ShadowQuality:5]]
[2020.07.17-23.54.02:766][  0]LogConfig: Setting CVar [[r.Shadow.CSM.MaxCascades:10]]
[2020.07.17-23.54.02:766][  0]LogConfig: Setting CVar [[r.Shadow.MaxResolution:2048]]
[2020.07.17-23.54.02:766][  0]LogConfig: Setting CVar [[r.Shadow.MaxCSMResolution:2048]]
[2020.07.17-23.54.02:767][  0]LogConfig: Setting CVar [[r.Shadow.RadiusThreshold:0.01]]
[2020.07.17-23.54.02:767][  0]LogConfig: Setting CVar [[r.Shadow.DistanceScale:1.0]]
[2020.07.17-23.54.02:767][  0]LogConfig: Setting CVar [[r.Shadow.CSM.TransitionScale:1.0]]
[2020.07.17-23.54.02:767][  0]LogConfig: Setting CVar [[r.Shadow.PreShadowResolutionFactor:1.0]]
[2020.07.17-23.54.02:767][  0]LogConfig: Setting CVar [[r.DistanceFieldShadowing:1]]
[2020.07.17-23.54.02:767][  0]LogConfig: Setting CVar [[r.DistanceFieldAO:1]]
[2020.07.17-23.54.02:767][  0]LogConfig: Setting CVar [[r.AOQuality:2]]
[2020.07.17-23.54.02:767][  0]LogConfig: Setting CVar [[r.VolumetricFog:1]]
[2020.07.17-23.54.02:767][  0]LogConfig: Setting CVar [[r.VolumetricFog.GridPixelSize:8]]
[2020.07.17-23.54.02:767][  0]LogConfig: Setting CVar [[r.VolumetricFog.GridSizeZ:128]]
[2020.07.17-23.54.02:767][  0]LogConfig: Setting CVar [[r.VolumetricFog.HistoryMissSupersampleCount:4]]
[2020.07.17-23.54.02:767][  0]LogConfig: Setting CVar [[r.LightMaxDrawDistanceScale:1]]
[2020.07.17-23.54.02:767][  0]LogConfig: Setting CVar [[r.CapsuleShadows:1]]
[2020.07.17-23.54.02:767][  0]LogConfig: Applying CVar settings from Section [PostProcessQuality@3] File [C:/Users/Angelica .DESKTOP-RM5JOAJ/Documents/PaintShooter/PAINT/Saved/Config/Windows/Scalability.ini]
[2020.07.17-23.54.02:767][  0]LogConfig: Setting CVar [[r.MotionBlurQuality:4]]
[2020.07.17-23.54.02:767][  0]LogConfig: Setting CVar [[r.AmbientOcclusionMipLevelFactor:0.4]]
[2020.07.17-23.54.02:767][  0]LogConfig: Setting CVar [[r.AmbientOcclusionMaxQuality:100]]
[2020.07.17-23.54.02:767][  0]LogConfig: Setting CVar [[r.AmbientOcclusionLevels:-1]]
[2020.07.17-23.54.02:767][  0]LogConfig: Setting CVar [[r.AmbientOcclusionRadiusScale:1.0]]
[2020.07.17-23.54.02:767][  0]LogConfig: Setting CVar [[r.DepthOfFieldQuality:2]]
[2020.07.17-23.54.02:767][  0]LogConfig: Setting CVar [[r.RenderTargetPoolMin:400]]
[2020.07.17-23.54.02:767][  0]LogConfig: Setting CVar [[r.LensFlareQuality:2]]
[2020.07.17-23.54.02:767][  0]LogConfig: Setting CVar [[r.SceneColorFringeQuality:1]]
[2020.07.17-23.54.02:767][  0]LogConfig: Setting CVar [[r.EyeAdaptationQuality:2]]
[2020.07.17-23.54.02:767][  0]LogConfig: Setting CVar [[r.BloomQuality:5]]
[2020.07.17-23.54.02:767][  0]LogConfig: Setting CVar [[r.FastBlurThreshold:100]]
[2020.07.17-23.54.02:767][  0]LogConfig: Setting CVar [[r.Upscale.Quality:3]]
[2020.07.17-23.54.02:767][  0]LogConfig: Setting CVar [[r.Tonemapper.GrainQuantization:1]]
[2020.07.17-23.54.02:767][  0]LogConfig: Setting CVar [[r.LightShaftQuality:1]]
[2020.07.17-23.54.02:767][  0]LogConfig: Setting CVar [[r.Filter.SizeScale:1]]
[2020.07.17-23.54.02:767][  0]LogConfig: Setting CVar [[r.Tonemapper.Quality:5]]
[2020.07.17-23.54.02:767][  0]LogConfig: Setting CVar [[r.DOF.Gather.AccumulatorQuality:1        ; higher gathering accumulator quality]]
[2020.07.17-23.54.02:767][  0]LogConfig: Setting CVar [[r.DOF.Gather.PostfilterMethod:1          ; Median3x3 postfilering method]]
[2020.07.17-23.54.02:767][  0]LogConfig: Setting CVar [[r.DOF.Gather.EnableBokehSettings:0       ; no bokeh simulation when gathering]]
[2020.07.17-23.54.02:767][  0]LogConfig: Setting CVar [[r.DOF.Gather.RingCount:4                 ; medium number of samples when gathering]]
[2020.07.17-23.54.02:767][  0]LogConfig: Setting CVar [[r.DOF.Scatter.ForegroundCompositing:1    ; additive foreground scattering]]
[2020.07.17-23.54.02:767][  0]LogConfig: Setting CVar [[r.DOF.Scatter.BackgroundCompositing:2    ; additive background scattering]]
[2020.07.17-23.54.02:767][  0]LogConfig: Setting CVar [[r.DOF.Scatter.EnableBokehSettings:1      ; bokeh simulation when scattering]]
[2020.07.17-23.54.02:767][  0]LogConfig: Setting CVar [[r.DOF.Scatter.MaxSpriteRatio:0.1         ; only a maximum of 10% of scattered bokeh]]
[2020.07.17-23.54.02:767][  0]LogConfig: Setting CVar [[r.DOF.Recombine.Quality:1                ; cheap slight out of focus]]
[2020.07.17-23.54.02:767][  0]LogConfig: Setting CVar [[r.DOF.Recombine.EnableBokehSettings:0    ; no bokeh simulation on slight out of focus]]
[2020.07.17-23.54.02:767][  0]LogConfig: Setting CVar [[r.DOF.TemporalAAQuality:1                ; more stable temporal accumulation]]
[2020.07.17-23.54.02:767][  0]LogConfig: Setting CVar [[r.DOF.Kernel.MaxForegroundRadius:0.025]]
[2020.07.17-23.54.02:767][  0]LogConfig: Setting CVar [[r.DOF.Kernel.MaxBackgroundRadius:0.025]]
[2020.07.17-23.54.02:767][  0]LogConfig: Applying CVar settings from Section [TextureQuality@3] File [C:/Users/Angelica .DESKTOP-RM5JOAJ/Documents/PaintShooter/PAINT/Saved/Config/Windows/Scalability.ini]
[2020.07.17-23.54.02:767][  0]LogConfig: Setting CVar [[r.Streaming.MipBias:0]]
[2020.07.17-23.54.02:767][  0]LogConfig: Setting CVar [[r.Streaming.AmortizeCPUToGPUCopy:0]]
[2020.07.17-23.54.02:767][  0]LogConfig: Setting CVar [[r.Streaming.MaxNumTexturesToStreamPerFrame:0]]
[2020.07.17-23.54.02:767][  0]LogConfig: Setting CVar [[r.Streaming.Boost:1]]
[2020.07.17-23.54.02:767][  0]LogConfig: Setting CVar [[r.MaxAnisotropy:8]]
[2020.07.17-23.54.02:767][  0]LogConfig: Setting CVar [[r.VT.MaxAnisotropy:8]]
[2020.07.17-23.54.02:767][  0]LogConfig: Setting CVar [[r.Streaming.LimitPoolSizeToVRAM:0]]
[2020.07.17-23.54.02:767][  0]LogConfig: Setting CVar [[r.Streaming.PoolSize:1000]]
[2020.07.17-23.54.02:767][  0]LogConfig: Setting CVar [[r.Streaming.MaxEffectiveScreenSize:0]]
[2020.07.17-23.54.02:767][  0]LogConfig: Applying CVar settings from Section [EffectsQuality@3] File [C:/Users/Angelica .DESKTOP-RM5JOAJ/Documents/PaintShooter/PAINT/Saved/Config/Windows/Scalability.ini]
[2020.07.17-23.54.02:767][  0]LogConfig: Setting CVar [[r.TranslucencyLightingVolumeDim:64]]
[2020.07.17-23.54.02:767][  0]LogConfig: Setting CVar [[r.RefractionQuality:2]]
[2020.07.17-23.54.02:767][  0]LogConfig: Setting CVar [[r.SSR.Quality:3]]
[2020.07.17-23.54.02:767][  0]LogConfig: Setting CVar [[r.SSR.HalfResSceneColor:0]]
[2020.07.17-23.54.02:767][  0]LogConfig: Setting CVar [[r.SceneColorFormat:4]]
[2020.07.17-23.54.02:768][  0]LogConfig: Setting CVar [[r.DetailMode:2]]
[2020.07.17-23.54.02:768][  0]LogConfig: Setting CVar [[r.TranslucencyVolumeBlur:1]]
[2020.07.17-23.54.02:768][  0]LogConfig: Setting CVar [[r.MaterialQualityLevel:1 ; High quality]]
[2020.07.17-23.54.02:768][  0]LogConfig: Setting CVar [[r.SSS.Scale:1]]
[2020.07.17-23.54.02:768][  0]LogConfig: Setting CVar [[r.SSS.SampleSet:2]]
[2020.07.17-23.54.02:768][  0]LogConfig: Setting CVar [[r.SSS.Quality:1]]
[2020.07.17-23.54.02:768][  0]LogConfig: Setting CVar [[r.SSS.HalfRes:0]]
[2020.07.17-23.54.02:768][  0]LogConfig: Setting CVar [[r.SSGI.Quality:3]]
[2020.07.17-23.54.02:768][  0]LogConfig: Setting CVar [[r.EmitterSpawnRateScale:1.0]]
[2020.07.17-23.54.02:768][  0]LogConfig: Setting CVar [[r.ParticleLightQuality:2]]
[2020.07.17-23.54.02:768][  0]LogConfig: Setting CVar [[r.SkyAtmosphere.AerialPerspectiveLUT.FastApplyOnOpaque:1 ; Always have FastSkyLUT 1 in this case to avoid wrong sky]]
[2020.07.17-23.54.02:768][  0]LogConfig: Setting CVar [[r.SkyAtmosphere.AerialPerspectiveLUT.SampleCountPerSlice:1]]
[2020.07.17-23.54.02:768][  0]LogConfig: Setting CVar [[r.SkyAtmosphere.AerialPerspectiveLUT.DepthResolution:16.0]]
[2020.07.17-23.54.02:768][  0]LogConfig: Setting CVar [[r.SkyAtmosphere.FastSkyLUT:1]]
[2020.07.17-23.54.02:768][  0]LogConfig: Setting CVar [[r.SkyAtmosphere.FastSkyLUT.SampleCountMin:4.0]]
[2020.07.17-23.54.02:768][  0]LogConfig: Setting CVar [[r.SkyAtmosphere.FastSkyLUT.SampleCountMax:32.0]]
[2020.07.17-23.54.02:768][  0]LogConfig: Setting CVar [[r.SkyAtmosphere.SampleCountMin:4.0]]
[2020.07.17-23.54.02:768][  0]LogConfig: Setting CVar [[r.SkyAtmosphere.SampleCountMax:32.0]]
[2020.07.17-23.54.02:768][  0]LogConfig: Setting CVar [[r.SkyAtmosphere.TransmittanceLUT.UseSmallFormat:0]]
[2020.07.17-23.54.02:768][  0]LogConfig: Setting CVar [[r.SkyAtmosphere.TransmittanceLUT.SampleCount:10.0]]
[2020.07.17-23.54.02:768][  0]LogConfig: Setting CVar [[r.SkyAtmosphere.MultiScatteringLUT.SampleCount:15.0]]
[2020.07.17-23.54.02:768][  0]LogConfig: Applying CVar settings from Section [FoliageQuality@3] File [C:/Users/Angelica .DESKTOP-RM5JOAJ/Documents/PaintShooter/PAINT/Saved/Config/Windows/Scalability.ini]
[2020.07.17-23.54.02:768][  0]LogConfig: Setting CVar [[foliage.DensityScale:1.0]]
[2020.07.17-23.54.02:768][  0]LogConfig: Setting CVar [[grass.DensityScale:1.0]]
[2020.07.17-23.54.02:768][  0]LogConfig: Applying CVar settings from Section [ShadingQuality@3] File [C:/Users/Angelica .DESKTOP-RM5JOAJ/Documents/PaintShooter/PAINT/Saved/Config/Windows/Scalability.ini]
[2020.07.17-23.54.02:768][  0]LogConfig: Setting CVar [[r.HairStrands.SkyLighting.SampleCount:16]]
[2020.07.17-23.54.02:768][  0]LogConfig: Setting CVar [[r.HairStrands.SkyLighting.JitterIntegration:0]]
[2020.07.17-23.54.02:768][  0]LogConfig: Setting CVar [[r.HairStrands.SkyAO.SampleCount:16]]
[2020.07.17-23.54.02:768][  0]LogConfig: Setting CVar [[r.HairStrands.DeepShadow.SuperSampling:0]]
[2020.07.17-23.54.02:768][  0]LogConfig: Setting CVar [[r.HairStrands.VisibilityPPLL:0]]
[2020.07.17-23.54.02:768][  0]LogConfig: Setting CVar [[r.HairStrands.RasterizationScale:0.5]]
[2020.07.17-23.54.02:768][  0]LogConfig: Setting CVar [[r.HairStrands.VelocityRasterizationScale:1]]
[2020.07.17-23.54.02:768][  0]LogInit: Selected Device Profile: [Windows]
[2020.07.17-23.54.02:768][  0]LogInit: Applying CVar settings loaded from the selected device profile: [Windows]
[2020.07.17-23.54.02:768][  0]LogHAL: Display: Platform has ~ 16 GB [17052516352 / 17179869184 / 16], which maps to Larger [LargestMinGB=32, LargerMinGB=12, DefaultMinGB=8, SmallerMinGB=6, SmallestMinGB=0)
[2020.07.17-23.54.02:768][  0]LogInit: Going up to parent DeviceProfile []
[2020.07.17-23.54.02:768][  0]LogConfig: Applying CVar settings from Section [ViewDistanceQuality@2] File [C:/Users/Angelica .DESKTOP-RM5JOAJ/Documents/PaintShooter/PAINT/Saved/Config/Windows/Scalability.ini]
[2020.07.17-23.54.02:768][  0]LogConfig: Setting CVar [[r.SkeletalMeshLODBias:0]]
[2020.07.17-23.54.02:768][  0]LogConfig: Setting CVar [[r.ViewDistanceScale:0.8]]
[2020.07.17-23.54.02:768][  0]LogConfig: Applying CVar settings from Section [AntiAliasingQuality@2] File [C:/Users/Angelica .DESKTOP-RM5JOAJ/Documents/PaintShooter/PAINT/Saved/Config/Windows/Scalability.ini]
[2020.07.17-23.54.02:768][  0]LogConfig: Setting CVar [[r.PostProcessAAQuality:3]]
[2020.07.17-23.54.02:768][  0]LogConfig: Applying CVar settings from Section [ShadowQuality@2] File [C:/Users/Angelica .DESKTOP-RM5JOAJ/Documents/PaintShooter/PAINT/Saved/Config/Windows/Scalability.ini]
[2020.07.17-23.54.02:768][  0]LogConfig: Setting CVar [[r.LightFunctionQuality:1]]
[2020.07.17-23.54.02:768][  0]LogConfig: Setting CVar [[r.ShadowQuality:5]]
[2020.07.17-23.54.02:768][  0]LogConfig: Setting CVar [[r.Shadow.CSM.MaxCascades:4]]
[2020.07.17-23.54.02:768][  0]LogConfig: Setting CVar [[r.Shadow.MaxResolution:1024]]
[2020.07.17-23.54.02:768][  0]LogConfig: Setting CVar [[r.Shadow.MaxCSMResolution:2048]]
[2020.07.17-23.54.02:768][  0]LogConfig: Setting CVar [[r.Shadow.RadiusThreshold:0.04]]
[2020.07.17-23.54.02:768][  0]LogConfig: Setting CVar [[r.Shadow.DistanceScale:0.85]]
[2020.07.17-23.54.02:768][  0]LogConfig: Setting CVar [[r.Shadow.CSM.TransitionScale:0.8]]
[2020.07.17-23.54.02:768][  0]LogConfig: Setting CVar [[r.Shadow.PreShadowResolutionFactor:0.5]]
[2020.07.17-23.54.02:768][  0]LogConfig: Setting CVar [[r.DistanceFieldShadowing:1]]
[2020.07.17-23.54.02:768][  0]LogConfig: Setting CVar [[r.DistanceFieldAO:1]]
[2020.07.17-23.54.02:768][  0]LogConfig: Setting CVar [[r.AOQuality:1]]
[2020.07.17-23.54.02:769][  0]LogConfig: Setting CVar [[r.VolumetricFog:1]]
[2020.07.17-23.54.02:769][  0]LogConfig: Setting CVar [[r.VolumetricFog.GridPixelSize:16]]
[2020.07.17-23.54.02:769][  0]LogConfig: Setting CVar [[r.VolumetricFog.GridSizeZ:64]]
[2020.07.17-23.54.02:769][  0]LogConfig: Setting CVar [[r.VolumetricFog.HistoryMissSupersampleCount:4]]
[2020.07.17-23.54.02:769][  0]LogConfig: Setting CVar [[r.LightMaxDrawDistanceScale:1]]
[2020.07.17-23.54.02:769][  0]LogConfig: Setting CVar [[r.CapsuleShadows:1]]
[2020.07.17-23.54.02:769][  0]LogConfig: Applying CVar settings from Section [PostProcessQuality@2] File [C:/Users/Angelica .DESKTOP-RM5JOAJ/Documents/PaintShooter/PAINT/Saved/Config/Windows/Scalability.ini]
[2020.07.17-23.54.02:769][  0]LogConfig: Setting CVar [[r.MotionBlurQuality:3]]
[2020.07.17-23.54.02:769][  0]LogConfig: Setting CVar [[r.AmbientOcclusionMipLevelFactor:0.6]]
[2020.07.17-23.54.02:769][  0]LogConfig: Setting CVar [[r.AmbientOcclusionMaxQuality:100]]
[2020.07.17-23.54.02:769][  0]LogConfig: Setting CVar [[r.AmbientOcclusionLevels:-1]]
[2020.07.17-23.54.02:769][  0]LogConfig: Setting CVar [[r.AmbientOcclusionRadiusScale:1.5]]
[2020.07.17-23.54.02:769][  0]LogConfig: Setting CVar [[r.DepthOfFieldQuality:2]]
[2020.07.17-23.54.02:769][  0]LogConfig: Setting CVar [[r.RenderTargetPoolMin:400]]
[2020.07.17-23.54.02:769][  0]LogConfig: Setting CVar [[r.LensFlareQuality:2]]
[2020.07.17-23.54.02:769][  0]LogConfig: Setting CVar [[r.SceneColorFringeQuality:1]]
[2020.07.17-23.54.02:769][  0]LogConfig: Setting CVar [[r.EyeAdaptationQuality:2]]
[2020.07.17-23.54.02:769][  0]LogConfig: Setting CVar [[r.BloomQuality:5]]
[2020.07.17-23.54.02:769][  0]LogConfig: Setting CVar [[r.FastBlurThreshold:3]]
[2020.07.17-23.54.02:769][  0]LogConfig: Setting CVar [[r.Upscale.Quality:2]]
[2020.07.17-23.54.02:769][  0]LogConfig: Setting CVar [[r.Tonemapper.GrainQuantization:1]]
[2020.07.17-23.54.02:769][  0]LogConfig: Setting CVar [[r.LightShaftQuality:1]]
[2020.07.17-23.54.02:769][  0]LogConfig: Setting CVar [[r.Filter.SizeScale:0.8]]
[2020.07.17-23.54.02:769][  0]LogConfig: Setting CVar [[r.Tonemapper.Quality:5]]
[2020.07.17-23.54.02:769][  0]LogConfig: Setting CVar [[r.DOF.Gather.AccumulatorQuality:0        ; lower gathering accumulator quality]]
[2020.07.17-23.54.02:769][  0]LogConfig: Setting CVar [[r.DOF.Gather.PostfilterMethod:2          ; Max3x3 postfilering method]]
[2020.07.17-23.54.02:769][  0]LogConfig: Setting CVar [[r.DOF.Gather.EnableBokehSettings:0       ; no bokeh simulation when gathering]]
[2020.07.17-23.54.02:769][  0]LogConfig: Setting CVar [[r.DOF.Gather.RingCount:4                 ; medium number of samples when gathering]]
[2020.07.17-23.54.02:769][  0]LogConfig: Setting CVar [[r.DOF.Scatter.ForegroundCompositing:1    ; additive foreground scattering]]
[2020.07.17-23.54.02:769][  0]LogConfig: Setting CVar [[r.DOF.Scatter.BackgroundCompositing:1    ; no background occlusion]]
[2020.07.17-23.54.02:769][  0]LogConfig: Setting CVar [[r.DOF.Scatter.EnableBokehSettings:0      ; no bokeh simulation when scattering]]
[2020.07.17-23.54.02:769][  0]LogConfig: Setting CVar [[r.DOF.Scatter.MaxSpriteRatio:0.04        ; only a maximum of 4% of scattered bokeh]]
[2020.07.17-23.54.02:769][  0]LogConfig: Setting CVar [[r.DOF.Recombine.Quality:0                ; no slight out of focus]]
[2020.07.17-23.54.02:769][  0]LogConfig: Setting CVar [[r.DOF.TemporalAAQuality:0                ; faster temporal accumulation]]
[2020.07.17-23.54.02:769][  0]LogConfig: Setting CVar [[r.DOF.Kernel.MaxForegroundRadius:0.012   ; required because of AccumulatorQuality=0]]
[2020.07.17-23.54.02:769][  0]LogConfig: Setting CVar [[r.DOF.Kernel.MaxBackgroundRadius:0.012   ; required because of AccumulatorQuality=0]]
[2020.07.17-23.54.02:769][  0]LogConfig: Applying CVar settings from Section [TextureQuality@2] File [C:/Users/Angelica .DESKTOP-RM5JOAJ/Documents/PaintShooter/PAINT/Saved/Config/Windows/Scalability.ini]
[2020.07.17-23.54.02:769][  0]LogConfig: Setting CVar [[r.Streaming.MipBias:0]]
[2020.07.17-23.54.02:769][  0]LogConfig: Setting CVar [[r.Streaming.AmortizeCPUToGPUCopy:0]]
[2020.07.17-23.54.02:769][  0]LogConfig: Setting CVar [[r.Streaming.MaxNumTexturesToStreamPerFrame:0]]
[2020.07.17-23.54.02:769][  0]LogConfig: Setting CVar [[r.Streaming.Boost:1]]
[2020.07.17-23.54.02:769][  0]LogConfig: Setting CVar [[r.MaxAnisotropy:4]]
[2020.07.17-23.54.02:769][  0]LogConfig: Setting CVar [[r.VT.MaxAnisotropy:8]]
[2020.07.17-23.54.02:769][  0]LogConfig: Setting CVar [[r.Streaming.LimitPoolSizeToVRAM:1]]
[2020.07.17-23.54.02:769][  0]LogConfig: Setting CVar [[r.Streaming.PoolSize:800]]
[2020.07.17-23.54.02:769][  0]LogConfig: Setting CVar [[r.Streaming.MaxEffectiveScreenSize:0]]
[2020.07.17-23.54.02:769][  0]LogConfig: Applying CVar settings from Section [EffectsQuality@2] File [C:/Users/Angelica .DESKTOP-RM5JOAJ/Documents/PaintShooter/PAINT/Saved/Config/Windows/Scalability.ini]
[2020.07.17-23.54.02:769][  0]LogConfig: Setting CVar [[r.TranslucencyLightingVolumeDim:48]]
[2020.07.17-23.54.02:769][  0]LogConfig: Setting CVar [[r.RefractionQuality:2]]
[2020.07.17-23.54.02:769][  0]LogConfig: Setting CVar [[r.SSR.Quality:2]]
[2020.07.17-23.54.02:770][  0]LogConfig: Setting CVar [[r.SSR.HalfResSceneColor:1]]
[2020.07.17-23.54.02:770][  0]LogConfig: Setting CVar [[r.SceneColorFormat:3]]
[2020.07.17-23.54.02:770][  0]LogConfig: Setting CVar [[r.DetailMode:1]]
[2020.07.17-23.54.02:770][  0]LogConfig: Setting CVar [[r.TranslucencyVolumeBlur:1]]
[2020.07.17-23.54.02:770][  0]LogConfig: Setting CVar [[r.MaterialQualityLevel:1 ; High quality]]
[2020.07.17-23.54.02:770][  0]LogConfig: Setting CVar [[r.SSS.Scale:1]]
[2020.07.17-23.54.02:770][  0]LogConfig: Setting CVar [[r.SSS.SampleSet:1]]
[2020.07.17-23.54.02:770][  0]LogConfig: Setting CVar [[r.SSS.Quality:-1]]
[2020.07.17-23.54.02:770][  0]LogConfig: Setting CVar [[r.SSS.HalfRes:1]]
[2020.07.17-23.54.02:770][  0]LogConfig: Setting CVar [[r.SSGI.Quality:2]]
[2020.07.17-23.54.02:770][  0]LogConfig: Setting CVar [[r.EmitterSpawnRateScale:0.5]]
[2020.07.17-23.54.02:770][  0]LogConfig: Setting CVar [[r.ParticleLightQuality:1]]
[2020.07.17-23.54.02:770][  0]LogConfig: Setting CVar [[r.SkyAtmosphere.AerialPerspectiveLUT.FastApplyOnOpaque:1 ; Always have FastSkyLUT 1 in this case to avoid wrong sky]]
[2020.07.17-23.54.02:770][  0]LogConfig: Setting CVar [[r.SkyAtmosphere.AerialPerspectiveLUT.SampleCountPerSlice:1]]
[2020.07.17-23.54.02:770][  0]LogConfig: Setting CVar [[r.SkyAtmosphere.AerialPerspectiveLUT.DepthResolution:16.0]]
[2020.07.17-23.54.02:770][  0]LogConfig: Setting CVar [[r.SkyAtmosphere.FastSkyLUT:1]]
[2020.07.17-23.54.02:770][  0]LogConfig: Setting CVar [[r.SkyAtmosphere.FastSkyLUT.SampleCountMin:4.0]]
[2020.07.17-23.54.02:770][  0]LogConfig: Setting CVar [[r.SkyAtmosphere.FastSkyLUT.SampleCountMax:32.0]]
[2020.07.17-23.54.02:770][  0]LogConfig: Setting CVar [[r.SkyAtmosphere.SampleCountMin:4.0]]
[2020.07.17-23.54.02:770][  0]LogConfig: Setting CVar [[r.SkyAtmosphere.SampleCountMax:32.0]]
[2020.07.17-23.54.02:770][  0]LogConfig: Setting CVar [[r.SkyAtmosphere.TransmittanceLUT.UseSmallFormat:0]]
[2020.07.17-23.54.02:770][  0]LogConfig: Setting CVar [[r.SkyAtmosphere.TransmittanceLUT.SampleCount:10.0]]
[2020.07.17-23.54.02:770][  0]LogConfig: Setting CVar [[r.SkyAtmosphere.MultiScatteringLUT.SampleCount:15.0]]
[2020.07.17-23.54.02:770][  0]LogConfig: Applying CVar settings from Section [FoliageQuality@2] File [C:/Users/Angelica .DESKTOP-RM5JOAJ/Documents/PaintShooter/PAINT/Saved/Config/Windows/Scalability.ini]
[2020.07.17-23.54.02:770][  0]LogConfig: Setting CVar [[foliage.DensityScale:0.8]]
[2020.07.17-23.54.02:770][  0]LogConfig: Setting CVar [[grass.DensityScale:0.8]]
[2020.07.17-23.54.02:770][  0]LogConfig: Applying CVar settings from Section [ShadingQuality@2] File [C:/Users/Angelica .DESKTOP-RM5JOAJ/Documents/PaintShooter/PAINT/Saved/Config/Windows/Scalability.ini]
[2020.07.17-23.54.02:770][  0]LogConfig: Setting CVar [[r.HairStrands.SkyLighting.SampleCount:16]]
[2020.07.17-23.54.02:770][  0]LogConfig: Setting CVar [[r.HairStrands.SkyLighting.JitterIntegration:0]]
[2020.07.17-23.54.02:770][  0]LogConfig: Setting CVar [[r.HairStrands.SkyAO.SampleCount:16]]
[2020.07.17-23.54.02:770][  0]LogConfig: Setting CVar [[r.HairStrands.DeepShadow.SuperSampling:0]]
[2020.07.17-23.54.02:770][  0]LogConfig: Setting CVar [[r.HairStrands.VisibilityPPLL:0]]
[2020.07.17-23.54.02:770][  0]LogConfig: Setting CVar [[r.HairStrands.RasterizationScale:0.5]]
[2020.07.17-23.54.02:770][  0]LogConfig: Setting CVar [[r.HairStrands.VelocityRasterizationScale:1]]
[2020.07.17-23.54.02:770][  0]LogConfig: Applying CVar settings from Section [Startup] File [../../../Engine/Config/ConsoleVariables.ini]
[2020.07.17-23.54.02:770][  0]LogConfig: Setting CVar [[net.UseAdaptiveNetUpdateFrequency:0]]
[2020.07.17-23.54.02:770][  0]LogConfig: Setting CVar [[p.chaos.AllowCreatePhysxBodies:1]]
[2020.07.17-23.54.02:770][  0]LogConfig: Setting CVar [[fx.SkipVectorVMBackendOptimizations:1]]
[2020.07.17-23.54.02:771][  0]LogConfig: Applying CVar settings from Section [ConsoleVariables] File [C:/Users/Angelica .DESKTOP-RM5JOAJ/Documents/PaintShooter/PAINT/Saved/Config/Windows/Engine.ini]
[2020.07.17-23.54.02:771][  0]LogInit: Computer: SKETCH-PC
[2020.07.17-23.54.02:771][  0]LogInit: User: Angelica
[2020.07.17-23.54.02:771][  0]LogInit: CPU Page size=4096, Cores=2
[2020.07.17-23.54.02:771][  0]LogInit: High frequency timer resolution =10.000000 MHz
[2020.07.17-23.54.02:771][  0]LogMemory: Memory total: Physical=15.9GB (16GB approx)
[2020.07.17-23.54.02:771][  0]LogMemory: Platform Memory Stats for Windows
[2020.07.17-23.54.02:771][  0]LogMemory: Process Physical Memory: 114.75 MB used, 114.76 MB peak
[2020.07.17-23.54.02:771][  0]LogMemory: Process Virtual Memory: 97.37 MB used, 97.37 MB peak
[2020.07.17-23.54.02:771][  0]LogMemory: Physical Memory: 7291.08 MB used,  8971.47 MB free, 16262.55 MB total
[2020.07.17-23.54.02:771][  0]LogMemory: Virtual Memory: 5125.84 MB used,  134212600.00 MB free, 134217728.00 MB total
[2020.07.17-23.54.02:779][  0]LogWindows: WindowsPlatformFeatures enabled
[2020.07.17-23.54.02:826][  0]LogInit: Physics initialised using underlying interface: PhysX
[2020.07.17-23.54.02:826][  0]LogInit: Using OS detected language (en-US).
[2020.07.17-23.54.02:826][  0]LogInit: Using OS detected locale (en-US).
[2020.07.17-23.54.02:836][  0]LogTextLocalizationManager: No specific localization for 'en-US' exists, so the 'en' localization will be used.
[2020.07.17-23.54.03:105][  0]LogInit: Setting process to per monitor DPI aware
[2020.07.17-23.54.03:172][  0]LogSlate: New Slate User Created.  User Index 0, Is Virtual User: 0
[2020.07.17-23.54.03:172][  0]LogSlate: Slate User Registered.  User Index 0, Is Virtual User: 0
[2020.07.17-23.54.03:444][  0]LogHMD: Failed to initialize OpenVR with code 110
[2020.07.17-23.54.03:444][  0]LogD3D11RHI: D3D11 min allowed feature level: 11_0
[2020.07.17-23.54.03:444][  0]LogD3D11RHI: D3D11 max allowed feature level: 11_0
[2020.07.17-23.54.03:444][  0]LogD3D11RHI: D3D11 adapters:
[2020.07.17-23.54.03:621][  0]LogD3D11RHI:    0. 'Intel(R) HD Graphics 620' (Feature Level 11_0)
[2020.07.17-23.54.03:621][  0]LogD3D11RHI:       128/0/8131 MB DedicatedVideo/DedicatedSystem/SharedSystem, Outputs:1, VendorId:0x8086
[2020.07.17-23.54.03:625][  0]LogD3D11RHI:    1. 'Microsoft Basic Render Driver' (Feature Level 11_0)
[2020.07.17-23.54.03:625][  0]LogD3D11RHI:       0/0/8131 MB DedicatedVideo/DedicatedSystem/SharedSystem, Outputs:0, VendorId:0x1414
[2020.07.17-23.54.03:630][  0]LogD3D11RHI:    2. 'Microsoft Basic Render Driver' (Feature Level 11_0)
[2020.07.17-23.54.03:630][  0]LogD3D11RHI:       0/0/8131 MB DedicatedVideo/DedicatedSystem/SharedSystem, Outputs:0, VendorId:0x1414
[2020.07.17-23.54.03:635][  0]LogD3D11RHI:    3. 'Microsoft Basic Render Driver' (Feature Level 11_0)
[2020.07.17-23.54.03:635][  0]LogD3D11RHI:       0/0/8131 MB DedicatedVideo/DedicatedSystem/SharedSystem, Outputs:0, VendorId:0x1414
[2020.07.17-23.54.03:639][  0]LogD3D11RHI:    4. 'Microsoft Basic Render Driver' (Feature Level 11_0)
[2020.07.17-23.54.03:639][  0]LogD3D11RHI:       0/0/8131 MB DedicatedVideo/DedicatedSystem/SharedSystem, Outputs:0, VendorId:0x1414
[2020.07.17-23.54.03:639][  0]LogD3D11RHI: Chosen D3D11 Adapter: 0
[2020.07.17-23.54.03:647][  0]LogD3D11RHI: Creating new Direct3DDevice
[2020.07.17-23.54.03:647][  0]LogD3D11RHI:     GPU DeviceId: 0x5916 (for the marketing name, search the web for "GPU Device Id")
[2020.07.17-23.54.03:647][  0]LogWindows: EnumDisplayDevices:
[2020.07.17-23.54.03:647][  0]LogWindows:    0. 'Intel(R) HD Graphics 620' (P:1 D:1)
[2020.07.17-23.54.03:647][  0]LogWindows:    1. 'Intel(R) HD Graphics 620' (P:0 D:0)
[2020.07.17-23.54.03:647][  0]LogWindows:    2. 'Intel(R) HD Graphics 620' (P:0 D:0)
[2020.07.17-23.54.03:647][  0]LogWindows:    3. 'MS Idd Device' (P:0 D:0)
[2020.07.17-23.54.03:648][  0]LogWindows:    4. 'MS Idd Device' (P:0 D:0)
[2020.07.17-23.54.03:648][  0]LogWindows:    5. 'MS Idd Device' (P:0 D:0)
[2020.07.17-23.54.03:648][  0]LogWindows: DebugString: GetVideoDriverDetailsInvalid PrimaryIsNotTheChoosenAdapter GetVideoDriverDetailsInvalid PrimaryIsNotTheChoosenAdapter GetVideoDriverDetailsInvalid PrimaryIsNotTheChoosenAdapter FoundDriverCount:3 
[2020.07.17-23.54.03:648][  0]LogD3D11RHI:     Adapter Name: Intel(R) HD Graphics 620
[2020.07.17-23.54.03:648][  0]LogD3D11RHI:   Driver Version: 24.20.100.6344 (internal:24.20.100.6344, unified:24.20.100.6344)
[2020.07.17-23.54.03:648][  0]LogD3D11RHI:      Driver Date: 11-10-2018
[2020.07.17-23.54.03:648][  0]LogRHI: Texture pool is 1523 MB (70% of 2176 MB)
[2020.07.17-23.54.03:654][  0]LogD3D11RHI: [IntelMetricsDiscovery] Failed to initialize context. Result=00000002
[2020.07.17-23.54.03:809][  0]LogD3D11RHI: RHI does not have support for 64 bit atomics
[2020.07.17-23.54.03:809][  0]LogD3D11RHI: Async texture creation enabled
[2020.07.17-23.54.03:810][  0]LogD3D11RHI: Array index from any shader is supported
[2020.07.17-23.54.03:819][  0]LogD3D11RHI: GPU Timing Frequency: 12.000048 (Debug: 2 0)
[2020.07.17-23.54.04:298][  0]LogTargetPlatformManager: Display: Loaded TargetPlatform 'AllDesktop'
[2020.07.17-23.54.04:329][  0]LogTargetPlatformManager: Display: Loaded TargetPlatform 'Android'
[2020.07.17-23.54.04:329][  0]LogTargetPlatformManager: Display: Loaded TargetPlatform 'Android_ASTC'
[2020.07.17-23.54.04:329][  0]LogTargetPlatformManager: Display: Loaded TargetPlatform 'Android_DXT'
[2020.07.17-23.54.04:329][  0]LogTargetPlatformManager: Display: Loaded TargetPlatform 'Android_ETC2'
[2020.07.17-23.54.04:329][  0]LogTargetPlatformManager: Display: Loaded TargetPlatform 'AndroidClient'
[2020.07.17-23.54.04:329][  0]LogTargetPlatformManager: Display: Loaded TargetPlatform 'Android_ASTCClient'
[2020.07.17-23.54.04:329][  0]LogTargetPlatformManager: Display: Loaded TargetPlatform 'Android_DXTClient'
[2020.07.17-23.54.04:329][  0]LogTargetPlatformManager: Display: Loaded TargetPlatform 'Android_ETC2Client'
[2020.07.17-23.54.04:329][  0]LogTargetPlatformManager: Display: Loaded TargetPlatform 'Android_Multi'
[2020.07.17-23.54.04:329][  0]LogTargetPlatformManager: Display: Loaded TargetPlatform 'Android_MultiClient'
[2020.07.17-23.54.04:362][  0]LogTargetPlatformManager: Display: Loaded TargetPlatform 'IOSClient'
[2020.07.17-23.54.04:362][  0]LogTargetPlatformManager: Display: Loaded TargetPlatform 'IOS'
[2020.07.17-23.54.04:377][  0]LogTargetPlatformManager: Display: Loaded TargetPlatform 'Linux'
[2020.07.17-23.54.04:390][  0]LogTargetPlatformManager: Display: Loaded TargetPlatform 'LinuxNoEditor'
[2020.07.17-23.54.04:403][  0]LogTargetPlatformManager: Display: Loaded TargetPlatform 'LinuxClient'
[2020.07.17-23.54.04:416][  0]LogTargetPlatformManager: Display: Loaded TargetPlatform 'LinuxServer'
[2020.07.17-23.54.04:431][  0]LogTargetPlatformManager: Display: Loaded TargetPlatform 'LinuxAArch64NoEditor'
[2020.07.17-23.54.04:447][  0]LogTargetPlatformManager: Display: Loaded TargetPlatform 'LinuxAArch64Client'
[2020.07.17-23.54.04:461][  0]LogTargetPlatformManager: Display: Loaded TargetPlatform 'LinuxAArch64Server'
[2020.07.17-23.54.04:502][  0]LogTargetPlatformManager: Display: Loaded TargetPlatform 'Lumin'
[2020.07.17-23.54.04:502][  0]LogTargetPlatformManager: Display: Loaded TargetPlatform 'LuminClient'
[2020.07.17-23.54.04:526][  0]LogTargetPlatformManager: Display: Loaded TargetPlatform 'TVOSClient'
[2020.07.17-23.54.04:526][  0]LogTargetPlatformManager: Display: Loaded TargetPlatform 'TVOS'
[2020.07.17-23.54.04:539][  0]LogTargetPlatformManager: Display: Loaded TargetPlatform 'WindowsNoEditor'
[2020.07.17-23.54.04:552][  0]LogTargetPlatformManager: Display: Loaded TargetPlatform 'Windows'
[2020.07.17-23.54.04:565][  0]LogTargetPlatformManager: Display: Loaded TargetPlatform 'WindowsClient'
[2020.07.17-23.54.04:578][  0]LogTargetPlatformManager: Display: Loaded TargetPlatform 'WindowsServer'
[2020.07.17-23.54.04:578][  0]LogTargetPlatformManager: Display: Building Assets For Windows
[2020.07.17-23.54.04:590][  0]LogAudioDebug: Display: Lib vorbis DLL was dynamically loaded.
[2020.07.17-23.54.04:678][  0]LogShaderCompilers: Guid format shader working directory is -11 characters bigger than the processId version (../../../../../../Users/Angelica .DESKTOP-RM5JOAJ/Documents/PaintShooter/PAINT/Intermediate/Shaders/WorkingDirectory/712/).
[2020.07.17-23.54.04:678][  0]LogShaderCompilers: Cleaned the shader compiler working directory 'C:/Users/Angelica .DESKTOP-RM5JOAJ/AppData/Local/Temp/UnrealShaderWorkingDir/59B57F114EC58B7959EAA39479927EC7/'.
[2020.07.17-23.54.04:679][  0]LogXGEController: Cannot use XGE Controller as Incredibuild is not installed on this machine.
[2020.07.17-23.54.04:679][  0]LogShaderCompilers: Cannot use XGE Shader Compiler as Incredibuild is not installed on this machine.
[2020.07.17-23.54.04:679][  0]LogShaderCompilers: Display: Using Local Shader Compiler.
[2020.07.17-23.54.05:641][  0]LogDerivedDataCache: Display: Max Cache Size: 512 MB
[2020.07.17-23.54.05:700][  0]LogDerivedDataCache: Loaded boot cache 0.06s 75MB C:/Users/Angelica .DESKTOP-RM5JOAJ/AppData/Local/UnrealEngine/4.25/DerivedDataCache/Boot.ddc.
[2020.07.17-23.54.05:700][  0]LogDerivedDataCache: Display: Loaded Boot cache: C:/Users/Angelica .DESKTOP-RM5JOAJ/AppData/Local/UnrealEngine/4.25/DerivedDataCache/Boot.ddc
[2020.07.17-23.54.05:700][  0]LogDerivedDataCache: FDerivedDataBackendGraph:  Pak pak cache file ../../../../../../Users/Angelica .DESKTOP-RM5JOAJ/Documents/PaintShooter/PAINT/DerivedDataCache/DDC.ddp not found, will not use a pak cache.
[2020.07.17-23.54.05:700][  0]LogDerivedDataCache: Unable to find inner node Pak for hierarchical cache Hierarchy.
[2020.07.17-23.54.05:700][  0]LogDerivedDataCache: FDerivedDataBackendGraph:  CompressedPak pak cache file ../../../../../../Users/Angelica .DESKTOP-RM5JOAJ/Documents/PaintShooter/PAINT/DerivedDataCache/Compressed.ddp not found, will not use a pak cache.
[2020.07.17-23.54.05:700][  0]LogDerivedDataCache: Unable to find inner node CompressedPak for hierarchical cache Hierarchy.
[2020.07.17-23.54.05:712][  0]LogDerivedDataCache: Display: Pak cache opened for reading ../../../Engine/DerivedDataCache/Compressed.ddp.
[2020.07.17-23.54.05:713][  0]LogDerivedDataCache: FDerivedDataBackendGraph:  EnterprisePak pak cache file ../../../Enterprise/DerivedDataCache/Compressed.ddp not found, will not use a pak cache.
[2020.07.17-23.54.05:713][  0]LogDerivedDataCache: Unable to find inner node EnterprisePak for hierarchical cache Hierarchy.
[2020.07.17-23.54.05:714][  0]LogDerivedDataCache: Using Local data cache path C:/Users/Angelica .DESKTOP-RM5JOAJ/AppData/Local/UnrealEngine/Common/DerivedDataCache: Writable
[2020.07.17-23.54.05:714][  0]LogDerivedDataCache: Shared data cache path not found in *engine.ini, will not use an Shared cache.
[2020.07.17-23.54.05:714][  0]LogDerivedDataCache: Unable to find inner node Shared for hierarchical cache Hierarchy.
[2020.07.17-23.54.05:777][  0]LogSlate: Using FreeType 2.10.0
[2020.07.17-23.54.05:777][  0]LogSlate: SlateFontServices - WITH_FREETYPE: 1, WITH_HARFBUZZ: 1
[2020.07.17-23.54.05:817][  0]LogAssetRegistry: FAssetRegistry took 0.0032 seconds to start up
[2020.07.17-23.54.06:218][  0]LogInit: Selected Device Profile: [Windows]
[2020.07.17-23.54.06:376][  0]LogMeshReduction: Using QuadricMeshReduction for automatic static mesh reduction
[2020.07.17-23.54.06:376][  0]LogMeshReduction: Using SimplygonMeshReduction for automatic skeletal mesh reduction
[2020.07.17-23.54.06:376][  0]LogMeshReduction: Using ProxyLODMeshReduction for automatic mesh merging
[2020.07.17-23.54.06:376][  0]LogMeshReduction: No distributed automatic mesh merging module available
[2020.07.17-23.54.06:376][  0]LogMeshMerging: No distributed automatic mesh merging module available
[2020.07.17-23.54.06:396][  0]LogNetVersion: PAINT 1.0.0, NetCL: 13144385, EngineNetVer: 14, GameNetVer: 0 (Checksum: 2108548325)
[2020.07.17-23.54.07:065][  0]LogAISub: UAISubsystem::UAISubsystem AISubsystem (00000226905F02C0), frame # 0
[2020.07.17-23.54.07:065][  0]LogAISub: UAISubsystem::UAISubsystem AIPerceptionSystem (0000022690519E40), frame # 0
[2020.07.17-23.54.07:067][  0]LogAISub: UAISubsystem::UAISubsystem EnvQueryManager (0000022690579E00), frame # 0
[2020.07.17-23.54.07:177][  0]LogPackageLocalizationCache: Processed 19 localized package path(s) for 1 prioritized culture(s) in 0.102859 seconds
[2020.07.17-23.54.07:183][  0]LogUObjectArray: 15917 objects as part of root set at end of initial load.
[2020.07.17-23.54.07:183][  0]LogUObjectAllocator: 3965568 out of 0 bytes used by permanent object pool.
[2020.07.17-23.54.07:183][  0]LogUObjectArray: CloseDisregardForGC: 0/0 objects in disregard for GC pool
[2020.07.17-23.54.07:661][  0]LogTcpMessaging: Initializing TcpMessaging bridge
[2020.07.17-23.54.07:667][  0]LogUdpMessaging: Initializing bridge on interface 0.0.0.0:0 to multicast group 230.0.0.1:6666.
[2020.07.17-23.54.07:800][  0]SourceControl: Source control is disabled
[2020.07.17-23.54.07:800][  0]SourceControl: Source control is disabled
[2020.07.17-23.54.07:804][  0]SourceControl: Source control is disabled
[2020.07.17-23.54.07:808][  0]SourceControl: Source control is disabled
[2020.07.17-23.54.07:817][  0]SourceControl: Source control is disabled
[2020.07.17-23.54.08:167][  0]LogAndroidPermission: UAndroidPermissionCallbackProxy::GetInstance
[2020.07.17-23.54.08:194][  0]LogAudioCaptureCore: Display: No Audio Capture implementations found. Audio input will be silent.
[2020.07.17-23.54.08:194][  0]LogAudioCaptureCore: Display: No Audio Capture implementations found. Audio input will be silent.
[2020.07.17-23.54.08:262][  0]LogOcInput: OculusInput pre-init called
[2020.07.17-23.54.08:277][  0]LogWindows: Failed to load 'OVRPlugin.dll' (GetLastError=126)
[2020.07.17-23.54.08:277][  0]LogWindows: File 'OVRPlugin.dll' does not exist
[2020.07.17-23.54.08:356][  0]LogEngine: Initializing Engine...
[2020.07.17-23.54.08:358][  0]LogHMD: Failed to initialize OpenVR with code 110
[2020.07.17-23.54.08:358][  0]LogMagicLeap: Warning: VR disabled because ZI is not enabled.  To enable, in the editor, Edit -> Project Settings -> Plugins -> Magic Leap Plugin -> Enable Zero Iteration
[2020.07.17-23.54.08:359][  0]LogStats: UGameplayTagsManager::InitializeManager -  0.000 s
[2020.07.17-23.54.08:509][  0]LogInit: Initializing FReadOnlyCVARCache
[2020.07.17-23.54.08:525][  0]LogAIModule: Creating AISystem for world Untitled
[2020.07.17-23.54.08:525][  0]LogAISub: UAISubsystem::UAISubsystem EnvQueryManager (0000022693B63C00), frame # 0
[2020.07.17-23.54.08:525][  0]LogAISub: UAISubsystem::UAISubsystem AIPerceptionSystem (0000022693BA5F80), frame # 0
[2020.07.17-23.54.08:530][  0]LogAudioMixer: Display: Audio Mixer Platform Settings:
[2020.07.17-23.54.08:530][  0]LogAudioMixer: Display: 	Sample Rate:						  48000
[2020.07.17-23.54.08:530][  0]LogAudioMixer: Display: 	Callback Buffer Frame Size Requested: 1024
[2020.07.17-23.54.08:530][  0]LogAudioMixer: Display: 	Callback Buffer Frame Size To Use:	  1024
[2020.07.17-23.54.08:530][  0]LogAudioMixer: Display: 	Number of buffers to queue:			  2
[2020.07.17-23.54.08:530][  0]LogAudioMixer: Display: 	Max Channels (voices):				  32
[2020.07.17-23.54.08:530][  0]LogAudioMixer: Display: 	Number of Async Source Workers:		  0
[2020.07.17-23.54.08:530][  0]LogAudio: Display: AudioDevice MaxSources: 32
[2020.07.17-23.54.08:531][  0]LogAudio: Display: Using built-in audio occlusion.
[2020.07.17-23.54.08:531][  0]LogAudioMixer: Display: Initializing audio mixer.
[2020.07.17-23.54.08:565][  0]LogAudioMixer: Display: 0: FrontLeft
[2020.07.17-23.54.08:565][  0]LogAudioMixer: Display: 1: FrontRight
[2020.07.17-23.54.08:639][  0]LogAudioMixer: Display: Using Audio Device Speaker/Headphone (Realtek High Definition Audio(SST))
[2020.07.17-23.54.08:641][  0]LogAudioMixer: Display: Initializing Sound Submixes...
[2020.07.17-23.54.08:644][  0]LogAudioMixer: Display: Creating Master Submix 'MasterSubmixDefault'
[2020.07.17-23.54.08:644][  0]LogAudioMixer: Display: Creating Master Submix 'MasterReverbSubmixDefault'
[2020.07.17-23.54.08:645][  0]LogAudioMixer: Display: Creating Master Submix 'MasterEQSubmixDefault'
[2020.07.17-23.54.08:646][  0]LogInit: FAudioDevice initialized.
[2020.07.17-23.54.08:647][  0]LogNetVersion: Set ProjectVersion to 1.0.0.0. Version Checksum will be recalculated on next use.
[2020.07.17-23.54.08:697][  0]LogDerivedDataCache: Saved boot cache 0.05s 75MB C:/Users/Angelica .DESKTOP-RM5JOAJ/AppData/Local/UnrealEngine/4.25/DerivedDataCache/Boot.ddc.
[2020.07.17-23.54.08:702][  0]LogInit: Texture streaming: Enabled
[2020.07.17-23.54.08:726][  0]LogEngineSessionManager: EngineSessionManager initialized
[2020.07.17-23.54.08:726][  0]LogEditorSessionSummary: Verbose: Initializing EditorSessionSummaryWriter for editor session tracking
[2020.07.17-23.54.08:736][  0]LogEditorSessionSummary: EditorSessionSummaryWriter initialized
[2020.07.17-23.54.08:838][  0]LogInit: Transaction tracking system initialized
[2020.07.17-23.54.08:867][  0]BlueprintLog: New page: Editor Load
[2020.07.17-23.54.08:960][  0]LocalizationService: Localization service is disabled
[2020.07.17-23.54.09:192][  0]LogCook: Display: Max memory allowance for cook 16384mb min free memory 0mb
[2020.07.17-23.54.09:192][  0]LogCook: Display: Mobile HDR setting 1
[2020.07.17-23.54.09:426][  0]LogFileCache: Scanning file cache for directory 'C:/Users/Angelica .DESKTOP-RM5JOAJ/Documents/PaintShooter/PAINT/Content/' took 0.03s
[2020.07.17-23.54.09:921][  0]SourceControl: Source control is disabled
[2020.07.17-23.54.09:921][  0]LogUnrealEdMisc: Loading editor; pre map load, took 11.350
[2020.07.17-23.54.09:922][  0]Cmd: MAP LOAD FILE="../../../../../../Users/Angelica .DESKTOP-RM5JOAJ/Documents/PaintShooter/PAINT/Content/Tester.umap" TEMPLATE=0 SHOWPROGRESS=1 FEATURELEVEL=3
[2020.07.17-23.54.09:922][  0]LightingResults: New page: Lighting Build
[2020.07.17-23.54.09:923][  0]LogWorld: UWorld::CleanupWorld for Untitled, bSessionEnded=true, bCleanupResources=true
[2020.07.17-23.54.09:923][  0]LogSlate: InvalidateAllWidgets triggered.  All widgets were invalidated
[2020.07.17-23.54.09:923][  0]MapCheck: New page: Map Check
[2020.07.17-23.54.09:924][  0]LightingResults: New page: Lighting Build
[2020.07.17-23.54.09:935][  0]LogAISub: UAISubsystem::~UAISubsystem EnvQueryManager (0000022693B63C00), frame # 0
[2020.07.17-23.54.09:935][  0]LogAISub: UAISubsystem::~UAISubsystem AIPerceptionSystem (0000022693BA5F80), frame # 0
[2020.07.17-23.54.09:936][  0]LogUObjectHash: Compacting FUObjectHashTables data took   0.91ms
[2020.07.17-23.54.10:037][  0]LogAIModule: Creating AISystem for world Tester
[2020.07.17-23.54.10:037][  0]LogAISub: UAISubsystem::UAISubsystem EnvQueryManager (0000022698D61400), frame # 0
[2020.07.17-23.54.10:037][  0]LogAISub: UAISubsystem::UAISubsystem AIPerceptionSystem (0000022699225080), frame # 0
[2020.07.17-23.54.10:043][  0]LogEditorServer: Finished looking for orphan Actors (0.000 secs)
[2020.07.17-23.54.10:075][  0]LogUObjectHash: Compacting FUObjectHashTables data took   1.73ms
[2020.07.17-23.54.10:076][  0]Cmd: MAP CHECKDEP NOCLEARLOG
[2020.07.17-23.54.10:076][  0]MapCheck: Map check complete: 0 Error(s), 0 Warning(s), took 0.339ms to complete.
[2020.07.17-23.54.10:076][  0]LogFileHelpers: Loading map 'Tester' took 0.155
[2020.07.17-23.54.10:083][  0]LogUnrealEdMisc: Total Editor Startup Time, took 11.512
[2020.07.17-23.54.11:027][  0]LogCollectionManager: Loaded 0 collections in 0.002653 seconds
[2020.07.17-23.54.11:064][  0]LogFileCache: Scanning file cache for directory 'C:/Users/Angelica .DESKTOP-RM5JOAJ/Documents/PaintShooter/PAINT/Saved/Collections/' took 0.00s
[2020.07.17-23.54.11:064][  0]LogFileCache: Scanning file cache for directory 'C:/Users/Angelica .DESKTOP-RM5JOAJ/Documents/PaintShooter/PAINT/Content/Developers/Angelica/Collections/' took 0.00s
[2020.07.17-23.54.11:064][  0]LogFileCache: Scanning file cache for directory 'C:/Users/Angelica .DESKTOP-RM5JOAJ/Documents/PaintShooter/PAINT/Content/Collections/' took 0.00s
[2020.07.17-23.54.11:064][  0]LogContentBrowser: Native class hierarchy populated in 0.0137 seconds. Added 3432 classes and 823 folders.
[2020.07.17-23.54.11:075][  0]LogContentBrowser: Native class hierarchy updated for 'WidgetCarousel' in 0.0008 seconds. Added 0 classes and 0 folders.
[2020.07.17-23.54.11:646][  0]LogContentBrowser: Native class hierarchy updated for 'AddContentDialog' in 0.0005 seconds. Added 0 classes and 0 folders.
[2020.07.17-23.54.11:701][  0]LogContentBrowser: Native class hierarchy updated for 'SceneOutliner' in 0.0006 seconds. Added 2 classes and 0 folders.
[2020.07.17-23.54.11:762][  0]LogSlate: Updating window title bar state: overlay mode, drag disabled, window buttons hidden, title bar hidden
[2020.07.17-23.54.11:772][  0]LogSlate: Updating window title bar state: overlay mode, drag disabled, window buttons hidden, title bar hidden
[2020.07.17-23.54.11:781][  0]LogSlate: Updating window title bar state: overlay mode, drag disabled, window buttons hidden, title bar hidden
[2020.07.17-23.54.11:791][  0]LogSlate: Updating window title bar state: overlay mode, drag disabled, window buttons hidden, title bar hidden
[2020.07.17-23.54.11:843][  0]LogSlate: Took 0.000325 seconds to synchronously load lazily loaded font '../../../Engine/Content/Slate/Fonts/Roboto-Regular.ttf' (155K)
[2020.07.17-23.54.11:858][  0]LogSlate: Took 0.009439 seconds to synchronously load lazily loaded font '../../../Engine/Content/Editor/Slate/Fonts/FontAwesome.ttf' (139K)
[2020.07.17-23.54.11:859][  0]LogSlate: Took 0.000709 seconds to synchronously load lazily loaded font '../../../Engine/Content/Slate/Fonts/Roboto-Bold.ttf' (160K)
[2020.07.17-23.54.11:888][  0]LogSlate: Took 0.013198 seconds to synchronously load lazily loaded font '../../../Engine/Content/Slate/Fonts/DroidSansMono.ttf' (77K)
[2020.07.17-23.54.12:183][  0]LogRenderer: Reallocating scene render targets to support 1128x544 Format 9 NumSamples 1 (Frame:1).
[2020.07.17-23.54.12:303][  0]LogContentBrowser: Native class hierarchy updated for 'HierarchicalLODOutliner' in 0.0008 seconds. Added 0 classes and 0 folders.
[2020.07.17-23.54.12:304][  0]LogLoad: (Engine Initialization) Total time: 13.73 seconds
[2020.07.17-23.54.12:304][  0]LogLoad: (Engine Initialization) Total Blueprint compile time: 0.00 seconds
[2020.07.17-23.54.12:693][  0]LogContentStreaming: Texture pool size now 800 MB
[2020.07.17-23.54.12:789][  1]LogFileCache: Retrieving MD5 hashes for directory 'C:/Users/Angelica .DESKTOP-RM5JOAJ/Documents/PaintShooter/PAINT/Content/' took 0.46s
[2020.07.17-23.54.13:030][  3]LogAssetRegistry: Asset discovery search completed in 7.2137 seconds
[2020.07.17-23.54.13:051][  3]LogCollectionManager: Fixed up redirectors for 0 collections in 0.000006 seconds (updated 0 objects)
[2020.07.17-23.54.13:509][ 10]LogSlate: Took 0.018131 seconds to synchronously load lazily loaded font '../../../Engine/Content/Slate/Fonts/Roboto-Light.ttf' (167K)
[2020.07.17-23.54.52:544][648]LogFactory: FactoryCreateFile: StaticMesh with FbxFactory (0 0 ../../../../../../Users/Angelica .DESKTOP-RM5JOAJ/Documents/PaintShooter/PAINT/Content/PAINTgun.fbx)
[2020.07.17-23.54.52:586][648]LogFbx: Loading FBX Scene from ../../../../../../Users/Angelica .DESKTOP-RM5JOAJ/Documents/PaintShooter/PAINT/Content/PAINTgun.fbx
[2020.07.17-23.54.52:601][648]LogFbx: FBX Scene Loaded Succesfully
[2020.07.17-23.54.54:442][648]LogSlate: Window 'FBX Import Options' being destroyed
[2020.07.17-23.54.54:810][648]LogMaterial: Display: Missing cached shader map for material Black, compiling. 
[2020.07.17-23.54.54:866][648]LogMaterial: Display: Missing cached shader map for material Material, compiling. 
[2020.07.17-23.54.54:876][648]LogShaderCompilers: Display: Worker (1/3): shaders left to compile 15
[2020.07.17-23.54.54:876][648]LogShaderCompilers: Display: Worker (2/3): shaders left to compile 9
[2020.07.17-23.54.54:876][648]LogShaderCompilers: Display: Worker (3/3): shaders left to compile 3
[2020.07.17-23.54.54:884][648]LogMaterial: Display: Missing cached shader map for material Jawn, compiling. 
[2020.07.17-23.54.54:897][648]LogFbx: Display: Triangulating static mesh PaintGun
[2020.07.17-23.54.54:995][648]LogStaticMesh: Building static mesh PAINTgun...
[2020.07.17-23.54.55:052][648]LogStaticMesh: Built static mesh [0.06s] /Game/PAINTgun.PAINTgun
[2020.07.17-23.54.55:059][648]LogStaticMesh: Warning: PAINTgun has degenerate tangent bases which will result in incorrect shading.  MikkTSpace relies on tangent bases and may result in mesh corruption, consider disabling this option.
[2020.07.17-23.54.55:059][648]LogStaticMesh: Warning: PAINTgun has some nearly zero bi-normals which can create some issues. (Tolerance of 1E-4)
[2020.07.17-23.54.55:075][648]FBXImport: Warning: No smoothing group information was found in this FBX scene.  Please make sure to enable the 'Export Smoothing Groups' option in the FBX Exporter plug-in before exporting the file.  Even for tools that don't support smoothing groups, the FBX Exporter will generate appropriate smoothing data at export-time so that correct vertex normals can be inferred while importing. 
[2020.07.17-23.54.55:075][648]FBXImport: Warning: PAINTgun has degenerate tangent bases which will result in incorrect shading.  MikkTSpace relies on tangent bases and may result in mesh corruption, consider disabling this option. 
[2020.07.17-23.54.55:075][648]FBXImport: Warning: PAINTgun has some nearly zero bi-normals which can create some issues. (Tolerance of 1E-4) 
[2020.07.17-23.55.02:551][715]LogShaderCompilers: Display: Worker (3/3): shaders left to compile 30
[2020.07.17-23.55.11:048][792]LogSlate: Window 'Message Log' being destroyed
[2020.07.17-23.55.11:185][792]LogSlate: Window 'Message Log' being destroyed
[2020.07.17-23.55.14:077][819]LogActorFactory: Actor Factory created PAINTgun
[2020.07.17-23.55.15:085][830]LogActorFactory: Actor Factory created PAINTgun
[2020.07.17-23.55.22:108][914]LogShaderCompilers: Display: Worker (2/3): shaders left to compile 20
[2020.07.17-23.55.23:146][927]LogShaderCompilers: Display: Worker (1/3): shaders left to compile 13
[2020.07.17-23.55.43:805][175]Cmd: DELETE
[2020.07.17-23.55.43:806][175]Cmd: ACTOR DELETE
[2020.07.17-23.55.43:847][175]LogEditorActor: Deleted Actor: StaticMeshActor
[2020.07.17-23.55.43:891][175]LogUObjectHash: Compacting FUObjectHashTables data took   3.22ms
[2020.07.17-23.55.43:897][175]LogEditorActor: Deleted 1 Actors (0.080 secs)
[2020.07.17-23.55.44:624][184]LogShaderCompilers: Display: Worker (2/3): shaders left to compile 8
[2020.07.17-23.55.45:608][196]LogShaderCompilers: Display: Worker (1/3): shaders left to compile 5
[2020.07.17-23.55.46:684][205]LogUObjectHash: Compacting FUObjectHashTables data took   0.87ms
[2020.07.17-23.55.48:167][205]LogShaderCompilers: Display: Worker (3/3): shaders left to compile 3
[2020.07.17-23.55.48:946][205]LogSlate: Window 'Delete Assets' being destroyed
[2020.07.17-23.55.49:137][205]LogUObjectHash: Compacting FUObjectHashTables data took   2.30ms
[2020.07.17-23.55.51:893][248]LogShaderCompilers: Display: Worker (3/3): shaders left to compile 1
[2020.07.17-23.58.14:281][759]LogAudioMixer: Display: Audio Buffer Underrun detected.
[2020.07.17-23.58.25:758][793]LogD3D11RHI: Timed out while waiting for GPU to catch up. (500 ms)
[2020.07.17-23.59.01:345][838]LogFactory: FactoryCreateFile: StaticMesh with FbxFactory (0 0 ../../../../../../Users/Angelica .DESKTOP-RM5JOAJ/Documents/PAINTgun.obj)
[2020.07.17-23.59.01:365][838]LogFbx: Loading FBX Scene from ../../../../../../Users/Angelica .DESKTOP-RM5JOAJ/Documents/PAINTgun.obj
[2020.07.17-23.59.01:395][838]LogFbx: FBX Scene Loaded Succesfully
[2020.07.17-23.59.04:914][838]LogSlate: Window 'FBX Import Options' being destroyed
[2020.07.17-23.59.04:993][838]LogFbx: Display: Triangulating static mesh PaintGun_Cube.018_Black
[2020.07.17-23.59.05:041][838]LogStaticMesh: Building static mesh PAINTgun_PaintGun_Cube_018_Black...
[2020.07.17-23.59.05:050][838]LogStaticMesh: Built static mesh [0.01s] /Game/PAINTgun_PaintGun_Cube_018_Black.PAINTgun_PaintGun_Cube_018_Black
[2020.07.17-23.59.05:051][838]LogStaticMesh: Warning: PAINTgun_PaintGun_Cube_018_Black has degenerate tangent bases which will result in incorrect shading.  MikkTSpace relies on tangent bases and may result in mesh corruption, consider disabling this option.
[2020.07.17-23.59.05:051][838]LogStaticMesh: Warning: PAINTgun_PaintGun_Cube_018_Black has some nearly zero bi-normals which can create some issues. (Tolerance of 1E-4)
[2020.07.17-23.59.05:054][838]LogPhysicsCore: Warning: PHYSX: (D:\Build\++Fortnite\Sync\Engine\Source\ThirdParty\PhysX3\PhysX_3.4\Source\PhysXCooking\src\convex\QuickHullConvexHullLib.cpp 937) eINTERNAL_ERROR : QuickHullConvexHullLib::findSimplex: Simplex input points appers to be coplanar.
[2020.07.17-23.59.05:054][838]LogPhysicsCore: Warning: PHYSX: (D:\Build\++Fortnite\Sync\Engine\Source\ThirdParty\PhysX3\PhysX_3.4\Source\PhysXCooking\src\convex\QuickHullConvexHullLib.cpp 937) eINTERNAL_ERROR : QuickHullConvexHullLib::findSimplex: Simplex input points appers to be coplanar.
[2020.07.17-23.59.05:054][838]LogPhysics: Warning: Failed to cook convex: /Game/PAINTgun_PaintGun_Cube_018_Black.PAINTgun_PaintGun_Cube_018_Black 0 (FlipX:0). The remaining elements will not get cooked.
[2020.07.17-23.59.05:054][838]LogPhysicsCore: Warning: PHYSX: (D:\Build\++Fortnite\Sync\Engine\Source\ThirdParty\PhysX3\PhysX_3.4\Source\PhysXCooking\src\convex\QuickHullConvexHullLib.cpp 937) eINTERNAL_ERROR : QuickHullConvexHullLib::findSimplex: Simplex input points appers to be coplanar.
[2020.07.17-23.59.05:054][838]LogPhysicsCore: Warning: PHYSX: (D:\Build\++Fortnite\Sync\Engine\Source\ThirdParty\PhysX3\PhysX_3.4\Source\PhysXCooking\src\convex\QuickHullConvexHullLib.cpp 937) eINTERNAL_ERROR : QuickHullConvexHullLib::findSimplex: Simplex input points appers to be coplanar.
[2020.07.17-23.59.05:054][838]LogPhysics: Warning: Failed to cook convex: /Game/PAINTgun_PaintGun_Cube_018_Black.PAINTgun_PaintGun_Cube_018_Black 0 (FlipX:1). The remaining elements will not get cooked.
[2020.07.17-23.59.05:054][838]LogPhysics: Warning: Attempt to build physics data for /Game/PAINTgun_PaintGun_Cube_018_Black.PAINTgun_PaintGun_Cube_018_Black:BodySetup_0 when we are unable to.
[2020.07.17-23.59.05:065][838]LogFbx: Display: Triangulating static mesh PaintGun_Cube.018_Jawn
[2020.07.17-23.59.05:081][838]LogStaticMesh: Building static mesh PAINTgun_PaintGun_Cube_018_Jawn...
[2020.07.17-23.59.05:084][838]LogStaticMesh: Built static mesh [0.00s] /Game/PAINTgun_PaintGun_Cube_018_Jawn.PAINTgun_PaintGun_Cube_018_Jawn
[2020.07.17-23.59.05:085][838]LogPhysics: Warning: Failed to cook TriMesh: /Game/PAINTgun_PaintGun_Cube_018_Jawn.PAINTgun_PaintGun_Cube_018_Jawn.
[2020.07.17-23.59.05:086][838]LogPhysics: Warning: Attempt to build physics data for /Game/PAINTgun_PaintGun_Cube_018_Jawn.PAINTgun_PaintGun_Cube_018_Jawn:BodySetup_0 when we are unable to.
[2020.07.17-23.59.05:094][838]LogFbx: Display: Triangulating static mesh PaintGun_Cube.018_Material
[2020.07.17-23.59.05:099][838]LogStaticMesh: Building static mesh PAINTgun_PaintGun_Cube_018_Material...
[2020.07.17-23.59.05:102][838]LogStaticMesh: Built static mesh [0.00s] /Game/PAINTgun_PaintGun_Cube_018_Material.PAINTgun_PaintGun_Cube_018_Material
[2020.07.17-23.59.05:103][838]LogPhysics: Warning: Failed to cook TriMesh: /Game/PAINTgun_PaintGun_Cube_018_Material.PAINTgun_PaintGun_Cube_018_Material.
[2020.07.17-23.59.05:103][838]LogPhysics: Warning: Attempt to build physics data for /Game/PAINTgun_PaintGun_Cube_018_Material.PAINTgun_PaintGun_Cube_018_Material:BodySetup_0 when we are unable to.
[2020.07.17-23.59.05:105][838]LogPhysics: Warning: Failed to cook TriMesh: /Game/PAINTgun_PaintGun_Cube_018_Material.PAINTgun_PaintGun_Cube_018_Material.
[2020.07.17-23.59.05:105][838]LogPhysics: Warning: Attempt to build physics data for /Game/PAINTgun_PaintGun_Cube_018_Material.PAINTgun_PaintGun_Cube_018_Material:BodySetup_0 when we are unable to.
[2020.07.17-23.59.05:110][838]LogPhysics: Warning: Failed to cook TriMesh: /Game/PAINTgun_PaintGun_Cube_018_Jawn.PAINTgun_PaintGun_Cube_018_Jawn.
[2020.07.17-23.59.05:110][838]LogPhysics: Warning: Attempt to build physics data for /Game/PAINTgun_PaintGun_Cube_018_Jawn.PAINTgun_PaintGun_Cube_018_Jawn:BodySetup_0 when we are unable to.
[2020.07.17-23.59.05:111][838]LogPhysics: Warning: Failed to cook TriMesh: /Game/PAINTgun_PaintGun_Cube_018_Material.PAINTgun_PaintGun_Cube_018_Material.
[2020.07.17-23.59.05:111][838]LogPhysics: Warning: Attempt to build physics data for /Game/PAINTgun_PaintGun_Cube_018_Material.PAINTgun_PaintGun_Cube_018_Material:BodySetup_0 when we are unable to.
[2020.07.17-23.59.05:116][838]FBXImport: Warning: No smoothing group information was found in this FBX scene.  Please make sure to enable the 'Export Smoothing Groups' option in the FBX Exporter plug-in before exporting the file.  Even for tools that don't support smoothing groups, the FBX Exporter will generate appropriate smoothing data at export-time so that correct vertex normals can be inferred while importing. 
[2020.07.17-23.59.05:116][838]FBXImport: Warning: PAINTgun_PaintGun_Cube_018_Black has degenerate tangent bases which will result in incorrect shading.  MikkTSpace relies on tangent bases and may result in mesh corruption, consider disabling this option. 
[2020.07.17-23.59.05:116][838]FBXImport: Warning: PAINTgun_PaintGun_Cube_018_Black has some nearly zero bi-normals which can create some issues. (Tolerance of 1E-4) 
[2020.07.17-23.59.05:211][838]LogPhysicsCore: Warning: PHYSX: (D:\Build\++Fortnite\Sync\Engine\Source\ThirdParty\PhysX3\PhysX_3.4\Source\PhysXCooking\src\convex\QuickHullConvexHullLib.cpp 937) eINTERNAL_ERROR : QuickHullConvexHullLib::findSimplex: Simplex input points appers to be coplanar.
[2020.07.17-23.59.05:211][838]LogPhysicsCore: Warning: PHYSX: (D:\Build\++Fortnite\Sync\Engine\Source\ThirdParty\PhysX3\PhysX_3.4\Source\PhysXCooking\src\convex\QuickHullConvexHullLib.cpp 937) eINTERNAL_ERROR : QuickHullConvexHullLib::findSimplex: Simplex input points appers to be coplanar.
[2020.07.17-23.59.05:211][838]LogPhysics: Warning: Failed to cook convex: /Game/PAINTgun_PaintGun_Cube_018_Black.PAINTgun_PaintGun_Cube_018_Black 0 (FlipX:0). The remaining elements will not get cooked.
[2020.07.17-23.59.05:211][838]LogPhysicsCore: Warning: PHYSX: (D:\Build\++Fortnite\Sync\Engine\Source\ThirdParty\PhysX3\PhysX_3.4\Source\PhysXCooking\src\convex\QuickHullConvexHullLib.cpp 937) eINTERNAL_ERROR : QuickHullConvexHullLib::findSimplex: Simplex input points appers to be coplanar.
[2020.07.17-23.59.05:211][838]LogPhysicsCore: Warning: PHYSX: (D:\Build\++Fortnite\Sync\Engine\Source\ThirdParty\PhysX3\PhysX_3.4\Source\PhysXCooking\src\convex\QuickHullConvexHullLib.cpp 937) eINTERNAL_ERROR : QuickHullConvexHullLib::findSimplex: Simplex input points appers to be coplanar.
[2020.07.17-23.59.05:211][838]LogPhysics: Warning: Failed to cook convex: /Game/PAINTgun_PaintGun_Cube_018_Black.PAINTgun_PaintGun_Cube_018_Black 0 (FlipX:1). The remaining elements will not get cooked.
[2020.07.17-23.59.05:211][838]LogPhysics: Warning: Attempt to build physics data for /Game/PAINTgun_PaintGun_Cube_018_Black.PAINTgun_PaintGun_Cube_018_Black:BodySetup_0 when we are unable to.
[2020.07.17-23.59.09:981][896]LogSlate: Window 'Message Log' being destroyed
[2020.07.17-23.59.10:098][896]LogSlate: Window 'Message Log' being destroyed
[2020.07.17-23.59.22:688][968]LogWindows: FPlatformMisc::RequestExit(1)
[2020.07.17-23.59.22:688][968]LogCore: Engine exit requested (reason: Win RequestExit)
[2020.07.17-23.59.22:690][968]Log file closed, 07/17/20 19:59:22
