Log file open, 07/17/20 00:25:30
LogInit: Display: Running engine for game: PAINT
LogPlatformFile: Not using cached read wrapper
LogTaskGraph: Started task graph with 5 named threads and 11 total threads with 3 sets of task threads.
LogStats: Stats thread started at 3.397771
LogD3D11RHI: Loaded GFSDK_Aftermath_Lib.x64.dll
LogICUInternationalization: ICU TimeZone Detection - Raw Offset: -5:00, Platform Override: ''
LogPluginManager: Mounting plugin Paper2D
LogPluginManager: Mounting plugin AISupport
LogPluginManager: Mounting plugin LightPropagationVolume
LogPluginManager: Mounting plugin CameraShakePreviewer
LogPluginManager: Mounting plugin ActorLayerUtilities
LogPluginManager: Mounting plugin AnimationSharing
LogPluginManager: Mounting plugin CLionSourceCodeAccess
LogPluginManager: Mounting plugin CodeLiteSourceCodeAccess
LogPluginManager: Mounting plugin GitSourceControl
LogPluginManager: Mounting plugin KDevelopSourceCodeAccess
LogPluginManager: Mounting plugin NullSourceCodeAccess
LogPluginManager: Mounting plugin PerforceSourceControl
LogPluginManager: Mounting plugin PlasticSourceControl
LogPluginManager: Mounting plugin RiderSourceCodeAccess
LogPluginManager: Mounting plugin SubversionSourceControl
LogPluginManager: Mounting plugin UObjectPlugin
LogPluginManager: Mounting plugin VisualStudioCodeSourceCodeAccess
LogPluginManager: Mounting plugin VisualStudioSourceCodeAccess
LogPluginManager: Mounting plugin XCodeSourceCodeAccess
LogPluginManager: Mounting plugin AssetManagerEditor
LogPluginManager: Mounting plugin CryptoKeys
LogPluginManager: Mounting plugin CurveEditorTools
LogPluginManager: Mounting plugin DataValidation
LogPluginManager: Mounting plugin EditorScriptingUtilities
LogPluginManager: Mounting plugin FacialAnimation
LogPluginManager: Mounting plugin GameplayTagsEditor
LogPluginManager: Mounting plugin GeometryMode
LogPluginManager: Mounting plugin MacGraphicsSwitching
LogPluginManager: Mounting plugin MaterialAnalyzer
LogPluginManager: Mounting plugin MobileLauncherProfileWizard
LogPluginManager: Mounting plugin PluginBrowser
LogPluginManager: Mounting plugin SpeedTreeImporter
LogPluginManager: Mounting plugin DatasmithContent
LogPluginManager: Mounting plugin VariantManagerContent
LogPluginManager: Mounting plugin AlembicImporter
LogPluginManager: Mounting plugin AutomationUtils
LogPluginManager: Mounting plugin BackChannel
LogPluginManager: Mounting plugin ChaosCloth
LogPluginManager: Mounting plugin ChaosClothEditor
LogPluginManager: Mounting plugin ChaosEditor
LogPluginManager: Mounting plugin ChaosNiagara
LogPluginManager: Mounting plugin ChaosSolverPlugin
LogPluginManager: Mounting plugin CharacterAI
LogPluginManager: Mounting plugin GeometryCache
LogPluginManager: Mounting plugin GeometryCollectionPlugin
LogPluginManager: Mounting plugin GeometryProcessing
LogPluginManager: Mounting plugin PlanarCut
LogPluginManager: Mounting plugin PlatformCrypto
LogPluginManager: Mounting plugin ProxyLODPlugin
LogPluginManager: Mounting plugin SkeletalReduction
LogPluginManager: Mounting plugin Niagara
LogPluginManager: Mounting plugin MagicLeap
LogPluginManager: Mounting plugin MagicLeapLightEstimation
LogPluginManager: Mounting plugin MagicLeapMedia
LogPluginManager: Mounting plugin MagicLeapPassableWorld
LogPluginManager: Mounting plugin MLSDK
LogPluginManager: Mounting plugin AndroidMedia
LogPluginManager: Mounting plugin AvfMedia
LogPluginManager: Mounting plugin ImgMedia
LogPluginManager: Mounting plugin MediaCompositing
LogPluginManager: Mounting plugin MediaPlayerEditor
LogPluginManager: Mounting plugin WebMMedia
LogPluginManager: Mounting plugin WmfMedia
LogPluginManager: Mounting plugin MeshPainting
LogPluginManager: Mounting plugin TcpMessaging
LogPluginManager: Mounting plugin UdpMessaging
LogPluginManager: Mounting plugin ActorSequence
LogPluginManager: Mounting plugin LevelSequenceEditor
LogPluginManager: Mounting plugin MatineeToLevelSequence
LogPluginManager: Mounting plugin MovieRenderPipeline
LogPluginManager: Mounting plugin TemplateSequence
LogPluginManager: Mounting plugin NetcodeUnitTest
LogPluginManager: Mounting plugin NUTUnrealEngine4
LogPluginManager: Mounting plugin OnlineSubsystemGooglePlay
LogPluginManager: Mounting plugin OnlineSubsystemIOS
LogPluginManager: Mounting plugin OnlineSubsystem
LogPluginManager: Mounting plugin OnlineSubsystemNull
LogPluginManager: Mounting plugin OnlineSubsystemUtils
LogPluginManager: Mounting plugin LauncherChunkInstaller
LogPluginManager: Mounting plugin AndroidDeviceProfileSelector
LogPluginManager: Mounting plugin AndroidMoviePlayer
LogPluginManager: Mounting plugin AndroidPermission
LogPluginManager: Mounting plugin AppleImageUtils
LogPluginManager: Mounting plugin AppleMoviePlayer
LogPluginManager: Mounting plugin ArchVisCharacter
LogPluginManager: Mounting plugin AssetTags
LogPluginManager: Mounting plugin AudioCapture
LogPluginManager: Mounting plugin CableComponent
LogPluginManager: Mounting plugin CustomMeshComponent
LogPluginManager: Mounting plugin EditableMesh
LogPluginManager: Mounting plugin ExampleDeviceProfileSelector
LogPluginManager: Mounting plugin GoogleCloudMessaging
LogPluginManager: Mounting plugin GooglePAD
LogPluginManager: Mounting plugin IOSDeviceProfileSelector
LogPluginManager: Mounting plugin LinuxDeviceProfileSelector
LogPluginManager: Mounting plugin LocationServicesBPLibrary
LogPluginManager: Mounting plugin MobilePatchingUtils
LogPluginManager: Mounting plugin OculusVR
LogPluginManager: Mounting plugin PhysXVehicles
LogPluginManager: Mounting plugin PostSplashScreen
LogPluginManager: Mounting plugin ProceduralMeshComponent
LogPluginManager: Mounting plugin RuntimePhysXCooking
LogPluginManager: Mounting plugin SignificanceManager
LogPluginManager: Mounting plugin SoundFields
LogPluginManager: Mounting plugin SteamVR
LogPluginManager: Mounting plugin Synthesis
LogPluginManager: Mounting plugin WebMMoviePlayer
LogPluginManager: Mounting plugin WindowsMoviePlayer
LogPluginManager: Mounting plugin ScreenshotTools
LogInit: Using libcurl 7.55.1-DEV
LogInit:  - built for x86_64-pc-win32
LogInit:  - supports SSL with OpenSSL/1.1.1
LogInit:  - supports HTTP deflate (compression) using libz 1.2.8
LogInit:  - other features:
LogInit:      CURL_VERSION_SSL
LogInit:      CURL_VERSION_LIBZ
LogInit:      CURL_VERSION_IPV6
LogInit:      CURL_VERSION_ASYNCHDNS
LogInit:      CURL_VERSION_LARGEFILE
LogInit:      CURL_VERSION_IDN
LogInit:  CurlRequestOptions (configurable via config and command line):
LogInit:  - bVerifyPeer = true  - Libcurl will verify peer certificate
LogInit:  - bUseHttpProxy = false  - Libcurl will NOT use HTTP proxy
LogInit:  - bDontReuseConnections = false  - Libcurl will reuse connections
LogInit:  - MaxHostConnections = 16  - Libcurl will limit the number of connections to a host
LogInit:  - LocalHostAddr = Default
LogInit:  - BufferSize = 65536
LogOnline: OSS: Creating online subsystem instance for: NULL
LogInit: WinSock: version 1.1 (2.2), MaxSocks=32767, MaxUdp=65467
LogOnline: OSS: TryLoadSubsystemAndSetDefault: Loaded subsystem for module [NULL]
LogInit: Build: ++UE4+Release-4.25-CL-13594126
LogInit: Engine Version: 4.25.1-13594126+++UE4+Release-4.25
LogInit: Compatible Engine Version: 4.25.0-13144385+++UE4+Release-4.25
LogInit: Net CL: 13144385
LogInit: OS: Windows 10 (Release 1909) (), CPU: Intel(R) Core(TM) i7-7500U CPU @ 2.70GHz, GPU: Intel(R) HD Graphics 620
LogInit: Compiled (64-bit): Jun  2 2020 02:10:36
LogInit: Compiled with Visual C++: 19.24.28315.00
LogInit: Build Configuration: Development
LogInit: Branch Name: ++UE4+Release-4.25
LogInit: Command Line: 
LogInit: Base Directory: C:/Program Files/Epic Games/UE_4.25/Engine/Binaries/Win64/
LogInit: Allocator: TBB
LogInit: Installed Engine Build: 1
LogDevObjectVersion: Number of dev versions registered: 26
LogDevObjectVersion:   Dev-Blueprints (B0D832E4-1F89-4F0D-ACCF-7EB736FD4AA2): 10
LogDevObjectVersion:   Dev-Build (E1C64328-A22C-4D53-A36C-8E866417BD8C): 0
LogDevObjectVersion:   Dev-Core (375EC13C-06E4-48FB-B500-84F0262A717E): 4
LogDevObjectVersion:   Dev-Editor (E4B068ED-F494-42E9-A231-DA0B2E46BB41): 38
LogDevObjectVersion:   Dev-Framework (CFFC743F-43B0-4480-9391-14DF171D2073): 37
LogDevObjectVersion:   Dev-Mobile (B02B49B5-BB20-44E9-A304-32B752E40360): 2
LogDevObjectVersion:   Dev-Networking (A4E4105C-59A1-49B5-A7C5-40C4547EDFEE): 0
LogDevObjectVersion:   Dev-Online (39C831C9-5AE6-47DC-9A44-9C173E1C8E7C): 0
LogDevObjectVersion:   Dev-Physics (78F01B33-EBEA-4F98-B9B4-84EACCB95AA2): 4
LogDevObjectVersion:   Dev-Platform (6631380F-2D4D-43E0-8009-CF276956A95A): 0
LogDevObjectVersion:   Dev-Rendering (12F88B9F-8875-4AFC-A67C-D90C383ABD29): 43
LogDevObjectVersion:   Dev-Sequencer (7B5AE74C-D270-4C10-A958-57980B212A5A): 12
LogDevObjectVersion:   Dev-VR (D7296918-1DD6-4BDD-9DE2-64A83CC13884): 3
LogDevObjectVersion:   Dev-LoadTimes (C2A15278-BFE7-4AFE-6C17-90FF531DF755): 1
LogDevObjectVersion:   Private-Geometry (6EACA3D4-40EC-4CC1-B786-8BED09428FC5): 3
LogDevObjectVersion:   Dev-AnimPhys (29E575DD-E0A3-4627-9D10-D276232CDCEA): 17
LogDevObjectVersion:   Dev-Anim (AF43A65D-7FD3-4947-9873-3E8ED9C1BB05): 7
LogDevObjectVersion:   Dev-ReflectionCapture (6B266CEC-1EC7-4B8F-A30B-E4D90942FC07): 1
LogDevObjectVersion:   Dev-Automation (0DF73D61-A23F-47EA-B727-89E90C41499A): 1
LogDevObjectVersion:   FortniteMain (601D1886-AC64-4F84-AA16-D3DE0DEAC7D6): 31
LogDevObjectVersion:   Dev-Enterprise (9DFFBCD6-494F-0158-E221-12823C92A888): 10
LogDevObjectVersion:   Dev-Niagara (F2AED0AC-9AFE-416F-8664-AA7FFA26D6FC): 1
LogDevObjectVersion:   Dev-Destruction (174F1F0B-B4C6-45A5-B13F-2EE8D0FB917D): 10
LogDevObjectVersion:   Dev-Physics-Ext (35F94A83-E258-406C-A318-09F59610247C): 37
LogDevObjectVersion:   Dev-PhysicsMaterial-Chaos (B68FC16E-8B1B-42E2-B453-215C058844FE): 1
LogDevObjectVersion:   Dev-CineCamera (B2E18506-4273-CFC2-A54E-F4BB758BBA07): 1
LogInit: Presizing for max 25165824 objects, including 0 objects not considered by GC, pre-allocating 0 bytes for permanent pool.
LogConfig: Applying CVar settings from Section [/Script/Engine.StreamingSettings] File [C:/Users/Angelica .DESKTOP-RM5JOAJ/Documents/PaintShooter/PAINT/Saved/Config/Windows/Engine.ini]
LogConfig: Setting CVar [[s.MinBulkDataSizeForAsyncLoading:131072]]
LogConfig: Setting CVar [[s.AsyncLoadingThreadEnabled:0]]
LogConfig: Setting CVar [[s.EventDrivenLoaderEnabled:1]]
LogConfig: Setting CVar [[s.WarnIfTimeLimitExceeded:0]]
LogConfig: Setting CVar [[s.TimeLimitExceededMultiplier:1.5]]
LogConfig: Setting CVar [[s.TimeLimitExceededMinTime:0.005]]
LogConfig: Setting CVar [[s.UseBackgroundLevelStreaming:1]]
LogConfig: Setting CVar [[s.PriorityAsyncLoadingExtraTime:15.0]]
LogConfig: Setting CVar [[s.LevelStreamingActorsUpdateTimeLimit:5.0]]
LogConfig: Setting CVar [[s.PriorityLevelStreamingActorsUpdateExtraTime:5.0]]
LogConfig: Setting CVar [[s.LevelStreamingComponentsRegistrationGranularity:10]]
LogConfig: Setting CVar [[s.UnregisterComponentsTimeLimit:1.0]]
LogConfig: Setting CVar [[s.LevelStreamingComponentsUnregistrationGranularity:5]]
LogConfig: Setting CVar [[s.FlushStreamingOnExit:1]]
LogInit: Object subsystem initialized
LogConfig: Setting CVar [[con.DebugEarlyDefault:1]]
LogConfig: Setting CVar [[r.setres:1280x720]]
[2020.07.17-04.25.31:279][  0]LogConfig: Setting CVar [[r.VSync:0]]
[2020.07.17-04.25.31:279][  0]LogConfig: Setting CVar [[r.RHICmdBypass:0]]
[2020.07.17-04.25.31:279][  0]LogConfig: Applying CVar settings from Section [/Script/Engine.RendererSettings] File [C:/Users/Angelica .DESKTOP-RM5JOAJ/Documents/PaintShooter/PAINT/Saved/Config/Windows/Engine.ini]
[2020.07.17-04.25.31:279][  0]LogConfig: Setting CVar [[r.GPUCrashDebugging:0]]
[2020.07.17-04.25.31:279][  0]LogConfig: Applying CVar settings from Section [/Script/Engine.RendererOverrideSettings] File [C:/Users/Angelica .DESKTOP-RM5JOAJ/Documents/PaintShooter/PAINT/Saved/Config/Windows/Engine.ini]
[2020.07.17-04.25.31:279][  0]LogConfig: Applying CVar settings from Section [/Script/Engine.StreamingSettings] File [C:/Users/Angelica .DESKTOP-RM5JOAJ/Documents/PaintShooter/PAINT/Saved/Config/Windows/Engine.ini]
[2020.07.17-04.25.31:279][  0]LogConfig: Setting CVar [[s.MinBulkDataSizeForAsyncLoading:131072]]
[2020.07.17-04.25.31:279][  0]LogConfig: Setting CVar [[s.AsyncLoadingThreadEnabled:0]]
[2020.07.17-04.25.31:279][  0]LogConfig: Setting CVar [[s.EventDrivenLoaderEnabled:1]]
[2020.07.17-04.25.31:279][  0]LogConfig: Setting CVar [[s.WarnIfTimeLimitExceeded:0]]
[2020.07.17-04.25.31:279][  0]LogConfig: Setting CVar [[s.TimeLimitExceededMultiplier:1.5]]
[2020.07.17-04.25.31:279][  0]LogConfig: Setting CVar [[s.TimeLimitExceededMinTime:0.005]]
[2020.07.17-04.25.31:279][  0]LogConfig: Setting CVar [[s.UseBackgroundLevelStreaming:1]]
[2020.07.17-04.25.31:280][  0]LogConfig: Setting CVar [[s.PriorityAsyncLoadingExtraTime:15.0]]
[2020.07.17-04.25.31:280][  0]LogConfig: Setting CVar [[s.LevelStreamingActorsUpdateTimeLimit:5.0]]
[2020.07.17-04.25.31:280][  0]LogConfig: Setting CVar [[s.PriorityLevelStreamingActorsUpdateExtraTime:5.0]]
[2020.07.17-04.25.31:280][  0]LogConfig: Setting CVar [[s.LevelStreamingComponentsRegistrationGranularity:10]]
[2020.07.17-04.25.31:280][  0]LogConfig: Setting CVar [[s.UnregisterComponentsTimeLimit:1.0]]
[2020.07.17-04.25.31:280][  0]LogConfig: Setting CVar [[s.LevelStreamingComponentsUnregistrationGranularity:5]]
[2020.07.17-04.25.31:280][  0]LogConfig: Setting CVar [[s.FlushStreamingOnExit:1]]
[2020.07.17-04.25.31:280][  0]LogConfig: Applying CVar settings from Section [/Script/Engine.GarbageCollectionSettings] File [C:/Users/Angelica .DESKTOP-RM5JOAJ/Documents/PaintShooter/PAINT/Saved/Config/Windows/Engine.ini]
[2020.07.17-04.25.31:280][  0]LogConfig: Setting CVar [[gc.MaxObjectsNotConsideredByGC:1]]
[2020.07.17-04.25.31:280][  0]LogConfig: Setting CVar [[gc.SizeOfPermanentObjectPool:0]]
[2020.07.17-04.25.31:280][  0]LogConfig: Setting CVar [[gc.FlushStreamingOnGC:0]]
[2020.07.17-04.25.31:280][  0]LogConfig: Setting CVar [[gc.NumRetriesBeforeForcingGC:10]]
[2020.07.17-04.25.31:280][  0]LogConfig: Setting CVar [[gc.AllowParallelGC:1]]
[2020.07.17-04.25.31:280][  0]LogConfig: Setting CVar [[gc.TimeBetweenPurgingPendingKillObjects:61.1]]
[2020.07.17-04.25.31:280][  0]LogConfig: Setting CVar [[gc.MaxObjectsInEditor:25165824]]
[2020.07.17-04.25.31:280][  0]LogConfig: Setting CVar [[gc.IncrementalBeginDestroyEnabled:1]]
[2020.07.17-04.25.31:280][  0]LogConfig: Setting CVar [[gc.CreateGCClusters:1]]
[2020.07.17-04.25.31:280][  0]LogConfig: Setting CVar [[gc.MinGCClusterSize:5]]
[2020.07.17-04.25.31:280][  0]LogConfig: Setting CVar [[gc.ActorClusteringEnabled:0]]
[2020.07.17-04.25.31:280][  0]LogConfig: Setting CVar [[gc.BlueprintClusteringEnabled:0]]
[2020.07.17-04.25.31:280][  0]LogConfig: Setting CVar [[gc.UseDisregardForGCOnDedicatedServers:0]]
[2020.07.17-04.25.31:280][  0]LogConfig: Applying CVar settings from Section [/Script/Engine.NetworkSettings] File [C:/Users/Angelica .DESKTOP-RM5JOAJ/Documents/PaintShooter/PAINT/Saved/Config/Windows/Engine.ini]
[2020.07.17-04.25.31:280][  0]LogConfig: Applying CVar settings from Section [/Script/UnrealEd.CookerSettings] File [C:/Users/Angelica .DESKTOP-RM5JOAJ/Documents/PaintShooter/PAINT/Saved/Config/Windows/Engine.ini]
[2020.07.17-04.25.31:288][  0]LogConfig: Applying CVar settings from Section [ViewDistanceQuality@3] File [C:/Users/Angelica .DESKTOP-RM5JOAJ/Documents/PaintShooter/PAINT/Saved/Config/Windows/Scalability.ini]
[2020.07.17-04.25.31:288][  0]LogConfig: Setting CVar [[r.SkeletalMeshLODBias:0]]
[2020.07.17-04.25.31:288][  0]LogConfig: Setting CVar [[r.ViewDistanceScale:1.0]]
[2020.07.17-04.25.31:288][  0]LogConfig: Applying CVar settings from Section [AntiAliasingQuality@3] File [C:/Users/Angelica .DESKTOP-RM5JOAJ/Documents/PaintShooter/PAINT/Saved/Config/Windows/Scalability.ini]
[2020.07.17-04.25.31:288][  0]LogConfig: Setting CVar [[r.PostProcessAAQuality:4]]
[2020.07.17-04.25.31:288][  0]LogConfig: Applying CVar settings from Section [ShadowQuality@3] File [C:/Users/Angelica .DESKTOP-RM5JOAJ/Documents/PaintShooter/PAINT/Saved/Config/Windows/Scalability.ini]
[2020.07.17-04.25.31:288][  0]LogConfig: Setting CVar [[r.LightFunctionQuality:1]]
[2020.07.17-04.25.31:288][  0]LogConfig: Setting CVar [[r.ShadowQuality:5]]
[2020.07.17-04.25.31:288][  0]LogConfig: Setting CVar [[r.Shadow.CSM.MaxCascades:10]]
[2020.07.17-04.25.31:289][  0]LogConfig: Setting CVar [[r.Shadow.MaxResolution:2048]]
[2020.07.17-04.25.31:289][  0]LogConfig: Setting CVar [[r.Shadow.MaxCSMResolution:2048]]
[2020.07.17-04.25.31:289][  0]LogConfig: Setting CVar [[r.Shadow.RadiusThreshold:0.01]]
[2020.07.17-04.25.31:289][  0]LogConfig: Setting CVar [[r.Shadow.DistanceScale:1.0]]
[2020.07.17-04.25.31:289][  0]LogConfig: Setting CVar [[r.Shadow.CSM.TransitionScale:1.0]]
[2020.07.17-04.25.31:289][  0]LogConfig: Setting CVar [[r.Shadow.PreShadowResolutionFactor:1.0]]
[2020.07.17-04.25.31:289][  0]LogConfig: Setting CVar [[r.DistanceFieldShadowing:1]]
[2020.07.17-04.25.31:289][  0]LogConfig: Setting CVar [[r.DistanceFieldAO:1]]
[2020.07.17-04.25.31:289][  0]LogConfig: Setting CVar [[r.AOQuality:2]]
[2020.07.17-04.25.31:289][  0]LogConfig: Setting CVar [[r.VolumetricFog:1]]
[2020.07.17-04.25.31:289][  0]LogConfig: Setting CVar [[r.VolumetricFog.GridPixelSize:8]]
[2020.07.17-04.25.31:289][  0]LogConfig: Setting CVar [[r.VolumetricFog.GridSizeZ:128]]
[2020.07.17-04.25.31:289][  0]LogConfig: Setting CVar [[r.VolumetricFog.HistoryMissSupersampleCount:4]]
[2020.07.17-04.25.31:289][  0]LogConfig: Setting CVar [[r.LightMaxDrawDistanceScale:1]]
[2020.07.17-04.25.31:289][  0]LogConfig: Setting CVar [[r.CapsuleShadows:1]]
[2020.07.17-04.25.31:289][  0]LogConfig: Applying CVar settings from Section [PostProcessQuality@3] File [C:/Users/Angelica .DESKTOP-RM5JOAJ/Documents/PaintShooter/PAINT/Saved/Config/Windows/Scalability.ini]
[2020.07.17-04.25.31:289][  0]LogConfig: Setting CVar [[r.MotionBlurQuality:4]]
[2020.07.17-04.25.31:289][  0]LogConfig: Setting CVar [[r.AmbientOcclusionMipLevelFactor:0.4]]
[2020.07.17-04.25.31:289][  0]LogConfig: Setting CVar [[r.AmbientOcclusionMaxQuality:100]]
[2020.07.17-04.25.31:289][  0]LogConfig: Setting CVar [[r.AmbientOcclusionLevels:-1]]
[2020.07.17-04.25.31:289][  0]LogConfig: Setting CVar [[r.AmbientOcclusionRadiusScale:1.0]]
[2020.07.17-04.25.31:290][  0]LogConfig: Setting CVar [[r.DepthOfFieldQuality:2]]
[2020.07.17-04.25.31:290][  0]LogConfig: Setting CVar [[r.RenderTargetPoolMin:400]]
[2020.07.17-04.25.31:290][  0]LogConfig: Setting CVar [[r.LensFlareQuality:2]]
[2020.07.17-04.25.31:290][  0]LogConfig: Setting CVar [[r.SceneColorFringeQuality:1]]
[2020.07.17-04.25.31:290][  0]LogConfig: Setting CVar [[r.EyeAdaptationQuality:2]]
[2020.07.17-04.25.31:290][  0]LogConfig: Setting CVar [[r.BloomQuality:5]]
[2020.07.17-04.25.31:290][  0]LogConfig: Setting CVar [[r.FastBlurThreshold:100]]
[2020.07.17-04.25.31:290][  0]LogConfig: Setting CVar [[r.Upscale.Quality:3]]
[2020.07.17-04.25.31:290][  0]LogConfig: Setting CVar [[r.Tonemapper.GrainQuantization:1]]
[2020.07.17-04.25.31:290][  0]LogConfig: Setting CVar [[r.LightShaftQuality:1]]
[2020.07.17-04.25.31:290][  0]LogConfig: Setting CVar [[r.Filter.SizeScale:1]]
[2020.07.17-04.25.31:290][  0]LogConfig: Setting CVar [[r.Tonemapper.Quality:5]]
[2020.07.17-04.25.31:290][  0]LogConfig: Setting CVar [[r.DOF.Gather.AccumulatorQuality:1        ; higher gathering accumulator quality]]
[2020.07.17-04.25.31:290][  0]LogConfig: Setting CVar [[r.DOF.Gather.PostfilterMethod:1          ; Median3x3 postfilering method]]
[2020.07.17-04.25.31:290][  0]LogConfig: Setting CVar [[r.DOF.Gather.EnableBokehSettings:0       ; no bokeh simulation when gathering]]
[2020.07.17-04.25.31:290][  0]LogConfig: Setting CVar [[r.DOF.Gather.RingCount:4                 ; medium number of samples when gathering]]
[2020.07.17-04.25.31:291][  0]LogConfig: Setting CVar [[r.DOF.Scatter.ForegroundCompositing:1    ; additive foreground scattering]]
[2020.07.17-04.25.31:291][  0]LogConfig: Setting CVar [[r.DOF.Scatter.BackgroundCompositing:2    ; additive background scattering]]
[2020.07.17-04.25.31:291][  0]LogConfig: Setting CVar [[r.DOF.Scatter.EnableBokehSettings:1      ; bokeh simulation when scattering]]
[2020.07.17-04.25.31:291][  0]LogConfig: Setting CVar [[r.DOF.Scatter.MaxSpriteRatio:0.1         ; only a maximum of 10% of scattered bokeh]]
[2020.07.17-04.25.31:291][  0]LogConfig: Setting CVar [[r.DOF.Recombine.Quality:1                ; cheap slight out of focus]]
[2020.07.17-04.25.31:291][  0]LogConfig: Setting CVar [[r.DOF.Recombine.EnableBokehSettings:0    ; no bokeh simulation on slight out of focus]]
[2020.07.17-04.25.31:291][  0]LogConfig: Setting CVar [[r.DOF.TemporalAAQuality:1                ; more stable temporal accumulation]]
[2020.07.17-04.25.31:291][  0]LogConfig: Setting CVar [[r.DOF.Kernel.MaxForegroundRadius:0.025]]
[2020.07.17-04.25.31:291][  0]LogConfig: Setting CVar [[r.DOF.Kernel.MaxBackgroundRadius:0.025]]
[2020.07.17-04.25.31:291][  0]LogConfig: Applying CVar settings from Section [TextureQuality@3] File [C:/Users/Angelica .DESKTOP-RM5JOAJ/Documents/PaintShooter/PAINT/Saved/Config/Windows/Scalability.ini]
[2020.07.17-04.25.31:291][  0]LogConfig: Setting CVar [[r.Streaming.MipBias:0]]
[2020.07.17-04.25.31:291][  0]LogConfig: Setting CVar [[r.Streaming.AmortizeCPUToGPUCopy:0]]
[2020.07.17-04.25.31:291][  0]LogConfig: Setting CVar [[r.Streaming.MaxNumTexturesToStreamPerFrame:0]]
[2020.07.17-04.25.31:291][  0]LogConfig: Setting CVar [[r.Streaming.Boost:1]]
[2020.07.17-04.25.31:291][  0]LogConfig: Setting CVar [[r.MaxAnisotropy:8]]
[2020.07.17-04.25.31:291][  0]LogConfig: Setting CVar [[r.VT.MaxAnisotropy:8]]
[2020.07.17-04.25.31:291][  0]LogConfig: Setting CVar [[r.Streaming.LimitPoolSizeToVRAM:0]]
[2020.07.17-04.25.31:291][  0]LogConfig: Setting CVar [[r.Streaming.PoolSize:1000]]
[2020.07.17-04.25.31:291][  0]LogConfig: Setting CVar [[r.Streaming.MaxEffectiveScreenSize:0]]
[2020.07.17-04.25.31:292][  0]LogConfig: Applying CVar settings from Section [EffectsQuality@3] File [C:/Users/Angelica .DESKTOP-RM5JOAJ/Documents/PaintShooter/PAINT/Saved/Config/Windows/Scalability.ini]
[2020.07.17-04.25.31:292][  0]LogConfig: Setting CVar [[r.TranslucencyLightingVolumeDim:64]]
[2020.07.17-04.25.31:292][  0]LogConfig: Setting CVar [[r.RefractionQuality:2]]
[2020.07.17-04.25.31:292][  0]LogConfig: Setting CVar [[r.SSR.Quality:3]]
[2020.07.17-04.25.31:292][  0]LogConfig: Setting CVar [[r.SSR.HalfResSceneColor:0]]
[2020.07.17-04.25.31:292][  0]LogConfig: Setting CVar [[r.SceneColorFormat:4]]
[2020.07.17-04.25.31:292][  0]LogConfig: Setting CVar [[r.DetailMode:2]]
[2020.07.17-04.25.31:292][  0]LogConfig: Setting CVar [[r.TranslucencyVolumeBlur:1]]
[2020.07.17-04.25.31:292][  0]LogConfig: Setting CVar [[r.MaterialQualityLevel:1 ; High quality]]
[2020.07.17-04.25.31:292][  0]LogConfig: Setting CVar [[r.SSS.Scale:1]]
[2020.07.17-04.25.31:292][  0]LogConfig: Setting CVar [[r.SSS.SampleSet:2]]
[2020.07.17-04.25.31:292][  0]LogConfig: Setting CVar [[r.SSS.Quality:1]]
[2020.07.17-04.25.31:292][  0]LogConfig: Setting CVar [[r.SSS.HalfRes:0]]
[2020.07.17-04.25.31:292][  0]LogConfig: Setting CVar [[r.SSGI.Quality:3]]
[2020.07.17-04.25.31:292][  0]LogConfig: Setting CVar [[r.EmitterSpawnRateScale:1.0]]
[2020.07.17-04.25.31:292][  0]LogConfig: Setting CVar [[r.ParticleLightQuality:2]]
[2020.07.17-04.25.31:292][  0]LogConfig: Setting CVar [[r.SkyAtmosphere.AerialPerspectiveLUT.FastApplyOnOpaque:1 ; Always have FastSkyLUT 1 in this case to avoid wrong sky]]
[2020.07.17-04.25.31:292][  0]LogConfig: Setting CVar [[r.SkyAtmosphere.AerialPerspectiveLUT.SampleCountPerSlice:1]]
[2020.07.17-04.25.31:292][  0]LogConfig: Setting CVar [[r.SkyAtmosphere.AerialPerspectiveLUT.DepthResolution:16.0]]
[2020.07.17-04.25.31:292][  0]LogConfig: Setting CVar [[r.SkyAtmosphere.FastSkyLUT:1]]
[2020.07.17-04.25.31:292][  0]LogConfig: Setting CVar [[r.SkyAtmosphere.FastSkyLUT.SampleCountMin:4.0]]
[2020.07.17-04.25.31:292][  0]LogConfig: Setting CVar [[r.SkyAtmosphere.FastSkyLUT.SampleCountMax:32.0]]
[2020.07.17-04.25.31:292][  0]LogConfig: Setting CVar [[r.SkyAtmosphere.SampleCountMin:4.0]]
[2020.07.17-04.25.31:292][  0]LogConfig: Setting CVar [[r.SkyAtmosphere.SampleCountMax:32.0]]
[2020.07.17-04.25.31:293][  0]LogConfig: Setting CVar [[r.SkyAtmosphere.TransmittanceLUT.UseSmallFormat:0]]
[2020.07.17-04.25.31:293][  0]LogConfig: Setting CVar [[r.SkyAtmosphere.TransmittanceLUT.SampleCount:10.0]]
[2020.07.17-04.25.31:293][  0]LogConfig: Setting CVar [[r.SkyAtmosphere.MultiScatteringLUT.SampleCount:15.0]]
[2020.07.17-04.25.31:293][  0]LogConfig: Applying CVar settings from Section [FoliageQuality@3] File [C:/Users/Angelica .DESKTOP-RM5JOAJ/Documents/PaintShooter/PAINT/Saved/Config/Windows/Scalability.ini]
[2020.07.17-04.25.31:293][  0]LogConfig: Setting CVar [[foliage.DensityScale:1.0]]
[2020.07.17-04.25.31:293][  0]LogConfig: Setting CVar [[grass.DensityScale:1.0]]
[2020.07.17-04.25.31:293][  0]LogConfig: Applying CVar settings from Section [ShadingQuality@3] File [C:/Users/Angelica .DESKTOP-RM5JOAJ/Documents/PaintShooter/PAINT/Saved/Config/Windows/Scalability.ini]
[2020.07.17-04.25.31:293][  0]LogConfig: Setting CVar [[r.HairStrands.SkyLighting.SampleCount:16]]
[2020.07.17-04.25.31:293][  0]LogConfig: Setting CVar [[r.HairStrands.SkyLighting.JitterIntegration:0]]
[2020.07.17-04.25.31:293][  0]LogConfig: Setting CVar [[r.HairStrands.SkyAO.SampleCount:16]]
[2020.07.17-04.25.31:293][  0]LogConfig: Setting CVar [[r.HairStrands.DeepShadow.SuperSampling:0]]
[2020.07.17-04.25.31:293][  0]LogConfig: Setting CVar [[r.HairStrands.VisibilityPPLL:0]]
[2020.07.17-04.25.31:293][  0]LogConfig: Setting CVar [[r.HairStrands.RasterizationScale:0.5]]
[2020.07.17-04.25.31:293][  0]LogConfig: Setting CVar [[r.HairStrands.VelocityRasterizationScale:1]]
[2020.07.17-04.25.31:293][  0]LogInit: Selected Device Profile: [Windows]
[2020.07.17-04.25.31:293][  0]LogInit: Applying CVar settings loaded from the selected device profile: [Windows]
[2020.07.17-04.25.31:294][  0]LogHAL: Display: Platform has ~ 16 GB [17052516352 / 17179869184 / 16], which maps to Larger [LargestMinGB=32, LargerMinGB=12, DefaultMinGB=8, SmallerMinGB=6, SmallestMinGB=0)
[2020.07.17-04.25.31:294][  0]LogInit: Going up to parent DeviceProfile []
[2020.07.17-04.25.31:294][  0]LogConfig: Applying CVar settings from Section [ViewDistanceQuality@2] File [C:/Users/Angelica .DESKTOP-RM5JOAJ/Documents/PaintShooter/PAINT/Saved/Config/Windows/Scalability.ini]
[2020.07.17-04.25.31:294][  0]LogConfig: Setting CVar [[r.SkeletalMeshLODBias:0]]
[2020.07.17-04.25.31:294][  0]LogConfig: Setting CVar [[r.ViewDistanceScale:0.8]]
[2020.07.17-04.25.31:294][  0]LogConfig: Applying CVar settings from Section [AntiAliasingQuality@2] File [C:/Users/Angelica .DESKTOP-RM5JOAJ/Documents/PaintShooter/PAINT/Saved/Config/Windows/Scalability.ini]
[2020.07.17-04.25.31:294][  0]LogConfig: Setting CVar [[r.PostProcessAAQuality:3]]
[2020.07.17-04.25.31:294][  0]LogConfig: Applying CVar settings from Section [ShadowQuality@2] File [C:/Users/Angelica .DESKTOP-RM5JOAJ/Documents/PaintShooter/PAINT/Saved/Config/Windows/Scalability.ini]
[2020.07.17-04.25.31:294][  0]LogConfig: Setting CVar [[r.LightFunctionQuality:1]]
[2020.07.17-04.25.31:294][  0]LogConfig: Setting CVar [[r.ShadowQuality:5]]
[2020.07.17-04.25.31:294][  0]LogConfig: Setting CVar [[r.Shadow.CSM.MaxCascades:4]]
[2020.07.17-04.25.31:294][  0]LogConfig: Setting CVar [[r.Shadow.MaxResolution:1024]]
[2020.07.17-04.25.31:294][  0]LogConfig: Setting CVar [[r.Shadow.MaxCSMResolution:2048]]
[2020.07.17-04.25.31:294][  0]LogConfig: Setting CVar [[r.Shadow.RadiusThreshold:0.04]]
[2020.07.17-04.25.31:294][  0]LogConfig: Setting CVar [[r.Shadow.DistanceScale:0.85]]
[2020.07.17-04.25.31:294][  0]LogConfig: Setting CVar [[r.Shadow.CSM.TransitionScale:0.8]]
[2020.07.17-04.25.31:295][  0]LogConfig: Setting CVar [[r.Shadow.PreShadowResolutionFactor:0.5]]
[2020.07.17-04.25.31:295][  0]LogConfig: Setting CVar [[r.DistanceFieldShadowing:1]]
[2020.07.17-04.25.31:295][  0]LogConfig: Setting CVar [[r.DistanceFieldAO:1]]
[2020.07.17-04.25.31:295][  0]LogConfig: Setting CVar [[r.AOQuality:1]]
[2020.07.17-04.25.31:295][  0]LogConfig: Setting CVar [[r.VolumetricFog:1]]
[2020.07.17-04.25.31:295][  0]LogConfig: Setting CVar [[r.VolumetricFog.GridPixelSize:16]]
[2020.07.17-04.25.31:295][  0]LogConfig: Setting CVar [[r.VolumetricFog.GridSizeZ:64]]
[2020.07.17-04.25.31:295][  0]LogConfig: Setting CVar [[r.VolumetricFog.HistoryMissSupersampleCount:4]]
[2020.07.17-04.25.31:295][  0]LogConfig: Setting CVar [[r.LightMaxDrawDistanceScale:1]]
[2020.07.17-04.25.31:295][  0]LogConfig: Setting CVar [[r.CapsuleShadows:1]]
[2020.07.17-04.25.31:295][  0]LogConfig: Applying CVar settings from Section [PostProcessQuality@2] File [C:/Users/Angelica .DESKTOP-RM5JOAJ/Documents/PaintShooter/PAINT/Saved/Config/Windows/Scalability.ini]
[2020.07.17-04.25.31:295][  0]LogConfig: Setting CVar [[r.MotionBlurQuality:3]]
[2020.07.17-04.25.31:295][  0]LogConfig: Setting CVar [[r.AmbientOcclusionMipLevelFactor:0.6]]
[2020.07.17-04.25.31:295][  0]LogConfig: Setting CVar [[r.AmbientOcclusionMaxQuality:100]]
[2020.07.17-04.25.31:295][  0]LogConfig: Setting CVar [[r.AmbientOcclusionLevels:-1]]
[2020.07.17-04.25.31:295][  0]LogConfig: Setting CVar [[r.AmbientOcclusionRadiusScale:1.5]]
[2020.07.17-04.25.31:295][  0]LogConfig: Setting CVar [[r.DepthOfFieldQuality:2]]
[2020.07.17-04.25.31:295][  0]LogConfig: Setting CVar [[r.RenderTargetPoolMin:400]]
[2020.07.17-04.25.31:295][  0]LogConfig: Setting CVar [[r.LensFlareQuality:2]]
[2020.07.17-04.25.31:295][  0]LogConfig: Setting CVar [[r.SceneColorFringeQuality:1]]
[2020.07.17-04.25.31:295][  0]LogConfig: Setting CVar [[r.EyeAdaptationQuality:2]]
[2020.07.17-04.25.31:295][  0]LogConfig: Setting CVar [[r.BloomQuality:5]]
[2020.07.17-04.25.31:295][  0]LogConfig: Setting CVar [[r.FastBlurThreshold:3]]
[2020.07.17-04.25.31:295][  0]LogConfig: Setting CVar [[r.Upscale.Quality:2]]
[2020.07.17-04.25.31:295][  0]LogConfig: Setting CVar [[r.Tonemapper.GrainQuantization:1]]
[2020.07.17-04.25.31:296][  0]LogConfig: Setting CVar [[r.LightShaftQuality:1]]
[2020.07.17-04.25.31:296][  0]LogConfig: Setting CVar [[r.Filter.SizeScale:0.8]]
[2020.07.17-04.25.31:296][  0]LogConfig: Setting CVar [[r.Tonemapper.Quality:5]]
[2020.07.17-04.25.31:296][  0]LogConfig: Setting CVar [[r.DOF.Gather.AccumulatorQuality:0        ; lower gathering accumulator quality]]
[2020.07.17-04.25.31:296][  0]LogConfig: Setting CVar [[r.DOF.Gather.PostfilterMethod:2          ; Max3x3 postfilering method]]
[2020.07.17-04.25.31:296][  0]LogConfig: Setting CVar [[r.DOF.Gather.EnableBokehSettings:0       ; no bokeh simulation when gathering]]
[2020.07.17-04.25.31:296][  0]LogConfig: Setting CVar [[r.DOF.Gather.RingCount:4                 ; medium number of samples when gathering]]
[2020.07.17-04.25.31:296][  0]LogConfig: Setting CVar [[r.DOF.Scatter.ForegroundCompositing:1    ; additive foreground scattering]]
[2020.07.17-04.25.31:296][  0]LogConfig: Setting CVar [[r.DOF.Scatter.BackgroundCompositing:1    ; no background occlusion]]
[2020.07.17-04.25.31:296][  0]LogConfig: Setting CVar [[r.DOF.Scatter.EnableBokehSettings:0      ; no bokeh simulation when scattering]]
[2020.07.17-04.25.31:296][  0]LogConfig: Setting CVar [[r.DOF.Scatter.MaxSpriteRatio:0.04        ; only a maximum of 4% of scattered bokeh]]
[2020.07.17-04.25.31:296][  0]LogConfig: Setting CVar [[r.DOF.Recombine.Quality:0                ; no slight out of focus]]
[2020.07.17-04.25.31:296][  0]LogConfig: Setting CVar [[r.DOF.TemporalAAQuality:0                ; faster temporal accumulation]]
[2020.07.17-04.25.31:296][  0]LogConfig: Setting CVar [[r.DOF.Kernel.MaxForegroundRadius:0.012   ; required because of AccumulatorQuality=0]]
[2020.07.17-04.25.31:296][  0]LogConfig: Setting CVar [[r.DOF.Kernel.MaxBackgroundRadius:0.012   ; required because of AccumulatorQuality=0]]
[2020.07.17-04.25.31:296][  0]LogConfig: Applying CVar settings from Section [TextureQuality@2] File [C:/Users/Angelica .DESKTOP-RM5JOAJ/Documents/PaintShooter/PAINT/Saved/Config/Windows/Scalability.ini]
[2020.07.17-04.25.31:296][  0]LogConfig: Setting CVar [[r.Streaming.MipBias:0]]
[2020.07.17-04.25.31:296][  0]LogConfig: Setting CVar [[r.Streaming.AmortizeCPUToGPUCopy:0]]
[2020.07.17-04.25.31:296][  0]LogConfig: Setting CVar [[r.Streaming.MaxNumTexturesToStreamPerFrame:0]]
[2020.07.17-04.25.31:296][  0]LogConfig: Setting CVar [[r.Streaming.Boost:1]]
[2020.07.17-04.25.31:296][  0]LogConfig: Setting CVar [[r.MaxAnisotropy:4]]
[2020.07.17-04.25.31:296][  0]LogConfig: Setting CVar [[r.VT.MaxAnisotropy:8]]
[2020.07.17-04.25.31:296][  0]LogConfig: Setting CVar [[r.Streaming.LimitPoolSizeToVRAM:1]]
[2020.07.17-04.25.31:297][  0]LogConfig: Setting CVar [[r.Streaming.PoolSize:800]]
[2020.07.17-04.25.31:297][  0]LogConfig: Setting CVar [[r.Streaming.MaxEffectiveScreenSize:0]]
[2020.07.17-04.25.31:297][  0]LogConfig: Applying CVar settings from Section [EffectsQuality@2] File [C:/Users/Angelica .DESKTOP-RM5JOAJ/Documents/PaintShooter/PAINT/Saved/Config/Windows/Scalability.ini]
[2020.07.17-04.25.31:297][  0]LogConfig: Setting CVar [[r.TranslucencyLightingVolumeDim:48]]
[2020.07.17-04.25.31:297][  0]LogConfig: Setting CVar [[r.RefractionQuality:2]]
[2020.07.17-04.25.31:297][  0]LogConfig: Setting CVar [[r.SSR.Quality:2]]
[2020.07.17-04.25.31:297][  0]LogConfig: Setting CVar [[r.SSR.HalfResSceneColor:1]]
[2020.07.17-04.25.31:297][  0]LogConfig: Setting CVar [[r.SceneColorFormat:3]]
[2020.07.17-04.25.31:297][  0]LogConfig: Setting CVar [[r.DetailMode:1]]
[2020.07.17-04.25.31:297][  0]LogConfig: Setting CVar [[r.TranslucencyVolumeBlur:1]]
[2020.07.17-04.25.31:297][  0]LogConfig: Setting CVar [[r.MaterialQualityLevel:1 ; High quality]]
[2020.07.17-04.25.31:297][  0]LogConfig: Setting CVar [[r.SSS.Scale:1]]
[2020.07.17-04.25.31:297][  0]LogConfig: Setting CVar [[r.SSS.SampleSet:1]]
[2020.07.17-04.25.31:297][  0]LogConfig: Setting CVar [[r.SSS.Quality:-1]]
[2020.07.17-04.25.31:297][  0]LogConfig: Setting CVar [[r.SSS.HalfRes:1]]
[2020.07.17-04.25.31:297][  0]LogConfig: Setting CVar [[r.SSGI.Quality:2]]
[2020.07.17-04.25.31:297][  0]LogConfig: Setting CVar [[r.EmitterSpawnRateScale:0.5]]
[2020.07.17-04.25.31:297][  0]LogConfig: Setting CVar [[r.ParticleLightQuality:1]]
[2020.07.17-04.25.31:297][  0]LogConfig: Setting CVar [[r.SkyAtmosphere.AerialPerspectiveLUT.FastApplyOnOpaque:1 ; Always have FastSkyLUT 1 in this case to avoid wrong sky]]
[2020.07.17-04.25.31:297][  0]LogConfig: Setting CVar [[r.SkyAtmosphere.AerialPerspectiveLUT.SampleCountPerSlice:1]]
[2020.07.17-04.25.31:297][  0]LogConfig: Setting CVar [[r.SkyAtmosphere.AerialPerspectiveLUT.DepthResolution:16.0]]
[2020.07.17-04.25.31:297][  0]LogConfig: Setting CVar [[r.SkyAtmosphere.FastSkyLUT:1]]
[2020.07.17-04.25.31:298][  0]LogConfig: Setting CVar [[r.SkyAtmosphere.FastSkyLUT.SampleCountMin:4.0]]
[2020.07.17-04.25.31:298][  0]LogConfig: Setting CVar [[r.SkyAtmosphere.FastSkyLUT.SampleCountMax:32.0]]
[2020.07.17-04.25.31:298][  0]LogConfig: Setting CVar [[r.SkyAtmosphere.SampleCountMin:4.0]]
[2020.07.17-04.25.31:298][  0]LogConfig: Setting CVar [[r.SkyAtmosphere.SampleCountMax:32.0]]
[2020.07.17-04.25.31:298][  0]LogConfig: Setting CVar [[r.SkyAtmosphere.TransmittanceLUT.UseSmallFormat:0]]
[2020.07.17-04.25.31:298][  0]LogConfig: Setting CVar [[r.SkyAtmosphere.TransmittanceLUT.SampleCount:10.0]]
[2020.07.17-04.25.31:298][  0]LogConfig: Setting CVar [[r.SkyAtmosphere.MultiScatteringLUT.SampleCount:15.0]]
[2020.07.17-04.25.31:298][  0]LogConfig: Applying CVar settings from Section [FoliageQuality@2] File [C:/Users/Angelica .DESKTOP-RM5JOAJ/Documents/PaintShooter/PAINT/Saved/Config/Windows/Scalability.ini]
[2020.07.17-04.25.31:298][  0]LogConfig: Setting CVar [[foliage.DensityScale:0.8]]
[2020.07.17-04.25.31:298][  0]LogConfig: Setting CVar [[grass.DensityScale:0.8]]
[2020.07.17-04.25.31:298][  0]LogConfig: Applying CVar settings from Section [ShadingQuality@2] File [C:/Users/Angelica .DESKTOP-RM5JOAJ/Documents/PaintShooter/PAINT/Saved/Config/Windows/Scalability.ini]
[2020.07.17-04.25.31:298][  0]LogConfig: Setting CVar [[r.HairStrands.SkyLighting.SampleCount:16]]
[2020.07.17-04.25.31:298][  0]LogConfig: Setting CVar [[r.HairStrands.SkyLighting.JitterIntegration:0]]
[2020.07.17-04.25.31:298][  0]LogConfig: Setting CVar [[r.HairStrands.SkyAO.SampleCount:16]]
[2020.07.17-04.25.31:298][  0]LogConfig: Setting CVar [[r.HairStrands.DeepShadow.SuperSampling:0]]
[2020.07.17-04.25.31:298][  0]LogConfig: Setting CVar [[r.HairStrands.VisibilityPPLL:0]]
[2020.07.17-04.25.31:298][  0]LogConfig: Setting CVar [[r.HairStrands.RasterizationScale:0.5]]
[2020.07.17-04.25.31:298][  0]LogConfig: Setting CVar [[r.HairStrands.VelocityRasterizationScale:1]]
[2020.07.17-04.25.31:298][  0]LogConfig: Applying CVar settings from Section [Startup] File [../../../Engine/Config/ConsoleVariables.ini]
[2020.07.17-04.25.31:299][  0]LogConfig: Setting CVar [[net.UseAdaptiveNetUpdateFrequency:0]]
[2020.07.17-04.25.31:299][  0]LogConfig: Setting CVar [[p.chaos.AllowCreatePhysxBodies:1]]
[2020.07.17-04.25.31:299][  0]LogConfig: Setting CVar [[fx.SkipVectorVMBackendOptimizations:1]]
[2020.07.17-04.25.31:299][  0]LogConfig: Applying CVar settings from Section [ConsoleVariables] File [C:/Users/Angelica .DESKTOP-RM5JOAJ/Documents/PaintShooter/PAINT/Saved/Config/Windows/Engine.ini]
[2020.07.17-04.25.31:300][  0]LogInit: Computer: SKETCH-PC
[2020.07.17-04.25.31:300][  0]LogInit: User: Angelica
[2020.07.17-04.25.31:300][  0]LogInit: CPU Page size=4096, Cores=2
[2020.07.17-04.25.31:300][  0]LogInit: High frequency timer resolution =10.000000 MHz
[2020.07.17-04.25.31:300][  0]LogMemory: Memory total: Physical=15.9GB (16GB approx)
[2020.07.17-04.25.31:300][  0]LogMemory: Platform Memory Stats for Windows
[2020.07.17-04.25.31:300][  0]LogMemory: Process Physical Memory: 114.32 MB used, 114.32 MB peak
[2020.07.17-04.25.31:300][  0]LogMemory: Process Virtual Memory: 103.52 MB used, 103.52 MB peak
[2020.07.17-04.25.31:300][  0]LogMemory: Physical Memory: 7445.05 MB used,  8817.50 MB free, 16262.55 MB total
[2020.07.17-04.25.31:300][  0]LogMemory: Virtual Memory: 5132.57 MB used,  134212592.00 MB free, 134217728.00 MB total
[2020.07.17-04.25.31:317][  0]LogWindows: WindowsPlatformFeatures enabled
[2020.07.17-04.25.31:397][  0]LogInit: Physics initialised using underlying interface: PhysX
[2020.07.17-04.25.31:400][  0]LogInit: Using OS detected language (en-US).
[2020.07.17-04.25.31:400][  0]LogInit: Using OS detected locale (en-US).
[2020.07.17-04.25.31:419][  0]LogTextLocalizationManager: No specific localization for 'en-US' exists, so the 'en' localization will be used.
[2020.07.17-04.25.31:961][  0]LogInit: Setting process to per monitor DPI aware
[2020.07.17-04.25.32:040][  0]LogSlate: New Slate User Created.  User Index 0, Is Virtual User: 0
[2020.07.17-04.25.32:040][  0]LogSlate: Slate User Registered.  User Index 0, Is Virtual User: 0
[2020.07.17-04.25.32:533][  0]LogHMD: Failed to initialize OpenVR with code 110
[2020.07.17-04.25.32:533][  0]LogD3D11RHI: D3D11 min allowed feature level: 11_0
[2020.07.17-04.25.32:533][  0]LogD3D11RHI: D3D11 max allowed feature level: 11_0
[2020.07.17-04.25.32:533][  0]LogD3D11RHI: D3D11 adapters:
[2020.07.17-04.25.32:782][  0]LogD3D11RHI:    0. 'Intel(R) HD Graphics 620' (Feature Level 11_0)
[2020.07.17-04.25.32:782][  0]LogD3D11RHI:       128/0/8131 MB DedicatedVideo/DedicatedSystem/SharedSystem, Outputs:1, VendorId:0x8086
[2020.07.17-04.25.32:788][  0]LogD3D11RHI:    1. 'Microsoft Basic Render Driver' (Feature Level 11_0)
[2020.07.17-04.25.32:788][  0]LogD3D11RHI:       0/0/8131 MB DedicatedVideo/DedicatedSystem/SharedSystem, Outputs:0, VendorId:0x1414
[2020.07.17-04.25.32:793][  0]LogD3D11RHI:    2. 'Microsoft Basic Render Driver' (Feature Level 11_0)
[2020.07.17-04.25.32:793][  0]LogD3D11RHI:       0/0/8131 MB DedicatedVideo/DedicatedSystem/SharedSystem, Outputs:0, VendorId:0x1414
[2020.07.17-04.25.32:799][  0]LogD3D11RHI:    3. 'Microsoft Basic Render Driver' (Feature Level 11_0)
[2020.07.17-04.25.32:799][  0]LogD3D11RHI:       0/0/8131 MB DedicatedVideo/DedicatedSystem/SharedSystem, Outputs:0, VendorId:0x1414
[2020.07.17-04.25.32:805][  0]LogD3D11RHI:    4. 'Microsoft Basic Render Driver' (Feature Level 11_0)
[2020.07.17-04.25.32:805][  0]LogD3D11RHI:       0/0/8131 MB DedicatedVideo/DedicatedSystem/SharedSystem, Outputs:0, VendorId:0x1414
[2020.07.17-04.25.32:805][  0]LogD3D11RHI: Chosen D3D11 Adapter: 0
[2020.07.17-04.25.32:818][  0]LogD3D11RHI: Creating new Direct3DDevice
[2020.07.17-04.25.32:818][  0]LogD3D11RHI:     GPU DeviceId: 0x5916 (for the marketing name, search the web for "GPU Device Id")
[2020.07.17-04.25.32:818][  0]LogWindows: EnumDisplayDevices:
[2020.07.17-04.25.32:819][  0]LogWindows:    0. 'Intel(R) HD Graphics 620' (P:1 D:1)
[2020.07.17-04.25.32:819][  0]LogWindows:    1. 'Intel(R) HD Graphics 620' (P:0 D:0)
[2020.07.17-04.25.32:820][  0]LogWindows:    2. 'Intel(R) HD Graphics 620' (P:0 D:0)
[2020.07.17-04.25.32:821][  0]LogWindows:    3. 'MS Idd Device' (P:0 D:0)
[2020.07.17-04.25.32:821][  0]LogWindows:    4. 'MS Idd Device' (P:0 D:0)
[2020.07.17-04.25.32:822][  0]LogWindows:    5. 'MS Idd Device' (P:0 D:0)
[2020.07.17-04.25.32:822][  0]LogWindows: DebugString: GetVideoDriverDetailsInvalid PrimaryIsNotTheChoosenAdapter GetVideoDriverDetailsInvalid PrimaryIsNotTheChoosenAdapter GetVideoDriverDetailsInvalid PrimaryIsNotTheChoosenAdapter FoundDriverCount:3 
[2020.07.17-04.25.32:822][  0]LogD3D11RHI:     Adapter Name: Intel(R) HD Graphics 620
[2020.07.17-04.25.32:822][  0]LogD3D11RHI:   Driver Version: 24.20.100.6344 (internal:24.20.100.6344, unified:24.20.100.6344)
[2020.07.17-04.25.32:822][  0]LogD3D11RHI:      Driver Date: 11-10-2018
[2020.07.17-04.25.32:822][  0]LogRHI: Texture pool is 1523 MB (70% of 2176 MB)
[2020.07.17-04.25.32:831][  0]LogD3D11RHI: [IntelMetricsDiscovery] Failed to initialize context. Result=00000002
[2020.07.17-04.25.33:047][  0]LogD3D11RHI: RHI does not have support for 64 bit atomics
[2020.07.17-04.25.33:047][  0]LogD3D11RHI: Async texture creation enabled
[2020.07.17-04.25.33:047][  0]LogD3D11RHI: Array index from any shader is supported
[2020.07.17-04.25.33:060][  0]LogD3D11RHI: GPU Timing Frequency: 12.000048 (Debug: 2 0)
[2020.07.17-04.25.34:082][  0]LogTargetPlatformManager: Display: Loaded TargetPlatform 'AllDesktop'
[2020.07.17-04.25.34:151][  0]LogTargetPlatformManager: Display: Loaded TargetPlatform 'Android'
[2020.07.17-04.25.34:151][  0]LogTargetPlatformManager: Display: Loaded TargetPlatform 'Android_ASTC'
[2020.07.17-04.25.34:151][  0]LogTargetPlatformManager: Display: Loaded TargetPlatform 'Android_DXT'
[2020.07.17-04.25.34:151][  0]LogTargetPlatformManager: Display: Loaded TargetPlatform 'Android_ETC2'
[2020.07.17-04.25.34:151][  0]LogTargetPlatformManager: Display: Loaded TargetPlatform 'AndroidClient'
[2020.07.17-04.25.34:151][  0]LogTargetPlatformManager: Display: Loaded TargetPlatform 'Android_ASTCClient'
[2020.07.17-04.25.34:151][  0]LogTargetPlatformManager: Display: Loaded TargetPlatform 'Android_DXTClient'
[2020.07.17-04.25.34:152][  0]LogTargetPlatformManager: Display: Loaded TargetPlatform 'Android_ETC2Client'
[2020.07.17-04.25.34:152][  0]LogTargetPlatformManager: Display: Loaded TargetPlatform 'Android_Multi'
[2020.07.17-04.25.34:152][  0]LogTargetPlatformManager: Display: Loaded TargetPlatform 'Android_MultiClient'
[2020.07.17-04.25.34:217][  0]LogTargetPlatformManager: Display: Loaded TargetPlatform 'IOSClient'
[2020.07.17-04.25.34:217][  0]LogTargetPlatformManager: Display: Loaded TargetPlatform 'IOS'
[2020.07.17-04.25.34:247][  0]LogTargetPlatformManager: Display: Loaded TargetPlatform 'Linux'
[2020.07.17-04.25.34:274][  0]LogTargetPlatformManager: Display: Loaded TargetPlatform 'LinuxNoEditor'
[2020.07.17-04.25.34:302][  0]LogTargetPlatformManager: Display: Loaded TargetPlatform 'LinuxClient'
[2020.07.17-04.25.34:331][  0]LogTargetPlatformManager: Display: Loaded TargetPlatform 'LinuxServer'
[2020.07.17-04.25.34:361][  0]LogTargetPlatformManager: Display: Loaded TargetPlatform 'LinuxAArch64NoEditor'
[2020.07.17-04.25.34:388][  0]LogTargetPlatformManager: Display: Loaded TargetPlatform 'LinuxAArch64Client'
[2020.07.17-04.25.34:414][  0]LogTargetPlatformManager: Display: Loaded TargetPlatform 'LinuxAArch64Server'
[2020.07.17-04.25.34:494][  0]LogTargetPlatformManager: Display: Loaded TargetPlatform 'Lumin'
[2020.07.17-04.25.34:494][  0]LogTargetPlatformManager: Display: Loaded TargetPlatform 'LuminClient'
[2020.07.17-04.25.34:542][  0]LogTargetPlatformManager: Display: Loaded TargetPlatform 'TVOSClient'
[2020.07.17-04.25.34:542][  0]LogTargetPlatformManager: Display: Loaded TargetPlatform 'TVOS'
[2020.07.17-04.25.34:568][  0]LogTargetPlatformManager: Display: Loaded TargetPlatform 'WindowsNoEditor'
[2020.07.17-04.25.34:594][  0]LogTargetPlatformManager: Display: Loaded TargetPlatform 'Windows'
[2020.07.17-04.25.34:618][  0]LogTargetPlatformManager: Display: Loaded TargetPlatform 'WindowsClient'
[2020.07.17-04.25.34:641][  0]LogTargetPlatformManager: Display: Loaded TargetPlatform 'WindowsServer'
[2020.07.17-04.25.34:641][  0]LogTargetPlatformManager: Display: Building Assets For Windows
[2020.07.17-04.25.34:661][  0]LogAudioDebug: Display: Lib vorbis DLL was dynamically loaded.
[2020.07.17-04.25.34:819][  0]LogShaderCompilers: Guid format shader working directory is -13 characters bigger than the processId version (../../../../../../Users/Angelica .DESKTOP-RM5JOAJ/Documents/PaintShooter/PAINT/Intermediate/Shaders/WorkingDirectory/11736/).
[2020.07.17-04.25.34:820][  0]LogShaderCompilers: Cleaned the shader compiler working directory 'C:/Users/Angelica .DESKTOP-RM5JOAJ/AppData/Local/Temp/UnrealShaderWorkingDir/AA909A8F4B62BC9D5B0329AC4814E6B0/'.
[2020.07.17-04.25.34:820][  0]LogXGEController: Cleaning working directory: C:/Users/Angelica .DESKTOP-RM5JOAJ/AppData/Local/Temp/UnrealXGEWorkingDir/
[2020.07.17-04.25.34:821][  0]LogXGEController: Cannot use XGE Controller as Incredibuild is not installed on this machine.
[2020.07.17-04.25.34:821][  0]LogShaderCompilers: Cannot use XGE Shader Compiler as Incredibuild is not installed on this machine.
[2020.07.17-04.25.34:821][  0]LogShaderCompilers: Display: Using Local Shader Compiler.
[2020.07.17-04.25.36:378][  0]LogDerivedDataCache: Display: Max Cache Size: 512 MB
[2020.07.17-04.25.36:461][  0]LogDerivedDataCache: Loaded boot cache 0.08s 75MB C:/Users/Angelica .DESKTOP-RM5JOAJ/AppData/Local/UnrealEngine/4.25/DerivedDataCache/Boot.ddc.
[2020.07.17-04.25.36:461][  0]LogDerivedDataCache: Display: Loaded Boot cache: C:/Users/Angelica .DESKTOP-RM5JOAJ/AppData/Local/UnrealEngine/4.25/DerivedDataCache/Boot.ddc
[2020.07.17-04.25.36:461][  0]LogDerivedDataCache: FDerivedDataBackendGraph:  Pak pak cache file ../../../../../../Users/Angelica .DESKTOP-RM5JOAJ/Documents/PaintShooter/PAINT/DerivedDataCache/DDC.ddp not found, will not use a pak cache.
[2020.07.17-04.25.36:461][  0]LogDerivedDataCache: Unable to find inner node Pak for hierarchical cache Hierarchy.
[2020.07.17-04.25.36:461][  0]LogDerivedDataCache: FDerivedDataBackendGraph:  CompressedPak pak cache file ../../../../../../Users/Angelica .DESKTOP-RM5JOAJ/Documents/PaintShooter/PAINT/DerivedDataCache/Compressed.ddp not found, will not use a pak cache.
[2020.07.17-04.25.36:461][  0]LogDerivedDataCache: Unable to find inner node CompressedPak for hierarchical cache Hierarchy.
[2020.07.17-04.25.36:479][  0]LogDerivedDataCache: Display: Pak cache opened for reading ../../../Engine/DerivedDataCache/Compressed.ddp.
[2020.07.17-04.25.36:480][  0]LogDerivedDataCache: FDerivedDataBackendGraph:  EnterprisePak pak cache file ../../../Enterprise/DerivedDataCache/Compressed.ddp not found, will not use a pak cache.
[2020.07.17-04.25.36:480][  0]LogDerivedDataCache: Unable to find inner node EnterprisePak for hierarchical cache Hierarchy.
[2020.07.17-04.25.36:482][  0]LogDerivedDataCache: Using Local data cache path C:/Users/Angelica .DESKTOP-RM5JOAJ/AppData/Local/UnrealEngine/Common/DerivedDataCache: Writable
[2020.07.17-04.25.36:482][  0]LogDerivedDataCache: Shared data cache path not found in *engine.ini, will not use an Shared cache.
[2020.07.17-04.25.36:482][  0]LogDerivedDataCache: Unable to find inner node Shared for hierarchical cache Hierarchy.
[2020.07.17-04.25.36:603][  0]LogSlate: Using FreeType 2.10.0
[2020.07.17-04.25.36:604][  0]LogSlate: SlateFontServices - WITH_FREETYPE: 1, WITH_HARFBUZZ: 1
[2020.07.17-04.25.36:661][  0]LogAssetRegistry: FAssetRegistry took 0.0042 seconds to start up
[2020.07.17-04.25.37:255][  0]LogInit: Selected Device Profile: [Windows]
[2020.07.17-04.25.37:499][  0]LogMeshReduction: Using QuadricMeshReduction for automatic static mesh reduction
[2020.07.17-04.25.37:499][  0]LogMeshReduction: Using SimplygonMeshReduction for automatic skeletal mesh reduction
[2020.07.17-04.25.37:499][  0]LogMeshReduction: Using ProxyLODMeshReduction for automatic mesh merging
[2020.07.17-04.25.37:499][  0]LogMeshReduction: No distributed automatic mesh merging module available
[2020.07.17-04.25.37:499][  0]LogMeshMerging: No distributed automatic mesh merging module available
[2020.07.17-04.25.37:527][  0]LogNetVersion: PAINT 1.0.0, NetCL: 13144385, EngineNetVer: 14, GameNetVer: 0 (Checksum: 2108548325)
[2020.07.17-04.25.38:600][  0]LogAISub: UAISubsystem::UAISubsystem AISubsystem (0000027CE3B0E980), frame # 0
[2020.07.17-04.25.38:600][  0]LogAISub: UAISubsystem::UAISubsystem AIPerceptionSystem (0000027CE399CF40), frame # 0
[2020.07.17-04.25.38:604][  0]LogAISub: UAISubsystem::UAISubsystem EnvQueryManager (0000027CE39EDC00), frame # 0
[2020.07.17-04.25.38:760][  0]LogPackageLocalizationCache: Processed 19 localized package path(s) for 1 prioritized culture(s) in 0.143006 seconds
[2020.07.17-04.25.38:773][  0]LogUObjectArray: 15917 objects as part of root set at end of initial load.
[2020.07.17-04.25.38:773][  0]LogUObjectAllocator: 3965568 out of 0 bytes used by permanent object pool.
[2020.07.17-04.25.38:773][  0]LogUObjectArray: CloseDisregardForGC: 0/0 objects in disregard for GC pool
[2020.07.17-04.25.39:551][  0]LogTcpMessaging: Initializing TcpMessaging bridge
[2020.07.17-04.25.39:562][  0]LogUdpMessaging: Initializing bridge on interface 0.0.0.0:0 to multicast group 230.0.0.1:6666.
[2020.07.17-04.25.39:773][  0]SourceControl: Source control is disabled
[2020.07.17-04.25.39:773][  0]SourceControl: Source control is disabled
[2020.07.17-04.25.39:781][  0]SourceControl: Source control is disabled
[2020.07.17-04.25.39:789][  0]SourceControl: Source control is disabled
[2020.07.17-04.25.39:807][  0]SourceControl: Source control is disabled
[2020.07.17-04.25.40:311][  0]LogAndroidPermission: UAndroidPermissionCallbackProxy::GetInstance
[2020.07.17-04.25.40:354][  0]LogAudioCaptureCore: Display: No Audio Capture implementations found. Audio input will be silent.
[2020.07.17-04.25.40:354][  0]LogAudioCaptureCore: Display: No Audio Capture implementations found. Audio input will be silent.
[2020.07.17-04.25.40:456][  0]LogOcInput: OculusInput pre-init called
[2020.07.17-04.25.40:480][  0]LogWindows: Failed to load 'OVRPlugin.dll' (GetLastError=126)
[2020.07.17-04.25.40:480][  0]LogWindows: File 'OVRPlugin.dll' does not exist
[2020.07.17-04.25.40:600][  0]LogEngine: Initializing Engine...
[2020.07.17-04.25.40:602][  0]LogHMD: Failed to initialize OpenVR with code 110
[2020.07.17-04.25.40:602][  0]LogMagicLeap: Warning: VR disabled because ZI is not enabled.  To enable, in the editor, Edit -> Project Settings -> Plugins -> Magic Leap Plugin -> Enable Zero Iteration
[2020.07.17-04.25.40:604][  0]LogStats: UGameplayTagsManager::InitializeManager -  0.000 s
[2020.07.17-04.25.40:825][  0]LogInit: Initializing FReadOnlyCVARCache
[2020.07.17-04.25.40:844][  0]LogAIModule: Creating AISystem for world Untitled
[2020.07.17-04.25.40:844][  0]LogAISub: UAISubsystem::UAISubsystem EnvQueryManager (0000027CE6CF7C00), frame # 0
[2020.07.17-04.25.40:844][  0]LogAISub: UAISubsystem::UAISubsystem AIPerceptionSystem (0000027CE6D5D440), frame # 0
[2020.07.17-04.25.40:855][  0]LogAudioMixer: Display: Audio Mixer Platform Settings:
[2020.07.17-04.25.40:855][  0]LogAudioMixer: Display: 	Sample Rate:						  48000
[2020.07.17-04.25.40:855][  0]LogAudioMixer: Display: 	Callback Buffer Frame Size Requested: 1024
[2020.07.17-04.25.40:855][  0]LogAudioMixer: Display: 	Callback Buffer Frame Size To Use:	  1024
[2020.07.17-04.25.40:855][  0]LogAudioMixer: Display: 	Number of buffers to queue:			  2
[2020.07.17-04.25.40:855][  0]LogAudioMixer: Display: 	Max Channels (voices):				  32
[2020.07.17-04.25.40:855][  0]LogAudioMixer: Display: 	Number of Async Source Workers:		  0
[2020.07.17-04.25.40:855][  0]LogAudio: Display: AudioDevice MaxSources: 32
[2020.07.17-04.25.40:855][  0]LogAudio: Display: Using built-in audio occlusion.
[2020.07.17-04.25.40:855][  0]LogAudioMixer: Display: Initializing audio mixer.
[2020.07.17-04.25.40:912][  0]LogAudioMixer: Display: 0: FrontLeft
[2020.07.17-04.25.40:912][  0]LogAudioMixer: Display: 1: FrontRight
[2020.07.17-04.25.41:824][  0]LogAudioMixer: Display: Using Audio Device Speaker/Headphone (Realtek High Definition Audio(SST))
[2020.07.17-04.25.41:828][  0]LogAudioMixer: Display: Initializing Sound Submixes...
[2020.07.17-04.25.41:833][  0]LogAudioMixer: Display: Creating Master Submix 'MasterSubmixDefault'
[2020.07.17-04.25.41:833][  0]LogAudioMixer: Display: Creating Master Submix 'MasterReverbSubmixDefault'
[2020.07.17-04.25.41:835][  0]LogAudioMixer: Display: Creating Master Submix 'MasterEQSubmixDefault'
[2020.07.17-04.25.41:836][  0]LogInit: FAudioDevice initialized.
[2020.07.17-04.25.41:836][  0]LogNetVersion: Set ProjectVersion to 1.0.0.0. Version Checksum will be recalculated on next use.
[2020.07.17-04.25.41:907][  0]LogDerivedDataCache: Saved boot cache 0.07s 75MB C:/Users/Angelica .DESKTOP-RM5JOAJ/AppData/Local/UnrealEngine/4.25/DerivedDataCache/Boot.ddc.
[2020.07.17-04.25.41:918][  0]LogInit: Texture streaming: Enabled
[2020.07.17-04.25.41:954][  0]LogEngineSessionManager: EngineSessionManager initialized
[2020.07.17-04.25.41:954][  0]LogEditorSessionSummary: Verbose: Initializing EditorSessionSummaryWriter for editor session tracking
[2020.07.17-04.25.41:968][  0]LogEditorSessionSummary: EditorSessionSummaryWriter initialized
[2020.07.17-04.25.42:112][  0]LogInit: Transaction tracking system initialized
[2020.07.17-04.25.42:157][  0]BlueprintLog: New page: Editor Load
[2020.07.17-04.25.42:289][  0]LocalizationService: Localization service is disabled
[2020.07.17-04.25.42:642][  0]LogCook: Display: Max memory allowance for cook 16384mb min free memory 0mb
[2020.07.17-04.25.42:643][  0]LogCook: Display: Mobile HDR setting 1
[2020.07.17-04.25.42:967][  0]LogFileCache: Scanning file cache for directory 'C:/Users/Angelica .DESKTOP-RM5JOAJ/Documents/PaintShooter/PAINT/Content/' took 0.03s
[2020.07.17-04.25.43:632][  0]SourceControl: Source control is disabled
[2020.07.17-04.25.43:632][  0]LogUnrealEdMisc: Loading editor; pre map load, took 19.425
[2020.07.17-04.25.43:632][  0]Cmd: MAP LOAD FILE="../../../../../../Users/Angelica .DESKTOP-RM5JOAJ/Documents/PaintShooter/PAINT/Content/Tester.umap" TEMPLATE=0 SHOWPROGRESS=1 FEATURELEVEL=3
[2020.07.17-04.25.43:633][  0]LightingResults: New page: Lighting Build
[2020.07.17-04.25.43:635][  0]LogWorld: UWorld::CleanupWorld for Untitled, bSessionEnded=true, bCleanupResources=true
[2020.07.17-04.25.43:635][  0]LogSlate: InvalidateAllWidgets triggered.  All widgets were invalidated
[2020.07.17-04.25.43:635][  0]MapCheck: New page: Map Check
[2020.07.17-04.25.43:635][  0]LightingResults: New page: Lighting Build
[2020.07.17-04.25.43:648][  0]LogAISub: UAISubsystem::~UAISubsystem EnvQueryManager (0000027CE6CF7C00), frame # 0
[2020.07.17-04.25.43:648][  0]LogAISub: UAISubsystem::~UAISubsystem AIPerceptionSystem (0000027CE6D5D440), frame # 0
[2020.07.17-04.25.43:650][  0]LogUObjectHash: Compacting FUObjectHashTables data took   1.67ms
[2020.07.17-04.25.43:822][  0]LogAIModule: Creating AISystem for world Tester
[2020.07.17-04.25.43:823][  0]LogAISub: UAISubsystem::UAISubsystem EnvQueryManager (0000027CD81D8A00), frame # 0
[2020.07.17-04.25.43:823][  0]LogAISub: UAISubsystem::UAISubsystem AIPerceptionSystem (0000027CD80B9BC0), frame # 0
[2020.07.17-04.25.43:833][  0]LogEditorServer: Finished looking for orphan Actors (0.000 secs)
[2020.07.17-04.25.43:878][  0]LogUObjectHash: Compacting FUObjectHashTables data took   2.48ms
[2020.07.17-04.25.43:879][  0]Cmd: MAP CHECKDEP NOCLEARLOG
[2020.07.17-04.25.43:880][  0]MapCheck: Map check complete: 0 Error(s), 0 Warning(s), took 0.485ms to complete.
[2020.07.17-04.25.43:880][  0]LogFileHelpers: Loading map 'Tester' took 0.248
[2020.07.17-04.25.43:888][  0]LogUnrealEdMisc: Total Editor Startup Time, took 19.681
[2020.07.17-04.25.45:106][  0]LogCollectionManager: Loaded 0 collections in 0.004796 seconds
[2020.07.17-04.25.45:139][  0]LogFileCache: Scanning file cache for directory 'C:/Users/Angelica .DESKTOP-RM5JOAJ/Documents/PaintShooter/PAINT/Saved/Collections/' took 0.00s
[2020.07.17-04.25.45:139][  0]LogFileCache: Scanning file cache for directory 'C:/Users/Angelica .DESKTOP-RM5JOAJ/Documents/PaintShooter/PAINT/Content/Developers/Angelica/Collections/' took 0.00s
[2020.07.17-04.25.45:139][  0]LogFileCache: Scanning file cache for directory 'C:/Users/Angelica .DESKTOP-RM5JOAJ/Documents/PaintShooter/PAINT/Content/Collections/' took 0.00s
[2020.07.17-04.25.45:139][  0]LogContentBrowser: Native class hierarchy populated in 0.0202 seconds. Added 3432 classes and 823 folders.
[2020.07.17-04.25.45:147][  0]LogContentBrowser: Native class hierarchy updated for 'WidgetCarousel' in 0.0009 seconds. Added 0 classes and 0 folders.
[2020.07.17-04.25.45:290][  0]LogContentBrowser: Native class hierarchy updated for 'AddContentDialog' in 0.0009 seconds. Added 0 classes and 0 folders.
[2020.07.17-04.25.45:310][  0]LogContentBrowser: Native class hierarchy updated for 'SceneOutliner' in 0.0007 seconds. Added 2 classes and 0 folders.
[2020.07.17-04.25.45:368][  0]LogSlate: Updating window title bar state: overlay mode, drag disabled, window buttons hidden, title bar hidden
[2020.07.17-04.25.45:388][  0]LogSlate: Updating window title bar state: overlay mode, drag disabled, window buttons hidden, title bar hidden
[2020.07.17-04.25.45:408][  0]LogSlate: Updating window title bar state: overlay mode, drag disabled, window buttons hidden, title bar hidden
[2020.07.17-04.25.45:428][  0]LogSlate: Updating window title bar state: overlay mode, drag disabled, window buttons hidden, title bar hidden
[2020.07.17-04.25.45:485][  0]LogSlate: Took 0.000377 seconds to synchronously load lazily loaded font '../../../Engine/Content/Slate/Fonts/Roboto-Regular.ttf' (155K)
[2020.07.17-04.25.45:490][  0]LogSlate: Took 0.000548 seconds to synchronously load lazily loaded font '../../../Engine/Content/Editor/Slate/Fonts/FontAwesome.ttf' (139K)
[2020.07.17-04.25.45:491][  0]LogSlate: Took 0.000394 seconds to synchronously load lazily loaded font '../../../Engine/Content/Slate/Fonts/Roboto-Bold.ttf' (160K)
[2020.07.17-04.25.45:529][  0]LogSlate: Took 0.001233 seconds to synchronously load lazily loaded font '../../../Engine/Content/Slate/Fonts/DroidSansMono.ttf' (77K)
[2020.07.17-04.25.46:291][  0]LogRenderer: Reallocating scene render targets to support 1128x544 Format 9 NumSamples 1 (Frame:1).
[2020.07.17-04.25.46:543][  0]LogContentBrowser: Native class hierarchy updated for 'HierarchicalLODOutliner' in 0.0014 seconds. Added 0 classes and 0 folders.
[2020.07.17-04.25.46:545][  0]LogLoad: (Engine Initialization) Total time: 22.34 seconds
[2020.07.17-04.25.46:545][  0]LogLoad: (Engine Initialization) Total Blueprint compile time: 0.00 seconds
[2020.07.17-04.25.47:065][  0]LogContentStreaming: Texture pool size now 800 MB
[2020.07.17-04.25.47:829][  5]LogAssetRegistry: Asset discovery search completed in 11.1690 seconds
[2020.07.17-04.25.47:850][  5]LogCollectionManager: Fixed up redirectors for 0 collections in 0.000003 seconds (updated 0 objects)
[2020.07.17-04.25.56:290][ 90]LogSlate: Took 0.001554 seconds to synchronously load lazily loaded font '../../../Engine/Content/Slate/Fonts/Roboto-Light.ttf' (167K)
[2020.07.17-04.25.56:364][ 90]Cmd: OBJ SAVEPACKAGE PACKAGE="/Game/Tester" FILE="../../../../../../Users/Angelica .DESKTOP-RM5JOAJ/Documents/PaintShooter/PAINT/Content/Tester.umap" SILENT=true AUTOSAVING=false KEEPDIRTY=false
[2020.07.17-04.25.56:421][ 90]LogUObjectHash: Compacting FUObjectHashTables data took   2.76ms
[2020.07.17-04.25.56:713][ 90]LogSavePackage: Moving '../../../../../../Users/Angelica .DESKTOP-RM5JOAJ/Documents/PaintShooter/PAINT/Saved/Tester9DCDDACE463BB99FF9369894F9E0D7B3.tmp' to '../../../../../../Users/Angelica .DESKTOP-RM5JOAJ/Documents/PaintShooter/PAINT/Content/Tester.umap'
[2020.07.17-04.25.56:924][ 90]Cmd: OBJ SAVEPACKAGE PACKAGE="/Game/Tester_BuiltData" FILE="../../../../../../Users/Angelica .DESKTOP-RM5JOAJ/Documents/PaintShooter/PAINT/Content/Tester_BuiltData.uasset" SILENT=true
[2020.07.17-04.25.57:086][ 90]LogSavePackage: Moving '../../../../../../Users/Angelica .DESKTOP-RM5JOAJ/Documents/PaintShooter/PAINT/Saved/Tester_BuiltData5856545A48CD60ED9C0C3A89A5F47EB3.tmp' to '../../../../../../Users/Angelica .DESKTOP-RM5JOAJ/Documents/PaintShooter/PAINT/Content/Tester_BuiltData.uasset'
[2020.07.17-04.25.57:122][ 90]AssetCheck: New page: Asset Save: multiple assets
[2020.07.17-04.25.57:122][ 90]LogContentValidation: Display: Validating World /Game/Tester.Tester
[2020.07.17-04.25.57:122][ 90]LogContentValidation: Display: Validating MapBuildDataRegistry /Game/Tester_BuiltData.Tester_BuiltData
[2020.07.17-04.26.07:192][153]Candidate modules for hot reload:
[2020.07.17-04.26.07:192][153]  PAINT
[2020.07.17-04.26.07:194][153]Launching UnrealBuildTool... [C:/Program Files/Epic Games/UE_4.25/Engine/Binaries/DotNET/UnrealBuildTool.exe  -ModuleWithSuffix=PAINT,4170 PAINTEditor Win64 Development -Project="C:/Users/Angelica .DESKTOP-RM5JOAJ/Documents/PaintShooter/PAINT/PAINT.uproject" "C:/Users/Angelica .DESKTOP-RM5JOAJ/Documents/PaintShooter/PAINT/PAINT.uproject"  -IgnoreJunk]
[2020.07.17-04.26.07:212][153]Warning: Starting HotReload took  0.1s.
[2020.07.17-04.27.50:878][223]CompilerResultsLog: New page: Compilation - Jul 16, 2020, 8:27:50 PM
[2020.07.17-04.27.50:878][223]CompilerResultsLog: Using 'git status' to determine working set for adaptive non-unity build (C:\Users\Angelica .DESKTOP-RM5JOAJ\Documents\PaintShooter).
[2020.07.17-04.27.50:878][223]CompilerResultsLog: Building PAINTEditor...
[2020.07.17-04.27.50:878][223]CompilerResultsLog: Using Visual Studio 2019 14.25.28614 toolchain (C:\Program Files (x86)\Microsoft Visual Studio\2019\Community\VC\Tools\MSVC\14.25.28610) and Windows 10.0.18362.0 SDK (C:\Program Files (x86)\Windows Kits\10).
[2020.07.17-04.27.50:879][223]CompilerResultsLog: Building 4 actions with 4 processes...
[2020.07.17-04.27.50:879][223]CompilerResultsLog:   [1/4] BallerController.cpp
[2020.07.17-04.27.50:879][223]CompilerResultsLog:   C:\Users\Angelica .DESKTOP-RM5JOAJ\Documents\PaintShooter\PAINT\Source\PAINT\Baller.h(43): warning C4263: 'void ABaller::Crouch(void)': member function does not override any base class virtual member function
[2020.07.17-04.27.50:879][223]CompilerResultsLog:   C:\Users\Angelica .DESKTOP-RM5JOAJ\Documents\PaintShooter\PAINT\Source\PAINT\Baller.h(84): warning C4264: 'void ACharacter::Crouch(bool)': no override available for virtual member function from base 'ACharacter'; function is hidden
[2020.07.17-04.27.50:879][223]CompilerResultsLog:   C:\Program Files\Epic Games\UE_4.25\Engine\Source\Runtime\Engine\Classes\GameFramework/Character.h(726): note: see declaration of 'ACharacter::Crouch'
[2020.07.17-04.27.50:880][223]CompilerResultsLog:   C:\Program Files\Epic Games\UE_4.25\Engine\Source\Runtime\Engine\Classes\GameFramework/Character.h(213): note: see declaration of 'ACharacter'
[2020.07.17-04.27.50:880][223]CompilerResultsLog:    C:\Users\Angelica .DESKTOP-RM5JOAJ\Documents\PaintShooter\PAINT\Source\PAINT\BallerController.cpp(32) : error C2059: syntax error: '}'
[2020.07.17-04.27.50:880][223]CompilerResultsLog:    C:\Users\Angelica .DESKTOP-RM5JOAJ\Documents\PaintShooter\PAINT\Source\PAINT\BallerController.cpp(32) : error C2143: syntax error: missing ';' before '}'
[2020.07.17-04.27.50:880][223]LogMainFrame: MainFrame: Module compiling took 103.804 seconds
[2020.07.17-04.27.50:880][223]Warning: HotReload failed, recompile failed
[2020.07.17-04.28.10:599][350]Candidate modules for hot reload:
[2020.07.17-04.28.10:600][350]  PAINT
[2020.07.17-04.28.10:602][350]Launching UnrealBuildTool... [C:/Program Files/Epic Games/UE_4.25/Engine/Binaries/DotNET/UnrealBuildTool.exe  -ModuleWithSuffix=PAINT,405 PAINTEditor Win64 Development -Project="C:/Users/Angelica .DESKTOP-RM5JOAJ/Documents/PaintShooter/PAINT/PAINT.uproject" "C:/Users/Angelica .DESKTOP-RM5JOAJ/Documents/PaintShooter/PAINT/PAINT.uproject"  -IgnoreJunk]
[2020.07.17-04.28.10:620][350]Warning: Starting HotReload took  0.1s.
[2020.07.17-04.32.47:151][159]CompilerResultsLog: New page: Compilation - Jul 16, 2020, 8:32:47 PM
[2020.07.17-04.32.47:152][159]CompilerResultsLog: Using 'git status' to determine working set for adaptive non-unity build (C:\Users\Angelica .DESKTOP-RM5JOAJ\Documents\PaintShooter).
[2020.07.17-04.32.47:152][159]CompilerResultsLog: Building PAINTEditor...
[2020.07.17-04.32.47:152][159]CompilerResultsLog: Using Visual Studio 2019 14.25.28614 toolchain (C:\Program Files (x86)\Microsoft Visual Studio\2019\Community\VC\Tools\MSVC\14.25.28610) and Windows 10.0.18362.0 SDK (C:\Program Files (x86)\Windows Kits\10).
[2020.07.17-04.32.47:152][159]CompilerResultsLog: Building 4 actions with 4 processes...
[2020.07.17-04.32.47:153][159]CompilerResultsLog:   [1/4] BallerController.cpp
[2020.07.17-04.32.47:153][159]CompilerResultsLog:   C:\Users\Angelica .DESKTOP-RM5JOAJ\Documents\PaintShooter\PAINT\Source\PAINT\Baller.h(43): warning C4263: 'void ABaller::Crouch(void)': member function does not override any base class virtual member function
[2020.07.17-04.32.47:153][159]CompilerResultsLog:   C:\Users\Angelica .DESKTOP-RM5JOAJ\Documents\PaintShooter\PAINT\Source\PAINT\Baller.h(84): warning C4264: 'void ACharacter::Crouch(bool)': no override available for virtual member function from base 'ACharacter'; function is hidden
[2020.07.17-04.32.47:153][159]CompilerResultsLog:   C:\Program Files\Epic Games\UE_4.25\Engine\Source\Runtime\Engine\Classes\GameFramework/Character.h(726): note: see declaration of 'ACharacter::Crouch'
[2020.07.17-04.32.47:153][159]CompilerResultsLog:   C:\Program Files\Epic Games\UE_4.25\Engine\Source\Runtime\Engine\Classes\GameFramework/Character.h(213): note: see declaration of 'ACharacter'
[2020.07.17-04.32.47:153][159]CompilerResultsLog:   [2/4] UE4Editor-PAINT-0405.lib
[2020.07.17-04.32.47:154][159]CompilerResultsLog:      Creating library C:\Users\Angelica .DESKTOP-RM5JOAJ\Documents\PaintShooter\PAINT\Intermediate\Build\Win64\UE4Editor\Development\PAINT\UE4Editor-PAINT-0405.lib and object C:\Users\Angelica .DESKTOP-RM5JOAJ\Documents\PaintShooter\PAINT\Intermediate\Build\Win64\UE4Editor\Development\PAINT\UE4Editor-PAINT-0405.exp
[2020.07.17-04.32.47:154][159]CompilerResultsLog:   [3/4] UE4Editor-PAINT-0405.dll
[2020.07.17-04.32.47:154][159]CompilerResultsLog:      Creating library C:\Users\Angelica .DESKTOP-RM5JOAJ\Documents\PaintShooter\PAINT\Intermediate\Build\Win64\UE4Editor\Development\PAINT\UE4Editor-PAINT-0405.suppressed.lib and object C:\Users\Angelica .DESKTOP-RM5JOAJ\Documents\PaintShooter\PAINT\Intermediate\Build\Win64\UE4Editor\Development\PAINT\UE4Editor-PAINT-0405.suppressed.exp
[2020.07.17-04.32.47:154][159]CompilerResultsLog:   [4/4] PAINTEditor.target
[2020.07.17-04.32.47:154][159]CompilerResultsLog: Total time in Parallel executor: 260.54 seconds
[2020.07.17-04.32.47:155][159]CompilerResultsLog: Total execution time: 275.11 seconds
[2020.07.17-04.32.47:155][159]LogMainFrame: MainFrame: Module compiling took 276.653 seconds
[2020.07.17-04.32.47:296][159]LogContentBrowser: Native class hierarchy populated in 0.0949 seconds. Added 3432 classes and 823 folders.
[2020.07.17-04.32.47:296][159]Display: HotReload took 276.8s.
[2020.07.17-04.32.52:315][208]Cmd: OBJ SAVEPACKAGE PACKAGE="/Game/Tester" FILE="../../../../../../Users/Angelica .DESKTOP-RM5JOAJ/Documents/PaintShooter/PAINT/Content/Tester.umap" SILENT=true AUTOSAVING=false KEEPDIRTY=false
[2020.07.17-04.32.52:378][208]LogUObjectHash: Compacting FUObjectHashTables data took   1.48ms
[2020.07.17-04.32.52:654][208]LogSavePackage: Moving '../../../../../../Users/Angelica .DESKTOP-RM5JOAJ/Documents/PaintShooter/PAINT/Saved/TesterA3794548428598FC003B8AA7AF4AA825.tmp' to '../../../../../../Users/Angelica .DESKTOP-RM5JOAJ/Documents/PaintShooter/PAINT/Content/Tester.umap'
[2020.07.17-04.32.52:871][208]Cmd: OBJ SAVEPACKAGE PACKAGE="/Game/Tester_BuiltData" FILE="../../../../../../Users/Angelica .DESKTOP-RM5JOAJ/Documents/PaintShooter/PAINT/Content/Tester_BuiltData.uasset" SILENT=true
[2020.07.17-04.32.53:022][208]LogSavePackage: Moving '../../../../../../Users/Angelica .DESKTOP-RM5JOAJ/Documents/PaintShooter/PAINT/Saved/Tester_BuiltData6A9EA64F4898460E352E82953F7F4143.tmp' to '../../../../../../Users/Angelica .DESKTOP-RM5JOAJ/Documents/PaintShooter/PAINT/Content/Tester_BuiltData.uasset'
[2020.07.17-04.32.53:059][208]AssetCheck: New page: Asset Save: multiple assets
[2020.07.17-04.32.53:060][208]LogContentValidation: Display: Validating World /Game/Tester.Tester
[2020.07.17-04.32.53:060][208]LogContentValidation: Display: Validating MapBuildDataRegistry /Game/Tester_BuiltData.Tester_BuiltData
[2020.07.17-04.32.53:825][219]LogTemp: Repeating last play command: Selected Viewport
[2020.07.17-04.32.54:093][219]LogPlayLevel: PlayLevel: No blueprints needed recompiling
[2020.07.17-04.32.54:094][219]PIE: New page: PIE session: Tester (Jul 16, 2020, 8:32:54 PM)
[2020.07.17-04.32.54:098][219]LogOnline: OSS: Creating online subsystem instance for: NULL
[2020.07.17-04.32.54:104][219]LogOnline: OSS: TryLoadSubsystemAndSetDefault: Loaded subsystem for module [NULL]
[2020.07.17-04.32.54:105][219]LogPlayLevel: Creating play world package: /Game/UEDPIE_0_Tester
[2020.07.17-04.32.54:117][219]LogPlayLevel: PIE: StaticDuplicateObject took: (0.012471s)
[2020.07.17-04.32.54:122][219]LogAIModule: Creating AISystem for world Tester
[2020.07.17-04.32.54:122][219]LogAISub: UAISubsystem::UAISubsystem EnvQueryManager (0000027CE03EB000), frame # 4219
[2020.07.17-04.32.54:122][219]LogAISub: UAISubsystem::UAISubsystem AIPerceptionSystem (0000027CC036D440), frame # 4219
[2020.07.17-04.32.54:123][219]LogPlayLevel: PIE: World Init took: (0.005296s)
[2020.07.17-04.32.54:123][219]LogPlayLevel: PIE: Created PIE world by copying editor world from /Game/Tester.Tester to /Game/UEDPIE_0_Tester.Tester (0.018437s)
[2020.07.17-04.32.54:160][219]LogUObjectHash: Compacting FUObjectHashTables data took   2.90ms
[2020.07.17-04.32.54:164][219]LogAudioMixer: Display: Audio Mixer Platform Settings:
[2020.07.17-04.32.54:164][219]LogAudioMixer: Display: 	Sample Rate:						  48000
[2020.07.17-04.32.54:165][219]LogAudioMixer: Display: 	Callback Buffer Frame Size Requested: 1024
[2020.07.17-04.32.54:165][219]LogAudioMixer: Display: 	Callback Buffer Frame Size To Use:	  1024
[2020.07.17-04.32.54:165][219]LogAudioMixer: Display: 	Number of buffers to queue:			  2
[2020.07.17-04.32.54:165][219]LogAudioMixer: Display: 	Max Channels (voices):				  32
[2020.07.17-04.32.54:165][219]LogAudioMixer: Display: 	Number of Async Source Workers:		  0
[2020.07.17-04.32.54:165][219]LogAudio: Display: AudioDevice MaxSources: 32
[2020.07.17-04.32.54:167][219]LogAudio: Display: Using built-in audio occlusion.
[2020.07.17-04.32.54:167][219]LogAudioMixer: Display: Initializing audio mixer.
[2020.07.17-04.32.54:209][219]LogAudioMixer: Display: 0: FrontLeft
[2020.07.17-04.32.54:209][219]LogAudioMixer: Display: 1: FrontRight
[2020.07.17-04.32.54:357][219]LogAudioMixer: Display: Using Audio Device Speaker/Headphone (Realtek High Definition Audio(SST))
[2020.07.17-04.32.54:358][219]LogAudioMixer: Display: Initializing Sound Submixes...
[2020.07.17-04.32.54:358][219]LogAudioMixer: Display: Creating Master Submix 'MasterSubmixDefault'
[2020.07.17-04.32.54:358][219]LogAudioMixer: Display: Creating Master Submix 'MasterReverbSubmixDefault'
[2020.07.17-04.32.54:360][219]LogAudioMixer: Display: Creating Master Submix 'MasterEQSubmixDefault'
[2020.07.17-04.32.54:404][219]LogInit: FAudioDevice initialized.
[2020.07.17-04.32.55:530][219]LogLoad: Game class is 'BP_PAINTGameModeBase_C'
[2020.07.17-04.32.55:534][219]LogWorld: Bringing World /Game/UEDPIE_0_Tester.Tester up for play (max tick rate 60) at 2020.07.17-00.32.55
[2020.07.17-04.32.55:535][219]LogWorld: Bringing up level for play took: 0.001632
[2020.07.17-04.32.55:535][219]LogOnline: OSS: Creating online subsystem instance for: :Context_2
[2020.07.17-04.32.55:658][219]LogContentBrowser: Native class hierarchy updated for 'MovieSceneCapture' in 0.0013 seconds. Added 20 classes and 0 folders.
[2020.07.17-04.32.55:664][219]LogTemp: Warning: CrossHair created
[2020.07.17-04.32.55:664][219]PIE: Server logged in
[2020.07.17-04.32.55:668][219]PIE: Play in editor total start time 1.613 seconds.
[2020.07.17-04.33.00:198][273]LogTemp: Warning: Manage CrossHair!
[2020.07.17-04.33.08:398][273]LogWindows: Error: === Critical error: ===
[2020.07.17-04.33.08:398][273]LogWindows: Error: 
[2020.07.17-04.33.08:398][273]LogWindows: Error: Fatal error!
[2020.07.17-04.33.08:398][273]LogWindows: Error: 
[2020.07.17-04.33.08:398][273]LogWindows: Error: Unhandled Exception: EXCEPTION_ACCESS_VIOLATION reading address 0x00000648
[2020.07.17-04.33.08:398][273]LogWindows: Error: 
[2020.07.17-04.33.08:398][273]LogWindows: Error: [Callstack] 0x00007fffaf865686 UE4Editor-PAINT-9753.dll!ABallerController::ManageCrossHair() [C:\Users\Angelica .DESKTOP-RM5JOAJ\Documents\PaintShooter\PAINT\Source\PAINT\BallerController.cpp:21]
[2020.07.17-04.33.08:398][273]LogWindows: Error: [Callstack] 0x00007fffaf863d1e UE4Editor-PAINT-9753.dll!ABaller::Equip() [C:\Users\Angelica .DESKTOP-RM5JOAJ\Documents\PaintShooter\PAINT\Source\PAINT\Baller.cpp:116]
[2020.07.17-04.33.08:398][273]LogWindows: Error: [Callstack] 0x00007fffbd0857da UE4Editor-Engine.dll!UnknownFunction []
[2020.07.17-04.33.08:398][273]LogWindows: Error: [Callstack] 0x00007fffbd0b12ee UE4Editor-Engine.dll!UnknownFunction []
[2020.07.17-04.33.08:398][273]LogWindows: Error: [Callstack] 0x00007fffbcbb9138 UE4Editor-Engine.dll!UnknownFunction []
[2020.07.17-04.33.08:398][273]LogWindows: Error: [Callstack] 0x00007fffbcbcc964 UE4Editor-Engine.dll!UnknownFunction []
[2020.07.17-04.33.08:398][273]LogWindows: Error: [Callstack] 0x00007fffbcbb71cb UE4Editor-Engine.dll!UnknownFunction []
[2020.07.17-04.33.08:398][273]LogWindows: Error: [Callstack] 0x00007fffbcbcae31 UE4Editor-Engine.dll!UnknownFunction []
[2020.07.17-04.33.08:398][273]LogWindows: Error: [Callstack] 0x00007fffbbea94c4 UE4Editor-Engine.dll!UnknownFunction []
[2020.07.17-04.33.08:398][273]LogWindows: Error: [Callstack] 0x00007fffbcf6616f UE4Editor-Engine.dll!UnknownFunction []
[2020.07.17-04.33.08:398][273]LogWindows: Error: [Callstack] 0x00007fffbcf6b1c7 UE4Editor-Engine.dll!UnknownFunction []
[2020.07.17-04.33.08:398][273]LogWindows: Error: [Callstack] 0x00007fffeb6a87d8 UE4Editor-Core.dll!UnknownFunction []
[2020.07.17-04.33.08:398][273]LogWindows: Error: [Callstack] 0x00007fffeb6a8aa3 UE4Editor-Core.dll!UnknownFunction []
[2020.07.17-04.33.08:398][273]LogWindows: Error: [Callstack] 0x00007fffeb6bf027 UE4Editor-Core.dll!UnknownFunction []
[2020.07.17-04.33.08:398][273]LogWindows: Error: [Callstack] 0x00007fffbcf871b2 UE4Editor-Engine.dll!UnknownFunction []
[2020.07.17-04.33.08:398][273]LogWindows: Error: [Callstack] 0x00007fffbcf8c47a UE4Editor-Engine.dll!UnknownFunction []
[2020.07.17-04.33.08:398][273]LogWindows: Error: [Callstack] 0x00007fffbc74c43f UE4Editor-Engine.dll!UnknownFunction []
[2020.07.17-04.33.08:398][273]LogWindows: Error: [Callstack] 0x00007fffbc756cd7 UE4Editor-Engine.dll!UnknownFunction []
[2020.07.17-04.33.08:398][273]LogWindows: Error: [Callstack] 0x00007fffd8cca737 UE4Editor-UnrealEd.dll!UnknownFunction []
[2020.07.17-04.33.08:399][273]LogWindows: Error: [Callstack] 0x00007fffd95a00d6 UE4Editor-UnrealEd.dll!UnknownFunction []
[2020.07.17-04.33.08:399][273]LogWindows: Error: [Callstack] 0x00007ff69b647800 UE4Editor.exe!UnknownFunction []
[2020.07.17-04.33.08:399][273]LogWindows: Error: [Callstack] 0x00007ff69b65ba7c UE4Editor.exe!UnknownFunction []
[2020.07.17-04.33.08:399][273]LogWindows: Error: [Callstack] 0x00007ff69b65bb5a UE4Editor.exe!UnknownFunction []
[2020.07.17-04.33.08:399][273]LogWindows: Error: [Callstack] 0x00007ff69b66e31d UE4Editor.exe!UnknownFunction []
[2020.07.17-04.33.08:399][273]LogWindows: Error: [Callstack] 0x00007ff69b67145a UE4Editor.exe!UnknownFunction []
[2020.07.17-04.33.08:399][273]LogWindows: Error: [Callstack] 0x00007ff82f377bd4 KERNEL32.DLL!UnknownFunction []
[2020.07.17-04.33.08:399][273]LogWindows: Error: [Callstack] 0x00007ff82f88ce51 ntdll.dll!UnknownFunction []
[2020.07.17-04.33.08:399][273]LogWindows: Error: 
[2020.07.17-04.33.08:442][273]LogExit: Executing StaticShutdownAfterError
[2020.07.17-04.33.08:449][273]LogWindows: FPlatformMisc::RequestExit(1)
[2020.07.17-04.33.08:449][273]LogCore: Engine exit requested (reason: Win RequestExit)
[2020.07.17-04.33.08:473][273]Log file closed, 07/17/20 00:33:08
