Log file open, 07/17/20 00:20:05
LogInit: Display: Running engine for game: PAINT
LogPlatformFile: Not using cached read wrapper
LogTaskGraph: Started task graph with 5 named threads and 11 total threads with 3 sets of task threads.
LogStats: Stats thread started at 2.507400
LogD3D11RHI: Loaded GFSDK_Aftermath_Lib.x64.dll
LogICUInternationalization: ICU TimeZone Detection - Raw Offset: -5:00, Platform Override: ''
LogPluginManager: Mounting plugin Paper2D
LogPluginManager: Mounting plugin AISupport
LogPluginManager: Mounting plugin LightPropagationVolume
LogPluginManager: Mounting plugin CameraShakePreviewer
LogPluginManager: Mounting plugin ActorLayerUtilities
LogPluginManager: Mounting plugin AnimationSharing
LogPluginManager: Mounting plugin CLionSourceCodeAccess
LogPluginManager: Mounting plugin CodeLiteSourceCodeAccess
LogPluginManager: Mounting plugin GitSourceControl
LogPluginManager: Mounting plugin KDevelopSourceCodeAccess
LogPluginManager: Mounting plugin NullSourceCodeAccess
LogPluginManager: Mounting plugin PerforceSourceControl
LogPluginManager: Mounting plugin PlasticSourceControl
LogPluginManager: Mounting plugin RiderSourceCodeAccess
LogPluginManager: Mounting plugin SubversionSourceControl
LogPluginManager: Mounting plugin UObjectPlugin
LogPluginManager: Mounting plugin VisualStudioCodeSourceCodeAccess
LogPluginManager: Mounting plugin VisualStudioSourceCodeAccess
LogPluginManager: Mounting plugin XCodeSourceCodeAccess
LogPluginManager: Mounting plugin AssetManagerEditor
LogPluginManager: Mounting plugin CryptoKeys
LogPluginManager: Mounting plugin CurveEditorTools
LogPluginManager: Mounting plugin DataValidation
LogPluginManager: Mounting plugin EditorScriptingUtilities
LogPluginManager: Mounting plugin FacialAnimation
LogPluginManager: Mounting plugin GameplayTagsEditor
LogPluginManager: Mounting plugin GeometryMode
LogPluginManager: Mounting plugin MacGraphicsSwitching
LogPluginManager: Mounting plugin MaterialAnalyzer
LogPluginManager: Mounting plugin MobileLauncherProfileWizard
LogPluginManager: Mounting plugin PluginBrowser
LogPluginManager: Mounting plugin SpeedTreeImporter
LogPluginManager: Mounting plugin DatasmithContent
LogPluginManager: Mounting plugin VariantManagerContent
LogPluginManager: Mounting plugin AlembicImporter
LogPluginManager: Mounting plugin AutomationUtils
LogPluginManager: Mounting plugin BackChannel
LogPluginManager: Mounting plugin ChaosCloth
LogPluginManager: Mounting plugin ChaosClothEditor
LogPluginManager: Mounting plugin ChaosEditor
LogPluginManager: Mounting plugin ChaosNiagara
LogPluginManager: Mounting plugin ChaosSolverPlugin
LogPluginManager: Mounting plugin CharacterAI
LogPluginManager: Mounting plugin GeometryCache
LogPluginManager: Mounting plugin GeometryCollectionPlugin
LogPluginManager: Mounting plugin GeometryProcessing
LogPluginManager: Mounting plugin PlanarCut
LogPluginManager: Mounting plugin PlatformCrypto
LogPluginManager: Mounting plugin ProxyLODPlugin
LogPluginManager: Mounting plugin SkeletalReduction
LogPluginManager: Mounting plugin Niagara
LogPluginManager: Mounting plugin MagicLeap
LogPluginManager: Mounting plugin MagicLeapLightEstimation
LogPluginManager: Mounting plugin MagicLeapMedia
LogPluginManager: Mounting plugin MagicLeapPassableWorld
LogPluginManager: Mounting plugin MLSDK
LogPluginManager: Mounting plugin AndroidMedia
LogPluginManager: Mounting plugin AvfMedia
LogPluginManager: Mounting plugin ImgMedia
LogPluginManager: Mounting plugin MediaCompositing
LogPluginManager: Mounting plugin MediaPlayerEditor
LogPluginManager: Mounting plugin WebMMedia
LogPluginManager: Mounting plugin WmfMedia
LogPluginManager: Mounting plugin MeshPainting
LogPluginManager: Mounting plugin TcpMessaging
LogPluginManager: Mounting plugin UdpMessaging
LogPluginManager: Mounting plugin ActorSequence
LogPluginManager: Mounting plugin LevelSequenceEditor
LogPluginManager: Mounting plugin MatineeToLevelSequence
LogPluginManager: Mounting plugin MovieRenderPipeline
LogPluginManager: Mounting plugin TemplateSequence
LogPluginManager: Mounting plugin NetcodeUnitTest
LogPluginManager: Mounting plugin NUTUnrealEngine4
LogPluginManager: Mounting plugin OnlineSubsystemGooglePlay
LogPluginManager: Mounting plugin OnlineSubsystemIOS
LogPluginManager: Mounting plugin OnlineSubsystem
LogPluginManager: Mounting plugin OnlineSubsystemNull
LogPluginManager: Mounting plugin OnlineSubsystemUtils
LogPluginManager: Mounting plugin LauncherChunkInstaller
LogPluginManager: Mounting plugin AndroidDeviceProfileSelector
LogPluginManager: Mounting plugin AndroidMoviePlayer
LogPluginManager: Mounting plugin AndroidPermission
LogPluginManager: Mounting plugin AppleImageUtils
LogPluginManager: Mounting plugin AppleMoviePlayer
LogPluginManager: Mounting plugin ArchVisCharacter
LogPluginManager: Mounting plugin AssetTags
LogPluginManager: Mounting plugin AudioCapture
LogPluginManager: Mounting plugin CableComponent
LogPluginManager: Mounting plugin CustomMeshComponent
LogPluginManager: Mounting plugin EditableMesh
LogPluginManager: Mounting plugin ExampleDeviceProfileSelector
LogPluginManager: Mounting plugin GoogleCloudMessaging
LogPluginManager: Mounting plugin GooglePAD
LogPluginManager: Mounting plugin IOSDeviceProfileSelector
LogPluginManager: Mounting plugin LinuxDeviceProfileSelector
LogPluginManager: Mounting plugin LocationServicesBPLibrary
LogPluginManager: Mounting plugin MobilePatchingUtils
LogPluginManager: Mounting plugin OculusVR
LogPluginManager: Mounting plugin PhysXVehicles
LogPluginManager: Mounting plugin PostSplashScreen
LogPluginManager: Mounting plugin ProceduralMeshComponent
LogPluginManager: Mounting plugin RuntimePhysXCooking
LogPluginManager: Mounting plugin SignificanceManager
LogPluginManager: Mounting plugin SoundFields
LogPluginManager: Mounting plugin SteamVR
LogPluginManager: Mounting plugin Synthesis
LogPluginManager: Mounting plugin WebMMoviePlayer
LogPluginManager: Mounting plugin WindowsMoviePlayer
LogPluginManager: Mounting plugin ScreenshotTools
LogInit: Using libcurl 7.55.1-DEV
LogInit:  - built for x86_64-pc-win32
LogInit:  - supports SSL with OpenSSL/1.1.1
LogInit:  - supports HTTP deflate (compression) using libz 1.2.8
LogInit:  - other features:
LogInit:      CURL_VERSION_SSL
LogInit:      CURL_VERSION_LIBZ
LogInit:      CURL_VERSION_IPV6
LogInit:      CURL_VERSION_ASYNCHDNS
LogInit:      CURL_VERSION_LARGEFILE
LogInit:      CURL_VERSION_IDN
LogInit:  CurlRequestOptions (configurable via config and command line):
LogInit:  - bVerifyPeer = true  - Libcurl will verify peer certificate
LogInit:  - bUseHttpProxy = false  - Libcurl will NOT use HTTP proxy
LogInit:  - bDontReuseConnections = false  - Libcurl will reuse connections
LogInit:  - MaxHostConnections = 16  - Libcurl will limit the number of connections to a host
LogInit:  - LocalHostAddr = Default
LogInit:  - BufferSize = 65536
LogOnline: OSS: Creating online subsystem instance for: NULL
LogInit: WinSock: version 1.1 (2.2), MaxSocks=32767, MaxUdp=65467
LogOnline: OSS: TryLoadSubsystemAndSetDefault: Loaded subsystem for module [NULL]
LogInit: Build: ++UE4+Release-4.25-CL-13594126
LogInit: Engine Version: 4.25.1-13594126+++UE4+Release-4.25
LogInit: Compatible Engine Version: 4.25.0-13144385+++UE4+Release-4.25
LogInit: Net CL: 13144385
LogInit: OS: Windows 10 (Release 1909) (), CPU: Intel(R) Core(TM) i7-7500U CPU @ 2.70GHz, GPU: Intel(R) HD Graphics 620
LogInit: Compiled (64-bit): Jun  2 2020 02:10:36
LogInit: Compiled with Visual C++: 19.24.28315.00
LogInit: Build Configuration: Development
LogInit: Branch Name: ++UE4+Release-4.25
LogInit: Command Line: 
LogInit: Base Directory: C:/Program Files/Epic Games/UE_4.25/Engine/Binaries/Win64/
LogInit: Allocator: TBB
LogInit: Installed Engine Build: 1
LogDevObjectVersion: Number of dev versions registered: 26
LogDevObjectVersion:   Dev-Blueprints (B0D832E4-1F89-4F0D-ACCF-7EB736FD4AA2): 10
LogDevObjectVersion:   Dev-Build (E1C64328-A22C-4D53-A36C-8E866417BD8C): 0
LogDevObjectVersion:   Dev-Core (375EC13C-06E4-48FB-B500-84F0262A717E): 4
LogDevObjectVersion:   Dev-Editor (E4B068ED-F494-42E9-A231-DA0B2E46BB41): 38
LogDevObjectVersion:   Dev-Framework (CFFC743F-43B0-4480-9391-14DF171D2073): 37
LogDevObjectVersion:   Dev-Mobile (B02B49B5-BB20-44E9-A304-32B752E40360): 2
LogDevObjectVersion:   Dev-Networking (A4E4105C-59A1-49B5-A7C5-40C4547EDFEE): 0
LogDevObjectVersion:   Dev-Online (39C831C9-5AE6-47DC-9A44-9C173E1C8E7C): 0
LogDevObjectVersion:   Dev-Physics (78F01B33-EBEA-4F98-B9B4-84EACCB95AA2): 4
LogDevObjectVersion:   Dev-Platform (6631380F-2D4D-43E0-8009-CF276956A95A): 0
LogDevObjectVersion:   Dev-Rendering (12F88B9F-8875-4AFC-A67C-D90C383ABD29): 43
LogDevObjectVersion:   Dev-Sequencer (7B5AE74C-D270-4C10-A958-57980B212A5A): 12
LogDevObjectVersion:   Dev-VR (D7296918-1DD6-4BDD-9DE2-64A83CC13884): 3
LogDevObjectVersion:   Dev-LoadTimes (C2A15278-BFE7-4AFE-6C17-90FF531DF755): 1
LogDevObjectVersion:   Private-Geometry (6EACA3D4-40EC-4CC1-B786-8BED09428FC5): 3
LogDevObjectVersion:   Dev-AnimPhys (29E575DD-E0A3-4627-9D10-D276232CDCEA): 17
LogDevObjectVersion:   Dev-Anim (AF43A65D-7FD3-4947-9873-3E8ED9C1BB05): 7
LogDevObjectVersion:   Dev-ReflectionCapture (6B266CEC-1EC7-4B8F-A30B-E4D90942FC07): 1
LogDevObjectVersion:   Dev-Automation (0DF73D61-A23F-47EA-B727-89E90C41499A): 1
LogDevObjectVersion:   FortniteMain (601D1886-AC64-4F84-AA16-D3DE0DEAC7D6): 31
LogDevObjectVersion:   Dev-Enterprise (9DFFBCD6-494F-0158-E221-12823C92A888): 10
LogDevObjectVersion:   Dev-Niagara (F2AED0AC-9AFE-416F-8664-AA7FFA26D6FC): 1
LogDevObjectVersion:   Dev-Destruction (174F1F0B-B4C6-45A5-B13F-2EE8D0FB917D): 10
LogDevObjectVersion:   Dev-Physics-Ext (35F94A83-E258-406C-A318-09F59610247C): 37
LogDevObjectVersion:   Dev-PhysicsMaterial-Chaos (B68FC16E-8B1B-42E2-B453-215C058844FE): 1
LogDevObjectVersion:   Dev-CineCamera (B2E18506-4273-CFC2-A54E-F4BB758BBA07): 1
LogInit: Presizing for max 25165824 objects, including 0 objects not considered by GC, pre-allocating 0 bytes for permanent pool.
LogConfig: Applying CVar settings from Section [/Script/Engine.StreamingSettings] File [C:/Users/Angelica .DESKTOP-RM5JOAJ/Documents/PaintShooter/PAINT/Saved/Config/Windows/Engine.ini]
LogConfig: Setting CVar [[s.MinBulkDataSizeForAsyncLoading:131072]]
LogConfig: Setting CVar [[s.AsyncLoadingThreadEnabled:0]]
LogConfig: Setting CVar [[s.EventDrivenLoaderEnabled:1]]
LogConfig: Setting CVar [[s.WarnIfTimeLimitExceeded:0]]
LogConfig: Setting CVar [[s.TimeLimitExceededMultiplier:1.5]]
LogConfig: Setting CVar [[s.TimeLimitExceededMinTime:0.005]]
LogConfig: Setting CVar [[s.UseBackgroundLevelStreaming:1]]
LogConfig: Setting CVar [[s.PriorityAsyncLoadingExtraTime:15.0]]
LogConfig: Setting CVar [[s.LevelStreamingActorsUpdateTimeLimit:5.0]]
LogConfig: Setting CVar [[s.PriorityLevelStreamingActorsUpdateExtraTime:5.0]]
LogConfig: Setting CVar [[s.LevelStreamingComponentsRegistrationGranularity:10]]
LogConfig: Setting CVar [[s.UnregisterComponentsTimeLimit:1.0]]
LogConfig: Setting CVar [[s.LevelStreamingComponentsUnregistrationGranularity:5]]
LogConfig: Setting CVar [[s.FlushStreamingOnExit:1]]
LogInit: Object subsystem initialized
LogConfig: Setting CVar [[con.DebugEarlyDefault:1]]
LogConfig: Setting CVar [[r.setres:1280x720]]
[2020.07.17-04.20.06:061][  0]LogConfig: Setting CVar [[r.VSync:0]]
[2020.07.17-04.20.06:061][  0]LogConfig: Setting CVar [[r.RHICmdBypass:0]]
[2020.07.17-04.20.06:061][  0]LogConfig: Applying CVar settings from Section [/Script/Engine.RendererSettings] File [C:/Users/Angelica .DESKTOP-RM5JOAJ/Documents/PaintShooter/PAINT/Saved/Config/Windows/Engine.ini]
[2020.07.17-04.20.06:061][  0]LogConfig: Setting CVar [[r.GPUCrashDebugging:0]]
[2020.07.17-04.20.06:061][  0]LogConfig: Applying CVar settings from Section [/Script/Engine.RendererOverrideSettings] File [C:/Users/Angelica .DESKTOP-RM5JOAJ/Documents/PaintShooter/PAINT/Saved/Config/Windows/Engine.ini]
[2020.07.17-04.20.06:061][  0]LogConfig: Applying CVar settings from Section [/Script/Engine.StreamingSettings] File [C:/Users/Angelica .DESKTOP-RM5JOAJ/Documents/PaintShooter/PAINT/Saved/Config/Windows/Engine.ini]
[2020.07.17-04.20.06:061][  0]LogConfig: Setting CVar [[s.MinBulkDataSizeForAsyncLoading:131072]]
[2020.07.17-04.20.06:061][  0]LogConfig: Setting CVar [[s.AsyncLoadingThreadEnabled:0]]
[2020.07.17-04.20.06:061][  0]LogConfig: Setting CVar [[s.EventDrivenLoaderEnabled:1]]
[2020.07.17-04.20.06:061][  0]LogConfig: Setting CVar [[s.WarnIfTimeLimitExceeded:0]]
[2020.07.17-04.20.06:061][  0]LogConfig: Setting CVar [[s.TimeLimitExceededMultiplier:1.5]]
[2020.07.17-04.20.06:061][  0]LogConfig: Setting CVar [[s.TimeLimitExceededMinTime:0.005]]
[2020.07.17-04.20.06:061][  0]LogConfig: Setting CVar [[s.UseBackgroundLevelStreaming:1]]
[2020.07.17-04.20.06:061][  0]LogConfig: Setting CVar [[s.PriorityAsyncLoadingExtraTime:15.0]]
[2020.07.17-04.20.06:061][  0]LogConfig: Setting CVar [[s.LevelStreamingActorsUpdateTimeLimit:5.0]]
[2020.07.17-04.20.06:061][  0]LogConfig: Setting CVar [[s.PriorityLevelStreamingActorsUpdateExtraTime:5.0]]
[2020.07.17-04.20.06:061][  0]LogConfig: Setting CVar [[s.LevelStreamingComponentsRegistrationGranularity:10]]
[2020.07.17-04.20.06:061][  0]LogConfig: Setting CVar [[s.UnregisterComponentsTimeLimit:1.0]]
[2020.07.17-04.20.06:061][  0]LogConfig: Setting CVar [[s.LevelStreamingComponentsUnregistrationGranularity:5]]
[2020.07.17-04.20.06:061][  0]LogConfig: Setting CVar [[s.FlushStreamingOnExit:1]]
[2020.07.17-04.20.06:061][  0]LogConfig: Applying CVar settings from Section [/Script/Engine.GarbageCollectionSettings] File [C:/Users/Angelica .DESKTOP-RM5JOAJ/Documents/PaintShooter/PAINT/Saved/Config/Windows/Engine.ini]
[2020.07.17-04.20.06:061][  0]LogConfig: Setting CVar [[gc.MaxObjectsNotConsideredByGC:1]]
[2020.07.17-04.20.06:061][  0]LogConfig: Setting CVar [[gc.SizeOfPermanentObjectPool:0]]
[2020.07.17-04.20.06:061][  0]LogConfig: Setting CVar [[gc.FlushStreamingOnGC:0]]
[2020.07.17-04.20.06:061][  0]LogConfig: Setting CVar [[gc.NumRetriesBeforeForcingGC:10]]
[2020.07.17-04.20.06:062][  0]LogConfig: Setting CVar [[gc.AllowParallelGC:1]]
[2020.07.17-04.20.06:062][  0]LogConfig: Setting CVar [[gc.TimeBetweenPurgingPendingKillObjects:61.1]]
[2020.07.17-04.20.06:062][  0]LogConfig: Setting CVar [[gc.MaxObjectsInEditor:25165824]]
[2020.07.17-04.20.06:062][  0]LogConfig: Setting CVar [[gc.IncrementalBeginDestroyEnabled:1]]
[2020.07.17-04.20.06:062][  0]LogConfig: Setting CVar [[gc.CreateGCClusters:1]]
[2020.07.17-04.20.06:062][  0]LogConfig: Setting CVar [[gc.MinGCClusterSize:5]]
[2020.07.17-04.20.06:062][  0]LogConfig: Setting CVar [[gc.ActorClusteringEnabled:0]]
[2020.07.17-04.20.06:062][  0]LogConfig: Setting CVar [[gc.BlueprintClusteringEnabled:0]]
[2020.07.17-04.20.06:062][  0]LogConfig: Setting CVar [[gc.UseDisregardForGCOnDedicatedServers:0]]
[2020.07.17-04.20.06:062][  0]LogConfig: Applying CVar settings from Section [/Script/Engine.NetworkSettings] File [C:/Users/Angelica .DESKTOP-RM5JOAJ/Documents/PaintShooter/PAINT/Saved/Config/Windows/Engine.ini]
[2020.07.17-04.20.06:062][  0]LogConfig: Applying CVar settings from Section [/Script/UnrealEd.CookerSettings] File [C:/Users/Angelica .DESKTOP-RM5JOAJ/Documents/PaintShooter/PAINT/Saved/Config/Windows/Engine.ini]
[2020.07.17-04.20.06:068][  0]LogConfig: Applying CVar settings from Section [ViewDistanceQuality@3] File [C:/Users/Angelica .DESKTOP-RM5JOAJ/Documents/PaintShooter/PAINT/Saved/Config/Windows/Scalability.ini]
[2020.07.17-04.20.06:068][  0]LogConfig: Setting CVar [[r.SkeletalMeshLODBias:0]]
[2020.07.17-04.20.06:068][  0]LogConfig: Setting CVar [[r.ViewDistanceScale:1.0]]
[2020.07.17-04.20.06:068][  0]LogConfig: Applying CVar settings from Section [AntiAliasingQuality@3] File [C:/Users/Angelica .DESKTOP-RM5JOAJ/Documents/PaintShooter/PAINT/Saved/Config/Windows/Scalability.ini]
[2020.07.17-04.20.06:068][  0]LogConfig: Setting CVar [[r.PostProcessAAQuality:4]]
[2020.07.17-04.20.06:068][  0]LogConfig: Applying CVar settings from Section [ShadowQuality@3] File [C:/Users/Angelica .DESKTOP-RM5JOAJ/Documents/PaintShooter/PAINT/Saved/Config/Windows/Scalability.ini]
[2020.07.17-04.20.06:068][  0]LogConfig: Setting CVar [[r.LightFunctionQuality:1]]
[2020.07.17-04.20.06:068][  0]LogConfig: Setting CVar [[r.ShadowQuality:5]]
[2020.07.17-04.20.06:068][  0]LogConfig: Setting CVar [[r.Shadow.CSM.MaxCascades:10]]
[2020.07.17-04.20.06:068][  0]LogConfig: Setting CVar [[r.Shadow.MaxResolution:2048]]
[2020.07.17-04.20.06:068][  0]LogConfig: Setting CVar [[r.Shadow.MaxCSMResolution:2048]]
[2020.07.17-04.20.06:068][  0]LogConfig: Setting CVar [[r.Shadow.RadiusThreshold:0.01]]
[2020.07.17-04.20.06:068][  0]LogConfig: Setting CVar [[r.Shadow.DistanceScale:1.0]]
[2020.07.17-04.20.06:068][  0]LogConfig: Setting CVar [[r.Shadow.CSM.TransitionScale:1.0]]
[2020.07.17-04.20.06:068][  0]LogConfig: Setting CVar [[r.Shadow.PreShadowResolutionFactor:1.0]]
[2020.07.17-04.20.06:068][  0]LogConfig: Setting CVar [[r.DistanceFieldShadowing:1]]
[2020.07.17-04.20.06:068][  0]LogConfig: Setting CVar [[r.DistanceFieldAO:1]]
[2020.07.17-04.20.06:068][  0]LogConfig: Setting CVar [[r.AOQuality:2]]
[2020.07.17-04.20.06:068][  0]LogConfig: Setting CVar [[r.VolumetricFog:1]]
[2020.07.17-04.20.06:068][  0]LogConfig: Setting CVar [[r.VolumetricFog.GridPixelSize:8]]
[2020.07.17-04.20.06:068][  0]LogConfig: Setting CVar [[r.VolumetricFog.GridSizeZ:128]]
[2020.07.17-04.20.06:068][  0]LogConfig: Setting CVar [[r.VolumetricFog.HistoryMissSupersampleCount:4]]
[2020.07.17-04.20.06:068][  0]LogConfig: Setting CVar [[r.LightMaxDrawDistanceScale:1]]
[2020.07.17-04.20.06:068][  0]LogConfig: Setting CVar [[r.CapsuleShadows:1]]
[2020.07.17-04.20.06:068][  0]LogConfig: Applying CVar settings from Section [PostProcessQuality@3] File [C:/Users/Angelica .DESKTOP-RM5JOAJ/Documents/PaintShooter/PAINT/Saved/Config/Windows/Scalability.ini]
[2020.07.17-04.20.06:068][  0]LogConfig: Setting CVar [[r.MotionBlurQuality:4]]
[2020.07.17-04.20.06:069][  0]LogConfig: Setting CVar [[r.AmbientOcclusionMipLevelFactor:0.4]]
[2020.07.17-04.20.06:069][  0]LogConfig: Setting CVar [[r.AmbientOcclusionMaxQuality:100]]
[2020.07.17-04.20.06:069][  0]LogConfig: Setting CVar [[r.AmbientOcclusionLevels:-1]]
[2020.07.17-04.20.06:069][  0]LogConfig: Setting CVar [[r.AmbientOcclusionRadiusScale:1.0]]
[2020.07.17-04.20.06:069][  0]LogConfig: Setting CVar [[r.DepthOfFieldQuality:2]]
[2020.07.17-04.20.06:069][  0]LogConfig: Setting CVar [[r.RenderTargetPoolMin:400]]
[2020.07.17-04.20.06:069][  0]LogConfig: Setting CVar [[r.LensFlareQuality:2]]
[2020.07.17-04.20.06:069][  0]LogConfig: Setting CVar [[r.SceneColorFringeQuality:1]]
[2020.07.17-04.20.06:069][  0]LogConfig: Setting CVar [[r.EyeAdaptationQuality:2]]
[2020.07.17-04.20.06:069][  0]LogConfig: Setting CVar [[r.BloomQuality:5]]
[2020.07.17-04.20.06:069][  0]LogConfig: Setting CVar [[r.FastBlurThreshold:100]]
[2020.07.17-04.20.06:069][  0]LogConfig: Setting CVar [[r.Upscale.Quality:3]]
[2020.07.17-04.20.06:069][  0]LogConfig: Setting CVar [[r.Tonemapper.GrainQuantization:1]]
[2020.07.17-04.20.06:069][  0]LogConfig: Setting CVar [[r.LightShaftQuality:1]]
[2020.07.17-04.20.06:069][  0]LogConfig: Setting CVar [[r.Filter.SizeScale:1]]
[2020.07.17-04.20.06:069][  0]LogConfig: Setting CVar [[r.Tonemapper.Quality:5]]
[2020.07.17-04.20.06:069][  0]LogConfig: Setting CVar [[r.DOF.Gather.AccumulatorQuality:1        ; higher gathering accumulator quality]]
[2020.07.17-04.20.06:069][  0]LogConfig: Setting CVar [[r.DOF.Gather.PostfilterMethod:1          ; Median3x3 postfilering method]]
[2020.07.17-04.20.06:069][  0]LogConfig: Setting CVar [[r.DOF.Gather.EnableBokehSettings:0       ; no bokeh simulation when gathering]]
[2020.07.17-04.20.06:069][  0]LogConfig: Setting CVar [[r.DOF.Gather.RingCount:4                 ; medium number of samples when gathering]]
[2020.07.17-04.20.06:069][  0]LogConfig: Setting CVar [[r.DOF.Scatter.ForegroundCompositing:1    ; additive foreground scattering]]
[2020.07.17-04.20.06:069][  0]LogConfig: Setting CVar [[r.DOF.Scatter.BackgroundCompositing:2    ; additive background scattering]]
[2020.07.17-04.20.06:069][  0]LogConfig: Setting CVar [[r.DOF.Scatter.EnableBokehSettings:1      ; bokeh simulation when scattering]]
[2020.07.17-04.20.06:069][  0]LogConfig: Setting CVar [[r.DOF.Scatter.MaxSpriteRatio:0.1         ; only a maximum of 10% of scattered bokeh]]
[2020.07.17-04.20.06:070][  0]LogConfig: Setting CVar [[r.DOF.Recombine.Quality:1                ; cheap slight out of focus]]
[2020.07.17-04.20.06:070][  0]LogConfig: Setting CVar [[r.DOF.Recombine.EnableBokehSettings:0    ; no bokeh simulation on slight out of focus]]
[2020.07.17-04.20.06:070][  0]LogConfig: Setting CVar [[r.DOF.TemporalAAQuality:1                ; more stable temporal accumulation]]
[2020.07.17-04.20.06:070][  0]LogConfig: Setting CVar [[r.DOF.Kernel.MaxForegroundRadius:0.025]]
[2020.07.17-04.20.06:070][  0]LogConfig: Setting CVar [[r.DOF.Kernel.MaxBackgroundRadius:0.025]]
[2020.07.17-04.20.06:070][  0]LogConfig: Applying CVar settings from Section [TextureQuality@3] File [C:/Users/Angelica .DESKTOP-RM5JOAJ/Documents/PaintShooter/PAINT/Saved/Config/Windows/Scalability.ini]
[2020.07.17-04.20.06:070][  0]LogConfig: Setting CVar [[r.Streaming.MipBias:0]]
[2020.07.17-04.20.06:070][  0]LogConfig: Setting CVar [[r.Streaming.AmortizeCPUToGPUCopy:0]]
[2020.07.17-04.20.06:070][  0]LogConfig: Setting CVar [[r.Streaming.MaxNumTexturesToStreamPerFrame:0]]
[2020.07.17-04.20.06:070][  0]LogConfig: Setting CVar [[r.Streaming.Boost:1]]
[2020.07.17-04.20.06:070][  0]LogConfig: Setting CVar [[r.MaxAnisotropy:8]]
[2020.07.17-04.20.06:070][  0]LogConfig: Setting CVar [[r.VT.MaxAnisotropy:8]]
[2020.07.17-04.20.06:070][  0]LogConfig: Setting CVar [[r.Streaming.LimitPoolSizeToVRAM:0]]
[2020.07.17-04.20.06:070][  0]LogConfig: Setting CVar [[r.Streaming.PoolSize:1000]]
[2020.07.17-04.20.06:070][  0]LogConfig: Setting CVar [[r.Streaming.MaxEffectiveScreenSize:0]]
[2020.07.17-04.20.06:070][  0]LogConfig: Applying CVar settings from Section [EffectsQuality@3] File [C:/Users/Angelica .DESKTOP-RM5JOAJ/Documents/PaintShooter/PAINT/Saved/Config/Windows/Scalability.ini]
[2020.07.17-04.20.06:070][  0]LogConfig: Setting CVar [[r.TranslucencyLightingVolumeDim:64]]
[2020.07.17-04.20.06:070][  0]LogConfig: Setting CVar [[r.RefractionQuality:2]]
[2020.07.17-04.20.06:070][  0]LogConfig: Setting CVar [[r.SSR.Quality:3]]
[2020.07.17-04.20.06:070][  0]LogConfig: Setting CVar [[r.SSR.HalfResSceneColor:0]]
[2020.07.17-04.20.06:070][  0]LogConfig: Setting CVar [[r.SceneColorFormat:4]]
[2020.07.17-04.20.06:070][  0]LogConfig: Setting CVar [[r.DetailMode:2]]
[2020.07.17-04.20.06:070][  0]LogConfig: Setting CVar [[r.TranslucencyVolumeBlur:1]]
[2020.07.17-04.20.06:070][  0]LogConfig: Setting CVar [[r.MaterialQualityLevel:1 ; High quality]]
[2020.07.17-04.20.06:070][  0]LogConfig: Setting CVar [[r.SSS.Scale:1]]
[2020.07.17-04.20.06:070][  0]LogConfig: Setting CVar [[r.SSS.SampleSet:2]]
[2020.07.17-04.20.06:070][  0]LogConfig: Setting CVar [[r.SSS.Quality:1]]
[2020.07.17-04.20.06:070][  0]LogConfig: Setting CVar [[r.SSS.HalfRes:0]]
[2020.07.17-04.20.06:071][  0]LogConfig: Setting CVar [[r.SSGI.Quality:3]]
[2020.07.17-04.20.06:071][  0]LogConfig: Setting CVar [[r.EmitterSpawnRateScale:1.0]]
[2020.07.17-04.20.06:071][  0]LogConfig: Setting CVar [[r.ParticleLightQuality:2]]
[2020.07.17-04.20.06:071][  0]LogConfig: Setting CVar [[r.SkyAtmosphere.AerialPerspectiveLUT.FastApplyOnOpaque:1 ; Always have FastSkyLUT 1 in this case to avoid wrong sky]]
[2020.07.17-04.20.06:071][  0]LogConfig: Setting CVar [[r.SkyAtmosphere.AerialPerspectiveLUT.SampleCountPerSlice:1]]
[2020.07.17-04.20.06:071][  0]LogConfig: Setting CVar [[r.SkyAtmosphere.AerialPerspectiveLUT.DepthResolution:16.0]]
[2020.07.17-04.20.06:071][  0]LogConfig: Setting CVar [[r.SkyAtmosphere.FastSkyLUT:1]]
[2020.07.17-04.20.06:071][  0]LogConfig: Setting CVar [[r.SkyAtmosphere.FastSkyLUT.SampleCountMin:4.0]]
[2020.07.17-04.20.06:071][  0]LogConfig: Setting CVar [[r.SkyAtmosphere.FastSkyLUT.SampleCountMax:32.0]]
[2020.07.17-04.20.06:071][  0]LogConfig: Setting CVar [[r.SkyAtmosphere.SampleCountMin:4.0]]
[2020.07.17-04.20.06:071][  0]LogConfig: Setting CVar [[r.SkyAtmosphere.SampleCountMax:32.0]]
[2020.07.17-04.20.06:071][  0]LogConfig: Setting CVar [[r.SkyAtmosphere.TransmittanceLUT.UseSmallFormat:0]]
[2020.07.17-04.20.06:071][  0]LogConfig: Setting CVar [[r.SkyAtmosphere.TransmittanceLUT.SampleCount:10.0]]
[2020.07.17-04.20.06:071][  0]LogConfig: Setting CVar [[r.SkyAtmosphere.MultiScatteringLUT.SampleCount:15.0]]
[2020.07.17-04.20.06:071][  0]LogConfig: Applying CVar settings from Section [FoliageQuality@3] File [C:/Users/Angelica .DESKTOP-RM5JOAJ/Documents/PaintShooter/PAINT/Saved/Config/Windows/Scalability.ini]
[2020.07.17-04.20.06:071][  0]LogConfig: Setting CVar [[foliage.DensityScale:1.0]]
[2020.07.17-04.20.06:071][  0]LogConfig: Setting CVar [[grass.DensityScale:1.0]]
[2020.07.17-04.20.06:071][  0]LogConfig: Applying CVar settings from Section [ShadingQuality@3] File [C:/Users/Angelica .DESKTOP-RM5JOAJ/Documents/PaintShooter/PAINT/Saved/Config/Windows/Scalability.ini]
[2020.07.17-04.20.06:071][  0]LogConfig: Setting CVar [[r.HairStrands.SkyLighting.SampleCount:16]]
[2020.07.17-04.20.06:071][  0]LogConfig: Setting CVar [[r.HairStrands.SkyLighting.JitterIntegration:0]]
[2020.07.17-04.20.06:071][  0]LogConfig: Setting CVar [[r.HairStrands.SkyAO.SampleCount:16]]
[2020.07.17-04.20.06:071][  0]LogConfig: Setting CVar [[r.HairStrands.DeepShadow.SuperSampling:0]]
[2020.07.17-04.20.06:071][  0]LogConfig: Setting CVar [[r.HairStrands.VisibilityPPLL:0]]
[2020.07.17-04.20.06:071][  0]LogConfig: Setting CVar [[r.HairStrands.RasterizationScale:0.5]]
[2020.07.17-04.20.06:071][  0]LogConfig: Setting CVar [[r.HairStrands.VelocityRasterizationScale:1]]
[2020.07.17-04.20.06:071][  0]LogInit: Selected Device Profile: [Windows]
[2020.07.17-04.20.06:071][  0]LogInit: Applying CVar settings loaded from the selected device profile: [Windows]
[2020.07.17-04.20.06:071][  0]LogHAL: Display: Platform has ~ 16 GB [17052516352 / 17179869184 / 16], which maps to Larger [LargestMinGB=32, LargerMinGB=12, DefaultMinGB=8, SmallerMinGB=6, SmallestMinGB=0)
[2020.07.17-04.20.06:071][  0]LogInit: Going up to parent DeviceProfile []
[2020.07.17-04.20.06:071][  0]LogConfig: Applying CVar settings from Section [ViewDistanceQuality@2] File [C:/Users/Angelica .DESKTOP-RM5JOAJ/Documents/PaintShooter/PAINT/Saved/Config/Windows/Scalability.ini]
[2020.07.17-04.20.06:072][  0]LogConfig: Setting CVar [[r.SkeletalMeshLODBias:0]]
[2020.07.17-04.20.06:072][  0]LogConfig: Setting CVar [[r.ViewDistanceScale:0.8]]
[2020.07.17-04.20.06:072][  0]LogConfig: Applying CVar settings from Section [AntiAliasingQuality@2] File [C:/Users/Angelica .DESKTOP-RM5JOAJ/Documents/PaintShooter/PAINT/Saved/Config/Windows/Scalability.ini]
[2020.07.17-04.20.06:072][  0]LogConfig: Setting CVar [[r.PostProcessAAQuality:3]]
[2020.07.17-04.20.06:072][  0]LogConfig: Applying CVar settings from Section [ShadowQuality@2] File [C:/Users/Angelica .DESKTOP-RM5JOAJ/Documents/PaintShooter/PAINT/Saved/Config/Windows/Scalability.ini]
[2020.07.17-04.20.06:072][  0]LogConfig: Setting CVar [[r.LightFunctionQuality:1]]
[2020.07.17-04.20.06:072][  0]LogConfig: Setting CVar [[r.ShadowQuality:5]]
[2020.07.17-04.20.06:072][  0]LogConfig: Setting CVar [[r.Shadow.CSM.MaxCascades:4]]
[2020.07.17-04.20.06:072][  0]LogConfig: Setting CVar [[r.Shadow.MaxResolution:1024]]
[2020.07.17-04.20.06:072][  0]LogConfig: Setting CVar [[r.Shadow.MaxCSMResolution:2048]]
[2020.07.17-04.20.06:072][  0]LogConfig: Setting CVar [[r.Shadow.RadiusThreshold:0.04]]
[2020.07.17-04.20.06:072][  0]LogConfig: Setting CVar [[r.Shadow.DistanceScale:0.85]]
[2020.07.17-04.20.06:072][  0]LogConfig: Setting CVar [[r.Shadow.CSM.TransitionScale:0.8]]
[2020.07.17-04.20.06:072][  0]LogConfig: Setting CVar [[r.Shadow.PreShadowResolutionFactor:0.5]]
[2020.07.17-04.20.06:072][  0]LogConfig: Setting CVar [[r.DistanceFieldShadowing:1]]
[2020.07.17-04.20.06:072][  0]LogConfig: Setting CVar [[r.DistanceFieldAO:1]]
[2020.07.17-04.20.06:072][  0]LogConfig: Setting CVar [[r.AOQuality:1]]
[2020.07.17-04.20.06:072][  0]LogConfig: Setting CVar [[r.VolumetricFog:1]]
[2020.07.17-04.20.06:072][  0]LogConfig: Setting CVar [[r.VolumetricFog.GridPixelSize:16]]
[2020.07.17-04.20.06:072][  0]LogConfig: Setting CVar [[r.VolumetricFog.GridSizeZ:64]]
[2020.07.17-04.20.06:072][  0]LogConfig: Setting CVar [[r.VolumetricFog.HistoryMissSupersampleCount:4]]
[2020.07.17-04.20.06:072][  0]LogConfig: Setting CVar [[r.LightMaxDrawDistanceScale:1]]
[2020.07.17-04.20.06:072][  0]LogConfig: Setting CVar [[r.CapsuleShadows:1]]
[2020.07.17-04.20.06:073][  0]LogConfig: Applying CVar settings from Section [PostProcessQuality@2] File [C:/Users/Angelica .DESKTOP-RM5JOAJ/Documents/PaintShooter/PAINT/Saved/Config/Windows/Scalability.ini]
[2020.07.17-04.20.06:073][  0]LogConfig: Setting CVar [[r.MotionBlurQuality:3]]
[2020.07.17-04.20.06:073][  0]LogConfig: Setting CVar [[r.AmbientOcclusionMipLevelFactor:0.6]]
[2020.07.17-04.20.06:073][  0]LogConfig: Setting CVar [[r.AmbientOcclusionMaxQuality:100]]
[2020.07.17-04.20.06:073][  0]LogConfig: Setting CVar [[r.AmbientOcclusionLevels:-1]]
[2020.07.17-04.20.06:073][  0]LogConfig: Setting CVar [[r.AmbientOcclusionRadiusScale:1.5]]
[2020.07.17-04.20.06:073][  0]LogConfig: Setting CVar [[r.DepthOfFieldQuality:2]]
[2020.07.17-04.20.06:073][  0]LogConfig: Setting CVar [[r.RenderTargetPoolMin:400]]
[2020.07.17-04.20.06:073][  0]LogConfig: Setting CVar [[r.LensFlareQuality:2]]
[2020.07.17-04.20.06:073][  0]LogConfig: Setting CVar [[r.SceneColorFringeQuality:1]]
[2020.07.17-04.20.06:073][  0]LogConfig: Setting CVar [[r.EyeAdaptationQuality:2]]
[2020.07.17-04.20.06:073][  0]LogConfig: Setting CVar [[r.BloomQuality:5]]
[2020.07.17-04.20.06:073][  0]LogConfig: Setting CVar [[r.FastBlurThreshold:3]]
[2020.07.17-04.20.06:073][  0]LogConfig: Setting CVar [[r.Upscale.Quality:2]]
[2020.07.17-04.20.06:073][  0]LogConfig: Setting CVar [[r.Tonemapper.GrainQuantization:1]]
[2020.07.17-04.20.06:073][  0]LogConfig: Setting CVar [[r.LightShaftQuality:1]]
[2020.07.17-04.20.06:073][  0]LogConfig: Setting CVar [[r.Filter.SizeScale:0.8]]
[2020.07.17-04.20.06:073][  0]LogConfig: Setting CVar [[r.Tonemapper.Quality:5]]
[2020.07.17-04.20.06:073][  0]LogConfig: Setting CVar [[r.DOF.Gather.AccumulatorQuality:0        ; lower gathering accumulator quality]]
[2020.07.17-04.20.06:073][  0]LogConfig: Setting CVar [[r.DOF.Gather.PostfilterMethod:2          ; Max3x3 postfilering method]]
[2020.07.17-04.20.06:073][  0]LogConfig: Setting CVar [[r.DOF.Gather.EnableBokehSettings:0       ; no bokeh simulation when gathering]]
[2020.07.17-04.20.06:073][  0]LogConfig: Setting CVar [[r.DOF.Gather.RingCount:4                 ; medium number of samples when gathering]]
[2020.07.17-04.20.06:073][  0]LogConfig: Setting CVar [[r.DOF.Scatter.ForegroundCompositing:1    ; additive foreground scattering]]
[2020.07.17-04.20.06:073][  0]LogConfig: Setting CVar [[r.DOF.Scatter.BackgroundCompositing:1    ; no background occlusion]]
[2020.07.17-04.20.06:073][  0]LogConfig: Setting CVar [[r.DOF.Scatter.EnableBokehSettings:0      ; no bokeh simulation when scattering]]
[2020.07.17-04.20.06:073][  0]LogConfig: Setting CVar [[r.DOF.Scatter.MaxSpriteRatio:0.04        ; only a maximum of 4% of scattered bokeh]]
[2020.07.17-04.20.06:073][  0]LogConfig: Setting CVar [[r.DOF.Recombine.Quality:0                ; no slight out of focus]]
[2020.07.17-04.20.06:073][  0]LogConfig: Setting CVar [[r.DOF.TemporalAAQuality:0                ; faster temporal accumulation]]
[2020.07.17-04.20.06:073][  0]LogConfig: Setting CVar [[r.DOF.Kernel.MaxForegroundRadius:0.012   ; required because of AccumulatorQuality=0]]
[2020.07.17-04.20.06:073][  0]LogConfig: Setting CVar [[r.DOF.Kernel.MaxBackgroundRadius:0.012   ; required because of AccumulatorQuality=0]]
[2020.07.17-04.20.06:073][  0]LogConfig: Applying CVar settings from Section [TextureQuality@2] File [C:/Users/Angelica .DESKTOP-RM5JOAJ/Documents/PaintShooter/PAINT/Saved/Config/Windows/Scalability.ini]
[2020.07.17-04.20.06:073][  0]LogConfig: Setting CVar [[r.Streaming.MipBias:0]]
[2020.07.17-04.20.06:073][  0]LogConfig: Setting CVar [[r.Streaming.AmortizeCPUToGPUCopy:0]]
[2020.07.17-04.20.06:074][  0]LogConfig: Setting CVar [[r.Streaming.MaxNumTexturesToStreamPerFrame:0]]
[2020.07.17-04.20.06:074][  0]LogConfig: Setting CVar [[r.Streaming.Boost:1]]
[2020.07.17-04.20.06:074][  0]LogConfig: Setting CVar [[r.MaxAnisotropy:4]]
[2020.07.17-04.20.06:074][  0]LogConfig: Setting CVar [[r.VT.MaxAnisotropy:8]]
[2020.07.17-04.20.06:074][  0]LogConfig: Setting CVar [[r.Streaming.LimitPoolSizeToVRAM:1]]
[2020.07.17-04.20.06:074][  0]LogConfig: Setting CVar [[r.Streaming.PoolSize:800]]
[2020.07.17-04.20.06:074][  0]LogConfig: Setting CVar [[r.Streaming.MaxEffectiveScreenSize:0]]
[2020.07.17-04.20.06:074][  0]LogConfig: Applying CVar settings from Section [EffectsQuality@2] File [C:/Users/Angelica .DESKTOP-RM5JOAJ/Documents/PaintShooter/PAINT/Saved/Config/Windows/Scalability.ini]
[2020.07.17-04.20.06:074][  0]LogConfig: Setting CVar [[r.TranslucencyLightingVolumeDim:48]]
[2020.07.17-04.20.06:074][  0]LogConfig: Setting CVar [[r.RefractionQuality:2]]
[2020.07.17-04.20.06:074][  0]LogConfig: Setting CVar [[r.SSR.Quality:2]]
[2020.07.17-04.20.06:074][  0]LogConfig: Setting CVar [[r.SSR.HalfResSceneColor:1]]
[2020.07.17-04.20.06:074][  0]LogConfig: Setting CVar [[r.SceneColorFormat:3]]
[2020.07.17-04.20.06:074][  0]LogConfig: Setting CVar [[r.DetailMode:1]]
[2020.07.17-04.20.06:074][  0]LogConfig: Setting CVar [[r.TranslucencyVolumeBlur:1]]
[2020.07.17-04.20.06:074][  0]LogConfig: Setting CVar [[r.MaterialQualityLevel:1 ; High quality]]
[2020.07.17-04.20.06:074][  0]LogConfig: Setting CVar [[r.SSS.Scale:1]]
[2020.07.17-04.20.06:074][  0]LogConfig: Setting CVar [[r.SSS.SampleSet:1]]
[2020.07.17-04.20.06:074][  0]LogConfig: Setting CVar [[r.SSS.Quality:-1]]
[2020.07.17-04.20.06:074][  0]LogConfig: Setting CVar [[r.SSS.HalfRes:1]]
[2020.07.17-04.20.06:074][  0]LogConfig: Setting CVar [[r.SSGI.Quality:2]]
[2020.07.17-04.20.06:074][  0]LogConfig: Setting CVar [[r.EmitterSpawnRateScale:0.5]]
[2020.07.17-04.20.06:074][  0]LogConfig: Setting CVar [[r.ParticleLightQuality:1]]
[2020.07.17-04.20.06:074][  0]LogConfig: Setting CVar [[r.SkyAtmosphere.AerialPerspectiveLUT.FastApplyOnOpaque:1 ; Always have FastSkyLUT 1 in this case to avoid wrong sky]]
[2020.07.17-04.20.06:075][  0]LogConfig: Setting CVar [[r.SkyAtmosphere.AerialPerspectiveLUT.SampleCountPerSlice:1]]
[2020.07.17-04.20.06:075][  0]LogConfig: Setting CVar [[r.SkyAtmosphere.AerialPerspectiveLUT.DepthResolution:16.0]]
[2020.07.17-04.20.06:075][  0]LogConfig: Setting CVar [[r.SkyAtmosphere.FastSkyLUT:1]]
[2020.07.17-04.20.06:075][  0]LogConfig: Setting CVar [[r.SkyAtmosphere.FastSkyLUT.SampleCountMin:4.0]]
[2020.07.17-04.20.06:075][  0]LogConfig: Setting CVar [[r.SkyAtmosphere.FastSkyLUT.SampleCountMax:32.0]]
[2020.07.17-04.20.06:075][  0]LogConfig: Setting CVar [[r.SkyAtmosphere.SampleCountMin:4.0]]
[2020.07.17-04.20.06:075][  0]LogConfig: Setting CVar [[r.SkyAtmosphere.SampleCountMax:32.0]]
[2020.07.17-04.20.06:075][  0]LogConfig: Setting CVar [[r.SkyAtmosphere.TransmittanceLUT.UseSmallFormat:0]]
[2020.07.17-04.20.06:075][  0]LogConfig: Setting CVar [[r.SkyAtmosphere.TransmittanceLUT.SampleCount:10.0]]
[2020.07.17-04.20.06:075][  0]LogConfig: Setting CVar [[r.SkyAtmosphere.MultiScatteringLUT.SampleCount:15.0]]
[2020.07.17-04.20.06:075][  0]LogConfig: Applying CVar settings from Section [FoliageQuality@2] File [C:/Users/Angelica .DESKTOP-RM5JOAJ/Documents/PaintShooter/PAINT/Saved/Config/Windows/Scalability.ini]
[2020.07.17-04.20.06:075][  0]LogConfig: Setting CVar [[foliage.DensityScale:0.8]]
[2020.07.17-04.20.06:075][  0]LogConfig: Setting CVar [[grass.DensityScale:0.8]]
[2020.07.17-04.20.06:075][  0]LogConfig: Applying CVar settings from Section [ShadingQuality@2] File [C:/Users/Angelica .DESKTOP-RM5JOAJ/Documents/PaintShooter/PAINT/Saved/Config/Windows/Scalability.ini]
[2020.07.17-04.20.06:075][  0]LogConfig: Setting CVar [[r.HairStrands.SkyLighting.SampleCount:16]]
[2020.07.17-04.20.06:075][  0]LogConfig: Setting CVar [[r.HairStrands.SkyLighting.JitterIntegration:0]]
[2020.07.17-04.20.06:075][  0]LogConfig: Setting CVar [[r.HairStrands.SkyAO.SampleCount:16]]
[2020.07.17-04.20.06:075][  0]LogConfig: Setting CVar [[r.HairStrands.DeepShadow.SuperSampling:0]]
[2020.07.17-04.20.06:075][  0]LogConfig: Setting CVar [[r.HairStrands.VisibilityPPLL:0]]
[2020.07.17-04.20.06:075][  0]LogConfig: Setting CVar [[r.HairStrands.RasterizationScale:0.5]]
[2020.07.17-04.20.06:075][  0]LogConfig: Setting CVar [[r.HairStrands.VelocityRasterizationScale:1]]
[2020.07.17-04.20.06:075][  0]LogConfig: Applying CVar settings from Section [Startup] File [../../../Engine/Config/ConsoleVariables.ini]
[2020.07.17-04.20.06:076][  0]LogConfig: Setting CVar [[net.UseAdaptiveNetUpdateFrequency:0]]
[2020.07.17-04.20.06:076][  0]LogConfig: Setting CVar [[p.chaos.AllowCreatePhysxBodies:1]]
[2020.07.17-04.20.06:076][  0]LogConfig: Setting CVar [[fx.SkipVectorVMBackendOptimizations:1]]
[2020.07.17-04.20.06:076][  0]LogConfig: Applying CVar settings from Section [ConsoleVariables] File [C:/Users/Angelica .DESKTOP-RM5JOAJ/Documents/PaintShooter/PAINT/Saved/Config/Windows/Engine.ini]
[2020.07.17-04.20.06:076][  0]LogInit: Computer: SKETCH-PC
[2020.07.17-04.20.06:076][  0]LogInit: User: Angelica
[2020.07.17-04.20.06:076][  0]LogInit: CPU Page size=4096, Cores=2
[2020.07.17-04.20.06:076][  0]LogInit: High frequency timer resolution =10.000000 MHz
[2020.07.17-04.20.06:077][  0]LogMemory: Memory total: Physical=15.9GB (16GB approx)
[2020.07.17-04.20.06:077][  0]LogMemory: Platform Memory Stats for Windows
[2020.07.17-04.20.06:077][  0]LogMemory: Process Physical Memory: 114.29 MB used, 114.30 MB peak
[2020.07.17-04.20.06:077][  0]LogMemory: Process Virtual Memory: 103.75 MB used, 103.75 MB peak
[2020.07.17-04.20.06:077][  0]LogMemory: Physical Memory: 7610.23 MB used,  8652.32 MB free, 16262.55 MB total
[2020.07.17-04.20.06:077][  0]LogMemory: Virtual Memory: 5132.01 MB used,  134212592.00 MB free, 134217728.00 MB total
[2020.07.17-04.20.06:091][  0]LogWindows: WindowsPlatformFeatures enabled
[2020.07.17-04.20.06:172][  0]LogInit: Physics initialised using underlying interface: PhysX
[2020.07.17-04.20.06:174][  0]LogInit: Using OS detected language (en-US).
[2020.07.17-04.20.06:174][  0]LogInit: Using OS detected locale (en-US).
[2020.07.17-04.20.06:191][  0]LogTextLocalizationManager: No specific localization for 'en-US' exists, so the 'en' localization will be used.
[2020.07.17-04.20.06:815][  0]LogInit: Setting process to per monitor DPI aware
[2020.07.17-04.20.06:904][  0]LogSlate: New Slate User Created.  User Index 0, Is Virtual User: 0
[2020.07.17-04.20.06:904][  0]LogSlate: Slate User Registered.  User Index 0, Is Virtual User: 0
[2020.07.17-04.20.07:388][  0]LogHMD: Failed to initialize OpenVR with code 110
[2020.07.17-04.20.07:388][  0]LogD3D11RHI: D3D11 min allowed feature level: 11_0
[2020.07.17-04.20.07:388][  0]LogD3D11RHI: D3D11 max allowed feature level: 11_0
[2020.07.17-04.20.07:388][  0]LogD3D11RHI: D3D11 adapters:
[2020.07.17-04.20.07:636][  0]LogD3D11RHI:    0. 'Intel(R) HD Graphics 620' (Feature Level 11_0)
[2020.07.17-04.20.07:636][  0]LogD3D11RHI:       128/0/8131 MB DedicatedVideo/DedicatedSystem/SharedSystem, Outputs:1, VendorId:0x8086
[2020.07.17-04.20.07:641][  0]LogD3D11RHI:    1. 'Microsoft Basic Render Driver' (Feature Level 11_0)
[2020.07.17-04.20.07:641][  0]LogD3D11RHI:       0/0/8131 MB DedicatedVideo/DedicatedSystem/SharedSystem, Outputs:0, VendorId:0x1414
[2020.07.17-04.20.07:646][  0]LogD3D11RHI:    2. 'Microsoft Basic Render Driver' (Feature Level 11_0)
[2020.07.17-04.20.07:646][  0]LogD3D11RHI:       0/0/8131 MB DedicatedVideo/DedicatedSystem/SharedSystem, Outputs:0, VendorId:0x1414
[2020.07.17-04.20.07:651][  0]LogD3D11RHI:    3. 'Microsoft Basic Render Driver' (Feature Level 11_0)
[2020.07.17-04.20.07:651][  0]LogD3D11RHI:       0/0/8131 MB DedicatedVideo/DedicatedSystem/SharedSystem, Outputs:0, VendorId:0x1414
[2020.07.17-04.20.07:656][  0]LogD3D11RHI:    4. 'Microsoft Basic Render Driver' (Feature Level 11_0)
[2020.07.17-04.20.07:656][  0]LogD3D11RHI:       0/0/8131 MB DedicatedVideo/DedicatedSystem/SharedSystem, Outputs:0, VendorId:0x1414
[2020.07.17-04.20.07:656][  0]LogD3D11RHI: Chosen D3D11 Adapter: 0
[2020.07.17-04.20.07:669][  0]LogD3D11RHI: Creating new Direct3DDevice
[2020.07.17-04.20.07:669][  0]LogD3D11RHI:     GPU DeviceId: 0x5916 (for the marketing name, search the web for "GPU Device Id")
[2020.07.17-04.20.07:669][  0]LogWindows: EnumDisplayDevices:
[2020.07.17-04.20.07:669][  0]LogWindows:    0. 'Intel(R) HD Graphics 620' (P:1 D:1)
[2020.07.17-04.20.07:670][  0]LogWindows:    1. 'Intel(R) HD Graphics 620' (P:0 D:0)
[2020.07.17-04.20.07:671][  0]LogWindows:    2. 'Intel(R) HD Graphics 620' (P:0 D:0)
[2020.07.17-04.20.07:672][  0]LogWindows:    3. 'MS Idd Device' (P:0 D:0)
[2020.07.17-04.20.07:672][  0]LogWindows:    4. 'MS Idd Device' (P:0 D:0)
[2020.07.17-04.20.07:673][  0]LogWindows:    5. 'MS Idd Device' (P:0 D:0)
[2020.07.17-04.20.07:673][  0]LogWindows: DebugString: GetVideoDriverDetailsInvalid PrimaryIsNotTheChoosenAdapter GetVideoDriverDetailsInvalid PrimaryIsNotTheChoosenAdapter GetVideoDriverDetailsInvalid PrimaryIsNotTheChoosenAdapter FoundDriverCount:3 
[2020.07.17-04.20.07:674][  0]LogD3D11RHI:     Adapter Name: Intel(R) HD Graphics 620
[2020.07.17-04.20.07:674][  0]LogD3D11RHI:   Driver Version: 24.20.100.6344 (internal:24.20.100.6344, unified:24.20.100.6344)
[2020.07.17-04.20.07:674][  0]LogD3D11RHI:      Driver Date: 11-10-2018
[2020.07.17-04.20.07:674][  0]LogRHI: Texture pool is 1523 MB (70% of 2176 MB)
[2020.07.17-04.20.07:682][  0]LogD3D11RHI: [IntelMetricsDiscovery] Failed to initialize context. Result=00000002
[2020.07.17-04.20.07:904][  0]LogD3D11RHI: RHI does not have support for 64 bit atomics
[2020.07.17-04.20.07:904][  0]LogD3D11RHI: Async texture creation enabled
[2020.07.17-04.20.07:904][  0]LogD3D11RHI: Array index from any shader is supported
[2020.07.17-04.20.07:921][  0]LogD3D11RHI: GPU Timing Frequency: 12.000048 (Debug: 2 0)
[2020.07.17-04.20.08:779][  0]LogTargetPlatformManager: Display: Loaded TargetPlatform 'AllDesktop'
[2020.07.17-04.20.08:838][  0]LogTargetPlatformManager: Display: Loaded TargetPlatform 'Android'
[2020.07.17-04.20.08:838][  0]LogTargetPlatformManager: Display: Loaded TargetPlatform 'Android_ASTC'
[2020.07.17-04.20.08:838][  0]LogTargetPlatformManager: Display: Loaded TargetPlatform 'Android_DXT'
[2020.07.17-04.20.08:838][  0]LogTargetPlatformManager: Display: Loaded TargetPlatform 'Android_ETC2'
[2020.07.17-04.20.08:838][  0]LogTargetPlatformManager: Display: Loaded TargetPlatform 'AndroidClient'
[2020.07.17-04.20.08:838][  0]LogTargetPlatformManager: Display: Loaded TargetPlatform 'Android_ASTCClient'
[2020.07.17-04.20.08:838][  0]LogTargetPlatformManager: Display: Loaded TargetPlatform 'Android_DXTClient'
[2020.07.17-04.20.08:838][  0]LogTargetPlatformManager: Display: Loaded TargetPlatform 'Android_ETC2Client'
[2020.07.17-04.20.08:838][  0]LogTargetPlatformManager: Display: Loaded TargetPlatform 'Android_Multi'
[2020.07.17-04.20.08:838][  0]LogTargetPlatformManager: Display: Loaded TargetPlatform 'Android_MultiClient'
[2020.07.17-04.20.08:900][  0]LogTargetPlatformManager: Display: Loaded TargetPlatform 'IOSClient'
[2020.07.17-04.20.08:900][  0]LogTargetPlatformManager: Display: Loaded TargetPlatform 'IOS'
[2020.07.17-04.20.08:931][  0]LogTargetPlatformManager: Display: Loaded TargetPlatform 'Linux'
[2020.07.17-04.20.08:955][  0]LogTargetPlatformManager: Display: Loaded TargetPlatform 'LinuxNoEditor'
[2020.07.17-04.20.08:977][  0]LogTargetPlatformManager: Display: Loaded TargetPlatform 'LinuxClient'
[2020.07.17-04.20.08:997][  0]LogTargetPlatformManager: Display: Loaded TargetPlatform 'LinuxServer'
[2020.07.17-04.20.09:022][  0]LogTargetPlatformManager: Display: Loaded TargetPlatform 'LinuxAArch64NoEditor'
[2020.07.17-04.20.09:047][  0]LogTargetPlatformManager: Display: Loaded TargetPlatform 'LinuxAArch64Client'
[2020.07.17-04.20.09:066][  0]LogTargetPlatformManager: Display: Loaded TargetPlatform 'LinuxAArch64Server'
[2020.07.17-04.20.09:139][  0]LogTargetPlatformManager: Display: Loaded TargetPlatform 'Lumin'
[2020.07.17-04.20.09:139][  0]LogTargetPlatformManager: Display: Loaded TargetPlatform 'LuminClient'
[2020.07.17-04.20.09:185][  0]LogTargetPlatformManager: Display: Loaded TargetPlatform 'TVOSClient'
[2020.07.17-04.20.09:185][  0]LogTargetPlatformManager: Display: Loaded TargetPlatform 'TVOS'
[2020.07.17-04.20.09:208][  0]LogTargetPlatformManager: Display: Loaded TargetPlatform 'WindowsNoEditor'
[2020.07.17-04.20.09:234][  0]LogTargetPlatformManager: Display: Loaded TargetPlatform 'Windows'
[2020.07.17-04.20.09:256][  0]LogTargetPlatformManager: Display: Loaded TargetPlatform 'WindowsClient'
[2020.07.17-04.20.09:279][  0]LogTargetPlatformManager: Display: Loaded TargetPlatform 'WindowsServer'
[2020.07.17-04.20.09:279][  0]LogTargetPlatformManager: Display: Building Assets For Windows
[2020.07.17-04.20.09:297][  0]LogAudioDebug: Display: Lib vorbis DLL was dynamically loaded.
[2020.07.17-04.20.09:456][  0]LogShaderCompilers: Guid format shader working directory is -12 characters bigger than the processId version (../../../../../../Users/Angelica .DESKTOP-RM5JOAJ/Documents/PaintShooter/PAINT/Intermediate/Shaders/WorkingDirectory/9464/).
[2020.07.17-04.20.09:457][  0]LogShaderCompilers: Cleaned the shader compiler working directory 'C:/Users/Angelica .DESKTOP-RM5JOAJ/AppData/Local/Temp/UnrealShaderWorkingDir/9BB5CC624E11BFFD7CC9ED93524BD6BC/'.
[2020.07.17-04.20.09:458][  0]LogXGEController: Cannot use XGE Controller as Incredibuild is not installed on this machine.
[2020.07.17-04.20.09:458][  0]LogShaderCompilers: Cannot use XGE Shader Compiler as Incredibuild is not installed on this machine.
[2020.07.17-04.20.09:458][  0]LogShaderCompilers: Display: Using Local Shader Compiler.
[2020.07.17-04.20.11:010][  0]LogDerivedDataCache: Display: Max Cache Size: 512 MB
[2020.07.17-04.20.11:094][  0]LogDerivedDataCache: Loaded boot cache 0.08s 75MB C:/Users/Angelica .DESKTOP-RM5JOAJ/AppData/Local/UnrealEngine/4.25/DerivedDataCache/Boot.ddc.
[2020.07.17-04.20.11:094][  0]LogDerivedDataCache: Display: Loaded Boot cache: C:/Users/Angelica .DESKTOP-RM5JOAJ/AppData/Local/UnrealEngine/4.25/DerivedDataCache/Boot.ddc
[2020.07.17-04.20.11:095][  0]LogDerivedDataCache: FDerivedDataBackendGraph:  Pak pak cache file ../../../../../../Users/Angelica .DESKTOP-RM5JOAJ/Documents/PaintShooter/PAINT/DerivedDataCache/DDC.ddp not found, will not use a pak cache.
[2020.07.17-04.20.11:095][  0]LogDerivedDataCache: Unable to find inner node Pak for hierarchical cache Hierarchy.
[2020.07.17-04.20.11:095][  0]LogDerivedDataCache: FDerivedDataBackendGraph:  CompressedPak pak cache file ../../../../../../Users/Angelica .DESKTOP-RM5JOAJ/Documents/PaintShooter/PAINT/DerivedDataCache/Compressed.ddp not found, will not use a pak cache.
[2020.07.17-04.20.11:095][  0]LogDerivedDataCache: Unable to find inner node CompressedPak for hierarchical cache Hierarchy.
[2020.07.17-04.20.11:112][  0]LogDerivedDataCache: Display: Pak cache opened for reading ../../../Engine/DerivedDataCache/Compressed.ddp.
[2020.07.17-04.20.11:112][  0]LogDerivedDataCache: FDerivedDataBackendGraph:  EnterprisePak pak cache file ../../../Enterprise/DerivedDataCache/Compressed.ddp not found, will not use a pak cache.
[2020.07.17-04.20.11:112][  0]LogDerivedDataCache: Unable to find inner node EnterprisePak for hierarchical cache Hierarchy.
[2020.07.17-04.20.11:114][  0]LogDerivedDataCache: Using Local data cache path C:/Users/Angelica .DESKTOP-RM5JOAJ/AppData/Local/UnrealEngine/Common/DerivedDataCache: Writable
[2020.07.17-04.20.11:115][  0]LogDerivedDataCache: Shared data cache path not found in *engine.ini, will not use an Shared cache.
[2020.07.17-04.20.11:115][  0]LogDerivedDataCache: Unable to find inner node Shared for hierarchical cache Hierarchy.
[2020.07.17-04.20.11:223][  0]LogSlate: Using FreeType 2.10.0
[2020.07.17-04.20.11:223][  0]LogSlate: SlateFontServices - WITH_FREETYPE: 1, WITH_HARFBUZZ: 1
[2020.07.17-04.20.11:281][  0]LogAssetRegistry: FAssetRegistry took 0.0039 seconds to start up
[2020.07.17-04.20.11:848][  0]LogInit: Selected Device Profile: [Windows]
[2020.07.17-04.20.12:079][  0]LogMeshReduction: Using QuadricMeshReduction for automatic static mesh reduction
[2020.07.17-04.20.12:079][  0]LogMeshReduction: Using SimplygonMeshReduction for automatic skeletal mesh reduction
[2020.07.17-04.20.12:079][  0]LogMeshReduction: Using ProxyLODMeshReduction for automatic mesh merging
[2020.07.17-04.20.12:079][  0]LogMeshReduction: No distributed automatic mesh merging module available
[2020.07.17-04.20.12:079][  0]LogMeshMerging: No distributed automatic mesh merging module available
[2020.07.17-04.20.12:106][  0]LogNetVersion: PAINT 1.0.0, NetCL: 13144385, EngineNetVer: 14, GameNetVer: 0 (Checksum: 2108548325)
[2020.07.17-04.20.13:069][  0]LogAISub: UAISubsystem::UAISubsystem AISubsystem (00000204A6CCA9C0), frame # 0
[2020.07.17-04.20.13:069][  0]LogAISub: UAISubsystem::UAISubsystem AIPerceptionSystem (00000204A6B44F40), frame # 0
[2020.07.17-04.20.13:072][  0]LogAISub: UAISubsystem::UAISubsystem EnvQueryManager (00000204A6B8DC00), frame # 0
[2020.07.17-04.20.13:208][  0]LogPackageLocalizationCache: Processed 19 localized package path(s) for 1 prioritized culture(s) in 0.126030 seconds
[2020.07.17-04.20.13:220][  0]LogUObjectArray: 15917 objects as part of root set at end of initial load.
[2020.07.17-04.20.13:220][  0]LogUObjectAllocator: 3965568 out of 0 bytes used by permanent object pool.
[2020.07.17-04.20.13:220][  0]LogUObjectArray: CloseDisregardForGC: 0/0 objects in disregard for GC pool
[2020.07.17-04.20.13:957][  0]LogTcpMessaging: Initializing TcpMessaging bridge
[2020.07.17-04.20.13:964][  0]LogUdpMessaging: Initializing bridge on interface 0.0.0.0:0 to multicast group 230.0.0.1:6666.
[2020.07.17-04.20.14:161][  0]SourceControl: Source control is disabled
[2020.07.17-04.20.14:161][  0]SourceControl: Source control is disabled
[2020.07.17-04.20.14:169][  0]SourceControl: Source control is disabled
[2020.07.17-04.20.14:176][  0]SourceControl: Source control is disabled
[2020.07.17-04.20.14:191][  0]SourceControl: Source control is disabled
[2020.07.17-04.20.14:708][  0]LogAndroidPermission: UAndroidPermissionCallbackProxy::GetInstance
[2020.07.17-04.20.14:749][  0]LogAudioCaptureCore: Display: No Audio Capture implementations found. Audio input will be silent.
[2020.07.17-04.20.14:749][  0]LogAudioCaptureCore: Display: No Audio Capture implementations found. Audio input will be silent.
[2020.07.17-04.20.14:850][  0]LogOcInput: OculusInput pre-init called
[2020.07.17-04.20.14:873][  0]LogWindows: Failed to load 'OVRPlugin.dll' (GetLastError=126)
[2020.07.17-04.20.14:873][  0]LogWindows: File 'OVRPlugin.dll' does not exist
[2020.07.17-04.20.14:998][  0]LogEngine: Initializing Engine...
[2020.07.17-04.20.15:000][  0]LogHMD: Failed to initialize OpenVR with code 110
[2020.07.17-04.20.15:000][  0]LogMagicLeap: Warning: VR disabled because ZI is not enabled.  To enable, in the editor, Edit -> Project Settings -> Plugins -> Magic Leap Plugin -> Enable Zero Iteration
[2020.07.17-04.20.15:002][  0]LogStats: UGameplayTagsManager::InitializeManager -  0.000 s
[2020.07.17-04.20.15:236][  0]LogInit: Initializing FReadOnlyCVARCache
[2020.07.17-04.20.15:254][  0]LogAIModule: Creating AISystem for world Untitled
[2020.07.17-04.20.15:254][  0]LogAISub: UAISubsystem::UAISubsystem EnvQueryManager (00000204AD00BC00), frame # 0
[2020.07.17-04.20.15:254][  0]LogAISub: UAISubsystem::UAISubsystem AIPerceptionSystem (00000204AD069440), frame # 0
[2020.07.17-04.20.15:263][  0]LogAudioMixer: Display: Audio Mixer Platform Settings:
[2020.07.17-04.20.15:263][  0]LogAudioMixer: Display: 	Sample Rate:						  48000
[2020.07.17-04.20.15:263][  0]LogAudioMixer: Display: 	Callback Buffer Frame Size Requested: 1024
[2020.07.17-04.20.15:263][  0]LogAudioMixer: Display: 	Callback Buffer Frame Size To Use:	  1024
[2020.07.17-04.20.15:263][  0]LogAudioMixer: Display: 	Number of buffers to queue:			  2
[2020.07.17-04.20.15:263][  0]LogAudioMixer: Display: 	Max Channels (voices):				  32
[2020.07.17-04.20.15:263][  0]LogAudioMixer: Display: 	Number of Async Source Workers:		  0
[2020.07.17-04.20.15:263][  0]LogAudio: Display: AudioDevice MaxSources: 32
[2020.07.17-04.20.15:264][  0]LogAudio: Display: Using built-in audio occlusion.
[2020.07.17-04.20.15:264][  0]LogAudioMixer: Display: Initializing audio mixer.
[2020.07.17-04.20.15:319][  0]LogAudioMixer: Display: 0: FrontLeft
[2020.07.17-04.20.15:319][  0]LogAudioMixer: Display: 1: FrontRight
[2020.07.17-04.20.16:252][  0]LogAudioMixer: Display: Using Audio Device Speaker/Headphone (Realtek High Definition Audio(SST))
[2020.07.17-04.20.16:255][  0]LogAudioMixer: Display: Initializing Sound Submixes...
[2020.07.17-04.20.16:261][  0]LogAudioMixer: Display: Creating Master Submix 'MasterSubmixDefault'
[2020.07.17-04.20.16:261][  0]LogAudioMixer: Display: Creating Master Submix 'MasterReverbSubmixDefault'
[2020.07.17-04.20.16:263][  0]LogAudioMixer: Display: Creating Master Submix 'MasterEQSubmixDefault'
[2020.07.17-04.20.16:265][  0]LogInit: FAudioDevice initialized.
[2020.07.17-04.20.16:265][  0]LogNetVersion: Set ProjectVersion to 1.0.0.0. Version Checksum will be recalculated on next use.
[2020.07.17-04.20.16:347][  0]LogDerivedDataCache: Saved boot cache 0.08s 75MB C:/Users/Angelica .DESKTOP-RM5JOAJ/AppData/Local/UnrealEngine/4.25/DerivedDataCache/Boot.ddc.
[2020.07.17-04.20.16:360][  0]LogInit: Texture streaming: Enabled
[2020.07.17-04.20.16:402][  0]LogEngineSessionManager: EngineSessionManager initialized
[2020.07.17-04.20.16:402][  0]LogEditorSessionSummary: Verbose: Initializing EditorSessionSummaryWriter for editor session tracking
[2020.07.17-04.20.16:420][  0]LogEditorSessionSummary: EditorSessionSummaryWriter initialized
[2020.07.17-04.20.16:591][  0]LogInit: Transaction tracking system initialized
[2020.07.17-04.20.16:644][  0]BlueprintLog: New page: Editor Load
[2020.07.17-04.20.16:796][  0]LocalizationService: Localization service is disabled
[2020.07.17-04.20.17:167][  0]LogCook: Display: Max memory allowance for cook 16384mb min free memory 0mb
[2020.07.17-04.20.17:167][  0]LogCook: Display: Mobile HDR setting 1
[2020.07.17-04.20.17:436][  0]LogFileCache: Scanning file cache for directory 'C:/Users/Angelica .DESKTOP-RM5JOAJ/Documents/PaintShooter/PAINT/Content/' took 0.03s
[2020.07.17-04.20.18:134][  0]SourceControl: Source control is disabled
[2020.07.17-04.20.18:134][  0]LogUnrealEdMisc: Loading editor; pre map load, took 18.478
[2020.07.17-04.20.18:134][  0]Cmd: MAP LOAD FILE="../../../../../../Users/Angelica .DESKTOP-RM5JOAJ/Documents/PaintShooter/PAINT/Content/Tester.umap" TEMPLATE=0 SHOWPROGRESS=1 FEATURELEVEL=3
[2020.07.17-04.20.18:135][  0]LightingResults: New page: Lighting Build
[2020.07.17-04.20.18:136][  0]LogWorld: UWorld::CleanupWorld for Untitled, bSessionEnded=true, bCleanupResources=true
[2020.07.17-04.20.18:136][  0]LogSlate: InvalidateAllWidgets triggered.  All widgets were invalidated
[2020.07.17-04.20.18:137][  0]MapCheck: New page: Map Check
[2020.07.17-04.20.18:137][  0]LightingResults: New page: Lighting Build
[2020.07.17-04.20.18:149][  0]LogAISub: UAISubsystem::~UAISubsystem EnvQueryManager (00000204AD00BC00), frame # 0
[2020.07.17-04.20.18:149][  0]LogAISub: UAISubsystem::~UAISubsystem AIPerceptionSystem (00000204AD069440), frame # 0
[2020.07.17-04.20.18:151][  0]LogUObjectHash: Compacting FUObjectHashTables data took   1.68ms
[2020.07.17-04.20.18:298][  0]LogAIModule: Creating AISystem for world Tester
[2020.07.17-04.20.18:298][  0]LogAISub: UAISubsystem::UAISubsystem EnvQueryManager (00000204ADAE0800), frame # 0
[2020.07.17-04.20.18:298][  0]LogAISub: UAISubsystem::UAISubsystem AIPerceptionSystem (00000204ADAA5BC0), frame # 0
[2020.07.17-04.20.18:306][  0]LogEditorServer: Finished looking for orphan Actors (0.000 secs)
[2020.07.17-04.20.18:351][  0]LogUObjectHash: Compacting FUObjectHashTables data took   2.18ms
[2020.07.17-04.20.18:352][  0]Cmd: MAP CHECKDEP NOCLEARLOG
[2020.07.17-04.20.18:352][  0]MapCheck: Map check complete: 0 Error(s), 0 Warning(s), took 0.414ms to complete.
[2020.07.17-04.20.18:352][  0]LogFileHelpers: Loading map 'Tester' took 0.219
[2020.07.17-04.20.18:360][  0]LogUnrealEdMisc: Total Editor Startup Time, took 18.705
[2020.07.17-04.20.19:497][  0]LogAudioMixer: Display: Audio Buffer Underrun detected.
[2020.07.17-04.20.19:497][  0]LogCollectionManager: Loaded 0 collections in 0.004461 seconds
[2020.07.17-04.20.19:529][  0]LogFileCache: Scanning file cache for directory 'C:/Users/Angelica .DESKTOP-RM5JOAJ/Documents/PaintShooter/PAINT/Saved/Collections/' took 0.00s
[2020.07.17-04.20.19:529][  0]LogFileCache: Scanning file cache for directory 'C:/Users/Angelica .DESKTOP-RM5JOAJ/Documents/PaintShooter/PAINT/Content/Developers/Angelica/Collections/' took 0.00s
[2020.07.17-04.20.19:529][  0]LogFileCache: Scanning file cache for directory 'C:/Users/Angelica .DESKTOP-RM5JOAJ/Documents/PaintShooter/PAINT/Content/Collections/' took 0.00s
[2020.07.17-04.20.19:529][  0]LogContentBrowser: Native class hierarchy populated in 0.0198 seconds. Added 3432 classes and 823 folders.
[2020.07.17-04.20.19:536][  0]LogContentBrowser: Native class hierarchy updated for 'WidgetCarousel' in 0.0007 seconds. Added 0 classes and 0 folders.
[2020.07.17-04.20.19:686][  0]LogContentBrowser: Native class hierarchy updated for 'AddContentDialog' in 0.0009 seconds. Added 0 classes and 0 folders.
[2020.07.17-04.20.19:706][  0]LogContentBrowser: Native class hierarchy updated for 'SceneOutliner' in 0.0006 seconds. Added 2 classes and 0 folders.
[2020.07.17-04.20.19:755][  0]LogSlate: Updating window title bar state: overlay mode, drag disabled, window buttons hidden, title bar hidden
[2020.07.17-04.20.19:772][  0]LogSlate: Updating window title bar state: overlay mode, drag disabled, window buttons hidden, title bar hidden
[2020.07.17-04.20.19:789][  0]LogSlate: Updating window title bar state: overlay mode, drag disabled, window buttons hidden, title bar hidden
[2020.07.17-04.20.19:806][  0]LogSlate: Updating window title bar state: overlay mode, drag disabled, window buttons hidden, title bar hidden
[2020.07.17-04.20.19:854][  0]LogSlate: Took 0.000372 seconds to synchronously load lazily loaded font '../../../Engine/Content/Slate/Fonts/Roboto-Regular.ttf' (155K)
[2020.07.17-04.20.19:860][  0]LogSlate: Took 0.000419 seconds to synchronously load lazily loaded font '../../../Engine/Content/Editor/Slate/Fonts/FontAwesome.ttf' (139K)
[2020.07.17-04.20.19:860][  0]LogSlate: Took 0.000306 seconds to synchronously load lazily loaded font '../../../Engine/Content/Slate/Fonts/Roboto-Bold.ttf' (160K)
[2020.07.17-04.20.19:892][  0]LogSlate: Took 0.001547 seconds to synchronously load lazily loaded font '../../../Engine/Content/Slate/Fonts/DroidSansMono.ttf' (77K)
[2020.07.17-04.20.20:482][  0]LogRenderer: Reallocating scene render targets to support 1128x544 Format 9 NumSamples 1 (Frame:1).
[2020.07.17-04.20.20:739][  0]LogContentBrowser: Native class hierarchy updated for 'HierarchicalLODOutliner' in 0.0015 seconds. Added 0 classes and 0 folders.
[2020.07.17-04.20.20:740][  0]LogLoad: (Engine Initialization) Total time: 21.08 seconds
[2020.07.17-04.20.20:740][  0]LogLoad: (Engine Initialization) Total Blueprint compile time: 0.00 seconds
[2020.07.17-04.20.21:255][  0]LogContentStreaming: Texture pool size now 800 MB
[2020.07.17-04.20.22:025][  5]LogAssetRegistry: Asset discovery search completed in 10.7443 seconds
[2020.07.17-04.20.22:051][  5]LogCollectionManager: Fixed up redirectors for 0 collections in 0.000001 seconds (updated 0 objects)
[2020.07.17-04.20.32:069][105]Candidate modules for hot reload:
[2020.07.17-04.20.32:069][105]  PAINT
[2020.07.17-04.20.32:071][105]Launching UnrealBuildTool... [C:/Program Files/Epic Games/UE_4.25/Engine/Binaries/DotNET/UnrealBuildTool.exe  -ModuleWithSuffix=PAINT,9753 PAINTEditor Win64 Development -Project="C:/Users/Angelica .DESKTOP-RM5JOAJ/Documents/PaintShooter/PAINT/PAINT.uproject" "C:/Users/Angelica .DESKTOP-RM5JOAJ/Documents/PaintShooter/PAINT/PAINT.uproject"  -IgnoreJunk]
[2020.07.17-04.20.32:094][105]Warning: Starting HotReload took  0.1s.
[2020.07.17-04.22.59:034][604]CompilerResultsLog: New page: Compilation - Jul 16, 2020, 8:22:59 PM
[2020.07.17-04.22.59:034][604]CompilerResultsLog: Using 'git status' to determine working set for adaptive non-unity build (C:\Users\Angelica .DESKTOP-RM5JOAJ\Documents\PaintShooter).
[2020.07.17-04.22.59:034][604]CompilerResultsLog: Building PAINTEditor...
[2020.07.17-04.22.59:035][604]CompilerResultsLog: Using Visual Studio 2019 14.25.28614 toolchain (C:\Program Files (x86)\Microsoft Visual Studio\2019\Community\VC\Tools\MSVC\14.25.28610) and Windows 10.0.18362.0 SDK (C:\Program Files (x86)\Windows Kits\10).
[2020.07.17-04.22.59:035][604]CompilerResultsLog: Building 4 actions with 4 processes...
[2020.07.17-04.22.59:035][604]CompilerResultsLog:   [1/4] BallerController.cpp
[2020.07.17-04.22.59:035][604]CompilerResultsLog:   C:\Users\Angelica .DESKTOP-RM5JOAJ\Documents\PaintShooter\PAINT\Source\PAINT\Baller.h(43): warning C4263: 'void ABaller::Crouch(void)': member function does not override any base class virtual member function
[2020.07.17-04.22.59:035][604]CompilerResultsLog:   C:\Users\Angelica .DESKTOP-RM5JOAJ\Documents\PaintShooter\PAINT\Source\PAINT\Baller.h(84): warning C4264: 'void ACharacter::Crouch(bool)': no override available for virtual member function from base 'ACharacter'; function is hidden
[2020.07.17-04.22.59:035][604]CompilerResultsLog:   C:\Program Files\Epic Games\UE_4.25\Engine\Source\Runtime\Engine\Classes\GameFramework/Character.h(726): note: see declaration of 'ACharacter::Crouch'
[2020.07.17-04.22.59:035][604]CompilerResultsLog:   C:\Program Files\Epic Games\UE_4.25\Engine\Source\Runtime\Engine\Classes\GameFramework/Character.h(213): note: see declaration of 'ACharacter'
[2020.07.17-04.22.59:035][604]CompilerResultsLog:   [2/4] UE4Editor-PAINT-9753.lib
[2020.07.17-04.22.59:035][604]CompilerResultsLog:      Creating library C:\Users\Angelica .DESKTOP-RM5JOAJ\Documents\PaintShooter\PAINT\Intermediate\Build\Win64\UE4Editor\Development\PAINT\UE4Editor-PAINT-9753.lib and object C:\Users\Angelica .DESKTOP-RM5JOAJ\Documents\PaintShooter\PAINT\Intermediate\Build\Win64\UE4Editor\Development\PAINT\UE4Editor-PAINT-9753.exp
[2020.07.17-04.22.59:035][604]CompilerResultsLog:   [3/4] UE4Editor-PAINT-9753.dll
[2020.07.17-04.22.59:035][604]CompilerResultsLog:      Creating library C:\Users\Angelica .DESKTOP-RM5JOAJ\Documents\PaintShooter\PAINT\Intermediate\Build\Win64\UE4Editor\Development\PAINT\UE4Editor-PAINT-9753.suppressed.lib and object C:\Users\Angelica .DESKTOP-RM5JOAJ\Documents\PaintShooter\PAINT\Intermediate\Build\Win64\UE4Editor\Development\PAINT\UE4Editor-PAINT-9753.suppressed.exp
[2020.07.17-04.22.59:036][604]CompilerResultsLog:   [4/4] PAINTEditor.target
[2020.07.17-04.22.59:036][604]CompilerResultsLog: Total time in Parallel executor: 131.35 seconds
[2020.07.17-04.22.59:036][604]CompilerResultsLog: Total execution time: 145.78 seconds
[2020.07.17-04.22.59:036][604]LogMainFrame: MainFrame: Module compiling took 147.072 seconds
[2020.07.17-04.22.59:297][604]LogContentBrowser: Native class hierarchy updated for 'PAINT' in 0.0023 seconds. Added 5 classes and 2 folders.
[2020.07.17-04.22.59:303][604]Display: HotReload successful (5 functions remapped  0 scriptstructs remapped)
[2020.07.17-04.22.59:598][604]LogContentBrowser: Native class hierarchy populated in 0.0459 seconds. Added 3432 classes and 823 folders.
[2020.07.17-04.22.59:598][604]Display: HotReload took 147.6s.
[2020.07.17-04.23.03:383][642]LogSlate: Took 0.000703 seconds to synchronously load lazily loaded font '../../../Engine/Content/Slate/Fonts/Roboto-Light.ttf' (167K)
[2020.07.17-04.23.03:455][642]Cmd: OBJ SAVEPACKAGE PACKAGE="/Game/Tester" FILE="../../../../../../Users/Angelica .DESKTOP-RM5JOAJ/Documents/PaintShooter/PAINT/Content/Tester.umap" SILENT=true AUTOSAVING=false KEEPDIRTY=false
[2020.07.17-04.23.03:506][642]LogUObjectHash: Compacting FUObjectHashTables data took   2.90ms
[2020.07.17-04.23.03:762][642]LogSavePackage: Moving '../../../../../../Users/Angelica .DESKTOP-RM5JOAJ/Documents/PaintShooter/PAINT/Saved/TesterA3B51E6043931729BAE8818F36092872.tmp' to '../../../../../../Users/Angelica .DESKTOP-RM5JOAJ/Documents/PaintShooter/PAINT/Content/Tester.umap'
[2020.07.17-04.23.03:955][642]Cmd: OBJ SAVEPACKAGE PACKAGE="/Game/Tester_BuiltData" FILE="../../../../../../Users/Angelica .DESKTOP-RM5JOAJ/Documents/PaintShooter/PAINT/Content/Tester_BuiltData.uasset" SILENT=true
[2020.07.17-04.23.04:093][642]LogSavePackage: Moving '../../../../../../Users/Angelica .DESKTOP-RM5JOAJ/Documents/PaintShooter/PAINT/Saved/Tester_BuiltData242FF39C46868A552B31D2907F60630F.tmp' to '../../../../../../Users/Angelica .DESKTOP-RM5JOAJ/Documents/PaintShooter/PAINT/Content/Tester_BuiltData.uasset'
[2020.07.17-04.23.04:127][642]AssetCheck: New page: Asset Save: multiple assets
[2020.07.17-04.23.04:128][642]LogContentValidation: Display: Validating World /Game/Tester.Tester
[2020.07.17-04.23.04:128][642]LogContentValidation: Display: Validating MapBuildDataRegistry /Game/Tester_BuiltData.Tester_BuiltData
[2020.07.17-04.23.06:166][664]LogTemp: Repeating last play command: Selected Viewport
[2020.07.17-04.23.06:341][664]LogPlayLevel: PlayLevel: No blueprints needed recompiling
[2020.07.17-04.23.06:342][664]PIE: New page: PIE session: Tester (Jul 16, 2020, 8:23:06 PM)
[2020.07.17-04.23.06:345][664]LogOnline: OSS: Creating online subsystem instance for: NULL
[2020.07.17-04.23.06:349][664]LogOnline: OSS: TryLoadSubsystemAndSetDefault: Loaded subsystem for module [NULL]
[2020.07.17-04.23.06:350][664]LogPlayLevel: Creating play world package: /Game/UEDPIE_0_Tester
[2020.07.17-04.23.06:362][664]LogPlayLevel: PIE: StaticDuplicateObject took: (0.011806s)
[2020.07.17-04.23.06:366][664]LogAIModule: Creating AISystem for world Tester
[2020.07.17-04.23.06:366][664]LogAISub: UAISubsystem::UAISubsystem EnvQueryManager (00000204C39EBC00), frame # 1664
[2020.07.17-04.23.06:366][664]LogAISub: UAISubsystem::UAISubsystem AIPerceptionSystem (00000204EC08D300), frame # 1664
[2020.07.17-04.23.06:367][664]LogPlayLevel: PIE: World Init took: (0.005017s)
[2020.07.17-04.23.06:367][664]LogPlayLevel: PIE: Created PIE world by copying editor world from /Game/Tester.Tester to /Game/UEDPIE_0_Tester.Tester (0.017496s)
[2020.07.17-04.23.06:398][664]LogUObjectHash: Compacting FUObjectHashTables data took   1.77ms
[2020.07.17-04.23.06:401][664]LogAudioMixer: Display: Audio Mixer Platform Settings:
[2020.07.17-04.23.06:401][664]LogAudioMixer: Display: 	Sample Rate:						  48000
[2020.07.17-04.23.06:401][664]LogAudioMixer: Display: 	Callback Buffer Frame Size Requested: 1024
[2020.07.17-04.23.06:402][664]LogAudioMixer: Display: 	Callback Buffer Frame Size To Use:	  1024
[2020.07.17-04.23.06:402][664]LogAudioMixer: Display: 	Number of buffers to queue:			  2
[2020.07.17-04.23.06:402][664]LogAudioMixer: Display: 	Max Channels (voices):				  32
[2020.07.17-04.23.06:402][664]LogAudioMixer: Display: 	Number of Async Source Workers:		  0
[2020.07.17-04.23.06:402][664]LogAudio: Display: AudioDevice MaxSources: 32
[2020.07.17-04.23.06:403][664]LogAudio: Display: Using built-in audio occlusion.
[2020.07.17-04.23.06:404][664]LogAudioMixer: Display: Initializing audio mixer.
[2020.07.17-04.23.06:459][664]LogAudioMixer: Display: 0: FrontLeft
[2020.07.17-04.23.06:459][664]LogAudioMixer: Display: 1: FrontRight
[2020.07.17-04.23.06:593][664]LogAudioMixer: Display: Using Audio Device Speaker/Headphone (Realtek High Definition Audio(SST))
[2020.07.17-04.23.06:593][664]LogAudioMixer: Display: Initializing Sound Submixes...
[2020.07.17-04.23.06:593][664]LogAudioMixer: Display: Creating Master Submix 'MasterSubmixDefault'
[2020.07.17-04.23.06:593][664]LogAudioMixer: Display: Creating Master Submix 'MasterReverbSubmixDefault'
[2020.07.17-04.23.06:595][664]LogAudioMixer: Display: Creating Master Submix 'MasterEQSubmixDefault'
[2020.07.17-04.23.06:645][664]LogInit: FAudioDevice initialized.
[2020.07.17-04.23.07:607][664]LogLoad: Game class is 'BP_PAINTGameModeBase_C'
[2020.07.17-04.23.07:610][664]LogWorld: Bringing World /Game/UEDPIE_0_Tester.Tester up for play (max tick rate 60) at 2020.07.17-00.23.07
[2020.07.17-04.23.07:611][664]LogWorld: Bringing up level for play took: 0.001155
[2020.07.17-04.23.07:611][664]LogOnline: OSS: Creating online subsystem instance for: :Context_2
[2020.07.17-04.23.07:711][664]LogContentBrowser: Native class hierarchy updated for 'MovieSceneCapture' in 0.0009 seconds. Added 20 classes and 0 folders.
[2020.07.17-04.23.07:716][664]LogTemp: Warning: CrossHair created
[2020.07.17-04.23.07:717][664]PIE: Server logged in
[2020.07.17-04.23.07:720][664]PIE: Play in editor total start time 1.41 seconds.
[2020.07.17-04.23.10:314][695]LogTemp: Warning: Manage CrossHair!
[2020.07.17-04.23.16:646][695]LogWindows: Error: === Critical error: ===
[2020.07.17-04.23.16:646][695]LogWindows: Error: 
[2020.07.17-04.23.16:646][695]LogWindows: Error: Fatal error!
[2020.07.17-04.23.16:647][695]LogWindows: Error: 
[2020.07.17-04.23.16:647][695]LogWindows: Error: Unhandled Exception: EXCEPTION_ACCESS_VIOLATION reading address 0x00000648
[2020.07.17-04.23.16:647][695]LogWindows: Error: 
[2020.07.17-04.23.16:647][695]LogWindows: Error: [Callstack] 0x00007fffcde45686 UE4Editor-PAINT-9753.dll!ABallerController::ManageCrossHair() [C:\Users\Angelica .DESKTOP-RM5JOAJ\Documents\PaintShooter\PAINT\Source\PAINT\BallerController.cpp:21]
[2020.07.17-04.23.16:647][695]LogWindows: Error: [Callstack] 0x00007fffcde43d1e UE4Editor-PAINT-9753.dll!ABaller::Equip() [C:\Users\Angelica .DESKTOP-RM5JOAJ\Documents\PaintShooter\PAINT\Source\PAINT\Baller.cpp:116]
[2020.07.17-04.23.16:648][695]LogWindows: Error: [Callstack] 0x00007fffbd0857da UE4Editor-Engine.dll!UnknownFunction []
[2020.07.17-04.23.16:648][695]LogWindows: Error: [Callstack] 0x00007fffbd0b12ee UE4Editor-Engine.dll!UnknownFunction []
[2020.07.17-04.23.16:648][695]LogWindows: Error: [Callstack] 0x00007fffbcbb9138 UE4Editor-Engine.dll!UnknownFunction []
[2020.07.17-04.23.16:648][695]LogWindows: Error: [Callstack] 0x00007fffbcbcc964 UE4Editor-Engine.dll!UnknownFunction []
[2020.07.17-04.23.16:648][695]LogWindows: Error: [Callstack] 0x00007fffbcbb71cb UE4Editor-Engine.dll!UnknownFunction []
[2020.07.17-04.23.16:648][695]LogWindows: Error: [Callstack] 0x00007fffbcbcae31 UE4Editor-Engine.dll!UnknownFunction []
[2020.07.17-04.23.16:648][695]LogWindows: Error: [Callstack] 0x00007fffbbea94c4 UE4Editor-Engine.dll!UnknownFunction []
[2020.07.17-04.23.16:648][695]LogWindows: Error: [Callstack] 0x00007fffbcf6616f UE4Editor-Engine.dll!UnknownFunction []
[2020.07.17-04.23.16:648][695]LogWindows: Error: [Callstack] 0x00007fffbcf6b1c7 UE4Editor-Engine.dll!UnknownFunction []
[2020.07.17-04.23.16:648][695]LogWindows: Error: [Callstack] 0x00007fffd99187d8 UE4Editor-Core.dll!UnknownFunction []
[2020.07.17-04.23.16:648][695]LogWindows: Error: [Callstack] 0x00007fffd9918aa3 UE4Editor-Core.dll!UnknownFunction []
[2020.07.17-04.23.16:648][695]LogWindows: Error: [Callstack] 0x00007fffd992f027 UE4Editor-Core.dll!UnknownFunction []
[2020.07.17-04.23.16:648][695]LogWindows: Error: [Callstack] 0x00007fffbcf871b2 UE4Editor-Engine.dll!UnknownFunction []
[2020.07.17-04.23.16:648][695]LogWindows: Error: [Callstack] 0x00007fffbcf8c47a UE4Editor-Engine.dll!UnknownFunction []
[2020.07.17-04.23.16:648][695]LogWindows: Error: [Callstack] 0x00007fffbc74c43f UE4Editor-Engine.dll!UnknownFunction []
[2020.07.17-04.23.16:648][695]LogWindows: Error: [Callstack] 0x00007fffbc756cd7 UE4Editor-Engine.dll!UnknownFunction []
[2020.07.17-04.23.16:648][695]LogWindows: Error: [Callstack] 0x00007fffd619a737 UE4Editor-UnrealEd.dll!UnknownFunction []
[2020.07.17-04.23.16:648][695]LogWindows: Error: [Callstack] 0x00007fffd6a700d6 UE4Editor-UnrealEd.dll!UnknownFunction []
[2020.07.17-04.23.16:648][695]LogWindows: Error: [Callstack] 0x00007ff69b647800 UE4Editor.exe!UnknownFunction []
[2020.07.17-04.23.16:648][695]LogWindows: Error: [Callstack] 0x00007ff69b65ba7c UE4Editor.exe!UnknownFunction []
[2020.07.17-04.23.16:648][695]LogWindows: Error: [Callstack] 0x00007ff69b65bb5a UE4Editor.exe!UnknownFunction []
[2020.07.17-04.23.16:649][695]LogWindows: Error: [Callstack] 0x00007ff69b66e31d UE4Editor.exe!UnknownFunction []
[2020.07.17-04.23.16:649][695]LogWindows: Error: [Callstack] 0x00007ff69b67145a UE4Editor.exe!UnknownFunction []
[2020.07.17-04.23.16:649][695]LogWindows: Error: [Callstack] 0x00007ff82f377bd4 KERNEL32.DLL!UnknownFunction []
[2020.07.17-04.23.16:649][695]LogWindows: Error: [Callstack] 0x00007ff82f88ce51 ntdll.dll!UnknownFunction []
[2020.07.17-04.23.16:649][695]LogWindows: Error: 
[2020.07.17-04.23.16:686][695]LogExit: Executing StaticShutdownAfterError
[2020.07.17-04.23.16:691][695]LogWindows: FPlatformMisc::RequestExit(1)
[2020.07.17-04.23.16:691][695]LogCore: Engine exit requested (reason: Win RequestExit)
[2020.07.17-04.23.16:710][695]Log file closed, 07/17/20 00:23:16
