Log file open, 07/16/20 11:12:46
LogInit: Display: Running engine for game: PAINT
LogPlatformFile: Not using cached read wrapper
LogTaskGraph: Started task graph with 5 named threads and 11 total threads with 3 sets of task threads.
LogStats: Stats thread started at 2.985594
LogD3D11RHI: Loaded GFSDK_Aftermath_Lib.x64.dll
LogICUInternationalization: ICU TimeZone Detection - Raw Offset: -5:00, Platform Override: ''
LogPluginManager: Mounting plugin Paper2D
LogPluginManager: Mounting plugin AISupport
LogPluginManager: Mounting plugin LightPropagationVolume
LogPluginManager: Mounting plugin CameraShakePreviewer
LogPluginManager: Mounting plugin ActorLayerUtilities
LogPluginManager: Mounting plugin AnimationSharing
LogPluginManager: Mounting plugin CLionSourceCodeAccess
LogPluginManager: Mounting plugin CodeLiteSourceCodeAccess
LogPluginManager: Mounting plugin GitSourceControl
LogPluginManager: Mounting plugin KDevelopSourceCodeAccess
LogPluginManager: Mounting plugin NullSourceCodeAccess
LogPluginManager: Mounting plugin PerforceSourceControl
LogPluginManager: Mounting plugin PlasticSourceControl
LogPluginManager: Mounting plugin RiderSourceCodeAccess
LogPluginManager: Mounting plugin SubversionSourceControl
LogPluginManager: Mounting plugin UObjectPlugin
LogPluginManager: Mounting plugin VisualStudioCodeSourceCodeAccess
LogPluginManager: Mounting plugin VisualStudioSourceCodeAccess
LogPluginManager: Mounting plugin XCodeSourceCodeAccess
LogPluginManager: Mounting plugin AssetManagerEditor
LogPluginManager: Mounting plugin CryptoKeys
LogPluginManager: Mounting plugin CurveEditorTools
LogPluginManager: Mounting plugin DataValidation
LogPluginManager: Mounting plugin EditorScriptingUtilities
LogPluginManager: Mounting plugin FacialAnimation
LogPluginManager: Mounting plugin GameplayTagsEditor
LogPluginManager: Mounting plugin GeometryMode
LogPluginManager: Mounting plugin MacGraphicsSwitching
LogPluginManager: Mounting plugin MaterialAnalyzer
LogPluginManager: Mounting plugin MobileLauncherProfileWizard
LogPluginManager: Mounting plugin PluginBrowser
LogPluginManager: Mounting plugin SpeedTreeImporter
LogPluginManager: Mounting plugin DatasmithContent
LogPluginManager: Mounting plugin VariantManagerContent
LogPluginManager: Mounting plugin AlembicImporter
LogPluginManager: Mounting plugin AutomationUtils
LogPluginManager: Mounting plugin BackChannel
LogPluginManager: Mounting plugin ChaosCloth
LogPluginManager: Mounting plugin ChaosClothEditor
LogPluginManager: Mounting plugin ChaosEditor
LogPluginManager: Mounting plugin ChaosNiagara
LogPluginManager: Mounting plugin ChaosSolverPlugin
LogPluginManager: Mounting plugin CharacterAI
LogPluginManager: Mounting plugin GeometryCache
LogPluginManager: Mounting plugin GeometryCollectionPlugin
LogPluginManager: Mounting plugin GeometryProcessing
LogPluginManager: Mounting plugin PlanarCut
LogPluginManager: Mounting plugin PlatformCrypto
LogPluginManager: Mounting plugin ProxyLODPlugin
LogPluginManager: Mounting plugin SkeletalReduction
LogPluginManager: Mounting plugin Niagara
LogPluginManager: Mounting plugin MagicLeap
LogPluginManager: Mounting plugin MagicLeapLightEstimation
LogPluginManager: Mounting plugin MagicLeapMedia
LogPluginManager: Mounting plugin MagicLeapPassableWorld
LogPluginManager: Mounting plugin MLSDK
LogPluginManager: Mounting plugin AndroidMedia
LogPluginManager: Mounting plugin AvfMedia
LogPluginManager: Mounting plugin ImgMedia
LogPluginManager: Mounting plugin MediaCompositing
LogPluginManager: Mounting plugin MediaPlayerEditor
LogPluginManager: Mounting plugin WebMMedia
LogPluginManager: Mounting plugin WmfMedia
LogPluginManager: Mounting plugin MeshPainting
LogPluginManager: Mounting plugin TcpMessaging
LogPluginManager: Mounting plugin UdpMessaging
LogPluginManager: Mounting plugin ActorSequence
LogPluginManager: Mounting plugin LevelSequenceEditor
LogPluginManager: Mounting plugin MatineeToLevelSequence
LogPluginManager: Mounting plugin MovieRenderPipeline
LogPluginManager: Mounting plugin TemplateSequence
LogPluginManager: Mounting plugin NetcodeUnitTest
LogPluginManager: Mounting plugin NUTUnrealEngine4
LogPluginManager: Mounting plugin OnlineSubsystemGooglePlay
LogPluginManager: Mounting plugin OnlineSubsystemIOS
LogPluginManager: Mounting plugin OnlineSubsystem
LogPluginManager: Mounting plugin OnlineSubsystemNull
LogPluginManager: Mounting plugin OnlineSubsystemUtils
LogPluginManager: Mounting plugin LauncherChunkInstaller
LogPluginManager: Mounting plugin AndroidDeviceProfileSelector
LogPluginManager: Mounting plugin AndroidMoviePlayer
LogPluginManager: Mounting plugin AndroidPermission
LogPluginManager: Mounting plugin AppleImageUtils
LogPluginManager: Mounting plugin AppleMoviePlayer
LogPluginManager: Mounting plugin ArchVisCharacter
LogPluginManager: Mounting plugin AssetTags
LogPluginManager: Mounting plugin AudioCapture
LogPluginManager: Mounting plugin CableComponent
LogPluginManager: Mounting plugin CustomMeshComponent
LogPluginManager: Mounting plugin EditableMesh
LogPluginManager: Mounting plugin ExampleDeviceProfileSelector
LogPluginManager: Mounting plugin GoogleCloudMessaging
LogPluginManager: Mounting plugin GooglePAD
LogPluginManager: Mounting plugin IOSDeviceProfileSelector
LogPluginManager: Mounting plugin LinuxDeviceProfileSelector
LogPluginManager: Mounting plugin LocationServicesBPLibrary
LogPluginManager: Mounting plugin MobilePatchingUtils
LogPluginManager: Mounting plugin OculusVR
LogPluginManager: Mounting plugin PhysXVehicles
LogPluginManager: Mounting plugin PostSplashScreen
LogPluginManager: Mounting plugin ProceduralMeshComponent
LogPluginManager: Mounting plugin RuntimePhysXCooking
LogPluginManager: Mounting plugin SignificanceManager
LogPluginManager: Mounting plugin SoundFields
LogPluginManager: Mounting plugin SteamVR
LogPluginManager: Mounting plugin Synthesis
LogPluginManager: Mounting plugin WebMMoviePlayer
LogPluginManager: Mounting plugin WindowsMoviePlayer
LogPluginManager: Mounting plugin ScreenshotTools
LogInit: Using libcurl 7.55.1-DEV
LogInit:  - built for x86_64-pc-win32
LogInit:  - supports SSL with OpenSSL/1.1.1
LogInit:  - supports HTTP deflate (compression) using libz 1.2.8
LogInit:  - other features:
LogInit:      CURL_VERSION_SSL
LogInit:      CURL_VERSION_LIBZ
LogInit:      CURL_VERSION_IPV6
LogInit:      CURL_VERSION_ASYNCHDNS
LogInit:      CURL_VERSION_LARGEFILE
LogInit:      CURL_VERSION_IDN
LogInit:  CurlRequestOptions (configurable via config and command line):
LogInit:  - bVerifyPeer = true  - Libcurl will verify peer certificate
LogInit:  - bUseHttpProxy = false  - Libcurl will NOT use HTTP proxy
LogInit:  - bDontReuseConnections = false  - Libcurl will reuse connections
LogInit:  - MaxHostConnections = 16  - Libcurl will limit the number of connections to a host
LogInit:  - LocalHostAddr = Default
LogInit:  - BufferSize = 65536
LogOnline: OSS: Creating online subsystem instance for: NULL
LogInit: WinSock: version 1.1 (2.2), MaxSocks=32767, MaxUdp=65467
LogOnline: OSS: TryLoadSubsystemAndSetDefault: Loaded subsystem for module [NULL]
LogInit: Build: ++UE4+Release-4.25-CL-13594126
LogInit: Engine Version: 4.25.1-13594126+++UE4+Release-4.25
LogInit: Compatible Engine Version: 4.25.0-13144385+++UE4+Release-4.25
LogInit: Net CL: 13144385
LogInit: OS: Windows 10 (Release 1909) (), CPU: Intel(R) Core(TM) i7-7500U CPU @ 2.70GHz, GPU: Intel(R) HD Graphics 620
LogInit: Compiled (64-bit): Jun  2 2020 02:10:36
LogInit: Compiled with Visual C++: 19.24.28315.00
LogInit: Build Configuration: Development
LogInit: Branch Name: ++UE4+Release-4.25
LogInit: Command Line: 
LogInit: Base Directory: C:/Program Files/Epic Games/UE_4.25/Engine/Binaries/Win64/
LogInit: Allocator: TBB
LogInit: Installed Engine Build: 1
LogDevObjectVersion: Number of dev versions registered: 26
LogDevObjectVersion:   Dev-Blueprints (B0D832E4-1F89-4F0D-ACCF-7EB736FD4AA2): 10
LogDevObjectVersion:   Dev-Build (E1C64328-A22C-4D53-A36C-8E866417BD8C): 0
LogDevObjectVersion:   Dev-Core (375EC13C-06E4-48FB-B500-84F0262A717E): 4
LogDevObjectVersion:   Dev-Editor (E4B068ED-F494-42E9-A231-DA0B2E46BB41): 38
LogDevObjectVersion:   Dev-Framework (CFFC743F-43B0-4480-9391-14DF171D2073): 37
LogDevObjectVersion:   Dev-Mobile (B02B49B5-BB20-44E9-A304-32B752E40360): 2
LogDevObjectVersion:   Dev-Networking (A4E4105C-59A1-49B5-A7C5-40C4547EDFEE): 0
LogDevObjectVersion:   Dev-Online (39C831C9-5AE6-47DC-9A44-9C173E1C8E7C): 0
LogDevObjectVersion:   Dev-Physics (78F01B33-EBEA-4F98-B9B4-84EACCB95AA2): 4
LogDevObjectVersion:   Dev-Platform (6631380F-2D4D-43E0-8009-CF276956A95A): 0
LogDevObjectVersion:   Dev-Rendering (12F88B9F-8875-4AFC-A67C-D90C383ABD29): 43
LogDevObjectVersion:   Dev-Sequencer (7B5AE74C-D270-4C10-A958-57980B212A5A): 12
LogDevObjectVersion:   Dev-VR (D7296918-1DD6-4BDD-9DE2-64A83CC13884): 3
LogDevObjectVersion:   Dev-LoadTimes (C2A15278-BFE7-4AFE-6C17-90FF531DF755): 1
LogDevObjectVersion:   Private-Geometry (6EACA3D4-40EC-4CC1-B786-8BED09428FC5): 3
LogDevObjectVersion:   Dev-AnimPhys (29E575DD-E0A3-4627-9D10-D276232CDCEA): 17
LogDevObjectVersion:   Dev-Anim (AF43A65D-7FD3-4947-9873-3E8ED9C1BB05): 7
LogDevObjectVersion:   Dev-ReflectionCapture (6B266CEC-1EC7-4B8F-A30B-E4D90942FC07): 1
LogDevObjectVersion:   Dev-Automation (0DF73D61-A23F-47EA-B727-89E90C41499A): 1
LogDevObjectVersion:   FortniteMain (601D1886-AC64-4F84-AA16-D3DE0DEAC7D6): 31
LogDevObjectVersion:   Dev-Enterprise (9DFFBCD6-494F-0158-E221-12823C92A888): 10
LogDevObjectVersion:   Dev-Niagara (F2AED0AC-9AFE-416F-8664-AA7FFA26D6FC): 1
LogDevObjectVersion:   Dev-Destruction (174F1F0B-B4C6-45A5-B13F-2EE8D0FB917D): 10
LogDevObjectVersion:   Dev-Physics-Ext (35F94A83-E258-406C-A318-09F59610247C): 37
LogDevObjectVersion:   Dev-PhysicsMaterial-Chaos (B68FC16E-8B1B-42E2-B453-215C058844FE): 1
LogDevObjectVersion:   Dev-CineCamera (B2E18506-4273-CFC2-A54E-F4BB758BBA07): 1
LogInit: Presizing for max 25165824 objects, including 0 objects not considered by GC, pre-allocating 0 bytes for permanent pool.
LogConfig: Applying CVar settings from Section [/Script/Engine.StreamingSettings] File [C:/Users/Angelica .DESKTOP-RM5JOAJ/Documents/PaintShooter/PAINT/Saved/Config/Windows/Engine.ini]
LogConfig: Setting CVar [[s.MinBulkDataSizeForAsyncLoading:131072]]
LogConfig: Setting CVar [[s.AsyncLoadingThreadEnabled:0]]
LogConfig: Setting CVar [[s.EventDrivenLoaderEnabled:1]]
LogConfig: Setting CVar [[s.WarnIfTimeLimitExceeded:0]]
LogConfig: Setting CVar [[s.TimeLimitExceededMultiplier:1.5]]
LogConfig: Setting CVar [[s.TimeLimitExceededMinTime:0.005]]
LogConfig: Setting CVar [[s.UseBackgroundLevelStreaming:1]]
LogConfig: Setting CVar [[s.PriorityAsyncLoadingExtraTime:15.0]]
LogConfig: Setting CVar [[s.LevelStreamingActorsUpdateTimeLimit:5.0]]
LogConfig: Setting CVar [[s.PriorityLevelStreamingActorsUpdateExtraTime:5.0]]
LogConfig: Setting CVar [[s.LevelStreamingComponentsRegistrationGranularity:10]]
LogConfig: Setting CVar [[s.UnregisterComponentsTimeLimit:1.0]]
LogConfig: Setting CVar [[s.LevelStreamingComponentsUnregistrationGranularity:5]]
LogConfig: Setting CVar [[s.FlushStreamingOnExit:1]]
LogInit: Object subsystem initialized
LogConfig: Setting CVar [[con.DebugEarlyDefault:1]]
LogConfig: Setting CVar [[r.setres:1280x720]]
[2020.07.16-15.12.47:447][  0]LogConfig: Setting CVar [[r.VSync:0]]
[2020.07.16-15.12.47:447][  0]LogConfig: Setting CVar [[r.RHICmdBypass:0]]
[2020.07.16-15.12.47:447][  0]LogConfig: Applying CVar settings from Section [/Script/Engine.RendererSettings] File [C:/Users/Angelica .DESKTOP-RM5JOAJ/Documents/PaintShooter/PAINT/Saved/Config/Windows/Engine.ini]
[2020.07.16-15.12.47:447][  0]LogConfig: Setting CVar [[r.GPUCrashDebugging:0]]
[2020.07.16-15.12.47:447][  0]LogConfig: Applying CVar settings from Section [/Script/Engine.RendererOverrideSettings] File [C:/Users/Angelica .DESKTOP-RM5JOAJ/Documents/PaintShooter/PAINT/Saved/Config/Windows/Engine.ini]
[2020.07.16-15.12.47:447][  0]LogConfig: Applying CVar settings from Section [/Script/Engine.StreamingSettings] File [C:/Users/Angelica .DESKTOP-RM5JOAJ/Documents/PaintShooter/PAINT/Saved/Config/Windows/Engine.ini]
[2020.07.16-15.12.47:447][  0]LogConfig: Setting CVar [[s.MinBulkDataSizeForAsyncLoading:131072]]
[2020.07.16-15.12.47:447][  0]LogConfig: Setting CVar [[s.AsyncLoadingThreadEnabled:0]]
[2020.07.16-15.12.47:447][  0]LogConfig: Setting CVar [[s.EventDrivenLoaderEnabled:1]]
[2020.07.16-15.12.47:447][  0]LogConfig: Setting CVar [[s.WarnIfTimeLimitExceeded:0]]
[2020.07.16-15.12.47:447][  0]LogConfig: Setting CVar [[s.TimeLimitExceededMultiplier:1.5]]
[2020.07.16-15.12.47:447][  0]LogConfig: Setting CVar [[s.TimeLimitExceededMinTime:0.005]]
[2020.07.16-15.12.47:447][  0]LogConfig: Setting CVar [[s.UseBackgroundLevelStreaming:1]]
[2020.07.16-15.12.47:447][  0]LogConfig: Setting CVar [[s.PriorityAsyncLoadingExtraTime:15.0]]
[2020.07.16-15.12.47:447][  0]LogConfig: Setting CVar [[s.LevelStreamingActorsUpdateTimeLimit:5.0]]
[2020.07.16-15.12.47:447][  0]LogConfig: Setting CVar [[s.PriorityLevelStreamingActorsUpdateExtraTime:5.0]]
[2020.07.16-15.12.47:447][  0]LogConfig: Setting CVar [[s.LevelStreamingComponentsRegistrationGranularity:10]]
[2020.07.16-15.12.47:447][  0]LogConfig: Setting CVar [[s.UnregisterComponentsTimeLimit:1.0]]
[2020.07.16-15.12.47:447][  0]LogConfig: Setting CVar [[s.LevelStreamingComponentsUnregistrationGranularity:5]]
[2020.07.16-15.12.47:447][  0]LogConfig: Setting CVar [[s.FlushStreamingOnExit:1]]
[2020.07.16-15.12.47:448][  0]LogConfig: Applying CVar settings from Section [/Script/Engine.GarbageCollectionSettings] File [C:/Users/Angelica .DESKTOP-RM5JOAJ/Documents/PaintShooter/PAINT/Saved/Config/Windows/Engine.ini]
[2020.07.16-15.12.47:448][  0]LogConfig: Setting CVar [[gc.MaxObjectsNotConsideredByGC:1]]
[2020.07.16-15.12.47:448][  0]LogConfig: Setting CVar [[gc.SizeOfPermanentObjectPool:0]]
[2020.07.16-15.12.47:448][  0]LogConfig: Setting CVar [[gc.FlushStreamingOnGC:0]]
[2020.07.16-15.12.47:448][  0]LogConfig: Setting CVar [[gc.NumRetriesBeforeForcingGC:10]]
[2020.07.16-15.12.47:448][  0]LogConfig: Setting CVar [[gc.AllowParallelGC:1]]
[2020.07.16-15.12.47:448][  0]LogConfig: Setting CVar [[gc.TimeBetweenPurgingPendingKillObjects:61.1]]
[2020.07.16-15.12.47:448][  0]LogConfig: Setting CVar [[gc.MaxObjectsInEditor:25165824]]
[2020.07.16-15.12.47:448][  0]LogConfig: Setting CVar [[gc.IncrementalBeginDestroyEnabled:1]]
[2020.07.16-15.12.47:448][  0]LogConfig: Setting CVar [[gc.CreateGCClusters:1]]
[2020.07.16-15.12.47:448][  0]LogConfig: Setting CVar [[gc.MinGCClusterSize:5]]
[2020.07.16-15.12.47:448][  0]LogConfig: Setting CVar [[gc.ActorClusteringEnabled:0]]
[2020.07.16-15.12.47:448][  0]LogConfig: Setting CVar [[gc.BlueprintClusteringEnabled:0]]
[2020.07.16-15.12.47:448][  0]LogConfig: Setting CVar [[gc.UseDisregardForGCOnDedicatedServers:0]]
[2020.07.16-15.12.47:448][  0]LogConfig: Applying CVar settings from Section [/Script/Engine.NetworkSettings] File [C:/Users/Angelica .DESKTOP-RM5JOAJ/Documents/PaintShooter/PAINT/Saved/Config/Windows/Engine.ini]
[2020.07.16-15.12.47:448][  0]LogConfig: Applying CVar settings from Section [/Script/UnrealEd.CookerSettings] File [C:/Users/Angelica .DESKTOP-RM5JOAJ/Documents/PaintShooter/PAINT/Saved/Config/Windows/Engine.ini]
[2020.07.16-15.12.47:454][  0]LogConfig: Applying CVar settings from Section [ViewDistanceQuality@3] File [C:/Users/Angelica .DESKTOP-RM5JOAJ/Documents/PaintShooter/PAINT/Saved/Config/Windows/Scalability.ini]
[2020.07.16-15.12.47:454][  0]LogConfig: Setting CVar [[r.SkeletalMeshLODBias:0]]
[2020.07.16-15.12.47:454][  0]LogConfig: Setting CVar [[r.ViewDistanceScale:1.0]]
[2020.07.16-15.12.47:454][  0]LogConfig: Applying CVar settings from Section [AntiAliasingQuality@3] File [C:/Users/Angelica .DESKTOP-RM5JOAJ/Documents/PaintShooter/PAINT/Saved/Config/Windows/Scalability.ini]
[2020.07.16-15.12.47:454][  0]LogConfig: Setting CVar [[r.PostProcessAAQuality:4]]
[2020.07.16-15.12.47:454][  0]LogConfig: Applying CVar settings from Section [ShadowQuality@3] File [C:/Users/Angelica .DESKTOP-RM5JOAJ/Documents/PaintShooter/PAINT/Saved/Config/Windows/Scalability.ini]
[2020.07.16-15.12.47:454][  0]LogConfig: Setting CVar [[r.LightFunctionQuality:1]]
[2020.07.16-15.12.47:454][  0]LogConfig: Setting CVar [[r.ShadowQuality:5]]
[2020.07.16-15.12.47:455][  0]LogConfig: Setting CVar [[r.Shadow.CSM.MaxCascades:10]]
[2020.07.16-15.12.47:455][  0]LogConfig: Setting CVar [[r.Shadow.MaxResolution:2048]]
[2020.07.16-15.12.47:455][  0]LogConfig: Setting CVar [[r.Shadow.MaxCSMResolution:2048]]
[2020.07.16-15.12.47:455][  0]LogConfig: Setting CVar [[r.Shadow.RadiusThreshold:0.01]]
[2020.07.16-15.12.47:455][  0]LogConfig: Setting CVar [[r.Shadow.DistanceScale:1.0]]
[2020.07.16-15.12.47:455][  0]LogConfig: Setting CVar [[r.Shadow.CSM.TransitionScale:1.0]]
[2020.07.16-15.12.47:455][  0]LogConfig: Setting CVar [[r.Shadow.PreShadowResolutionFactor:1.0]]
[2020.07.16-15.12.47:455][  0]LogConfig: Setting CVar [[r.DistanceFieldShadowing:1]]
[2020.07.16-15.12.47:455][  0]LogConfig: Setting CVar [[r.DistanceFieldAO:1]]
[2020.07.16-15.12.47:455][  0]LogConfig: Setting CVar [[r.AOQuality:2]]
[2020.07.16-15.12.47:455][  0]LogConfig: Setting CVar [[r.VolumetricFog:1]]
[2020.07.16-15.12.47:455][  0]LogConfig: Setting CVar [[r.VolumetricFog.GridPixelSize:8]]
[2020.07.16-15.12.47:455][  0]LogConfig: Setting CVar [[r.VolumetricFog.GridSizeZ:128]]
[2020.07.16-15.12.47:455][  0]LogConfig: Setting CVar [[r.VolumetricFog.HistoryMissSupersampleCount:4]]
[2020.07.16-15.12.47:455][  0]LogConfig: Setting CVar [[r.LightMaxDrawDistanceScale:1]]
[2020.07.16-15.12.47:455][  0]LogConfig: Setting CVar [[r.CapsuleShadows:1]]
[2020.07.16-15.12.47:455][  0]LogConfig: Applying CVar settings from Section [PostProcessQuality@3] File [C:/Users/Angelica .DESKTOP-RM5JOAJ/Documents/PaintShooter/PAINT/Saved/Config/Windows/Scalability.ini]
[2020.07.16-15.12.47:455][  0]LogConfig: Setting CVar [[r.MotionBlurQuality:4]]
[2020.07.16-15.12.47:455][  0]LogConfig: Setting CVar [[r.AmbientOcclusionMipLevelFactor:0.4]]
[2020.07.16-15.12.47:455][  0]LogConfig: Setting CVar [[r.AmbientOcclusionMaxQuality:100]]
[2020.07.16-15.12.47:455][  0]LogConfig: Setting CVar [[r.AmbientOcclusionLevels:-1]]
[2020.07.16-15.12.47:455][  0]LogConfig: Setting CVar [[r.AmbientOcclusionRadiusScale:1.0]]
[2020.07.16-15.12.47:456][  0]LogConfig: Setting CVar [[r.DepthOfFieldQuality:2]]
[2020.07.16-15.12.47:456][  0]LogConfig: Setting CVar [[r.RenderTargetPoolMin:400]]
[2020.07.16-15.12.47:456][  0]LogConfig: Setting CVar [[r.LensFlareQuality:2]]
[2020.07.16-15.12.47:456][  0]LogConfig: Setting CVar [[r.SceneColorFringeQuality:1]]
[2020.07.16-15.12.47:456][  0]LogConfig: Setting CVar [[r.EyeAdaptationQuality:2]]
[2020.07.16-15.12.47:456][  0]LogConfig: Setting CVar [[r.BloomQuality:5]]
[2020.07.16-15.12.47:456][  0]LogConfig: Setting CVar [[r.FastBlurThreshold:100]]
[2020.07.16-15.12.47:456][  0]LogConfig: Setting CVar [[r.Upscale.Quality:3]]
[2020.07.16-15.12.47:456][  0]LogConfig: Setting CVar [[r.Tonemapper.GrainQuantization:1]]
[2020.07.16-15.12.47:456][  0]LogConfig: Setting CVar [[r.LightShaftQuality:1]]
[2020.07.16-15.12.47:456][  0]LogConfig: Setting CVar [[r.Filter.SizeScale:1]]
[2020.07.16-15.12.47:456][  0]LogConfig: Setting CVar [[r.Tonemapper.Quality:5]]
[2020.07.16-15.12.47:456][  0]LogConfig: Setting CVar [[r.DOF.Gather.AccumulatorQuality:1        ; higher gathering accumulator quality]]
[2020.07.16-15.12.47:456][  0]LogConfig: Setting CVar [[r.DOF.Gather.PostfilterMethod:1          ; Median3x3 postfilering method]]
[2020.07.16-15.12.47:456][  0]LogConfig: Setting CVar [[r.DOF.Gather.EnableBokehSettings:0       ; no bokeh simulation when gathering]]
[2020.07.16-15.12.47:456][  0]LogConfig: Setting CVar [[r.DOF.Gather.RingCount:4                 ; medium number of samples when gathering]]
[2020.07.16-15.12.47:456][  0]LogConfig: Setting CVar [[r.DOF.Scatter.ForegroundCompositing:1    ; additive foreground scattering]]
[2020.07.16-15.12.47:456][  0]LogConfig: Setting CVar [[r.DOF.Scatter.BackgroundCompositing:2    ; additive background scattering]]
[2020.07.16-15.12.47:456][  0]LogConfig: Setting CVar [[r.DOF.Scatter.EnableBokehSettings:1      ; bokeh simulation when scattering]]
[2020.07.16-15.12.47:456][  0]LogConfig: Setting CVar [[r.DOF.Scatter.MaxSpriteRatio:0.1         ; only a maximum of 10% of scattered bokeh]]
[2020.07.16-15.12.47:457][  0]LogConfig: Setting CVar [[r.DOF.Recombine.Quality:1                ; cheap slight out of focus]]
[2020.07.16-15.12.47:457][  0]LogConfig: Setting CVar [[r.DOF.Recombine.EnableBokehSettings:0    ; no bokeh simulation on slight out of focus]]
[2020.07.16-15.12.47:457][  0]LogConfig: Setting CVar [[r.DOF.TemporalAAQuality:1                ; more stable temporal accumulation]]
[2020.07.16-15.12.47:457][  0]LogConfig: Setting CVar [[r.DOF.Kernel.MaxForegroundRadius:0.025]]
[2020.07.16-15.12.47:457][  0]LogConfig: Setting CVar [[r.DOF.Kernel.MaxBackgroundRadius:0.025]]
[2020.07.16-15.12.47:457][  0]LogConfig: Applying CVar settings from Section [TextureQuality@3] File [C:/Users/Angelica .DESKTOP-RM5JOAJ/Documents/PaintShooter/PAINT/Saved/Config/Windows/Scalability.ini]
[2020.07.16-15.12.47:457][  0]LogConfig: Setting CVar [[r.Streaming.MipBias:0]]
[2020.07.16-15.12.47:457][  0]LogConfig: Setting CVar [[r.Streaming.AmortizeCPUToGPUCopy:0]]
[2020.07.16-15.12.47:457][  0]LogConfig: Setting CVar [[r.Streaming.MaxNumTexturesToStreamPerFrame:0]]
[2020.07.16-15.12.47:457][  0]LogConfig: Setting CVar [[r.Streaming.Boost:1]]
[2020.07.16-15.12.47:457][  0]LogConfig: Setting CVar [[r.MaxAnisotropy:8]]
[2020.07.16-15.12.47:457][  0]LogConfig: Setting CVar [[r.VT.MaxAnisotropy:8]]
[2020.07.16-15.12.47:457][  0]LogConfig: Setting CVar [[r.Streaming.LimitPoolSizeToVRAM:0]]
[2020.07.16-15.12.47:457][  0]LogConfig: Setting CVar [[r.Streaming.PoolSize:1000]]
[2020.07.16-15.12.47:457][  0]LogConfig: Setting CVar [[r.Streaming.MaxEffectiveScreenSize:0]]
[2020.07.16-15.12.47:457][  0]LogConfig: Applying CVar settings from Section [EffectsQuality@3] File [C:/Users/Angelica .DESKTOP-RM5JOAJ/Documents/PaintShooter/PAINT/Saved/Config/Windows/Scalability.ini]
[2020.07.16-15.12.47:457][  0]LogConfig: Setting CVar [[r.TranslucencyLightingVolumeDim:64]]
[2020.07.16-15.12.47:457][  0]LogConfig: Setting CVar [[r.RefractionQuality:2]]
[2020.07.16-15.12.47:457][  0]LogConfig: Setting CVar [[r.SSR.Quality:3]]
[2020.07.16-15.12.47:457][  0]LogConfig: Setting CVar [[r.SSR.HalfResSceneColor:0]]
[2020.07.16-15.12.47:458][  0]LogConfig: Setting CVar [[r.SceneColorFormat:4]]
[2020.07.16-15.12.47:458][  0]LogConfig: Setting CVar [[r.DetailMode:2]]
[2020.07.16-15.12.47:458][  0]LogConfig: Setting CVar [[r.TranslucencyVolumeBlur:1]]
[2020.07.16-15.12.47:458][  0]LogConfig: Setting CVar [[r.MaterialQualityLevel:1 ; High quality]]
[2020.07.16-15.12.47:458][  0]LogConfig: Setting CVar [[r.SSS.Scale:1]]
[2020.07.16-15.12.47:458][  0]LogConfig: Setting CVar [[r.SSS.SampleSet:2]]
[2020.07.16-15.12.47:458][  0]LogConfig: Setting CVar [[r.SSS.Quality:1]]
[2020.07.16-15.12.47:458][  0]LogConfig: Setting CVar [[r.SSS.HalfRes:0]]
[2020.07.16-15.12.47:458][  0]LogConfig: Setting CVar [[r.SSGI.Quality:3]]
[2020.07.16-15.12.47:458][  0]LogConfig: Setting CVar [[r.EmitterSpawnRateScale:1.0]]
[2020.07.16-15.12.47:458][  0]LogConfig: Setting CVar [[r.ParticleLightQuality:2]]
[2020.07.16-15.12.47:458][  0]LogConfig: Setting CVar [[r.SkyAtmosphere.AerialPerspectiveLUT.FastApplyOnOpaque:1 ; Always have FastSkyLUT 1 in this case to avoid wrong sky]]
[2020.07.16-15.12.47:458][  0]LogConfig: Setting CVar [[r.SkyAtmosphere.AerialPerspectiveLUT.SampleCountPerSlice:1]]
[2020.07.16-15.12.47:458][  0]LogConfig: Setting CVar [[r.SkyAtmosphere.AerialPerspectiveLUT.DepthResolution:16.0]]
[2020.07.16-15.12.47:458][  0]LogConfig: Setting CVar [[r.SkyAtmosphere.FastSkyLUT:1]]
[2020.07.16-15.12.47:458][  0]LogConfig: Setting CVar [[r.SkyAtmosphere.FastSkyLUT.SampleCountMin:4.0]]
[2020.07.16-15.12.47:458][  0]LogConfig: Setting CVar [[r.SkyAtmosphere.FastSkyLUT.SampleCountMax:32.0]]
[2020.07.16-15.12.47:458][  0]LogConfig: Setting CVar [[r.SkyAtmosphere.SampleCountMin:4.0]]
[2020.07.16-15.12.47:458][  0]LogConfig: Setting CVar [[r.SkyAtmosphere.SampleCountMax:32.0]]
[2020.07.16-15.12.47:458][  0]LogConfig: Setting CVar [[r.SkyAtmosphere.TransmittanceLUT.UseSmallFormat:0]]
[2020.07.16-15.12.47:458][  0]LogConfig: Setting CVar [[r.SkyAtmosphere.TransmittanceLUT.SampleCount:10.0]]
[2020.07.16-15.12.47:458][  0]LogConfig: Setting CVar [[r.SkyAtmosphere.MultiScatteringLUT.SampleCount:15.0]]
[2020.07.16-15.12.47:459][  0]LogConfig: Applying CVar settings from Section [FoliageQuality@3] File [C:/Users/Angelica .DESKTOP-RM5JOAJ/Documents/PaintShooter/PAINT/Saved/Config/Windows/Scalability.ini]
[2020.07.16-15.12.47:459][  0]LogConfig: Setting CVar [[foliage.DensityScale:1.0]]
[2020.07.16-15.12.47:459][  0]LogConfig: Setting CVar [[grass.DensityScale:1.0]]
[2020.07.16-15.12.47:459][  0]LogConfig: Applying CVar settings from Section [ShadingQuality@3] File [C:/Users/Angelica .DESKTOP-RM5JOAJ/Documents/PaintShooter/PAINT/Saved/Config/Windows/Scalability.ini]
[2020.07.16-15.12.47:459][  0]LogConfig: Setting CVar [[r.HairStrands.SkyLighting.SampleCount:16]]
[2020.07.16-15.12.47:459][  0]LogConfig: Setting CVar [[r.HairStrands.SkyLighting.JitterIntegration:0]]
[2020.07.16-15.12.47:459][  0]LogConfig: Setting CVar [[r.HairStrands.SkyAO.SampleCount:16]]
[2020.07.16-15.12.47:459][  0]LogConfig: Setting CVar [[r.HairStrands.DeepShadow.SuperSampling:0]]
[2020.07.16-15.12.47:459][  0]LogConfig: Setting CVar [[r.HairStrands.VisibilityPPLL:0]]
[2020.07.16-15.12.47:459][  0]LogConfig: Setting CVar [[r.HairStrands.RasterizationScale:0.5]]
[2020.07.16-15.12.47:459][  0]LogConfig: Setting CVar [[r.HairStrands.VelocityRasterizationScale:1]]
[2020.07.16-15.12.47:459][  0]LogInit: Selected Device Profile: [Windows]
[2020.07.16-15.12.47:459][  0]LogInit: Applying CVar settings loaded from the selected device profile: [Windows]
[2020.07.16-15.12.47:459][  0]LogHAL: Display: Platform has ~ 16 GB [17052516352 / 17179869184 / 16], which maps to Larger [LargestMinGB=32, LargerMinGB=12, DefaultMinGB=8, SmallerMinGB=6, SmallestMinGB=0)
[2020.07.16-15.12.47:459][  0]LogInit: Going up to parent DeviceProfile []
[2020.07.16-15.12.47:460][  0]LogConfig: Applying CVar settings from Section [ViewDistanceQuality@2] File [C:/Users/Angelica .DESKTOP-RM5JOAJ/Documents/PaintShooter/PAINT/Saved/Config/Windows/Scalability.ini]
[2020.07.16-15.12.47:460][  0]LogConfig: Setting CVar [[r.SkeletalMeshLODBias:0]]
[2020.07.16-15.12.47:460][  0]LogConfig: Setting CVar [[r.ViewDistanceScale:0.8]]
[2020.07.16-15.12.47:460][  0]LogConfig: Applying CVar settings from Section [AntiAliasingQuality@2] File [C:/Users/Angelica .DESKTOP-RM5JOAJ/Documents/PaintShooter/PAINT/Saved/Config/Windows/Scalability.ini]
[2020.07.16-15.12.47:460][  0]LogConfig: Setting CVar [[r.PostProcessAAQuality:3]]
[2020.07.16-15.12.47:460][  0]LogConfig: Applying CVar settings from Section [ShadowQuality@2] File [C:/Users/Angelica .DESKTOP-RM5JOAJ/Documents/PaintShooter/PAINT/Saved/Config/Windows/Scalability.ini]
[2020.07.16-15.12.47:460][  0]LogConfig: Setting CVar [[r.LightFunctionQuality:1]]
[2020.07.16-15.12.47:460][  0]LogConfig: Setting CVar [[r.ShadowQuality:5]]
[2020.07.16-15.12.47:460][  0]LogConfig: Setting CVar [[r.Shadow.CSM.MaxCascades:4]]
[2020.07.16-15.12.47:460][  0]LogConfig: Setting CVar [[r.Shadow.MaxResolution:1024]]
[2020.07.16-15.12.47:460][  0]LogConfig: Setting CVar [[r.Shadow.MaxCSMResolution:2048]]
[2020.07.16-15.12.47:460][  0]LogConfig: Setting CVar [[r.Shadow.RadiusThreshold:0.04]]
[2020.07.16-15.12.47:460][  0]LogConfig: Setting CVar [[r.Shadow.DistanceScale:0.85]]
[2020.07.16-15.12.47:460][  0]LogConfig: Setting CVar [[r.Shadow.CSM.TransitionScale:0.8]]
[2020.07.16-15.12.47:460][  0]LogConfig: Setting CVar [[r.Shadow.PreShadowResolutionFactor:0.5]]
[2020.07.16-15.12.47:460][  0]LogConfig: Setting CVar [[r.DistanceFieldShadowing:1]]
[2020.07.16-15.12.47:460][  0]LogConfig: Setting CVar [[r.DistanceFieldAO:1]]
[2020.07.16-15.12.47:460][  0]LogConfig: Setting CVar [[r.AOQuality:1]]
[2020.07.16-15.12.47:460][  0]LogConfig: Setting CVar [[r.VolumetricFog:1]]
[2020.07.16-15.12.47:460][  0]LogConfig: Setting CVar [[r.VolumetricFog.GridPixelSize:16]]
[2020.07.16-15.12.47:461][  0]LogConfig: Setting CVar [[r.VolumetricFog.GridSizeZ:64]]
[2020.07.16-15.12.47:461][  0]LogConfig: Setting CVar [[r.VolumetricFog.HistoryMissSupersampleCount:4]]
[2020.07.16-15.12.47:461][  0]LogConfig: Setting CVar [[r.LightMaxDrawDistanceScale:1]]
[2020.07.16-15.12.47:461][  0]LogConfig: Setting CVar [[r.CapsuleShadows:1]]
[2020.07.16-15.12.47:461][  0]LogConfig: Applying CVar settings from Section [PostProcessQuality@2] File [C:/Users/Angelica .DESKTOP-RM5JOAJ/Documents/PaintShooter/PAINT/Saved/Config/Windows/Scalability.ini]
[2020.07.16-15.12.47:461][  0]LogConfig: Setting CVar [[r.MotionBlurQuality:3]]
[2020.07.16-15.12.47:461][  0]LogConfig: Setting CVar [[r.AmbientOcclusionMipLevelFactor:0.6]]
[2020.07.16-15.12.47:461][  0]LogConfig: Setting CVar [[r.AmbientOcclusionMaxQuality:100]]
[2020.07.16-15.12.47:461][  0]LogConfig: Setting CVar [[r.AmbientOcclusionLevels:-1]]
[2020.07.16-15.12.47:461][  0]LogConfig: Setting CVar [[r.AmbientOcclusionRadiusScale:1.5]]
[2020.07.16-15.12.47:461][  0]LogConfig: Setting CVar [[r.DepthOfFieldQuality:2]]
[2020.07.16-15.12.47:461][  0]LogConfig: Setting CVar [[r.RenderTargetPoolMin:400]]
[2020.07.16-15.12.47:461][  0]LogConfig: Setting CVar [[r.LensFlareQuality:2]]
[2020.07.16-15.12.47:461][  0]LogConfig: Setting CVar [[r.SceneColorFringeQuality:1]]
[2020.07.16-15.12.47:461][  0]LogConfig: Setting CVar [[r.EyeAdaptationQuality:2]]
[2020.07.16-15.12.47:461][  0]LogConfig: Setting CVar [[r.BloomQuality:5]]
[2020.07.16-15.12.47:461][  0]LogConfig: Setting CVar [[r.FastBlurThreshold:3]]
[2020.07.16-15.12.47:461][  0]LogConfig: Setting CVar [[r.Upscale.Quality:2]]
[2020.07.16-15.12.47:461][  0]LogConfig: Setting CVar [[r.Tonemapper.GrainQuantization:1]]
[2020.07.16-15.12.47:461][  0]LogConfig: Setting CVar [[r.LightShaftQuality:1]]
[2020.07.16-15.12.47:461][  0]LogConfig: Setting CVar [[r.Filter.SizeScale:0.8]]
[2020.07.16-15.12.47:461][  0]LogConfig: Setting CVar [[r.Tonemapper.Quality:5]]
[2020.07.16-15.12.47:461][  0]LogConfig: Setting CVar [[r.DOF.Gather.AccumulatorQuality:0        ; lower gathering accumulator quality]]
[2020.07.16-15.12.47:461][  0]LogConfig: Setting CVar [[r.DOF.Gather.PostfilterMethod:2          ; Max3x3 postfilering method]]
[2020.07.16-15.12.47:461][  0]LogConfig: Setting CVar [[r.DOF.Gather.EnableBokehSettings:0       ; no bokeh simulation when gathering]]
[2020.07.16-15.12.47:461][  0]LogConfig: Setting CVar [[r.DOF.Gather.RingCount:4                 ; medium number of samples when gathering]]
[2020.07.16-15.12.47:461][  0]LogConfig: Setting CVar [[r.DOF.Scatter.ForegroundCompositing:1    ; additive foreground scattering]]
[2020.07.16-15.12.47:461][  0]LogConfig: Setting CVar [[r.DOF.Scatter.BackgroundCompositing:1    ; no background occlusion]]
[2020.07.16-15.12.47:462][  0]LogConfig: Setting CVar [[r.DOF.Scatter.EnableBokehSettings:0      ; no bokeh simulation when scattering]]
[2020.07.16-15.12.47:462][  0]LogConfig: Setting CVar [[r.DOF.Scatter.MaxSpriteRatio:0.04        ; only a maximum of 4% of scattered bokeh]]
[2020.07.16-15.12.47:462][  0]LogConfig: Setting CVar [[r.DOF.Recombine.Quality:0                ; no slight out of focus]]
[2020.07.16-15.12.47:462][  0]LogConfig: Setting CVar [[r.DOF.TemporalAAQuality:0                ; faster temporal accumulation]]
[2020.07.16-15.12.47:462][  0]LogConfig: Setting CVar [[r.DOF.Kernel.MaxForegroundRadius:0.012   ; required because of AccumulatorQuality=0]]
[2020.07.16-15.12.47:462][  0]LogConfig: Setting CVar [[r.DOF.Kernel.MaxBackgroundRadius:0.012   ; required because of AccumulatorQuality=0]]
[2020.07.16-15.12.47:462][  0]LogConfig: Applying CVar settings from Section [TextureQuality@2] File [C:/Users/Angelica .DESKTOP-RM5JOAJ/Documents/PaintShooter/PAINT/Saved/Config/Windows/Scalability.ini]
[2020.07.16-15.12.47:462][  0]LogConfig: Setting CVar [[r.Streaming.MipBias:0]]
[2020.07.16-15.12.47:462][  0]LogConfig: Setting CVar [[r.Streaming.AmortizeCPUToGPUCopy:0]]
[2020.07.16-15.12.47:462][  0]LogConfig: Setting CVar [[r.Streaming.MaxNumTexturesToStreamPerFrame:0]]
[2020.07.16-15.12.47:462][  0]LogConfig: Setting CVar [[r.Streaming.Boost:1]]
[2020.07.16-15.12.47:462][  0]LogConfig: Setting CVar [[r.MaxAnisotropy:4]]
[2020.07.16-15.12.47:462][  0]LogConfig: Setting CVar [[r.VT.MaxAnisotropy:8]]
[2020.07.16-15.12.47:462][  0]LogConfig: Setting CVar [[r.Streaming.LimitPoolSizeToVRAM:1]]
[2020.07.16-15.12.47:462][  0]LogConfig: Setting CVar [[r.Streaming.PoolSize:800]]
[2020.07.16-15.12.47:462][  0]LogConfig: Setting CVar [[r.Streaming.MaxEffectiveScreenSize:0]]
[2020.07.16-15.12.47:462][  0]LogConfig: Applying CVar settings from Section [EffectsQuality@2] File [C:/Users/Angelica .DESKTOP-RM5JOAJ/Documents/PaintShooter/PAINT/Saved/Config/Windows/Scalability.ini]
[2020.07.16-15.12.47:462][  0]LogConfig: Setting CVar [[r.TranslucencyLightingVolumeDim:48]]
[2020.07.16-15.12.47:462][  0]LogConfig: Setting CVar [[r.RefractionQuality:2]]
[2020.07.16-15.12.47:462][  0]LogConfig: Setting CVar [[r.SSR.Quality:2]]
[2020.07.16-15.12.47:462][  0]LogConfig: Setting CVar [[r.SSR.HalfResSceneColor:1]]
[2020.07.16-15.12.47:462][  0]LogConfig: Setting CVar [[r.SceneColorFormat:3]]
[2020.07.16-15.12.47:462][  0]LogConfig: Setting CVar [[r.DetailMode:1]]
[2020.07.16-15.12.47:462][  0]LogConfig: Setting CVar [[r.TranslucencyVolumeBlur:1]]
[2020.07.16-15.12.47:462][  0]LogConfig: Setting CVar [[r.MaterialQualityLevel:1 ; High quality]]
[2020.07.16-15.12.47:462][  0]LogConfig: Setting CVar [[r.SSS.Scale:1]]
[2020.07.16-15.12.47:463][  0]LogConfig: Setting CVar [[r.SSS.SampleSet:1]]
[2020.07.16-15.12.47:463][  0]LogConfig: Setting CVar [[r.SSS.Quality:-1]]
[2020.07.16-15.12.47:463][  0]LogConfig: Setting CVar [[r.SSS.HalfRes:1]]
[2020.07.16-15.12.47:463][  0]LogConfig: Setting CVar [[r.SSGI.Quality:2]]
[2020.07.16-15.12.47:463][  0]LogConfig: Setting CVar [[r.EmitterSpawnRateScale:0.5]]
[2020.07.16-15.12.47:463][  0]LogConfig: Setting CVar [[r.ParticleLightQuality:1]]
[2020.07.16-15.12.47:463][  0]LogConfig: Setting CVar [[r.SkyAtmosphere.AerialPerspectiveLUT.FastApplyOnOpaque:1 ; Always have FastSkyLUT 1 in this case to avoid wrong sky]]
[2020.07.16-15.12.47:463][  0]LogConfig: Setting CVar [[r.SkyAtmosphere.AerialPerspectiveLUT.SampleCountPerSlice:1]]
[2020.07.16-15.12.47:463][  0]LogConfig: Setting CVar [[r.SkyAtmosphere.AerialPerspectiveLUT.DepthResolution:16.0]]
[2020.07.16-15.12.47:463][  0]LogConfig: Setting CVar [[r.SkyAtmosphere.FastSkyLUT:1]]
[2020.07.16-15.12.47:463][  0]LogConfig: Setting CVar [[r.SkyAtmosphere.FastSkyLUT.SampleCountMin:4.0]]
[2020.07.16-15.12.47:463][  0]LogConfig: Setting CVar [[r.SkyAtmosphere.FastSkyLUT.SampleCountMax:32.0]]
[2020.07.16-15.12.47:463][  0]LogConfig: Setting CVar [[r.SkyAtmosphere.SampleCountMin:4.0]]
[2020.07.16-15.12.47:463][  0]LogConfig: Setting CVar [[r.SkyAtmosphere.SampleCountMax:32.0]]
[2020.07.16-15.12.47:463][  0]LogConfig: Setting CVar [[r.SkyAtmosphere.TransmittanceLUT.UseSmallFormat:0]]
[2020.07.16-15.12.47:463][  0]LogConfig: Setting CVar [[r.SkyAtmosphere.TransmittanceLUT.SampleCount:10.0]]
[2020.07.16-15.12.47:463][  0]LogConfig: Setting CVar [[r.SkyAtmosphere.MultiScatteringLUT.SampleCount:15.0]]
[2020.07.16-15.12.47:463][  0]LogConfig: Applying CVar settings from Section [FoliageQuality@2] File [C:/Users/Angelica .DESKTOP-RM5JOAJ/Documents/PaintShooter/PAINT/Saved/Config/Windows/Scalability.ini]
[2020.07.16-15.12.47:463][  0]LogConfig: Setting CVar [[foliage.DensityScale:0.8]]
[2020.07.16-15.12.47:463][  0]LogConfig: Setting CVar [[grass.DensityScale:0.8]]
[2020.07.16-15.12.47:463][  0]LogConfig: Applying CVar settings from Section [ShadingQuality@2] File [C:/Users/Angelica .DESKTOP-RM5JOAJ/Documents/PaintShooter/PAINT/Saved/Config/Windows/Scalability.ini]
[2020.07.16-15.12.47:463][  0]LogConfig: Setting CVar [[r.HairStrands.SkyLighting.SampleCount:16]]
[2020.07.16-15.12.47:463][  0]LogConfig: Setting CVar [[r.HairStrands.SkyLighting.JitterIntegration:0]]
[2020.07.16-15.12.47:463][  0]LogConfig: Setting CVar [[r.HairStrands.SkyAO.SampleCount:16]]
[2020.07.16-15.12.47:463][  0]LogConfig: Setting CVar [[r.HairStrands.DeepShadow.SuperSampling:0]]
[2020.07.16-15.12.47:463][  0]LogConfig: Setting CVar [[r.HairStrands.VisibilityPPLL:0]]
[2020.07.16-15.12.47:463][  0]LogConfig: Setting CVar [[r.HairStrands.RasterizationScale:0.5]]
[2020.07.16-15.12.47:463][  0]LogConfig: Setting CVar [[r.HairStrands.VelocityRasterizationScale:1]]
[2020.07.16-15.12.47:463][  0]LogConfig: Applying CVar settings from Section [Startup] File [../../../Engine/Config/ConsoleVariables.ini]
[2020.07.16-15.12.47:464][  0]LogConfig: Setting CVar [[net.UseAdaptiveNetUpdateFrequency:0]]
[2020.07.16-15.12.47:464][  0]LogConfig: Setting CVar [[p.chaos.AllowCreatePhysxBodies:1]]
[2020.07.16-15.12.47:464][  0]LogConfig: Setting CVar [[fx.SkipVectorVMBackendOptimizations:1]]
[2020.07.16-15.12.47:464][  0]LogConfig: Applying CVar settings from Section [ConsoleVariables] File [C:/Users/Angelica .DESKTOP-RM5JOAJ/Documents/PaintShooter/PAINT/Saved/Config/Windows/Engine.ini]
[2020.07.16-15.12.47:465][  0]LogInit: Computer: SKETCH-PC
[2020.07.16-15.12.47:465][  0]LogInit: User: Angelica
[2020.07.16-15.12.47:465][  0]LogInit: CPU Page size=4096, Cores=2
[2020.07.16-15.12.47:465][  0]LogInit: High frequency timer resolution =10.000000 MHz
[2020.07.16-15.12.47:465][  0]LogMemory: Memory total: Physical=15.9GB (16GB approx)
[2020.07.16-15.12.47:465][  0]LogMemory: Platform Memory Stats for Windows
[2020.07.16-15.12.47:465][  0]LogMemory: Process Physical Memory: 114.07 MB used, 114.07 MB peak
[2020.07.16-15.12.47:465][  0]LogMemory: Process Virtual Memory: 97.48 MB used, 97.48 MB peak
[2020.07.16-15.12.47:465][  0]LogMemory: Physical Memory: 8658.53 MB used,  7604.02 MB free, 16262.55 MB total
[2020.07.16-15.12.47:465][  0]LogMemory: Virtual Memory: 5125.82 MB used,  134212600.00 MB free, 134217728.00 MB total
[2020.07.16-15.12.47:479][  0]LogWindows: WindowsPlatformFeatures enabled
[2020.07.16-15.12.47:561][  0]LogInit: Physics initialised using underlying interface: PhysX
[2020.07.16-15.12.47:563][  0]LogInit: Using OS detected language (en-US).
[2020.07.16-15.12.47:564][  0]LogInit: Using OS detected locale (en-US).
[2020.07.16-15.12.47:574][  0]LogTextLocalizationManager: No specific localization for 'en-US' exists, so the 'en' localization will be used.
[2020.07.16-15.12.48:063][  0]LogInit: Setting process to per monitor DPI aware
[2020.07.16-15.12.48:161][  0]LogSlate: New Slate User Created.  User Index 0, Is Virtual User: 0
[2020.07.16-15.12.48:161][  0]LogSlate: Slate User Registered.  User Index 0, Is Virtual User: 0
[2020.07.16-15.12.48:612][  0]LogHMD: Failed to initialize OpenVR with code 110
[2020.07.16-15.12.48:612][  0]LogD3D11RHI: D3D11 min allowed feature level: 11_0
[2020.07.16-15.12.48:612][  0]LogD3D11RHI: D3D11 max allowed feature level: 11_0
[2020.07.16-15.12.48:612][  0]LogD3D11RHI: D3D11 adapters:
[2020.07.16-15.12.48:846][  0]LogD3D11RHI:    0. 'Intel(R) HD Graphics 620' (Feature Level 11_0)
[2020.07.16-15.12.48:846][  0]LogD3D11RHI:       128/0/8131 MB DedicatedVideo/DedicatedSystem/SharedSystem, Outputs:1, VendorId:0x8086
[2020.07.16-15.12.48:850][  0]LogD3D11RHI:    1. 'Microsoft Basic Render Driver' (Feature Level 11_0)
[2020.07.16-15.12.48:850][  0]LogD3D11RHI:       0/0/8131 MB DedicatedVideo/DedicatedSystem/SharedSystem, Outputs:0, VendorId:0x1414
[2020.07.16-15.12.48:856][  0]LogD3D11RHI:    2. 'Microsoft Basic Render Driver' (Feature Level 11_0)
[2020.07.16-15.12.48:856][  0]LogD3D11RHI:       0/0/8131 MB DedicatedVideo/DedicatedSystem/SharedSystem, Outputs:0, VendorId:0x1414
[2020.07.16-15.12.48:862][  0]LogD3D11RHI:    3. 'Microsoft Basic Render Driver' (Feature Level 11_0)
[2020.07.16-15.12.48:862][  0]LogD3D11RHI:       0/0/8131 MB DedicatedVideo/DedicatedSystem/SharedSystem, Outputs:0, VendorId:0x1414
[2020.07.16-15.12.48:867][  0]LogD3D11RHI:    4. 'Microsoft Basic Render Driver' (Feature Level 11_0)
[2020.07.16-15.12.48:867][  0]LogD3D11RHI:       0/0/8131 MB DedicatedVideo/DedicatedSystem/SharedSystem, Outputs:0, VendorId:0x1414
[2020.07.16-15.12.48:867][  0]LogD3D11RHI: Chosen D3D11 Adapter: 0
[2020.07.16-15.12.48:878][  0]LogD3D11RHI: Creating new Direct3DDevice
[2020.07.16-15.12.48:879][  0]LogD3D11RHI:     GPU DeviceId: 0x5916 (for the marketing name, search the web for "GPU Device Id")
[2020.07.16-15.12.48:879][  0]LogWindows: EnumDisplayDevices:
[2020.07.16-15.12.48:879][  0]LogWindows:    0. 'Intel(R) HD Graphics 620' (P:1 D:1)
[2020.07.16-15.12.48:879][  0]LogWindows:    1. 'Intel(R) HD Graphics 620' (P:0 D:0)
[2020.07.16-15.12.48:880][  0]LogWindows:    2. 'Intel(R) HD Graphics 620' (P:0 D:0)
[2020.07.16-15.12.48:880][  0]LogWindows:    3. 'MS Idd Device' (P:0 D:0)
[2020.07.16-15.12.48:881][  0]LogWindows:    4. 'MS Idd Device' (P:0 D:0)
[2020.07.16-15.12.48:881][  0]LogWindows:    5. 'MS Idd Device' (P:0 D:0)
[2020.07.16-15.12.48:881][  0]LogWindows: DebugString: GetVideoDriverDetailsInvalid PrimaryIsNotTheChoosenAdapter GetVideoDriverDetailsInvalid PrimaryIsNotTheChoosenAdapter GetVideoDriverDetailsInvalid PrimaryIsNotTheChoosenAdapter FoundDriverCount:3 
[2020.07.16-15.12.48:881][  0]LogD3D11RHI:     Adapter Name: Intel(R) HD Graphics 620
[2020.07.16-15.12.48:881][  0]LogD3D11RHI:   Driver Version: 24.20.100.6344 (internal:24.20.100.6344, unified:24.20.100.6344)
[2020.07.16-15.12.48:881][  0]LogD3D11RHI:      Driver Date: 11-10-2018
[2020.07.16-15.12.48:881][  0]LogRHI: Texture pool is 1523 MB (70% of 2176 MB)
[2020.07.16-15.12.48:889][  0]LogD3D11RHI: [IntelMetricsDiscovery] Failed to initialize context. Result=00000002
[2020.07.16-15.12.49:105][  0]LogD3D11RHI: RHI does not have support for 64 bit atomics
[2020.07.16-15.12.49:105][  0]LogD3D11RHI: Async texture creation enabled
[2020.07.16-15.12.49:105][  0]LogD3D11RHI: Array index from any shader is supported
[2020.07.16-15.12.49:117][  0]LogD3D11RHI: GPU Timing Frequency: 12.000048 (Debug: 2 0)
[2020.07.16-15.12.49:848][  0]LogTargetPlatformManager: Display: Loaded TargetPlatform 'AllDesktop'
[2020.07.16-15.12.49:903][  0]LogTargetPlatformManager: Display: Loaded TargetPlatform 'Android'
[2020.07.16-15.12.49:903][  0]LogTargetPlatformManager: Display: Loaded TargetPlatform 'Android_ASTC'
[2020.07.16-15.12.49:903][  0]LogTargetPlatformManager: Display: Loaded TargetPlatform 'Android_DXT'
[2020.07.16-15.12.49:903][  0]LogTargetPlatformManager: Display: Loaded TargetPlatform 'Android_ETC2'
[2020.07.16-15.12.49:903][  0]LogTargetPlatformManager: Display: Loaded TargetPlatform 'AndroidClient'
[2020.07.16-15.12.49:903][  0]LogTargetPlatformManager: Display: Loaded TargetPlatform 'Android_ASTCClient'
[2020.07.16-15.12.49:903][  0]LogTargetPlatformManager: Display: Loaded TargetPlatform 'Android_DXTClient'
[2020.07.16-15.12.49:903][  0]LogTargetPlatformManager: Display: Loaded TargetPlatform 'Android_ETC2Client'
[2020.07.16-15.12.49:904][  0]LogTargetPlatformManager: Display: Loaded TargetPlatform 'Android_Multi'
[2020.07.16-15.12.49:904][  0]LogTargetPlatformManager: Display: Loaded TargetPlatform 'Android_MultiClient'
[2020.07.16-15.12.49:959][  0]LogTargetPlatformManager: Display: Loaded TargetPlatform 'IOSClient'
[2020.07.16-15.12.49:959][  0]LogTargetPlatformManager: Display: Loaded TargetPlatform 'IOS'
[2020.07.16-15.12.49:985][  0]LogTargetPlatformManager: Display: Loaded TargetPlatform 'Linux'
[2020.07.16-15.12.50:004][  0]LogTargetPlatformManager: Display: Loaded TargetPlatform 'LinuxNoEditor'
[2020.07.16-15.12.50:022][  0]LogTargetPlatformManager: Display: Loaded TargetPlatform 'LinuxClient'
[2020.07.16-15.12.50:045][  0]LogTargetPlatformManager: Display: Loaded TargetPlatform 'LinuxServer'
[2020.07.16-15.12.50:069][  0]LogTargetPlatformManager: Display: Loaded TargetPlatform 'LinuxAArch64NoEditor'
[2020.07.16-15.12.50:088][  0]LogTargetPlatformManager: Display: Loaded TargetPlatform 'LinuxAArch64Client'
[2020.07.16-15.12.50:112][  0]LogTargetPlatformManager: Display: Loaded TargetPlatform 'LinuxAArch64Server'
[2020.07.16-15.12.50:171][  0]LogTargetPlatformManager: Display: Loaded TargetPlatform 'Lumin'
[2020.07.16-15.12.50:171][  0]LogTargetPlatformManager: Display: Loaded TargetPlatform 'LuminClient'
[2020.07.16-15.12.50:208][  0]LogTargetPlatformManager: Display: Loaded TargetPlatform 'TVOSClient'
[2020.07.16-15.12.50:208][  0]LogTargetPlatformManager: Display: Loaded TargetPlatform 'TVOS'
[2020.07.16-15.12.50:226][  0]LogTargetPlatformManager: Display: Loaded TargetPlatform 'WindowsNoEditor'
[2020.07.16-15.12.50:245][  0]LogTargetPlatformManager: Display: Loaded TargetPlatform 'Windows'
[2020.07.16-15.12.50:270][  0]LogTargetPlatformManager: Display: Loaded TargetPlatform 'WindowsClient'
[2020.07.16-15.12.50:288][  0]LogTargetPlatformManager: Display: Loaded TargetPlatform 'WindowsServer'
[2020.07.16-15.12.50:288][  0]LogTargetPlatformManager: Display: Building Assets For Windows
[2020.07.16-15.12.50:309][  0]LogAudioDebug: Display: Lib vorbis DLL was dynamically loaded.
[2020.07.16-15.12.50:443][  0]LogShaderCompilers: Guid format shader working directory is -13 characters bigger than the processId version (../../../../../../Users/Angelica .DESKTOP-RM5JOAJ/Documents/PaintShooter/PAINT/Intermediate/Shaders/WorkingDirectory/17236/).
[2020.07.16-15.12.50:443][  0]LogShaderCompilers: Cleaned the shader compiler working directory 'C:/Users/Angelica .DESKTOP-RM5JOAJ/AppData/Local/Temp/UnrealShaderWorkingDir/8A0AFC604CCC69595E722EA572E2A7ED/'.
[2020.07.16-15.12.50:444][  0]LogXGEController: Cannot use XGE Controller as Incredibuild is not installed on this machine.
[2020.07.16-15.12.50:444][  0]LogShaderCompilers: Cannot use XGE Shader Compiler as Incredibuild is not installed on this machine.
[2020.07.16-15.12.50:444][  0]LogShaderCompilers: Display: Using Local Shader Compiler.
[2020.07.16-15.12.53:458][  0]LogDerivedDataCache: Display: Max Cache Size: 512 MB
[2020.07.16-15.12.53:659][  0]LogDerivedDataCache: Loaded boot cache 0.20s 75MB C:/Users/Angelica .DESKTOP-RM5JOAJ/AppData/Local/UnrealEngine/4.25/DerivedDataCache/Boot.ddc.
[2020.07.16-15.12.53:659][  0]LogDerivedDataCache: Display: Loaded Boot cache: C:/Users/Angelica .DESKTOP-RM5JOAJ/AppData/Local/UnrealEngine/4.25/DerivedDataCache/Boot.ddc
[2020.07.16-15.12.53:659][  0]LogDerivedDataCache: FDerivedDataBackendGraph:  Pak pak cache file ../../../../../../Users/Angelica .DESKTOP-RM5JOAJ/Documents/PaintShooter/PAINT/DerivedDataCache/DDC.ddp not found, will not use a pak cache.
[2020.07.16-15.12.53:659][  0]LogDerivedDataCache: Unable to find inner node Pak for hierarchical cache Hierarchy.
[2020.07.16-15.12.53:659][  0]LogDerivedDataCache: FDerivedDataBackendGraph:  CompressedPak pak cache file ../../../../../../Users/Angelica .DESKTOP-RM5JOAJ/Documents/PaintShooter/PAINT/DerivedDataCache/Compressed.ddp not found, will not use a pak cache.
[2020.07.16-15.12.53:659][  0]LogDerivedDataCache: Unable to find inner node CompressedPak for hierarchical cache Hierarchy.
[2020.07.16-15.12.53:703][  0]LogDerivedDataCache: Display: Pak cache opened for reading ../../../Engine/DerivedDataCache/Compressed.ddp.
[2020.07.16-15.12.53:703][  0]LogDerivedDataCache: FDerivedDataBackendGraph:  EnterprisePak pak cache file ../../../Enterprise/DerivedDataCache/Compressed.ddp not found, will not use a pak cache.
[2020.07.16-15.12.53:703][  0]LogDerivedDataCache: Unable to find inner node EnterprisePak for hierarchical cache Hierarchy.
[2020.07.16-15.12.53:708][  0]LogDerivedDataCache: Using Local data cache path C:/Users/Angelica .DESKTOP-RM5JOAJ/AppData/Local/UnrealEngine/Common/DerivedDataCache: Writable
[2020.07.16-15.12.53:708][  0]LogDerivedDataCache: Shared data cache path not found in *engine.ini, will not use an Shared cache.
[2020.07.16-15.12.53:708][  0]LogDerivedDataCache: Unable to find inner node Shared for hierarchical cache Hierarchy.
[2020.07.16-15.12.53:979][  0]LogSlate: Using FreeType 2.10.0
[2020.07.16-15.12.53:981][  0]LogSlate: SlateFontServices - WITH_FREETYPE: 1, WITH_HARFBUZZ: 1
[2020.07.16-15.12.54:103][  0]LogAssetRegistry: FAssetRegistry took 0.0143 seconds to start up
[2020.07.16-15.12.55:486][  0]LogInit: Selected Device Profile: [Windows]
[2020.07.16-15.12.55:871][  0]LogMeshReduction: Using QuadricMeshReduction for automatic static mesh reduction
[2020.07.16-15.12.55:871][  0]LogMeshReduction: Using SimplygonMeshReduction for automatic skeletal mesh reduction
[2020.07.16-15.12.55:871][  0]LogMeshReduction: Using ProxyLODMeshReduction for automatic mesh merging
[2020.07.16-15.12.55:871][  0]LogMeshReduction: No distributed automatic mesh merging module available
[2020.07.16-15.12.55:871][  0]LogMeshMerging: No distributed automatic mesh merging module available
[2020.07.16-15.12.55:909][  0]LogNetVersion: PAINT 1.0.0, NetCL: 13144385, EngineNetVer: 14, GameNetVer: 0 (Checksum: 2108548325)
[2020.07.16-15.12.56:990][  0]LogAISub: UAISubsystem::UAISubsystem AISubsystem (0000024F99E0A9C0), frame # 0
[2020.07.16-15.12.56:990][  0]LogAISub: UAISubsystem::UAISubsystem AIPerceptionSystem (0000024F99C94F40), frame # 0
[2020.07.16-15.12.56:992][  0]LogAISub: UAISubsystem::UAISubsystem EnvQueryManager (0000024F99CDDC00), frame # 0
[2020.07.16-15.12.57:124][  0]LogPackageLocalizationCache: Processed 19 localized package path(s) for 1 prioritized culture(s) in 0.122807 seconds
[2020.07.16-15.12.57:138][  0]LogUObjectArray: 15917 objects as part of root set at end of initial load.
[2020.07.16-15.12.57:138][  0]LogUObjectAllocator: 3965568 out of 0 bytes used by permanent object pool.
[2020.07.16-15.12.57:138][  0]LogUObjectArray: CloseDisregardForGC: 0/0 objects in disregard for GC pool
[2020.07.16-15.12.57:842][  0]LogTcpMessaging: Initializing TcpMessaging bridge
[2020.07.16-15.12.57:854][  0]LogUdpMessaging: Initializing bridge on interface 0.0.0.0:0 to multicast group 230.0.0.1:6666.
[2020.07.16-15.12.58:052][  0]SourceControl: Source control is disabled
[2020.07.16-15.12.58:052][  0]SourceControl: Source control is disabled
[2020.07.16-15.12.58:058][  0]SourceControl: Source control is disabled
[2020.07.16-15.12.58:067][  0]SourceControl: Source control is disabled
[2020.07.16-15.12.58:079][  0]SourceControl: Source control is disabled
[2020.07.16-15.12.58:564][  0]LogAndroidPermission: UAndroidPermissionCallbackProxy::GetInstance
[2020.07.16-15.12.58:602][  0]LogAudioCaptureCore: Display: No Audio Capture implementations found. Audio input will be silent.
[2020.07.16-15.12.58:602][  0]LogAudioCaptureCore: Display: No Audio Capture implementations found. Audio input will be silent.
[2020.07.16-15.12.58:700][  0]LogOcInput: OculusInput pre-init called
[2020.07.16-15.12.58:721][  0]LogWindows: Failed to load 'OVRPlugin.dll' (GetLastError=126)
[2020.07.16-15.12.58:722][  0]LogWindows: File 'OVRPlugin.dll' does not exist
[2020.07.16-15.12.58:827][  0]LogEngine: Initializing Engine...
[2020.07.16-15.12.58:830][  0]LogHMD: Failed to initialize OpenVR with code 110
[2020.07.16-15.12.58:831][  0]LogMagicLeap: Warning: VR disabled because ZI is not enabled.  To enable, in the editor, Edit -> Project Settings -> Plugins -> Magic Leap Plugin -> Enable Zero Iteration
[2020.07.16-15.12.58:832][  0]LogStats: UGameplayTagsManager::InitializeManager -  0.000 s
[2020.07.16-15.12.59:051][  0]LogInit: Initializing FReadOnlyCVARCache
[2020.07.16-15.12.59:069][  0]LogAIModule: Creating AISystem for world Untitled
[2020.07.16-15.12.59:069][  0]LogAISub: UAISubsystem::UAISubsystem EnvQueryManager (0000024F9D803C00), frame # 0
[2020.07.16-15.12.59:069][  0]LogAISub: UAISubsystem::UAISubsystem AIPerceptionSystem (0000024F9D871440), frame # 0
[2020.07.16-15.12.59:077][  0]LogAudioMixer: Display: Audio Mixer Platform Settings:
[2020.07.16-15.12.59:077][  0]LogAudioMixer: Display: 	Sample Rate:						  48000
[2020.07.16-15.12.59:077][  0]LogAudioMixer: Display: 	Callback Buffer Frame Size Requested: 1024
[2020.07.16-15.12.59:077][  0]LogAudioMixer: Display: 	Callback Buffer Frame Size To Use:	  1024
[2020.07.16-15.12.59:077][  0]LogAudioMixer: Display: 	Number of buffers to queue:			  2
[2020.07.16-15.12.59:077][  0]LogAudioMixer: Display: 	Max Channels (voices):				  32
[2020.07.16-15.12.59:077][  0]LogAudioMixer: Display: 	Number of Async Source Workers:		  0
[2020.07.16-15.12.59:077][  0]LogAudio: Display: AudioDevice MaxSources: 32
[2020.07.16-15.12.59:078][  0]LogAudio: Display: Using built-in audio occlusion.
[2020.07.16-15.12.59:078][  0]LogAudioMixer: Display: Initializing audio mixer.
[2020.07.16-15.12.59:126][  0]LogAudioMixer: Display: 0: FrontLeft
[2020.07.16-15.12.59:126][  0]LogAudioMixer: Display: 1: FrontRight
[2020.07.16-15.13.00:037][  0]LogAudioMixer: Display: Using Audio Device Speaker/Headphone (Realtek High Definition Audio(SST))
[2020.07.16-15.13.00:039][  0]LogAudioMixer: Display: Initializing Sound Submixes...
[2020.07.16-15.13.00:043][  0]LogAudioMixer: Display: Creating Master Submix 'MasterSubmixDefault'
[2020.07.16-15.13.00:043][  0]LogAudioMixer: Display: Creating Master Submix 'MasterReverbSubmixDefault'
[2020.07.16-15.13.00:045][  0]LogAudioMixer: Display: Creating Master Submix 'MasterEQSubmixDefault'
[2020.07.16-15.13.00:046][  0]LogInit: FAudioDevice initialized.
[2020.07.16-15.13.00:046][  0]LogNetVersion: Set ProjectVersion to 1.0.0.0. Version Checksum will be recalculated on next use.
[2020.07.16-15.13.00:111][  0]LogDerivedDataCache: Saved boot cache 0.06s 75MB C:/Users/Angelica .DESKTOP-RM5JOAJ/AppData/Local/UnrealEngine/4.25/DerivedDataCache/Boot.ddc.
[2020.07.16-15.13.00:121][  0]LogInit: Texture streaming: Enabled
[2020.07.16-15.13.00:158][  0]LogEngineSessionManager: EngineSessionManager initialized
[2020.07.16-15.13.00:158][  0]LogEditorSessionSummary: Verbose: Initializing EditorSessionSummaryWriter for editor session tracking
[2020.07.16-15.13.00:172][  0]LogEditorSessionSummary: EditorSessionSummaryWriter initialized
[2020.07.16-15.13.00:285][  0]LogInit: Transaction tracking system initialized
[2020.07.16-15.13.00:321][  0]BlueprintLog: New page: Editor Load
[2020.07.16-15.13.00:451][  0]LocalizationService: Localization service is disabled
[2020.07.16-15.13.00:767][  0]LogCook: Display: Max memory allowance for cook 16384mb min free memory 0mb
[2020.07.16-15.13.00:768][  0]LogCook: Display: Mobile HDR setting 1
[2020.07.16-15.13.01:046][  0]LogFileCache: Scanning file cache for directory 'C:/Users/Angelica .DESKTOP-RM5JOAJ/Documents/PaintShooter/PAINT/Content/' took 0.02s
[2020.07.16-15.13.01:705][  0]SourceControl: Source control is disabled
[2020.07.16-15.13.01:705][  0]LogUnrealEdMisc: Loading editor; pre map load, took 20.697
[2020.07.16-15.13.01:705][  0]Cmd: MAP LOAD FILE="../../../../../../Users/Angelica .DESKTOP-RM5JOAJ/Documents/PaintShooter/PAINT/Content/Tester.umap" TEMPLATE=0 SHOWPROGRESS=1 FEATURELEVEL=3
[2020.07.16-15.13.01:706][  0]LightingResults: New page: Lighting Build
[2020.07.16-15.13.01:708][  0]LogWorld: UWorld::CleanupWorld for Untitled, bSessionEnded=true, bCleanupResources=true
[2020.07.16-15.13.01:708][  0]LogSlate: InvalidateAllWidgets triggered.  All widgets were invalidated
[2020.07.16-15.13.01:708][  0]MapCheck: New page: Map Check
[2020.07.16-15.13.01:708][  0]LightingResults: New page: Lighting Build
[2020.07.16-15.13.01:727][  0]LogAISub: UAISubsystem::~UAISubsystem EnvQueryManager (0000024F9D803C00), frame # 0
[2020.07.16-15.13.01:727][  0]LogAISub: UAISubsystem::~UAISubsystem AIPerceptionSystem (0000024F9D871440), frame # 0
[2020.07.16-15.13.01:729][  0]LogUObjectHash: Compacting FUObjectHashTables data took   1.52ms
[2020.07.16-15.13.01:864][  0]LogAIModule: Creating AISystem for world Tester
[2020.07.16-15.13.01:864][  0]LogAISub: UAISubsystem::UAISubsystem EnvQueryManager (0000024F8E7C4A00), frame # 0
[2020.07.16-15.13.01:864][  0]LogAISub: UAISubsystem::UAISubsystem AIPerceptionSystem (0000024F8F4FDBC0), frame # 0
[2020.07.16-15.13.01:872][  0]LogEditorServer: Finished looking for orphan Actors (0.000 secs)
[2020.07.16-15.13.01:911][  0]LogUObjectHash: Compacting FUObjectHashTables data took   1.55ms
[2020.07.16-15.13.01:911][  0]Cmd: MAP CHECKDEP NOCLEARLOG
[2020.07.16-15.13.01:911][  0]MapCheck: Map check complete: 0 Error(s), 0 Warning(s), took 0.292ms to complete.
[2020.07.16-15.13.01:912][  0]LogFileHelpers: Loading map 'Tester' took 0.207
[2020.07.16-15.13.01:916][  0]LogUnrealEdMisc: Total Editor Startup Time, took 20.909
[2020.07.16-15.13.02:929][  0]LogCollectionManager: Loaded 0 collections in 0.003930 seconds
[2020.07.16-15.13.02:964][  0]LogFileCache: Scanning file cache for directory 'C:/Users/Angelica .DESKTOP-RM5JOAJ/Documents/PaintShooter/PAINT/Saved/Collections/' took 0.00s
[2020.07.16-15.13.02:964][  0]LogFileCache: Scanning file cache for directory 'C:/Users/Angelica .DESKTOP-RM5JOAJ/Documents/PaintShooter/PAINT/Content/Developers/Angelica/Collections/' took 0.00s
[2020.07.16-15.13.02:964][  0]LogFileCache: Scanning file cache for directory 'C:/Users/Angelica .DESKTOP-RM5JOAJ/Documents/PaintShooter/PAINT/Content/Collections/' took 0.00s
[2020.07.16-15.13.02:964][  0]LogContentBrowser: Native class hierarchy populated in 0.0237 seconds. Added 3430 classes and 823 folders.
[2020.07.16-15.13.02:971][  0]LogContentBrowser: Native class hierarchy updated for 'WidgetCarousel' in 0.0009 seconds. Added 0 classes and 0 folders.
[2020.07.16-15.13.03:107][  0]LogContentBrowser: Native class hierarchy updated for 'AddContentDialog' in 0.0009 seconds. Added 0 classes and 0 folders.
[2020.07.16-15.13.03:128][  0]LogContentBrowser: Native class hierarchy updated for 'SceneOutliner' in 0.0008 seconds. Added 2 classes and 0 folders.
[2020.07.16-15.13.03:182][  0]LogSlate: Updating window title bar state: overlay mode, drag disabled, window buttons hidden, title bar hidden
[2020.07.16-15.13.03:201][  0]LogSlate: Updating window title bar state: overlay mode, drag disabled, window buttons hidden, title bar hidden
[2020.07.16-15.13.03:220][  0]LogSlate: Updating window title bar state: overlay mode, drag disabled, window buttons hidden, title bar hidden
[2020.07.16-15.13.03:238][  0]LogSlate: Updating window title bar state: overlay mode, drag disabled, window buttons hidden, title bar hidden
[2020.07.16-15.13.03:294][  0]LogSlate: Took 0.000372 seconds to synchronously load lazily loaded font '../../../Engine/Content/Slate/Fonts/Roboto-Regular.ttf' (155K)
[2020.07.16-15.13.03:300][  0]LogSlate: Took 0.000464 seconds to synchronously load lazily loaded font '../../../Engine/Content/Editor/Slate/Fonts/FontAwesome.ttf' (139K)
[2020.07.16-15.13.03:301][  0]LogSlate: Took 0.001017 seconds to synchronously load lazily loaded font '../../../Engine/Content/Slate/Fonts/Roboto-Bold.ttf' (160K)
[2020.07.16-15.13.03:333][  0]LogSlate: Took 0.001223 seconds to synchronously load lazily loaded font '../../../Engine/Content/Slate/Fonts/DroidSansMono.ttf' (77K)
[2020.07.16-15.13.03:864][  0]LogRenderer: Reallocating scene render targets to support 1128x612 Format 9 NumSamples 1 (Frame:1).
[2020.07.16-15.13.04:173][  0]LogContentBrowser: Native class hierarchy updated for 'HierarchicalLODOutliner' in 0.0015 seconds. Added 0 classes and 0 folders.
[2020.07.16-15.13.04:174][  0]LogLoad: (Engine Initialization) Total time: 23.17 seconds
[2020.07.16-15.13.04:175][  0]LogLoad: (Engine Initialization) Total Blueprint compile time: 0.00 seconds
[2020.07.16-15.13.04:616][  0]LogContentStreaming: Texture pool size now 800 MB
[2020.07.16-15.13.05:185][  4]LogAssetRegistry: Asset discovery search completed in 11.0872 seconds
[2020.07.16-15.13.05:218][  4]LogCollectionManager: Fixed up redirectors for 0 collections in 0.000009 seconds (updated 0 objects)
[2020.07.16-15.13.20:245][147]LogSlate: Took 0.000911 seconds to synchronously load lazily loaded font '../../../Engine/Content/Slate/Fonts/Roboto-Light.ttf' (167K)
[2020.07.16-15.13.20:284][147]LogAssetEditorSubsystem: Opening Asset editor for Blueprint /Game/Blueprints/BP_Baller.BP_Baller
[2020.07.16-15.13.21:336][147]LogContentBrowser: Native class hierarchy updated for 'BlueprintGraph' in 0.0012 seconds. Added 125 classes and 0 folders.
[2020.07.16-15.13.25:966][182]LogWorld: UWorld::CleanupWorld for World_1, bSessionEnded=true, bCleanupResources=true
[2020.07.16-15.13.25:967][182]LogSlate: InvalidateAllWidgets triggered.  All widgets were invalidated
[2020.07.16-15.13.26:310][182]LogAssetEditorSubsystem: Opening Asset editor for Blueprint /Game/Blueprints/BP_Baller.BP_Baller
[2020.07.16-15.13.27:831][182]LogSlate: Took 0.000412 seconds to synchronously load lazily loaded font '../../../Engine/Content/Slate/Fonts/Roboto-BoldCondensed.ttf' (158K)
[2020.07.16-15.13.45:296][397]LogSlate: WidgetSwitcher ('None') active index changed to -1
[2020.07.16-15.13.45:296][397]LogSlate: WidgetSwitcher ('None') active index changed to 1
[2020.07.16-15.14.01:453][539]LogAssetEditorSubsystem: Opening Asset editor for Blueprint /Game/Blueprints/BP_Rifle.BP_Rifle
[2020.07.16-15.14.02:744][539]LogSlate: Window 'Add Blueprint Class' being destroyed
[2020.07.16-15.14.08:277][607]LogSlate: Took 0.001429 seconds to synchronously load lazily loaded font '../../../Engine/Content/Slate/Fonts/Roboto-Italic.ttf' (157K)
[2020.07.16-15.14.32:600][934]BlueprintLog: New page: Compile BP_Rifle
[2020.07.16-15.14.32:895][934]LogUObjectHash: Compacting FUObjectHashTables data took   7.99ms
[2020.07.16-15.14.33:837][942]Cmd: OBJ SAVEPACKAGE PACKAGE="/Game/Blueprints/BP_Rifle" FILE="../../../../../../Users/Angelica .DESKTOP-RM5JOAJ/Documents/PaintShooter/PAINT/Content/Blueprints/BP_Rifle.uasset" SILENT=true
[2020.07.16-15.14.33:902][942]LogSavePackage: Moving '../../../../../../Users/Angelica .DESKTOP-RM5JOAJ/Documents/PaintShooter/PAINT/Saved/BP_Rifle3A98626244D6F415C8EDE4A8FDE0ECD1.tmp' to '../../../../../../Users/Angelica .DESKTOP-RM5JOAJ/Documents/PaintShooter/PAINT/Content/Blueprints/BP_Rifle.uasset'
[2020.07.16-15.14.33:965][942]AssetCheck: New page: Asset Save: BP_Rifle
[2020.07.16-15.14.33:965][942]LogContentValidation: Display: Validating Blueprint /Game/Blueprints/BP_Rifle.BP_Rifle
[2020.07.16-15.14.46:446][ 88]LogUObjectHash: Compacting FUObjectHashTables data took  14.60ms
[2020.07.16-15.14.48:018][ 99]LogAssetEditorSubsystem: Opening Asset editor for Blueprint /Game/Blueprints/BP_Shotgun.BP_Shotgun
[2020.07.16-15.14.51:367][133]LogWorld: UWorld::CleanupWorld for World_8, bSessionEnded=true, bCleanupResources=true
[2020.07.16-15.14.51:367][133]LogSlate: InvalidateAllWidgets triggered.  All widgets were invalidated
[2020.07.16-15.14.51:550][133]LogAssetEditorSubsystem: Opening Asset editor for Blueprint /Game/Blueprints/BP_Shotgun.BP_Shotgun
[2020.07.16-15.15.04:599][298]BlueprintLog: New page: Compile BP_Shotgun
[2020.07.16-15.15.04:910][298]LogUObjectHash: Compacting FUObjectHashTables data took   7.51ms
[2020.07.16-15.15.05:689][307]Cmd: OBJ SAVEPACKAGE PACKAGE="/Game/Blueprints/BP_Shotgun" FILE="../../../../../../Users/Angelica .DESKTOP-RM5JOAJ/Documents/PaintShooter/PAINT/Content/Blueprints/BP_Shotgun.uasset" SILENT=true
[2020.07.16-15.15.05:750][307]LogSavePackage: Moving '../../../../../../Users/Angelica .DESKTOP-RM5JOAJ/Documents/PaintShooter/PAINT/Saved/BP_ShotgunCD75E58441526B82D320079675249431.tmp' to '../../../../../../Users/Angelica .DESKTOP-RM5JOAJ/Documents/PaintShooter/PAINT/Content/Blueprints/BP_Shotgun.uasset'
[2020.07.16-15.15.05:805][307]AssetCheck: New page: Asset Save: BP_Shotgun
[2020.07.16-15.15.05:805][307]LogContentValidation: Display: Validating Blueprint /Game/Blueprints/BP_Shotgun.BP_Shotgun
[2020.07.16-15.15.09:199][355]LogSlate: Prevented a slow task dialog from being summoned while a context menu was open
[2020.07.16-15.15.12:214][403]BlueprintLog: New page: Compile BP_Baller
[2020.07.16-15.15.12:479][403]LogUObjectHash: Compacting FUObjectHashTables data took   7.43ms
[2020.07.16-15.15.13:330][414]Cmd: OBJ SAVEPACKAGE PACKAGE="/Game/Blueprints/BP_Baller" FILE="../../../../../../Users/Angelica .DESKTOP-RM5JOAJ/Documents/PaintShooter/PAINT/Content/Blueprints/BP_Baller.uasset" SILENT=true
[2020.07.16-15.15.13:480][414]LogSavePackage: Moving '../../../../../../Users/Angelica .DESKTOP-RM5JOAJ/Documents/PaintShooter/PAINT/Saved/BP_BallerDD137B0D4B573500BE894F8192981911.tmp' to '../../../../../../Users/Angelica .DESKTOP-RM5JOAJ/Documents/PaintShooter/PAINT/Content/Blueprints/BP_Baller.uasset'
[2020.07.16-15.15.13:519][414]AssetCheck: New page: Asset Save: BP_Baller
[2020.07.16-15.15.13:519][414]LogContentValidation: Display: Validating Blueprint /Game/Blueprints/BP_Baller.BP_Baller
[2020.07.16-15.15.16:508][447]Cmd: OBJ SAVEPACKAGE PACKAGE="/Game/Tester" FILE="../../../../../../Users/Angelica .DESKTOP-RM5JOAJ/Documents/PaintShooter/PAINT/Content/Tester.umap" SILENT=true AUTOSAVING=false KEEPDIRTY=false
[2020.07.16-15.15.16:609][447]LogUObjectHash: Compacting FUObjectHashTables data took   6.90ms
[2020.07.16-15.15.16:755][447]LogSavePackage: Moving '../../../../../../Users/Angelica .DESKTOP-RM5JOAJ/Documents/PaintShooter/PAINT/Saved/Tester7F8ED3DD4DF7DAA816B440838BB3FCA6.tmp' to '../../../../../../Users/Angelica .DESKTOP-RM5JOAJ/Documents/PaintShooter/PAINT/Content/Tester.umap'
[2020.07.16-15.15.16:898][447]Cmd: OBJ SAVEPACKAGE PACKAGE="/Game/Tester_BuiltData" FILE="../../../../../../Users/Angelica .DESKTOP-RM5JOAJ/Documents/PaintShooter/PAINT/Content/Tester_BuiltData.uasset" SILENT=true
[2020.07.16-15.15.16:999][447]LogSavePackage: Moving '../../../../../../Users/Angelica .DESKTOP-RM5JOAJ/Documents/PaintShooter/PAINT/Saved/Tester_BuiltDataB5B5707A4AB405A1301F20883B9117CD.tmp' to '../../../../../../Users/Angelica .DESKTOP-RM5JOAJ/Documents/PaintShooter/PAINT/Content/Tester_BuiltData.uasset'
[2020.07.16-15.15.17:035][447]AssetCheck: New page: Asset Save: multiple assets
[2020.07.16-15.15.17:035][447]LogContentValidation: Display: Validating World /Game/Tester.Tester
[2020.07.16-15.15.17:035][447]LogContentValidation: Display: Validating MapBuildDataRegistry /Game/Tester_BuiltData.Tester_BuiltData
[2020.07.16-15.15.18:550][466]LogTemp: Repeating last play command: Selected Viewport
[2020.07.16-15.15.18:745][466]LogPlayLevel: PlayLevel: No blueprints needed recompiling
[2020.07.16-15.15.18:747][466]PIE: New page: PIE session: Tester (Jul 16, 2020, 7:15:18 AM)
[2020.07.16-15.15.18:751][466]LogOnline: OSS: Creating online subsystem instance for: NULL
[2020.07.16-15.15.18:757][466]LogOnline: OSS: TryLoadSubsystemAndSetDefault: Loaded subsystem for module [NULL]
[2020.07.16-15.15.18:757][466]LogPlayLevel: Creating play world package: /Game/UEDPIE_0_Tester
[2020.07.16-15.15.18:777][466]LogPlayLevel: PIE: StaticDuplicateObject took: (0.019291s)
[2020.07.16-15.15.18:784][466]LogAIModule: Creating AISystem for world Tester
[2020.07.16-15.15.18:785][466]LogAISub: UAISubsystem::UAISubsystem EnvQueryManager (000002503996F400), frame # 1466
[2020.07.16-15.15.18:785][466]LogAISub: UAISubsystem::UAISubsystem AIPerceptionSystem (0000025009F64F40), frame # 1466
[2020.07.16-15.15.18:787][466]LogPlayLevel: PIE: World Init took: (0.010235s)
[2020.07.16-15.15.18:788][466]LogPlayLevel: PIE: Created PIE world by copying editor world from /Game/Tester.Tester to /Game/UEDPIE_0_Tester.Tester (0.030761s)
[2020.07.16-15.15.18:880][466]LogUObjectHash: Compacting FUObjectHashTables data took   8.39ms
[2020.07.16-15.15.18:882][466]LogAudioMixer: Display: Audio Mixer Platform Settings:
[2020.07.16-15.15.18:882][466]LogAudioMixer: Display: 	Sample Rate:						  48000
[2020.07.16-15.15.18:882][466]LogAudioMixer: Display: 	Callback Buffer Frame Size Requested: 1024
[2020.07.16-15.15.18:882][466]LogAudioMixer: Display: 	Callback Buffer Frame Size To Use:	  1024
[2020.07.16-15.15.18:882][466]LogAudioMixer: Display: 	Number of buffers to queue:			  2
[2020.07.16-15.15.18:882][466]LogAudioMixer: Display: 	Max Channels (voices):				  32
[2020.07.16-15.15.18:882][466]LogAudioMixer: Display: 	Number of Async Source Workers:		  0
[2020.07.16-15.15.18:882][466]LogAudio: Display: AudioDevice MaxSources: 32
[2020.07.16-15.15.18:883][466]LogAudio: Display: Using built-in audio occlusion.
[2020.07.16-15.15.18:883][466]LogAudioMixer: Display: Initializing audio mixer.
[2020.07.16-15.15.18:903][466]LogAudioMixer: Display: 0: FrontLeft
[2020.07.16-15.15.18:903][466]LogAudioMixer: Display: 1: FrontRight
[2020.07.16-15.15.19:009][466]LogAudioMixer: Display: Using Audio Device Speaker/Headphone (Realtek High Definition Audio(SST))
[2020.07.16-15.15.19:009][466]LogAudioMixer: Display: Initializing Sound Submixes...
[2020.07.16-15.15.19:009][466]LogAudioMixer: Display: Creating Master Submix 'MasterSubmixDefault'
[2020.07.16-15.15.19:009][466]LogAudioMixer: Display: Creating Master Submix 'MasterReverbSubmixDefault'
[2020.07.16-15.15.19:010][466]LogAudioMixer: Display: Creating Master Submix 'MasterEQSubmixDefault'
[2020.07.16-15.15.19:064][466]LogInit: FAudioDevice initialized.
[2020.07.16-15.15.19:118][466]LogLoad: Game class is 'BP_PAINTGameModeBase_C'
[2020.07.16-15.15.19:122][466]LogWorld: Bringing World /Game/UEDPIE_0_Tester.Tester up for play (max tick rate 60) at 2020.07.16-11.15.19
[2020.07.16-15.15.19:122][466]LogWorld: Bringing up level for play took: 0.001539
[2020.07.16-15.15.19:123][466]LogOnline: OSS: Creating online subsystem instance for: :Context_11
[2020.07.16-15.15.19:137][466]LogContentBrowser: Native class hierarchy updated for 'MovieSceneCapture' in 0.0022 seconds. Added 20 classes and 0 folders.
[2020.07.16-15.15.19:142][466]PIE: Server logged in
[2020.07.16-15.15.19:147][466]PIE: Play in editor total start time 0.418 seconds.
[2020.07.16-15.15.41:908][717]LogAudioMixer: Warning: Changing default audio render device to new device: {0.0.0.00000000}.{d9b6c63e-7c5d-43f3-a0ce-b751c126700b}.
[2020.07.16-15.15.41:908][717]LogAudioMixer: Warning: Changing default audio render device to new device: {0.0.0.00000000}.{d9b6c63e-7c5d-43f3-a0ce-b751c126700b}.
[2020.07.16-15.15.42:018][717]LogTemp: Resetting audio stream to device id 
[2020.07.16-15.15.43:171][717]LogAudioMixer: Display: 0: FrontLeft
[2020.07.16-15.15.43:171][717]LogAudioMixer: Display: 1: FrontRight
[2020.07.16-15.15.43:247][717]LogTemp: Resetting audio stream to device id 
[2020.07.16-15.15.43:335][717]LogAudioMixer: Display: 0: FrontLeft
[2020.07.16-15.15.43:335][717]LogAudioMixer: Display: 1: FrontRight
[2020.07.16-15.15.43:407][718]LogTemp: Resetting audio stream to device id 
[2020.07.16-15.15.43:508][718]LogAudioMixer: Display: 0: FrontLeft
[2020.07.16-15.15.43:508][718]LogAudioMixer: Display: 1: FrontRight
[2020.07.16-15.15.44:332][731]LogAudioMixer: Warning: Changing default audio render device to new device: {0.0.0.00000000}.{d9b6c63e-7c5d-43f3-a0ce-b751c126700b}.
[2020.07.16-15.15.44:332][731]LogAudioMixer: Warning: Changing default audio render device to new device: {0.0.0.00000000}.{d9b6c63e-7c5d-43f3-a0ce-b751c126700b}.
[2020.07.16-15.15.44:367][731]LogTemp: Resetting audio stream to device id 
[2020.07.16-15.15.44:550][731]LogAudioMixer: Display: 0: FrontLeft
[2020.07.16-15.15.44:550][731]LogAudioMixer: Display: 1: FrontRight
[2020.07.16-15.15.44:728][731]LogTemp: Resetting audio stream to device id 
[2020.07.16-15.15.44:907][731]LogAudioMixer: Display: 0: FrontLeft
[2020.07.16-15.15.44:907][731]LogAudioMixer: Display: 1: FrontRight
[2020.07.16-15.16.14:310][ 62]LogEditorViewport: Clicking on Actor (LMB): BP_Rifle_C (BP_Rifle)
[2020.07.16-15.17.11:812][600]LogEditorViewport: Clicking on Actor (LMB): StaticMeshActor (Floor)
[2020.07.16-15.17.13:926][614]LogEditorViewport: Clicking on Actor (LMB): BP_Rifle_C (BP_Rifle)
[2020.07.16-15.18.54:315][527]LogEditorViewport: Clicking on Actor (LMB): BP_Rifle_C (BP_Rifle)
[2020.07.16-15.19.02:140][596]LogEditorViewport: Clicking on Actor (context menu): BP_Sky_Sphere_C (Sky Sphere)
[2020.07.16-15.19.03:416][604]LogEditorViewport: Clicking on Actor (context menu): BP_Sky_Sphere_C (Sky Sphere)
[2020.07.16-15.19.05:032][622]LogEditorViewport: Clicking on Actor (LMB): BP_Rifle_C (BP_Rifle)
[2020.07.16-15.19.36:176][907]Cmd: OBJ SAVEPACKAGE PACKAGE="/Game/Tester" FILE="../../../../../../Users/Angelica .DESKTOP-RM5JOAJ/Documents/PaintShooter/PAINT/Content/Tester.umap" SILENT=true AUTOSAVING=false KEEPDIRTY=false
[2020.07.16-15.19.36:442][907]LogUObjectHash: Compacting FUObjectHashTables data took  23.22ms
[2020.07.16-15.19.36:597][907]LogSavePackage: Moving '../../../../../../Users/Angelica .DESKTOP-RM5JOAJ/Documents/PaintShooter/PAINT/Saved/Tester004B7FB846976D04A6A2C6B869434467.tmp' to '../../../../../../Users/Angelica .DESKTOP-RM5JOAJ/Documents/PaintShooter/PAINT/Content/Tester.umap'
[2020.07.16-15.19.36:777][907]Cmd: OBJ SAVEPACKAGE PACKAGE="/Game/Tester_BuiltData" FILE="../../../../../../Users/Angelica .DESKTOP-RM5JOAJ/Documents/PaintShooter/PAINT/Content/Tester_BuiltData.uasset" SILENT=true
[2020.07.16-15.19.36:881][907]LogSavePackage: Moving '../../../../../../Users/Angelica .DESKTOP-RM5JOAJ/Documents/PaintShooter/PAINT/Saved/Tester_BuiltData9A12BB4E4A6AADA3F392F3BF57906A65.tmp' to '../../../../../../Users/Angelica .DESKTOP-RM5JOAJ/Documents/PaintShooter/PAINT/Content/Tester_BuiltData.uasset'
[2020.07.16-15.19.36:915][907]AssetCheck: New page: Asset Save: multiple assets
[2020.07.16-15.19.36:915][907]LogContentValidation: Display: Validating World /Game/Tester.Tester
[2020.07.16-15.19.36:915][907]LogContentValidation: Display: Validating MapBuildDataRegistry /Game/Tester_BuiltData.Tester_BuiltData
[2020.07.16-15.20.35:491][489]LogSlate: Updating window title bar state: overlay mode, drag disabled, window buttons hidden, title bar hidden
[2020.07.16-15.20.35:492][489]LogWorld: BeginTearingDown for /Game/UEDPIE_0_Tester
[2020.07.16-15.20.35:493][489]LogWorld: UWorld::CleanupWorld for Tester, bSessionEnded=true, bCleanupResources=true
[2020.07.16-15.20.35:493][489]LogSlate: InvalidateAllWidgets triggered.  All widgets were invalidated
[2020.07.16-15.20.35:685][489]LogPlayLevel: Display: Shutting down PIE online subsystems
[2020.07.16-15.20.35:700][489]LogSlate: InvalidateAllWidgets triggered.  All widgets were invalidated
[2020.07.16-15.20.35:874][489]LogSlate: Updating window title bar state: overlay mode, drag disabled, window buttons hidden, title bar hidden
[2020.07.16-15.20.35:879][489]LogAISub: UAISubsystem::~UAISubsystem AIPerceptionSystem (0000025009F64F40), frame # 4489
[2020.07.16-15.20.35:879][489]LogAISub: UAISubsystem::~UAISubsystem EnvQueryManager (000002503996F400), frame # 4489
[2020.07.16-15.20.35:891][489]LogUObjectHash: Compacting FUObjectHashTables data took  11.17ms
[2020.07.16-15.20.36:042][490]LogPlayLevel: Display: Destroying online subsystem :Context_11
[2020.07.16-15.21.53:480][246]BlueprintLog: New page: Compile BP_Rifle
[2020.07.16-15.21.53:798][246]LogUObjectHash: Compacting FUObjectHashTables data took  10.07ms
[2020.07.16-15.21.55:350][264]Cmd: OBJ SAVEPACKAGE PACKAGE="/Game/Blueprints/BP_Rifle" FILE="../../../../../../Users/Angelica .DESKTOP-RM5JOAJ/Documents/PaintShooter/PAINT/Content/Blueprints/BP_Rifle.uasset" SILENT=true
[2020.07.16-15.21.55:577][264]LogSavePackage: Moving '../../../../../../Users/Angelica .DESKTOP-RM5JOAJ/Documents/PaintShooter/PAINT/Saved/BP_Rifle2ACE811F43D8D67F920D4AA57DF34C4A.tmp' to '../../../../../../Users/Angelica .DESKTOP-RM5JOAJ/Documents/PaintShooter/PAINT/Content/Blueprints/BP_Rifle.uasset'
[2020.07.16-15.21.55:621][264]AssetCheck: New page: Asset Save: BP_Rifle
[2020.07.16-15.21.55:621][264]LogContentValidation: Display: Validating Blueprint /Game/Blueprints/BP_Rifle.BP_Rifle
[2020.07.16-15.22.03:702][344]LogTemp: Repeating last play command: Selected Viewport
[2020.07.16-15.22.03:875][344]LogPlayLevel: PlayLevel: No blueprints needed recompiling
[2020.07.16-15.22.03:875][344]PIE: New page: PIE session: Tester (Jul 16, 2020, 7:22:03 AM)
[2020.07.16-15.22.03:875][344]LogPlayLevel: Creating play world package: /Game/UEDPIE_0_Tester
[2020.07.16-15.22.03:891][344]LogPlayLevel: PIE: StaticDuplicateObject took: (0.015582s)
[2020.07.16-15.22.03:895][344]LogAIModule: Creating AISystem for world Tester
[2020.07.16-15.22.03:912][344]LogAISub: UAISubsystem::UAISubsystem EnvQueryManager (00000250458EE800), frame # 5344
[2020.07.16-15.22.03:912][344]LogAISub: UAISubsystem::UAISubsystem AIPerceptionSystem (0000024FAB5B6980), frame # 5344
[2020.07.16-15.22.03:913][344]LogPlayLevel: PIE: World Init took: (0.022168s)
[2020.07.16-15.22.03:913][344]LogPlayLevel: PIE: Created PIE world by copying editor world from /Game/Tester.Tester to /Game/UEDPIE_0_Tester.Tester (0.038436s)
[2020.07.16-15.22.04:055][344]LogUObjectHash: Compacting FUObjectHashTables data took  14.55ms
[2020.07.16-15.22.04:058][344]LogAudioMixer: Display: Audio Mixer Platform Settings:
[2020.07.16-15.22.04:058][344]LogAudioMixer: Display: 	Sample Rate:						  48000
[2020.07.16-15.22.04:058][344]LogAudioMixer: Display: 	Callback Buffer Frame Size Requested: 1024
[2020.07.16-15.22.04:058][344]LogAudioMixer: Display: 	Callback Buffer Frame Size To Use:	  1024
[2020.07.16-15.22.04:058][344]LogAudioMixer: Display: 	Number of buffers to queue:			  2
[2020.07.16-15.22.04:059][344]LogAudioMixer: Display: 	Max Channels (voices):				  32
[2020.07.16-15.22.04:059][344]LogAudioMixer: Display: 	Number of Async Source Workers:		  0
[2020.07.16-15.22.04:059][344]LogAudio: Display: AudioDevice MaxSources: 32
[2020.07.16-15.22.04:061][344]LogAudio: Display: Using built-in audio occlusion.
[2020.07.16-15.22.04:061][344]LogAudioMixer: Display: Initializing audio mixer.
[2020.07.16-15.22.04:097][344]LogAudioMixer: Display: 0: FrontLeft
[2020.07.16-15.22.04:097][344]LogAudioMixer: Display: 1: FrontRight
[2020.07.16-15.22.04:192][344]LogAudioMixer: Display: Using Audio Device Headset Earphone (3- Wireless Controller)
[2020.07.16-15.22.04:192][344]LogAudioMixer: Display: Initializing Sound Submixes...
[2020.07.16-15.22.04:193][344]LogAudioMixer: Display: Creating Master Submix 'MasterSubmixDefault'
[2020.07.16-15.22.04:193][344]LogAudioMixer: Display: Creating Master Submix 'MasterReverbSubmixDefault'
[2020.07.16-15.22.04:194][344]LogAudioMixer: Display: Creating Master Submix 'MasterEQSubmixDefault'
[2020.07.16-15.22.04:246][344]LogInit: FAudioDevice initialized.
[2020.07.16-15.22.04:272][344]LogLoad: Game class is 'BP_PAINTGameModeBase_C'
[2020.07.16-15.22.04:274][344]LogWorld: Bringing World /Game/UEDPIE_0_Tester.Tester up for play (max tick rate 60) at 2020.07.16-11.22.04
[2020.07.16-15.22.04:275][344]LogWorld: Bringing up level for play took: 0.001799
[2020.07.16-15.22.04:276][344]LogOnline: OSS: Creating online subsystem instance for: :Context_13
[2020.07.16-15.22.04:284][344]PIE: Server logged in
[2020.07.16-15.22.04:287][344]PIE: Play in editor total start time 0.427 seconds.
[2020.07.16-15.22.21:490][532]LogSlate: Updating window title bar state: overlay mode, drag disabled, window buttons hidden, title bar hidden
[2020.07.16-15.22.21:490][532]LogWorld: BeginTearingDown for /Game/UEDPIE_0_Tester
[2020.07.16-15.22.21:492][532]LogWorld: UWorld::CleanupWorld for Tester, bSessionEnded=true, bCleanupResources=true
[2020.07.16-15.22.21:492][532]LogSlate: InvalidateAllWidgets triggered.  All widgets were invalidated
[2020.07.16-15.22.21:682][532]LogPlayLevel: Display: Shutting down PIE online subsystems
[2020.07.16-15.22.21:697][532]LogSlate: InvalidateAllWidgets triggered.  All widgets were invalidated
[2020.07.16-15.22.21:872][532]LogSlate: Updating window title bar state: overlay mode, drag disabled, window buttons hidden, title bar hidden
[2020.07.16-15.22.21:874][532]LogAISub: UAISubsystem::~UAISubsystem AIPerceptionSystem (0000024FAB5B6980), frame # 5532
[2020.07.16-15.22.21:874][532]LogAISub: UAISubsystem::~UAISubsystem EnvQueryManager (00000250458EE800), frame # 5532
[2020.07.16-15.22.21:883][532]LogUObjectHash: Compacting FUObjectHashTables data took   9.74ms
[2020.07.16-15.22.21:986][533]LogPlayLevel: Display: Destroying online subsystem :Context_13
[2020.07.16-15.22.23:965][560]LogSlate: Prevented a slow task dialog from being summoned while a context menu was open
[2020.07.16-15.22.26:663][604]BlueprintLog: New page: Compile BP_Baller
[2020.07.16-15.22.26:982][604]LogUObjectHash: Compacting FUObjectHashTables data took  10.52ms
[2020.07.16-15.22.27:628][611]Cmd: OBJ SAVEPACKAGE PACKAGE="/Game/Blueprints/BP_Baller" FILE="../../../../../../Users/Angelica .DESKTOP-RM5JOAJ/Documents/PaintShooter/PAINT/Content/Blueprints/BP_Baller.uasset" SILENT=true
[2020.07.16-15.22.27:783][611]LogSavePackage: Moving '../../../../../../Users/Angelica .DESKTOP-RM5JOAJ/Documents/PaintShooter/PAINT/Saved/BP_Baller74ACF2C240874E326773BC96970AB7E4.tmp' to '../../../../../../Users/Angelica .DESKTOP-RM5JOAJ/Documents/PaintShooter/PAINT/Content/Blueprints/BP_Baller.uasset'
[2020.07.16-15.22.27:826][611]AssetCheck: New page: Asset Save: BP_Baller
[2020.07.16-15.22.27:826][611]LogContentValidation: Display: Validating Blueprint /Game/Blueprints/BP_Baller.BP_Baller
[2020.07.16-15.22.59:448][956]LogTemp: Repeating last play command: Selected Viewport
[2020.07.16-15.22.59:590][956]LogPlayLevel: PlayLevel: No blueprints needed recompiling
[2020.07.16-15.22.59:590][956]PIE: New page: PIE session: Tester (Jul 16, 2020, 7:22:59 AM)
[2020.07.16-15.22.59:591][956]LogPlayLevel: Creating play world package: /Game/UEDPIE_0_Tester
[2020.07.16-15.22.59:609][956]LogPlayLevel: PIE: StaticDuplicateObject took: (0.018346s)
[2020.07.16-15.22.59:616][956]LogAIModule: Creating AISystem for world Tester
[2020.07.16-15.22.59:616][956]LogAISub: UAISubsystem::UAISubsystem EnvQueryManager (0000025009E96600), frame # 5956
[2020.07.16-15.22.59:617][956]LogAISub: UAISubsystem::UAISubsystem AIPerceptionSystem (000002500AC1C400), frame # 5956
[2020.07.16-15.22.59:620][956]LogPlayLevel: PIE: World Init took: (0.009924s)
[2020.07.16-15.22.59:621][956]LogPlayLevel: PIE: Created PIE world by copying editor world from /Game/Tester.Tester to /Game/UEDPIE_0_Tester.Tester (0.030057s)
[2020.07.16-15.22.59:740][956]LogUObjectHash: Compacting FUObjectHashTables data took  11.75ms
[2020.07.16-15.22.59:743][956]LogAudioMixer: Display: Audio Mixer Platform Settings:
[2020.07.16-15.22.59:743][956]LogAudioMixer: Display: 	Sample Rate:						  48000
[2020.07.16-15.22.59:743][956]LogAudioMixer: Display: 	Callback Buffer Frame Size Requested: 1024
[2020.07.16-15.22.59:743][956]LogAudioMixer: Display: 	Callback Buffer Frame Size To Use:	  1024
[2020.07.16-15.22.59:743][956]LogAudioMixer: Display: 	Number of buffers to queue:			  2
[2020.07.16-15.22.59:743][956]LogAudioMixer: Display: 	Max Channels (voices):				  32
[2020.07.16-15.22.59:743][956]LogAudioMixer: Display: 	Number of Async Source Workers:		  0
[2020.07.16-15.22.59:744][956]LogAudio: Display: AudioDevice MaxSources: 32
[2020.07.16-15.22.59:745][956]LogAudio: Display: Using built-in audio occlusion.
[2020.07.16-15.22.59:745][956]LogAudioMixer: Display: Initializing audio mixer.
[2020.07.16-15.22.59:769][956]LogAudioMixer: Display: 0: FrontLeft
[2020.07.16-15.22.59:769][956]LogAudioMixer: Display: 1: FrontRight
[2020.07.16-15.22.59:851][956]LogAudioMixer: Display: Using Audio Device Headset Earphone (3- Wireless Controller)
[2020.07.16-15.22.59:851][956]LogAudioMixer: Display: Initializing Sound Submixes...
[2020.07.16-15.22.59:851][956]LogAudioMixer: Display: Creating Master Submix 'MasterSubmixDefault'
[2020.07.16-15.22.59:852][956]LogAudioMixer: Display: Creating Master Submix 'MasterReverbSubmixDefault'
[2020.07.16-15.22.59:853][956]LogAudioMixer: Display: Creating Master Submix 'MasterEQSubmixDefault'
[2020.07.16-15.22.59:900][956]LogInit: FAudioDevice initialized.
[2020.07.16-15.22.59:921][956]LogLoad: Game class is 'BP_PAINTGameModeBase_C'
[2020.07.16-15.22.59:923][956]LogWorld: Bringing World /Game/UEDPIE_0_Tester.Tester up for play (max tick rate 60) at 2020.07.16-11.22.59
[2020.07.16-15.22.59:924][956]LogWorld: Bringing up level for play took: 0.001605
[2020.07.16-15.22.59:924][956]LogOnline: OSS: Creating online subsystem instance for: :Context_14
[2020.07.16-15.22.59:932][956]PIE: Server logged in
[2020.07.16-15.22.59:936][956]PIE: Play in editor total start time 0.36 seconds.
[2020.07.16-15.23.18:860][160]LogEditorViewport: Clicking on Actor (LMB): BP_Shotgun_C (BP_Shotgun)
[2020.07.16-15.24.57:368][ 73]LogTemp: Resetting audio stream to device id 
[2020.07.16-15.24.58:047][ 73]LogAudioMixer: Display: 0: FrontLeft
[2020.07.16-15.24.58:047][ 73]LogAudioMixer: Display: 1: FrontRight
[2020.07.16-15.24.58:120][ 73]LogTemp: Resetting audio stream to device id 
[2020.07.16-15.24.58:200][ 73]LogAudioMixer: Display: 0: FrontLeft
[2020.07.16-15.24.58:201][ 73]LogAudioMixer: Display: 1: FrontRight
[2020.07.16-15.24.59:150][ 87]LogTemp: Resetting audio stream to device id 
[2020.07.16-15.24.59:407][ 87]LogAudioMixer: Display: 0: FrontLeft
[2020.07.16-15.24.59:408][ 87]LogAudioMixer: Display: 1: FrontRight
[2020.07.16-15.24.59:736][ 87]LogTemp: Resetting audio stream to device id 
[2020.07.16-15.24.59:871][ 87]LogAudioMixer: Display: 0: FrontLeft
[2020.07.16-15.24.59:871][ 87]LogAudioMixer: Display: 1: FrontRight
[2020.07.16-15.25.00:762][ 98]LogTemp: Resetting audio stream to device id 
[2020.07.16-15.25.00:908][ 98]LogAudioMixer: Display: 0: FrontLeft
[2020.07.16-15.25.00:908][ 98]LogAudioMixer: Display: 1: FrontRight
[2020.07.16-15.25.01:279][ 98]LogTemp: Resetting audio stream to device id 
[2020.07.16-15.25.01:387][ 98]LogAudioMixer: Display: 0: FrontLeft
[2020.07.16-15.25.01:387][ 98]LogAudioMixer: Display: 1: FrontRight
[2020.07.16-15.25.02:100][ 99]LogAudioMixer: Warning: Changing default audio render device to new device: {0.0.0.00000000}.{93415205-caeb-413f-8817-26f9ab93f700}.
[2020.07.16-15.25.02:109][ 99]LogTemp: Resetting audio stream to device id 
[2020.07.16-15.25.02:252][ 99]LogAudioMixer: Display: 0: FrontLeft
[2020.07.16-15.25.02:252][ 99]LogAudioMixer: Display: 1: FrontRight
[2020.07.16-15.25.02:480][ 99]LogTemp: Resetting audio stream to device id 
[2020.07.16-15.25.02:546][ 99]LogAudioMixer: Display: 0: FrontLeft
[2020.07.16-15.25.02:546][ 99]LogAudioMixer: Display: 1: FrontRight
[2020.07.16-15.25.15:056][253]LogSlate: Updating window title bar state: overlay mode, drag disabled, window buttons hidden, title bar hidden
[2020.07.16-15.25.15:057][253]LogWorld: BeginTearingDown for /Game/UEDPIE_0_Tester
[2020.07.16-15.25.15:059][253]LogWorld: UWorld::CleanupWorld for Tester, bSessionEnded=true, bCleanupResources=true
[2020.07.16-15.25.15:062][253]LogSlate: InvalidateAllWidgets triggered.  All widgets were invalidated
[2020.07.16-15.25.15:268][253]LogPlayLevel: Display: Shutting down PIE online subsystems
[2020.07.16-15.25.15:285][253]LogSlate: InvalidateAllWidgets triggered.  All widgets were invalidated
[2020.07.16-15.25.15:489][253]LogSlate: Updating window title bar state: overlay mode, drag disabled, window buttons hidden, title bar hidden
[2020.07.16-15.25.15:491][253]LogAISub: UAISubsystem::~UAISubsystem AIPerceptionSystem (000002500AC1C400), frame # 7253
[2020.07.16-15.25.15:491][253]LogAISub: UAISubsystem::~UAISubsystem EnvQueryManager (0000025009E96600), frame # 7253
[2020.07.16-15.25.15:505][253]LogUObjectHash: Compacting FUObjectHashTables data took  13.09ms
[2020.07.16-15.25.15:646][254]LogPlayLevel: Display: Destroying online subsystem :Context_14
[2020.07.16-15.26.03:022][711]BlueprintLog: New page: Compile BP_Shotgun
[2020.07.16-15.26.03:345][711]LogUObjectHash: Compacting FUObjectHashTables data took  11.35ms
[2020.07.16-15.26.04:341][723]Cmd: OBJ SAVEPACKAGE PACKAGE="/Game/Blueprints/BP_Shotgun" FILE="../../../../../../Users/Angelica .DESKTOP-RM5JOAJ/Documents/PaintShooter/PAINT/Content/Blueprints/BP_Shotgun.uasset" SILENT=true
[2020.07.16-15.26.04:491][723]LogSavePackage: Moving '../../../../../../Users/Angelica .DESKTOP-RM5JOAJ/Documents/PaintShooter/PAINT/Saved/BP_Shotgun7707213A4DCBF318F36F3C88FC38EA3E.tmp' to '../../../../../../Users/Angelica .DESKTOP-RM5JOAJ/Documents/PaintShooter/PAINT/Content/Blueprints/BP_Shotgun.uasset'
[2020.07.16-15.26.04:536][723]AssetCheck: New page: Asset Save: BP_Shotgun
[2020.07.16-15.26.04:536][723]LogContentValidation: Display: Validating Blueprint /Game/Blueprints/BP_Shotgun.BP_Shotgun
[2020.07.16-15.26.21:485][943]LogTemp: Repeating last play command: Selected Viewport
[2020.07.16-15.26.21:658][943]LogPlayLevel: PlayLevel: No blueprints needed recompiling
[2020.07.16-15.26.21:658][943]PIE: New page: PIE session: Tester (Jul 16, 2020, 7:26:21 AM)
[2020.07.16-15.26.21:659][943]LogPlayLevel: Creating play world package: /Game/UEDPIE_0_Tester
[2020.07.16-15.26.21:669][943]LogPlayLevel: PIE: StaticDuplicateObject took: (0.010191s)
[2020.07.16-15.26.21:674][943]LogAIModule: Creating AISystem for world Tester
[2020.07.16-15.26.21:674][943]LogAISub: UAISubsystem::UAISubsystem EnvQueryManager (0000025034011600), frame # 7943
[2020.07.16-15.26.21:674][943]LogAISub: UAISubsystem::UAISubsystem AIPerceptionSystem (00000250348FA340), frame # 7943
[2020.07.16-15.26.21:675][943]LogPlayLevel: PIE: World Init took: (0.005104s)
[2020.07.16-15.26.21:675][943]LogPlayLevel: PIE: Created PIE world by copying editor world from /Game/Tester.Tester to /Game/UEDPIE_0_Tester.Tester (0.016155s)
[2020.07.16-15.26.21:784][943]LogUObjectHash: Compacting FUObjectHashTables data took  10.46ms
[2020.07.16-15.26.21:786][943]LogAudioMixer: Display: Audio Mixer Platform Settings:
[2020.07.16-15.26.21:787][943]LogAudioMixer: Display: 	Sample Rate:						  48000
[2020.07.16-15.26.21:787][943]LogAudioMixer: Display: 	Callback Buffer Frame Size Requested: 1024
[2020.07.16-15.26.21:787][943]LogAudioMixer: Display: 	Callback Buffer Frame Size To Use:	  1024
[2020.07.16-15.26.21:787][943]LogAudioMixer: Display: 	Number of buffers to queue:			  2
[2020.07.16-15.26.21:787][943]LogAudioMixer: Display: 	Max Channels (voices):				  32
[2020.07.16-15.26.21:787][943]LogAudioMixer: Display: 	Number of Async Source Workers:		  0
[2020.07.16-15.26.21:787][943]LogAudio: Display: AudioDevice MaxSources: 32
[2020.07.16-15.26.21:788][943]LogAudio: Display: Using built-in audio occlusion.
[2020.07.16-15.26.21:788][943]LogAudioMixer: Display: Initializing audio mixer.
[2020.07.16-15.26.21:808][943]LogAudioMixer: Display: 0: FrontLeft
[2020.07.16-15.26.21:808][943]LogAudioMixer: Display: 1: FrontRight
[2020.07.16-15.26.21:880][943]LogAudioMixer: Display: Using Audio Device Headset Earphone (3- Wireless Controller)
[2020.07.16-15.26.21:881][943]LogAudioMixer: Display: Initializing Sound Submixes...
[2020.07.16-15.26.21:881][943]LogAudioMixer: Display: Creating Master Submix 'MasterSubmixDefault'
[2020.07.16-15.26.21:881][943]LogAudioMixer: Display: Creating Master Submix 'MasterReverbSubmixDefault'
[2020.07.16-15.26.21:882][943]LogAudioMixer: Display: Creating Master Submix 'MasterEQSubmixDefault'
[2020.07.16-15.26.21:928][943]LogInit: FAudioDevice initialized.
[2020.07.16-15.26.21:949][943]LogLoad: Game class is 'BP_PAINTGameModeBase_C'
[2020.07.16-15.26.21:951][943]LogWorld: Bringing World /Game/UEDPIE_0_Tester.Tester up for play (max tick rate 60) at 2020.07.16-11.26.21
[2020.07.16-15.26.21:952][943]LogWorld: Bringing up level for play took: 0.001376
[2020.07.16-15.26.21:953][943]LogOnline: OSS: Creating online subsystem instance for: :Context_15
[2020.07.16-15.26.21:961][943]PIE: Server logged in
[2020.07.16-15.26.21:964][943]PIE: Play in editor total start time 0.323 seconds.
[2020.07.16-15.26.31:051][ 56]LogSlate: Updating window title bar state: overlay mode, drag disabled, window buttons hidden, title bar hidden
[2020.07.16-15.26.31:052][ 56]LogWorld: BeginTearingDown for /Game/UEDPIE_0_Tester
[2020.07.16-15.26.31:052][ 56]LogWorld: UWorld::CleanupWorld for Tester, bSessionEnded=true, bCleanupResources=true
[2020.07.16-15.26.31:052][ 56]LogSlate: InvalidateAllWidgets triggered.  All widgets were invalidated
[2020.07.16-15.26.31:207][ 56]LogPlayLevel: Display: Shutting down PIE online subsystems
[2020.07.16-15.26.31:228][ 56]LogSlate: InvalidateAllWidgets triggered.  All widgets were invalidated
[2020.07.16-15.26.31:329][ 56]LogSlate: Updating window title bar state: overlay mode, drag disabled, window buttons hidden, title bar hidden
[2020.07.16-15.26.31:404][ 56]LogAISub: UAISubsystem::~UAISubsystem AIPerceptionSystem (00000250348FA340), frame # 8056
[2020.07.16-15.26.31:405][ 56]LogAISub: UAISubsystem::~UAISubsystem EnvQueryManager (0000025034011600), frame # 8056
[2020.07.16-15.26.31:414][ 56]LogUObjectHash: Compacting FUObjectHashTables data took   9.49ms
[2020.07.16-15.26.31:560][ 57]LogPlayLevel: Display: Destroying online subsystem :Context_15
[2020.07.16-15.26.36:408][105]LogRenderer: Reallocating scene render targets to support 1136x612 Format 9 NumSamples 1 (Frame:1053).
[2020.07.16-15.26.36:643][106]LogRenderer: Reallocating scene render targets to support 1144x612 Format 9 NumSamples 1 (Frame:1055).
[2020.07.16-15.27.24:044][712]BlueprintLog: New page: Compile BP_Rifle
[2020.07.16-15.27.24:328][712]LogUObjectHash: Compacting FUObjectHashTables data took   9.57ms
[2020.07.16-15.27.25:268][722]Cmd: OBJ SAVEPACKAGE PACKAGE="/Game/Blueprints/BP_Rifle" FILE="../../../../../../Users/Angelica .DESKTOP-RM5JOAJ/Documents/PaintShooter/PAINT/Content/Blueprints/BP_Rifle.uasset" SILENT=true
[2020.07.16-15.27.25:401][722]LogSavePackage: Moving '../../../../../../Users/Angelica .DESKTOP-RM5JOAJ/Documents/PaintShooter/PAINT/Saved/BP_Rifle77F6A0F94A007B6E4D1A2BA7DC76BD69.tmp' to '../../../../../../Users/Angelica .DESKTOP-RM5JOAJ/Documents/PaintShooter/PAINT/Content/Blueprints/BP_Rifle.uasset'
[2020.07.16-15.27.25:458][722]AssetCheck: New page: Asset Save: BP_Rifle
[2020.07.16-15.27.25:459][722]LogContentValidation: Display: Validating Blueprint /Game/Blueprints/BP_Rifle.BP_Rifle
[2020.07.16-15.27.44:947][974]BlueprintLog: New page: Compile BP_Shotgun
[2020.07.16-15.27.45:247][974]LogUObjectHash: Compacting FUObjectHashTables data took  13.62ms
[2020.07.16-15.27.46:703][992]Cmd: OBJ SAVEPACKAGE PACKAGE="/Game/Blueprints/BP_Shotgun" FILE="../../../../../../Users/Angelica .DESKTOP-RM5JOAJ/Documents/PaintShooter/PAINT/Content/Blueprints/BP_Shotgun.uasset" SILENT=true
[2020.07.16-15.27.46:805][992]LogSavePackage: Moving '../../../../../../Users/Angelica .DESKTOP-RM5JOAJ/Documents/PaintShooter/PAINT/Saved/BP_Shotgun1141F5A549308233A82001879D9EB71F.tmp' to '../../../../../../Users/Angelica .DESKTOP-RM5JOAJ/Documents/PaintShooter/PAINT/Content/Blueprints/BP_Shotgun.uasset'
[2020.07.16-15.27.46:844][992]AssetCheck: New page: Asset Save: BP_Shotgun
[2020.07.16-15.27.46:844][992]LogContentValidation: Display: Validating Blueprint /Game/Blueprints/BP_Shotgun.BP_Shotgun
[2020.07.16-15.28.14:608][358]BlueprintLog: New page: Compile BP_Shotgun
[2020.07.16-15.28.14:924][358]LogUObjectHash: Compacting FUObjectHashTables data took  10.50ms
[2020.07.16-15.28.16:036][371]Cmd: OBJ SAVEPACKAGE PACKAGE="/Game/Blueprints/BP_Shotgun" FILE="../../../../../../Users/Angelica .DESKTOP-RM5JOAJ/Documents/PaintShooter/PAINT/Content/Blueprints/BP_Shotgun.uasset" SILENT=true
[2020.07.16-15.28.16:152][371]LogSavePackage: Moving '../../../../../../Users/Angelica .DESKTOP-RM5JOAJ/Documents/PaintShooter/PAINT/Saved/BP_Shotgun158F110B453D9790E6CD7292434147E2.tmp' to '../../../../../../Users/Angelica .DESKTOP-RM5JOAJ/Documents/PaintShooter/PAINT/Content/Blueprints/BP_Shotgun.uasset'
[2020.07.16-15.28.16:204][371]AssetCheck: New page: Asset Save: BP_Shotgun
[2020.07.16-15.28.16:204][371]LogContentValidation: Display: Validating Blueprint /Game/Blueprints/BP_Shotgun.BP_Shotgun
[2020.07.16-15.28.20:431][429]LogSlate: Prevented a slow task dialog from being summoned while a context menu was open
[2020.07.16-15.28.23:092][475]BlueprintLog: New page: Compile BP_Baller
[2020.07.16-15.28.23:423][475]LogUObjectHash: Compacting FUObjectHashTables data took  11.40ms
[2020.07.16-15.28.23:997][481]Cmd: OBJ SAVEPACKAGE PACKAGE="/Game/Blueprints/BP_Baller" FILE="../../../../../../Users/Angelica .DESKTOP-RM5JOAJ/Documents/PaintShooter/PAINT/Content/Blueprints/BP_Baller.uasset" SILENT=true
[2020.07.16-15.28.24:121][481]LogSavePackage: Moving '../../../../../../Users/Angelica .DESKTOP-RM5JOAJ/Documents/PaintShooter/PAINT/Saved/BP_Baller532D69E848D2DB5AB473F6B310EB16E9.tmp' to '../../../../../../Users/Angelica .DESKTOP-RM5JOAJ/Documents/PaintShooter/PAINT/Content/Blueprints/BP_Baller.uasset'
[2020.07.16-15.28.24:162][481]AssetCheck: New page: Asset Save: BP_Baller
[2020.07.16-15.28.24:162][481]LogContentValidation: Display: Validating Blueprint /Game/Blueprints/BP_Baller.BP_Baller
[2020.07.16-15.29.08:965][625]LogTemp: Resetting audio stream to device id 
[2020.07.16-15.29.13:127][625]LogAudioMixer: Display: 0: FrontLeft
[2020.07.16-15.29.13:127][625]LogAudioMixer: Display: 1: FrontRight
[2020.07.16-15.29.13:715][626]LogTemp: Resetting audio stream to device id 
[2020.07.16-15.29.14:362][626]LogAudioMixer: Display: 0: FrontLeft
[2020.07.16-15.29.14:362][626]LogAudioMixer: Display: 1: FrontRight
[2020.07.16-15.29.15:246][627]LogTemp: Resetting audio stream to device id 
[2020.07.16-15.29.15:300][627]LogAudioMixer: Display: 0: FrontLeft
[2020.07.16-15.29.15:300][627]LogAudioMixer: Display: 1: FrontRight
[2020.07.16-15.29.16:669][628]LogTemp: Resetting audio stream to device id 
[2020.07.16-15.29.16:738][628]LogAudioMixer: Display: 0: FrontLeft
[2020.07.16-15.29.16:738][628]LogAudioMixer: Display: 1: FrontRight
[2020.07.16-15.29.17:767][629]LogTemp: Resetting audio stream to device id 
[2020.07.16-15.29.17:817][629]LogAudioMixer: Display: 0: FrontLeft
[2020.07.16-15.29.17:817][629]LogAudioMixer: Display: 1: FrontRight
